[ 2016-09-29T19:13:21+08:00 ] ::1 /zky/index.php
INFO: [ app_begin ] --START--
INFO: Run Behavior\ReadHtmlCache [ RunTime:0.000911s ]
INFO: [ app_begin ] --END-- [ RunTime:0.001087s ]
INFO: [ view_parse ] --START--
INFO: [ template_filter ] --START--
INFO: Run Behavior\ContentReplace [ RunTime:0.000062s ]
INFO: [ template_filter ] --END-- [ RunTime:0.000249s ]
INFO: Run Behavior\ParseTemplate [ RunTime:0.010208s ]
INFO: [ view_parse ] --END-- [ RunTime:0.010394s ]
INFO: [ view_filter ] --START--
INFO: Run Behavior\WriteHtmlCache [ RunTime:0.000690s ]
INFO: [ view_filter ] --END-- [ RunTime:0.000849s ]
INFO: [ app_end ] --START--
INFO: Run Behavior\ShowPageTrace [ RunTime:0.001001s ]
INFO: [ app_end ] --END-- [ RunTime:0.001147s ]

[ 2016-09-29T19:28:11+08:00 ] ::1 /zky/index.php/Admin/Index/index
ERR: 无法加载控制器:Index

[ 2016-09-29T19:28:40+08:00 ] ::1 /zky/index.php/Admin/File/index
ERR: 无法加载控制器:File

[ 2016-09-29T19:30:58+08:00 ] ::1 /zky/admin.php/Admin/File/index
ERR: 无法加载控制器:File

[ 2016-09-29T19:32:02+08:00 ] ::1 /zky/admin.php/Admin/Index/admin
ERR: 无法加载控制器:Index

[ 2016-09-29T19:37:43+08:00 ] ::1 /zky/admin.php/Admin/Index/admin
ERR: 无法加载控制器:Index

[ 2016-09-29T19:37:44+08:00 ] ::1 /zky/admin.php/Admin/File/index
ERR: 无法加载控制器:File

