[ 2016-10-14T17:42:14+08:00 ] ::1 /equipment/index.php/Admin/Index/login.html
ERR: 非法操作:login

[ 2016-10-14T17:46:17+08:00 ] ::1 /equipment/index.php/Admin/Index/login.html
ERR: 非法操作:login

[ 2016-10-14T17:47:12+08:00 ] ::1 /equipment/index.php/Admin/Index/js/jquery1.js
ERR: 非法操作:js

[ 2016-10-14T17:47:12+08:00 ] ::1 /equipment/index.php/Admin/Index/js/jquery1.js
ERR: 非法操作:js

[ 2016-10-14T17:50:14+08:00 ] ::1 /equipment/index.php/Admin/Index/login.html
ERR: 非法操作:login

[ 2016-10-14T17:53:10+08:00 ] ::1 /equipment/index.php/Admin/Index/login.html
ERR: 非法操作:login

[ 2016-10-14T17:55:16+08:00 ] ::1 /equipment/index.php/Admin/Index/login.html
ERR: 非法操作:login

[ 2016-10-14T22:39:58+08:00 ] ::1 /zky/index.php/Home/Index/zhihu-css.css
ERR: 非法操作:zhihu-css.css

[ 2016-10-14T22:40:02+08:00 ] ::1 /zky/index.php/Home/Index/zhihu-css.css
ERR: 非法操作:zhihu-css.css

[ 2016-10-14T22:40:02+08:00 ] ::1 /zky/index.php/Home/Index/zhihu-css.css
ERR: 非法操作:zhihu-css.css

[ 2016-10-14T22:40:03+08:00 ] ::1 /zky/index.php/Home/Index/zhihu-css.css
ERR: 非法操作:zhihu-css.css

[ 2016-10-14T22:40:10+08:00 ] ::1 /zky/index.php/Home/Index/zhihu-css.css
ERR: 非法操作:zhihu-css.css

[ 2016-10-14T22:40:11+08:00 ] ::1 /zky/index.php/Home/Index/zhihu-css.css
ERR: 非法操作:zhihu-css.css

[ 2016-10-14T22:41:52+08:00 ] ::1 /zky/index.php/Home/Index/zhihu-css.css
ERR: 非法操作:zhihu-css.css

[ 2016-10-14T22:41:54+08:00 ] ::1 /zky/index.php/Home/Index/zhihu-css.css
ERR: 非法操作:zhihu-css.css

[ 2016-10-14T22:41:55+08:00 ] ::1 /zky/index.php/Home/Index/zhihu-css.css
ERR: 非法操作:zhihu-css.css

[ 2016-10-14T22:41:56+08:00 ] ::1 /zky/index.php/Home/Index/zhihu-css.css
ERR: 非法操作:zhihu-css.css

[ 2016-10-14T22:46:33+08:00 ] ::1 /zky/index.php/Home/Index/zhihu-css.css
ERR: 非法操作:zhihu-css.css

[ 2016-10-14T22:46:36+08:00 ] ::1 /zky/index.php/Home/Index/zhihu-css.css
ERR: 非法操作:zhihu-css.css

[ 2016-10-14T22:46:37+08:00 ] ::1 /zky/index.php/Home/Index/zhihu-css.css
ERR: 非法操作:zhihu-css.css

[ 2016-10-14T22:46:43+08:00 ] ::1 /zky/index.php/Home/Index/zhihu-css.css
ERR: 非法操作:zhihu-css.css

