[ 2016-10-19T16:31:26+08:00 ] ::1 /equipment/index.php/Home/Index/news
ERR: 非法操作:news

[ 2016-10-19T16:31:35+08:00 ] ::1 /equipment/index.php/Home/Index/zhihu-css.css
ERR: 非法操作:zhihu-css.css

[ 2016-10-19T16:31:37+08:00 ] ::1 /equipment/index.php/Home/Inform/zhihu-css.css
ERR: 非法操作:zhihu-css.css

[ 2016-10-19T16:31:38+08:00 ] ::1 /equipment/index.php/Home/Equipment/zhihu-css.css
ERR: 非法操作:zhihu-css.css

[ 2016-10-19T16:31:38+08:00 ] ::1 /equipment/index.php/Home/Inform/zhihu-css.css
ERR: 非法操作:zhihu-css.css

[ 2016-10-19T16:31:39+08:00 ] ::1 /equipment/index.php/Home/Index/zhihu-css.css
ERR: 非法操作:zhihu-css.css

[ 2016-10-19T16:31:40+08:00 ] ::1 /equipment/index.php/Home/Inform/zhihu-css.css
ERR: 非法操作:zhihu-css.css

[ 2016-10-19T16:31:42+08:00 ] ::1 /equipment/index.php/Home/Equipment/zhihu-css.css
ERR: 非法操作:zhihu-css.css

[ 2016-10-19T16:31:43+08:00 ] ::1 /equipment/index.php/Home/Inform/zhihu-css.css
ERR: 非法操作:zhihu-css.css

[ 2016-10-19T16:31:44+08:00 ] ::1 /equipment/index.php/Home/Regulation/zhihu-css.css
ERR: 非法操作:zhihu-css.css

[ 2016-10-19T16:31:48+08:00 ] ::1 /equipment/index.php/Home/Regulation/zhihu-css.css
ERR: 非法操作:zhihu-css.css

[ 2016-10-19T16:31:49+08:00 ] ::1 /equipment/index.php/Home/Index/zhihu-css.css
ERR: 非法操作:zhihu-css.css

[ 2016-10-19T16:31:50+08:00 ] ::1 /equipment/index.php/Home/Inform/zhihu-css.css
ERR: 非法操作:zhihu-css.css

[ 2016-10-19T16:31:52+08:00 ] ::1 /equipment/index.php/Home/Index/zhihu-css.css
ERR: 非法操作:zhihu-css.css

[ 2016-10-19T16:32:01+08:00 ] ::1 /equipment/index.php/Home/Inform/zhihu-css.css
ERR: 非法操作:zhihu-css.css

[ 2016-10-19T16:32:15+08:00 ] ::1 /equipment/index.php/Home/Inform/zhihu-css.css
ERR: 非法操作:zhihu-css.css

[ 2016-10-19T16:32:19+08:00 ] ::1 /equipment/index.php/Home/Index/zhihu-css.css
ERR: 非法操作:zhihu-css.css

[ 2016-10-19T16:32:54+08:00 ] ::1 /equipment/index.php/Home/Index/zhihu-css.css
ERR: 非法操作:zhihu-css.css

[ 2016-10-19T16:33:49+08:00 ] ::1 /equipment/index.php/Home/Index/zhihu-css.css
ERR: 非法操作:zhihu-css.css

[ 2016-10-19T16:33:51+08:00 ] ::1 /equipment/index.php/Home/Index/zhihu-css.css
ERR: 非法操作:zhihu-css.css

[ 2016-10-19T16:33:57+08:00 ] ::1 /equipment/index.php/Home/Index/zhihu-css.css
ERR: 非法操作:zhihu-css.css

[ 2016-10-19T16:34:07+08:00 ] ::1 /equipment/index.php/Home/Index/zhihu-css.css
ERR: 非法操作:zhihu-css.css

[ 2016-10-19T16:34:21+08:00 ] ::1 /equipment/index.php/Home/Index/zhihu-css.css
ERR: 非法操作:zhihu-css.css

[ 2016-10-19T16:34:21+08:00 ] ::1 /equipment/index.php/Home/Index/zhihu-css.css
ERR: 非法操作:zhihu-css.css

[ 2016-10-19T16:34:22+08:00 ] ::1 /equipment/index.php/Home/Index/zhihu-css.css
ERR: 非法操作:zhihu-css.css

[ 2016-10-19T16:34:22+08:00 ] ::1 /equipment/index.php/Home/Index/zhihu-css.css
ERR: 非法操作:zhihu-css.css

[ 2016-10-19T16:34:22+08:00 ] ::1 /equipment/index.php/Home/Index/zhihu-css.css
ERR: 非法操作:zhihu-css.css

[ 2016-10-19T16:35:09+08:00 ] ::1 /equipment/index.php/Home/Index/zhihu-css.css
ERR: 非法操作:zhihu-css.css

[ 2016-10-19T16:35:10+08:00 ] ::1 /equipment/index.php/Home/Index/zhihu-css.css
ERR: 非法操作:zhihu-css.css

[ 2016-10-19T16:36:09+08:00 ] ::1 /equipment/index.php/Home/Inform/zhihu-css.css
ERR: 非法操作:zhihu-css.css

[ 2016-10-19T16:39:26+08:00 ] ::1 /equipment/index.php/Home/Inform/zhihu-css.css
ERR: 非法操作:zhihu-css.css

[ 2016-10-19T16:39:30+08:00 ] ::1 /equipment/index.php/Home/Inform/zhihu-css.css
ERR: 非法操作:zhihu-css.css

[ 2016-10-19T16:39:42+08:00 ] ::1 /equipment/index.php/Home/Index/zhihu-css.css
ERR: 非法操作:zhihu-css.css

[ 2016-10-19T16:39:57+08:00 ] ::1 /equipment/index.php/Home/Inform/zhihu-css.css
ERR: 非法操作:zhihu-css.css

[ 2016-10-19T16:45:12+08:00 ] ::1 /equipment/index.php/Home/Inform/zhihu-css.css
ERR: 非法操作:zhihu-css.css

[ 2016-10-19T16:45:33+08:00 ] ::1 /equipment/index.php/Home/Inform/zhihu-css.css
ERR: 非法操作:zhihu-css.css

[ 2016-10-19T16:45:36+08:00 ] ::1 /equipment/index.php/Home/Inform/zhihu-css.css
ERR: 非法操作:zhihu-css.css

[ 2016-10-19T16:51:48+08:00 ] ::1 /equipment/index.php/Home/Equipment/zhihu-css.css
ERR: 非法操作:zhihu-css.css

[ 2016-10-19T16:54:24+08:00 ] ::1 /equipment/index.php/Home/Inform/zhihu-css.css
ERR: 非法操作:zhihu-css.css

[ 2016-10-19T16:54:29+08:00 ] ::1 /equipment/index.php/Home/Equipment/zhihu-css.css
ERR: 非法操作:zhihu-css.css

[ 2016-10-19T16:54:31+08:00 ] ::1 /equipment/index.php/Home/Inform/zhihu-css.css
ERR: 非法操作:zhihu-css.css

[ 2016-10-19T16:54:55+08:00 ] ::1 /equipment/index.php/Home/Inform/zhihu-css.css
ERR: 非法操作:zhihu-css.css

[ 2016-10-19T16:55:39+08:00 ] ::1 /equipment/index.php/Home/Inform/zhihu-css.css
ERR: 非法操作:zhihu-css.css

[ 2016-10-19T16:55:41+08:00 ] ::1 /equipment/index.php/Home/Equipment/zhihu-css.css
ERR: 非法操作:zhihu-css.css

[ 2016-10-19T16:55:44+08:00 ] ::1 /equipment/index.php/Home/Equipment/zhihu-css.css
ERR: 非法操作:zhihu-css.css

[ 2016-10-19T16:55:46+08:00 ] ::1 /equipment/index.php/Home/Equipment/zhihu-css.css
ERR: 非法操作:zhihu-css.css

[ 2016-10-19T16:59:21+08:00 ] ::1 /equipment/index.php/Home/Equipment/zhihu-css.css
ERR: 非法操作:zhihu-css.css

[ 2016-10-19T16:59:35+08:00 ] ::1 /equipment/index.php/Home/Equipment/zhihu-css.css
ERR: 非法操作:zhihu-css.css

[ 2016-10-19T16:59:39+08:00 ] ::1 /equipment/index.php/Home/Equipment/zhihu-css.css
ERR: 非法操作:zhihu-css.css

[ 2016-10-19T16:59:40+08:00 ] ::1 /equipment/index.php/Home/Equipment/zhihu-css.css
ERR: 非法操作:zhihu-css.css

[ 2016-10-19T16:59:40+08:00 ] ::1 /equipment/index.php/Home/Equipment/zhihu-css.css
ERR: 非法操作:zhihu-css.css

[ 2016-10-19T16:59:41+08:00 ] ::1 /equipment/index.php/Home/Equipment/zhihu-css.css
ERR: 非法操作:zhihu-css.css

[ 2016-10-19T16:59:41+08:00 ] ::1 /equipment/index.php/Home/Equipment/zhihu-css.css
ERR: 非法操作:zhihu-css.css

[ 2016-10-19T16:59:41+08:00 ] ::1 /equipment/index.php/Home/Equipment/zhihu-css.css
ERR: 非法操作:zhihu-css.css

[ 2016-10-19T16:59:42+08:00 ] ::1 /equipment/index.php/Home/Equipment/zhihu-css.css
ERR: 非法操作:zhihu-css.css

[ 2016-10-19T16:59:42+08:00 ] ::1 /equipment/index.php/Home/Equipment/zhihu-css.css
ERR: 非法操作:zhihu-css.css

[ 2016-10-19T16:59:43+08:00 ] ::1 /equipment/index.php/Home/Equipment/zhihu-css.css
ERR: 非法操作:zhihu-css.css

[ 2016-10-19T16:59:43+08:00 ] ::1 /equipment/index.php/Home/Equipment/zhihu-css.css
ERR: 非法操作:zhihu-css.css

[ 2016-10-19T16:59:44+08:00 ] ::1 /equipment/index.php/Home/Equipment/zhihu-css.css
ERR: 非法操作:zhihu-css.css

[ 2016-10-19T17:00:16+08:00 ] ::1 /equipment/index.php/Home/Equipment/zhihu-css.css
ERR: 非法操作:zhihu-css.css

[ 2016-10-19T17:01:06+08:00 ] ::1 /equipment/index.php/Home/Equipment/zhihu-css.css
ERR: 非法操作:zhihu-css.css

[ 2016-10-19T17:01:48+08:00 ] ::1 /equipment/index.php/Home/Equipment/zhihu-css.css
ERR: 非法操作:zhihu-css.css

[ 2016-10-19T17:02:57+08:00 ] ::1 /equipment/index.php/Home/Index/zhihu-css.css
ERR: 非法操作:zhihu-css.css

[ 2016-10-19T17:05:33+08:00 ] ::1 /equipment/index.php/Home/Equipment/zhihu-css.css
ERR: 非法操作:zhihu-css.css

[ 2016-10-19T17:10:52+08:00 ] ::1 /equipment/index.php/Home/Equipment/zhihu-css.css
ERR: 非法操作:zhihu-css.css

[ 2016-10-19T17:13:26+08:00 ] ::1 /equipment/index.php/Home/Equipment/zhihu-css.css
ERR: 非法操作:zhihu-css.css

[ 2016-10-19T17:14:45+08:00 ] ::1 /equipment/index.php/Home/Equipment/zhihu-css.css
ERR: 非法操作:zhihu-css.css

[ 2016-10-19T17:15:01+08:00 ] ::1 /equipment/index.php/Home/Equipment/zhihu-css.css
ERR: 非法操作:zhihu-css.css

[ 2016-10-19T17:15:31+08:00 ] ::1 /equipment/index.php/Home/Equipment/zhihu-css.css
ERR: 非法操作:zhihu-css.css

[ 2016-10-19T17:20:48+08:00 ] ::1 /equipment/index.php/Home/Index/zhihu-css.css
ERR: 非法操作:zhihu-css.css

[ 2016-10-19T17:21:24+08:00 ] ::1 /equipment/index.php/Home/Index/zhihu-css.css
ERR: 非法操作:zhihu-css.css

[ 2016-10-19T17:22:10+08:00 ] ::1 /equipment/index.php/Home/Index/zhihu-css.css
ERR: 非法操作:zhihu-css.css

[ 2016-10-19T17:23:54+08:00 ] ::1 /equipment/index.php/Home/Index/zhihu-css.css
ERR: 非法操作:zhihu-css.css

[ 2016-10-19T17:24:06+08:00 ] ::1 /equipment/index.php/Home/Index/zhihu-css.css
ERR: 非法操作:zhihu-css.css

[ 2016-10-19T17:28:15+08:00 ] ::1 /equipment/index.php/Home/Index/zhihu-css.css
ERR: 非法操作:zhihu-css.css

[ 2016-10-19T17:29:45+08:00 ] ::1 /equipment/index.php/Home/Index/zhihu-css.css
ERR: 非法操作:zhihu-css.css

[ 2016-10-19T17:30:37+08:00 ] ::1 /equipment/index.php/Home/Index/zhihu-css.css
ERR: 非法操作:zhihu-css.css

[ 2016-10-19T17:30:38+08:00 ] ::1 /equipment/index.php/Home/Index/zhihu-css.css
ERR: 非法操作:zhihu-css.css

[ 2016-10-19T17:30:44+08:00 ] ::1 /equipment/index.php/Home/Index/zhihu-css.css
ERR: 非法操作:zhihu-css.css

[ 2016-10-19T17:30:45+08:00 ] ::1 /equipment/index.php/Home/Index/zhihu-css.css
ERR: 非法操作:zhihu-css.css

[ 2016-10-19T17:30:45+08:00 ] ::1 /equipment/index.php/Home/Index/zhihu-css.css
ERR: 非法操作:zhihu-css.css

[ 2016-10-19T17:32:15+08:00 ] ::1 /equipment/index.php/Home/Index/zhihu-css.css
ERR: 非法操作:zhihu-css.css

[ 2016-10-19T17:32:15+08:00 ] ::1 /equipment/index.php/Home/Index/zhihu-css.css
ERR: 非法操作:zhihu-css.css

[ 2016-10-19T17:32:16+08:00 ] ::1 /equipment/index.php/Home/Index/zhihu-css.css
ERR: 非法操作:zhihu-css.css

[ 2016-10-19T17:32:17+08:00 ] ::1 /equipment/index.php/Home/Index/zhihu-css.css
ERR: 非法操作:zhihu-css.css

[ 2016-10-19T17:32:36+08:00 ] ::1 /equipment/index.php/Home/Index/zhihu-css.css
ERR: 非法操作:zhihu-css.css

[ 2016-10-19T17:32:53+08:00 ] ::1 /equipment/index.php/Home/Index/zhihu-css.css
ERR: 非法操作:zhihu-css.css

[ 2016-10-19T17:33:01+08:00 ] ::1 /equipment/index.php/Home/Index/zhihu-css.css
ERR: 非法操作:zhihu-css.css

[ 2016-10-19T17:33:49+08:00 ] ::1 /equipment/index.php/Home/Index/zhihu-css.css
ERR: 非法操作:zhihu-css.css

[ 2016-10-19T17:34:04+08:00 ] ::1 /equipment/index.php/Home/Index/zhihu-css.css
ERR: 非法操作:zhihu-css.css

[ 2016-10-19T17:34:11+08:00 ] ::1 /equipment/index.php/Home/Index/zhihu-css.css
ERR: 非法操作:zhihu-css.css

[ 2016-10-19T17:34:20+08:00 ] ::1 /equipment/index.php/Home/Index/zhihu-css.css
ERR: 非法操作:zhihu-css.css

[ 2016-10-19T17:34:31+08:00 ] ::1 /equipment/index.php/Home/Index/zhihu-css.css
ERR: 非法操作:zhihu-css.css

[ 2016-10-19T17:34:33+08:00 ] ::1 /equipment/index.php/Home/Index/zhihu-css.css
ERR: 非法操作:zhihu-css.css

[ 2016-10-19T17:34:44+08:00 ] ::1 /equipment/index.php/Home/Index/zhihu-css.css
ERR: 非法操作:zhihu-css.css

[ 2016-10-19T17:35:29+08:00 ] ::1 /equipment/index.php/Home/Index/zhihu-css.css
ERR: 非法操作:zhihu-css.css

[ 2016-10-19T17:35:30+08:00 ] ::1 /equipment/index.php/Home/Index/zhihu-css.css
ERR: 非法操作:zhihu-css.css

[ 2016-10-19T17:35:30+08:00 ] ::1 /equipment/index.php/Home/Index/zhihu-css.css
ERR: 非法操作:zhihu-css.css

[ 2016-10-19T17:35:31+08:00 ] ::1 /equipment/index.php/Home/Index/zhihu-css.css
ERR: 非法操作:zhihu-css.css

[ 2016-10-19T17:35:31+08:00 ] ::1 /equipment/index.php/Home/Index/zhihu-css.css
ERR: 非法操作:zhihu-css.css

[ 2016-10-19T17:35:31+08:00 ] ::1 /equipment/index.php/Home/Index/zhihu-css.css
ERR: 非法操作:zhihu-css.css

[ 2016-10-19T17:35:32+08:00 ] ::1 /equipment/index.php/Home/Index/zhihu-css.css
ERR: 非法操作:zhihu-css.css

[ 2016-10-19T17:35:57+08:00 ] ::1 /equipment/index.php/Home/Index/zhihu-css.css
ERR: 非法操作:zhihu-css.css

[ 2016-10-19T17:38:31+08:00 ] ::1 /equipment/index.php/Home/Index/zhihu-css.css
ERR: 非法操作:zhihu-css.css

[ 2016-10-19T17:38:31+08:00 ] ::1 /equipment/index.php/Home/Index/zhihu-css.css
ERR: 非法操作:zhihu-css.css

[ 2016-10-19T17:38:34+08:00 ] ::1 /equipment/index.php/Home/Index/zhihu-css.css
ERR: 非法操作:zhihu-css.css

[ 2016-10-19T17:39:12+08:00 ] ::1 /equipment/index.php/Home/Index/zhihu-css.css
ERR: 非法操作:zhihu-css.css

[ 2016-10-19T17:39:36+08:00 ] ::1 /equipment/index.php/Home/Index/zhihu-css.css
ERR: 非法操作:zhihu-css.css

[ 2016-10-19T17:39:51+08:00 ] ::1 /equipment/index.php/Home/Index/zhihu-css.css
ERR: 非法操作:zhihu-css.css

[ 2016-10-19T17:39:52+08:00 ] ::1 /equipment/index.php/Home/Index/zhihu-css.css
ERR: 非法操作:zhihu-css.css

[ 2016-10-19T17:39:55+08:00 ] ::1 /equipment/index.php/Home/Index/zhihu-css.css
ERR: 非法操作:zhihu-css.css

[ 2016-10-19T17:39:56+08:00 ] ::1 /equipment/index.php/Home/Index/zhihu-css.css
ERR: 非法操作:zhihu-css.css

[ 2016-10-19T17:39:56+08:00 ] ::1 /equipment/index.php/Home/Index/zhihu-css.css
ERR: 非法操作:zhihu-css.css

[ 2016-10-19T17:40:04+08:00 ] ::1 /equipment/index.php/Home/Index/zhihu-css.css
ERR: 非法操作:zhihu-css.css

[ 2016-10-19T17:40:17+08:00 ] ::1 /equipment/index.php/Home/Index/zhihu-css.css
ERR: 非法操作:zhihu-css.css

[ 2016-10-19T17:40:30+08:00 ] ::1 /equipment/index.php/Home/Index/zhihu-css.css
ERR: 非法操作:zhihu-css.css

[ 2016-10-19T17:41:59+08:00 ] ::1 /equipment/index.php/Home/Index/zhihu-css.css
ERR: 非法操作:zhihu-css.css

[ 2016-10-19T17:42:30+08:00 ] ::1 /equipment/index.php/Home/Index/zhihu-css.css
ERR: 非法操作:zhihu-css.css

[ 2016-10-19T17:50:45+08:00 ] ::1 /equipment/index.php/Home/Index/zhihu-css.css
ERR: 非法操作:zhihu-css.css

[ 2016-10-19T17:51:24+08:00 ] ::1 /equipment/index.php/Home/Index/zhihu-css.css
ERR: 非法操作:zhihu-css.css

[ 2016-10-19T17:51:30+08:00 ] ::1 /equipment/index.php/Home/Inform/zhihu-css.css
ERR: 非法操作:zhihu-css.css

[ 2016-10-19T17:51:44+08:00 ] ::1 /equipment/index.php/Home/Inform/zhihu-css.css
ERR: 非法操作:zhihu-css.css

[ 2016-10-19T17:51:45+08:00 ] ::1 /equipment/index.php/Home/Inform/zhihu-css.css
ERR: 非法操作:zhihu-css.css

[ 2016-10-19T17:51:45+08:00 ] ::1 /equipment/index.php/Home/Index/zhihu-css.css
ERR: 非法操作:zhihu-css.css

[ 2016-10-19T17:51:46+08:00 ] ::1 /equipment/index.php/Home/Index/zhihu-css.css
ERR: 非法操作:zhihu-css.css

[ 2016-10-19T17:51:55+08:00 ] ::1 /equipment/index.php/Home/Index/zhihu-css.css
ERR: 非法操作:zhihu-css.css

[ 2016-10-19T17:51:55+08:00 ] ::1 /equipment/index.php/Home/Inform/zhihu-css.css
ERR: 非法操作:zhihu-css.css

[ 2016-10-19T17:52:09+08:00 ] ::1 /equipment/index.php/Home/Inform/zhihu-css.css
ERR: 非法操作:zhihu-css.css

[ 2016-10-19T17:52:19+08:00 ] ::1 /equipment/index.php/Home/Inform/zhihu-css.css
ERR: 非法操作:zhihu-css.css

[ 2016-10-19T17:52:20+08:00 ] ::1 /equipment/index.php/Home/Index/zhihu-css.css
ERR: 非法操作:zhihu-css.css

[ 2016-10-19T17:52:32+08:00 ] ::1 /equipment/index.php/Home/Inform/zhihu-css.css
ERR: 非法操作:zhihu-css.css

[ 2016-10-19T17:52:36+08:00 ] ::1 /equipment/index.php/Home/Equipment/zhihu-css.css
ERR: 非法操作:zhihu-css.css

[ 2016-10-19T17:52:40+08:00 ] ::1 /equipment/index.php/Home/Index/zhihu-css.css
ERR: 非法操作:zhihu-css.css

[ 2016-10-19T17:52:51+08:00 ] ::1 /equipment/index.php/Home/Index/zhihu-css.css
ERR: 非法操作:zhihu-css.css

[ 2016-10-19T17:52:54+08:00 ] ::1 /equipment/index.php/Home/Inform/zhihu-css.css
ERR: 非法操作:zhihu-css.css

[ 2016-10-19T17:53:03+08:00 ] ::1 /equipment/index.php/Home/Inform/zhihu-css.css
ERR: 非法操作:zhihu-css.css

[ 2016-10-19T17:53:07+08:00 ] ::1 /equipment/index.php/Home/Index/zhihu-css.css
ERR: 非法操作:zhihu-css.css

[ 2016-10-19T17:53:54+08:00 ] ::1 /equipment/index.php/Home/Index/zhihu-css.css
ERR: 非法操作:zhihu-css.css

[ 2016-10-19T17:54:19+08:00 ] ::1 /equipment/index.php/Home/Index/zhihu-css.css
ERR: 非法操作:zhihu-css.css

[ 2016-10-19T17:54:42+08:00 ] ::1 /equipment/index.php/Home/Index/zhihu-css.css
ERR: 非法操作:zhihu-css.css

[ 2016-10-19T17:54:50+08:00 ] ::1 /equipment/index.php/Home/Inform/zhihu-css.css
ERR: 非法操作:zhihu-css.css

[ 2016-10-19T17:54:58+08:00 ] ::1 /equipment/index.php/Home/Index/zhihu-css.css
ERR: 非法操作:zhihu-css.css

[ 2016-10-19T17:55:21+08:00 ] ::1 /equipment/index.php/Home/Index/zhihu-css.css
ERR: 非法操作:zhihu-css.css

[ 2016-10-19T17:55:28+08:00 ] ::1 /equipment/index.php/Home/Index/zhihu-css.css
ERR: 非法操作:zhihu-css.css

[ 2016-10-19T17:55:28+08:00 ] ::1 /equipment/index.php/Home/Index/zhihu-css.css
ERR: 非法操作:zhihu-css.css

[ 2016-10-19T17:55:34+08:00 ] ::1 /equipment/index.php/Home/Index/zhihu-css.css
ERR: 非法操作:zhihu-css.css

[ 2016-10-19T17:55:48+08:00 ] ::1 /equipment/index.php/Home/Index/zhihu-css.css
ERR: 非法操作:zhihu-css.css

[ 2016-10-19T17:55:52+08:00 ] ::1 /equipment/index.php/Home/Inform/zhihu-css.css
ERR: 非法操作:zhihu-css.css

[ 2016-10-19T17:55:54+08:00 ] ::1 /equipment/index.php/Home/Index/zhihu-css.css
ERR: 非法操作:zhihu-css.css

[ 2016-10-19T17:56:02+08:00 ] ::1 /equipment/index.php/Home/Index/zhihu-css.css
ERR: 非法操作:zhihu-css.css

[ 2016-10-19T17:56:13+08:00 ] ::1 /equipment/index.php/Home/Index/zhihu-css.css
ERR: 非法操作:zhihu-css.css

[ 2016-10-19T17:56:31+08:00 ] ::1 /equipment/index.php/Home/Index/zhihu-css.css
ERR: 非法操作:zhihu-css.css

[ 2016-10-19T17:56:51+08:00 ] ::1 /equipment/index.php/Home/Index/zhihu-css.css
ERR: 非法操作:zhihu-css.css

[ 2016-10-19T17:57:15+08:00 ] ::1 /equipment/index.php/Home/Index/zhihu-css.css
ERR: 非法操作:zhihu-css.css

[ 2016-10-19T17:57:31+08:00 ] ::1 /equipment/index.php/Home/Inform/zhihu-css.css
ERR: 非法操作:zhihu-css.css

[ 2016-10-19T17:57:34+08:00 ] ::1 /equipment/index.php/Home/Equipment/zhihu-css.css
ERR: 非法操作:zhihu-css.css

[ 2016-10-19T17:57:41+08:00 ] ::1 /equipment/index.php/Home/Regulation/zhihu-css.css
ERR: 非法操作:zhihu-css.css

[ 2016-10-19T17:57:46+08:00 ] ::1 /equipment/index.php/Home/File/zhihu-css.css
ERR: 非法操作:zhihu-css.css

[ 2016-10-19T17:58:03+08:00 ] ::1 /equipment/index.php/Home/File/zhihu-css.css
ERR: 非法操作:zhihu-css.css

[ 2016-10-19T17:58:08+08:00 ] ::1 /equipment/index.php/Home/Inform/zhihu-css.css
ERR: 非法操作:zhihu-css.css

[ 2016-10-19T17:58:09+08:00 ] ::1 /equipment/index.php/Home/Equipment/zhihu-css.css
ERR: 非法操作:zhihu-css.css

[ 2016-10-19T17:58:11+08:00 ] ::1 /equipment/index.php/Home/Index/zhihu-css.css
ERR: 非法操作:zhihu-css.css

[ 2016-10-19T17:58:14+08:00 ] ::1 /equipment/index.php/Home/Inform/zhihu-css.css
ERR: 非法操作:zhihu-css.css

[ 2016-10-19T17:58:15+08:00 ] ::1 /equipment/index.php/Home/Equipment/zhihu-css.css
ERR: 非法操作:zhihu-css.css

[ 2016-10-19T17:58:15+08:00 ] ::1 /equipment/index.php/Home/Regulation/zhihu-css.css
ERR: 非法操作:zhihu-css.css

[ 2016-10-19T17:58:16+08:00 ] ::1 /equipment/index.php/Home/File/zhihu-css.css
ERR: 非法操作:zhihu-css.css

[ 2016-10-19T17:58:18+08:00 ] ::1 /equipment/index.php/Home/File/zhihu-css.css
ERR: 非法操作:zhihu-css.css

[ 2016-10-19T17:58:27+08:00 ] ::1 /equipment/index.php/Home/Inform/zhihu-css.css
ERR: 非法操作:zhihu-css.css

[ 2016-10-19T17:58:29+08:00 ] ::1 /equipment/index.php/Home/Index/zhihu-css.css
ERR: 非法操作:zhihu-css.css

[ 2016-10-19T18:00:45+08:00 ] ::1 /equipment/index.php/Home/Inform/zhihu-css.css
ERR: 非法操作:zhihu-css.css

[ 2016-10-19T18:00:52+08:00 ] ::1 /equipment/index.php/Home/Equipment/zhihu-css.css
ERR: 非法操作:zhihu-css.css

[ 2016-10-19T18:01:09+08:00 ] ::1 /equipment/index.php/Home/Inform/zhihu-css.css
ERR: 非法操作:zhihu-css.css

[ 2016-10-19T18:01:21+08:00 ] ::1 /equipment/index.php/Home/Inform/zhihu-css.css
ERR: 非法操作:zhihu-css.css

[ 2016-10-19T18:01:22+08:00 ] ::1 /equipment/index.php/Home/Equipment/zhihu-css.css
ERR: 非法操作:zhihu-css.css

[ 2016-10-19T18:01:22+08:00 ] ::1 /equipment/index.php/Home/Regulation/zhihu-css.css
ERR: 非法操作:zhihu-css.css

[ 2016-10-19T18:02:13+08:00 ] ::1 /equipment/index.php/Home/Index/zhihu-css.css
ERR: 非法操作:zhihu-css.css

[ 2016-10-19T18:04:30+08:00 ] ::1 /equipment/index.php/Home/Index/zhihu-css.css
ERR: 非法操作:zhihu-css.css

[ 2016-10-19T18:05:03+08:00 ] ::1 /equipment/index.php/Home/Index/zhihu-css.css
ERR: 非法操作:zhihu-css.css

[ 2016-10-19T18:05:04+08:00 ] ::1 /equipment/index.php/Home/Index/zhihu-css.css
ERR: 非法操作:zhihu-css.css

[ 2016-10-19T18:05:34+08:00 ] ::1 /equipment/index.php/Home/Index/zhihu-css.css
ERR: 非法操作:zhihu-css.css

[ 2016-10-19T18:05:54+08:00 ] ::1 /equipment/index.php/Home/Index/zhihu-css.css
ERR: 非法操作:zhihu-css.css

[ 2016-10-19T18:06:01+08:00 ] ::1 /equipment/index.php/Home/Index/zhihu-css.css
ERR: 非法操作:zhihu-css.css

[ 2016-10-19T18:06:03+08:00 ] ::1 /equipment/index.php/Home/Index/zhihu-css.css
ERR: 非法操作:zhihu-css.css

[ 2016-10-19T18:06:08+08:00 ] ::1 /equipment/index.php/Home/Index/zhihu-css.css
ERR: 非法操作:zhihu-css.css

[ 2016-10-19T18:06:34+08:00 ] ::1 /equipment/index.php/Home/Index/zhihu-css.css
ERR: 非法操作:zhihu-css.css

[ 2016-10-19T18:06:44+08:00 ] ::1 /equipment/index.php/Home/Index/zhihu-css.css
ERR: 非法操作:zhihu-css.css

[ 2016-10-19T18:06:59+08:00 ] ::1 /equipment/index.php/Home/Index/zhihu-css.css
ERR: 非法操作:zhihu-css.css

[ 2016-10-19T18:07:09+08:00 ] ::1 /equipment/index.php/Home/Index/zhihu-css.css
ERR: 非法操作:zhihu-css.css

[ 2016-10-19T18:07:40+08:00 ] ::1 /equipment/index.php/Home/Index/zhihu-css.css
ERR: 非法操作:zhihu-css.css

[ 2016-10-19T18:07:43+08:00 ] ::1 /equipment/index.php/Home/Index/zhihu-css.css
ERR: 非法操作:zhihu-css.css

[ 2016-10-19T18:07:52+08:00 ] ::1 /equipment/index.php/Home/Index/zhihu-css.css
ERR: 非法操作:zhihu-css.css

[ 2016-10-19T18:08:10+08:00 ] ::1 /equipment/index.php/Home/Index/zhihu-css.css
ERR: 非法操作:zhihu-css.css

[ 2016-10-19T18:08:10+08:00 ] ::1 /equipment/index.php/Home/Index/zhihu-css.css
ERR: 非法操作:zhihu-css.css

[ 2016-10-19T18:08:11+08:00 ] ::1 /equipment/index.php/Home/Index/zhihu-css.css
ERR: 非法操作:zhihu-css.css

[ 2016-10-19T18:08:11+08:00 ] ::1 /equipment/index.php/Home/Index/zhihu-css.css
ERR: 非法操作:zhihu-css.css

[ 2016-10-19T18:08:20+08:00 ] ::1 /equipment/index.php/Home/Index/zhihu-css.css
ERR: 非法操作:zhihu-css.css

[ 2016-10-19T18:08:27+08:00 ] ::1 /equipment/index.php/Home/Index/zhihu-css.css
ERR: 非法操作:zhihu-css.css

[ 2016-10-19T18:08:43+08:00 ] ::1 /equipment/index.php/Home/Index/zhihu-css.css
ERR: 非法操作:zhihu-css.css

[ 2016-10-19T18:08:55+08:00 ] ::1 /equipment/index.php/Home/Index/zhihu-css.css
ERR: 非法操作:zhihu-css.css

[ 2016-10-19T18:09:41+08:00 ] ::1 /equipment/index.php/Home/Index/zhihu-css.css
ERR: 非法操作:zhihu-css.css

[ 2016-10-19T18:10:05+08:00 ] ::1 /equipment/index.php/Home/Index/zhihu-css.css
ERR: 非法操作:zhihu-css.css

[ 2016-10-19T18:10:17+08:00 ] ::1 /equipment/index.php/Home/Index/zhihu-css.css
ERR: 非法操作:zhihu-css.css

[ 2016-10-19T18:10:23+08:00 ] ::1 /equipment/index.php/Home/Index/zhihu-css.css
ERR: 非法操作:zhihu-css.css

[ 2016-10-19T18:10:26+08:00 ] ::1 /equipment/index.php/Home/Index/zhihu-css.css
ERR: 非法操作:zhihu-css.css

[ 2016-10-19T18:10:26+08:00 ] ::1 /equipment/index.php/Home/File/zhihu-css.css
ERR: 非法操作:zhihu-css.css

[ 2016-10-19T18:10:28+08:00 ] ::1 /equipment/index.php/Home/Index/zhihu-css.css
ERR: 非法操作:zhihu-css.css

[ 2016-10-19T18:10:32+08:00 ] ::1 /equipment/index.php/Home/Index/zhihu-css.css
ERR: 非法操作:zhihu-css.css

[ 2016-10-19T18:11:10+08:00 ] ::1 /equipment/index.php/Home/Index/zhihu-css.css
ERR: 非法操作:zhihu-css.css

[ 2016-10-19T18:12:27+08:00 ] ::1 /equipment/index.php/Home/Index/zhihu-css.css
ERR: 非法操作:zhihu-css.css

[ 2016-10-19T18:13:12+08:00 ] ::1 /equipment/index.php/Home/Index/zhihu-css.css
ERR: 非法操作:zhihu-css.css

[ 2016-10-19T18:13:36+08:00 ] ::1 /equipment/index.php/Home/Index/zhihu-css.css
ERR: 非法操作:zhihu-css.css

[ 2016-10-19T18:14:05+08:00 ] ::1 /equipment/index.php/Home/Index/zhihu-css.css
ERR: 非法操作:zhihu-css.css

[ 2016-10-19T18:14:21+08:00 ] ::1 /equipment/index.php/Home/Index/zhihu-css.css
ERR: 非法操作:zhihu-css.css

[ 2016-10-19T18:15:57+08:00 ] ::1 /equipment/index.php/Home/Index/zhihu-css.css
ERR: 非法操作:zhihu-css.css

[ 2016-10-19T18:15:58+08:00 ] ::1 /equipment/index.php/Home/Index/zhihu-css.css
ERR: 非法操作:zhihu-css.css

[ 2016-10-19T18:15:59+08:00 ] ::1 /equipment/index.php/Home/Index/zhihu-css.css
ERR: 非法操作:zhihu-css.css

[ 2016-10-19T18:15:59+08:00 ] ::1 /equipment/index.php/Home/Index/zhihu-css.css
ERR: 非法操作:zhihu-css.css

[ 2016-10-19T18:16:00+08:00 ] ::1 /equipment/index.php/Home/Index/zhihu-css.css
ERR: 非法操作:zhihu-css.css

[ 2016-10-19T18:16:05+08:00 ] ::1 /equipment/index.php/Home/Index/zhihu-css.css
ERR: 非法操作:zhihu-css.css

[ 2016-10-19T18:16:07+08:00 ] ::1 /equipment/index.php/Home/Index/zhihu-css.css
ERR: 非法操作:zhihu-css.css

