[ 2016-10-18T13:49:20+08:00 ] ::1 /equipment/index.php/Home/Index/main
ERR: Unknown database 'zky'

[ 2016-10-18T14:01:00+08:00 ] ::1 /equipment/index.php/Home/Index/main
ERR: 没有定义数据库配置

[ 2016-10-18T14:01:00+08:00 ] ::1 /equipment/index.php/Home/Index/main
ERR: 没有定义数据库配置

[ 2016-10-18T14:01:21+08:00 ] ::1 /equipment/index.php/Home/Index/zhihu-css.css
ERR: 非法操作:zhihu-css.css

[ 2016-10-18T14:02:30+08:00 ] ::1 /equipment/index.php/Home/Index/zhihu-css.css
ERR: 非法操作:zhihu-css.css

[ 2016-10-18T14:02:41+08:00 ] ::1 /equipment/index.php/Home/Index/zhihu-css.css
ERR: 非法操作:zhihu-css.css

[ 2016-10-18T14:02:53+08:00 ] ::1 /equipment/index.php/Home/Index/zhihu-css.css
ERR: 非法操作:zhihu-css.css

[ 2016-10-18T14:03:07+08:00 ] ::1 /equipment/index.php/Home/Index/zhihu-css.css
ERR: 非法操作:zhihu-css.css

[ 2016-10-18T14:03:21+08:00 ] ::1 /equipment/index.php/Home/Index/zhihu-css.css
ERR: 非法操作:zhihu-css.css

[ 2016-10-18T14:03:43+08:00 ] ::1 /equipment/index.php/Home/Index/zhihu-css.css
ERR: 非法操作:zhihu-css.css

[ 2016-10-18T14:03:54+08:00 ] ::1 /equipment/index.php/Home/Index/zhihu-css.css
ERR: 非法操作:zhihu-css.css

[ 2016-10-18T14:04:31+08:00 ] ::1 /equipment/index.php/Home/Index/zhihu-css.css
ERR: 非法操作:zhihu-css.css

[ 2016-10-18T14:04:45+08:00 ] ::1 /equipment/index.php/Home/Index/zhihu-css.css
ERR: 非法操作:zhihu-css.css

[ 2016-10-18T14:05:24+08:00 ] ::1 /equipment/index.php/Home/Index/zhihu-css.css
ERR: 非法操作:zhihu-css.css

[ 2016-10-18T14:06:03+08:00 ] ::1 /equipment/index.php/Home/Inform/news
ERR: Unknown database 'zky'

[ 2016-10-18T14:06:05+08:00 ] ::1 /equipment/index.php/Home/Index/zhihu-css.css
ERR: 非法操作:zhihu-css.css

[ 2016-10-18T14:06:33+08:00 ] ::1 /equipment/index.php/Home/Index/zhihu-css.css
ERR: 非法操作:zhihu-css.css

[ 2016-10-18T14:06:35+08:00 ] ::1 /equipment/index.php/Home/Index/zhihu-css.css
ERR: 非法操作:zhihu-css.css

[ 2016-10-18T14:06:35+08:00 ] ::1 /equipment/index.php/Home/Index/zhihu-css.css
ERR: 非法操作:zhihu-css.css

[ 2016-10-18T14:06:42+08:00 ] ::1 /equipment/index.php/Home/Index/zhihu-css.css
ERR: 非法操作:zhihu-css.css

[ 2016-10-18T14:07:28+08:00 ] ::1 /equipment/index.php/Home/Index/zhihu-css.css
ERR: 非法操作:zhihu-css.css

[ 2016-10-18T14:07:29+08:00 ] ::1 /equipment/index.php/Home/Inform/news
ERR: Unknown database 'zky'

[ 2016-10-18T14:07:31+08:00 ] ::1 /equipment/index.php/Home/Index/zhihu-css.css
ERR: 非法操作:zhihu-css.css

[ 2016-10-18T14:09:38+08:00 ] ::1 /equipment/index.php/Home/Index/zhihu-css.css
ERR: 非法操作:zhihu-css.css

[ 2016-10-18T14:09:50+08:00 ] ::1 /equipment/index.php/Home/Index/zhihu-css.css
ERR: 非法操作:zhihu-css.css

[ 2016-10-18T14:10:08+08:00 ] ::1 /equipment/index.php/Home/Index/zhihu-css.css
ERR: 非法操作:zhihu-css.css

[ 2016-10-18T14:10:57+08:00 ] ::1 /equipment/index.php/Home/Index/zhihu-css.css
ERR: 非法操作:zhihu-css.css

[ 2016-10-18T14:11:19+08:00 ] ::1 /equipment/index.php/Home/Index/zhihu-css.css
ERR: 非法操作:zhihu-css.css

[ 2016-10-18T14:13:11+08:00 ] ::1 /equipment/index.php/Home/Index/zhihu-css.css
ERR: 非法操作:zhihu-css.css

[ 2016-10-18T14:14:37+08:00 ] ::1 /equipment/index.php/Home/Index/zhihu-css.css
ERR: 非法操作:zhihu-css.css

[ 2016-10-18T14:15:29+08:00 ] ::1 /equipment/index.php/Home/Inform/news
ERR: Unknown database 'zky'

[ 2016-10-18T14:15:30+08:00 ] ::1 /equipment/index.php/Home/Index/zhihu-css.css
ERR: 非法操作:zhihu-css.css

[ 2016-10-18T14:15:51+08:00 ] ::1 /equipment/index.php/Home/Index/zhihu-css.css
ERR: 非法操作:zhihu-css.css

[ 2016-10-18T14:16:13+08:00 ] ::1 /equipment/index.php/Home/Index/zhihu-css.css
ERR: 非法操作:zhihu-css.css

[ 2016-10-18T14:18:33+08:00 ] ::1 /equipment/index.php/Home/Index/zhihu-css.css
ERR: 非法操作:zhihu-css.css

[ 2016-10-18T14:19:47+08:00 ] ::1 /equipment/index.php/Home/Index/zhihu-css.css
ERR: 非法操作:zhihu-css.css

[ 2016-10-18T14:20:36+08:00 ] ::1 /equipment/index.php/Home/Index/zhihu-css.css
ERR: 非法操作:zhihu-css.css

[ 2016-10-18T14:20:46+08:00 ] ::1 /equipment/index.php/Home/Index/zhihu-css.css
ERR: 非法操作:zhihu-css.css

[ 2016-10-18T14:20:49+08:00 ] ::1 /equipment/index.php/Home/Index/zhihu-css.css
ERR: 非法操作:zhihu-css.css

[ 2016-10-18T14:21:15+08:00 ] ::1 /equipment/index.php/Home/Index/zhihu-css.css
ERR: 非法操作:zhihu-css.css

[ 2016-10-18T14:21:18+08:00 ] ::1 /equipment/index.php/Home/Index/zhihu-css.css
ERR: 非法操作:zhihu-css.css

[ 2016-10-18T14:21:32+08:00 ] ::1 /equipment/index.php/Home/Index/zhihu-css.css
ERR: 非法操作:zhihu-css.css

[ 2016-10-18T14:22:00+08:00 ] ::1 /equipment/index.php/Home/Index/zhihu-css.css
ERR: 非法操作:zhihu-css.css

[ 2016-10-18T14:22:04+08:00 ] ::1 /equipment/index.php/Home/Inform/news
ERR: Unknown database 'zky'

[ 2016-10-18T14:22:06+08:00 ] ::1 /equipment/index.php/Home/Index/zhihu-css.css
ERR: 非法操作:zhihu-css.css

[ 2016-10-18T14:22:24+08:00 ] ::1 /equipment/index.php/Home/Index/zhihu-css.css
ERR: 非法操作:zhihu-css.css

[ 2016-10-18T14:22:32+08:00 ] ::1 /equipment/index.php/Home/Index/zhihu-css.css
ERR: 非法操作:zhihu-css.css

[ 2016-10-18T14:22:39+08:00 ] ::1 /equipment/index.php/Home/Index/zhihu-css.css
ERR: 非法操作:zhihu-css.css

[ 2016-10-18T14:23:18+08:00 ] ::1 /equipment/index.php/Home/Index/zhihu-css.css
ERR: 非法操作:zhihu-css.css

[ 2016-10-18T14:23:36+08:00 ] ::1 /equipment/index.php/Home/Index/zhihu-css.css
ERR: 非法操作:zhihu-css.css

[ 2016-10-18T14:23:54+08:00 ] ::1 /equipment/index.php/Home/Index/zhihu-css.css
ERR: 非法操作:zhihu-css.css

[ 2016-10-18T14:24:37+08:00 ] ::1 /equipment/index.php/Home/Index/zhihu-css.css
ERR: 非法操作:zhihu-css.css

[ 2016-10-18T14:25:13+08:00 ] ::1 /equipment/index.php/Home/Index/zhihu-css.css
ERR: 非法操作:zhihu-css.css

[ 2016-10-18T14:26:33+08:00 ] ::1 /equipment/index.php/Home/Index/zhihu-css.css
ERR: 非法操作:zhihu-css.css

[ 2016-10-18T14:26:34+08:00 ] ::1 /equipment/index.php/Home/Index/zhihu-css.css
ERR: 非法操作:zhihu-css.css

[ 2016-10-18T14:26:35+08:00 ] ::1 /equipment/index.php/Home/Index/zhihu-css.css
ERR: 非法操作:zhihu-css.css

[ 2016-10-18T14:27:02+08:00 ] ::1 /equipment/index.php/Home/Index/zhihu-css.css
ERR: 非法操作:zhihu-css.css

[ 2016-10-18T14:28:56+08:00 ] ::1 /equipment/index.php/Home/Index/zhihu-css.css
ERR: 非法操作:zhihu-css.css

[ 2016-10-18T14:29:16+08:00 ] ::1 /equipment/index.php/Home/Index/zhihu-css.css
ERR: 非法操作:zhihu-css.css

[ 2016-10-18T14:29:29+08:00 ] ::1 /equipment/index.php/Home/Index/zhihu-css.css
ERR: 非法操作:zhihu-css.css

[ 2016-10-18T14:29:56+08:00 ] ::1 /equipment/index.php/Home/Index/zhihu-css.css
ERR: 非法操作:zhihu-css.css

[ 2016-10-18T14:30:07+08:00 ] ::1 /equipment/index.php/Home/Index/zhihu-css.css
ERR: 非法操作:zhihu-css.css

[ 2016-10-18T14:30:31+08:00 ] ::1 /equipment/index.php/Home/Index/zhihu-css.css
ERR: 非法操作:zhihu-css.css

[ 2016-10-18T14:30:32+08:00 ] ::1 /equipment/index.php/Home/Index/zhihu-css.css
ERR: 非法操作:zhihu-css.css

[ 2016-10-18T14:30:42+08:00 ] ::1 /equipment/index.php/Home/Index/zhihu-css.css
ERR: 非法操作:zhihu-css.css

[ 2016-10-18T14:30:43+08:00 ] ::1 /equipment/index.php/Home/Index/zhihu-css.css
ERR: 非法操作:zhihu-css.css

[ 2016-10-18T14:31:13+08:00 ] ::1 /equipment/index.php/Home/Index/zhihu-css.css
ERR: 非法操作:zhihu-css.css

[ 2016-10-18T14:31:22+08:00 ] ::1 /equipment/index.php/Home/Index/zhihu-css.css
ERR: 非法操作:zhihu-css.css

[ 2016-10-18T14:32:19+08:00 ] ::1 /equipment/index.php/Home/Index/zhihu-css.css
ERR: 非法操作:zhihu-css.css

[ 2016-10-18T14:32:35+08:00 ] ::1 /equipment/index.php/Home/Index/zhihu-css.css
ERR: 非法操作:zhihu-css.css

[ 2016-10-18T14:33:37+08:00 ] ::1 /equipment/index.php/Home/Index/zhihu-css.css
ERR: 非法操作:zhihu-css.css

[ 2016-10-18T14:33:38+08:00 ] ::1 /equipment/index.php/Home/Index/zhihu-css.css
ERR: 非法操作:zhihu-css.css

[ 2016-10-18T14:33:38+08:00 ] ::1 /equipment/index.php/Home/Index/zhihu-css.css
ERR: 非法操作:zhihu-css.css

[ 2016-10-18T14:35:28+08:00 ] ::1 /equipment/index.php/Home/Index/zhihu-css.css
ERR: 非法操作:zhihu-css.css

[ 2016-10-18T14:35:54+08:00 ] ::1 /equipment/index.php/Home/Index/zhihu-css.css
ERR: 非法操作:zhihu-css.css

[ 2016-10-18T14:36:10+08:00 ] ::1 /equipment/index.php/Home/Index/zhihu-css.css
ERR: 非法操作:zhihu-css.css

[ 2016-10-18T14:36:33+08:00 ] ::1 /equipment/index.php/Home/Index/zhihu-css.css
ERR: 非法操作:zhihu-css.css

[ 2016-10-18T14:37:03+08:00 ] ::1 /equipment/index.php/Home/Index/zhihu-css.css
ERR: 非法操作:zhihu-css.css

[ 2016-10-18T14:37:30+08:00 ] ::1 /equipment/index.php/Home/Index/zhihu-css.css
ERR: 非法操作:zhihu-css.css

[ 2016-10-18T14:37:41+08:00 ] ::1 /equipment/index.php/Home/Index/zhihu-css.css
ERR: 非法操作:zhihu-css.css

[ 2016-10-18T14:41:59+08:00 ] ::1 /equipment/index.php/Home/Index/zhihu-css.css
ERR: 非法操作:zhihu-css.css

[ 2016-10-18T14:42:23+08:00 ] ::1 /equipment/index.php/Home/Index/zhihu-css.css
ERR: 非法操作:zhihu-css.css

[ 2016-10-18T14:43:51+08:00 ] ::1 /equipment/index.php/Home/Index/zhihu-css.css
ERR: 非法操作:zhihu-css.css

[ 2016-10-18T14:44:05+08:00 ] ::1 /equipment/index.php/Home/Index/zhihu-css.css
ERR: 非法操作:zhihu-css.css

[ 2016-10-18T14:44:10+08:00 ] ::1 /equipment/index.php/Home/Index/zhihu-css.css
ERR: 非法操作:zhihu-css.css

[ 2016-10-18T14:44:26+08:00 ] ::1 /equipment/index.php/Home/Inform/news
ERR: Unknown database 'zky'

[ 2016-10-18T14:44:27+08:00 ] ::1 /equipment/index.php/Home/Index/zhihu-css.css
ERR: 非法操作:zhihu-css.css

[ 2016-10-18T14:44:28+08:00 ] ::1 /equipment/index.php/Home/Equipment/zhihu-css.css
ERR: 非法操作:zhihu-css.css

[ 2016-10-18T14:44:31+08:00 ] ::1 /equipment/index.php/Home/Equipment/zhihu-css.css
ERR: 非法操作:zhihu-css.css

[ 2016-10-18T14:44:33+08:00 ] ::1 /equipment/index.php/Home/Equipment/zhihu-css.css
ERR: 非法操作:zhihu-css.css

[ 2016-10-18T14:44:33+08:00 ] ::1 /equipment/index.php/Home/Equipment/zhihu-css.css
ERR: 非法操作:zhihu-css.css

[ 2016-10-18T14:44:34+08:00 ] ::1 /equipment/index.php/Home/Equipment/zhihu-css.css
ERR: 非法操作:zhihu-css.css

[ 2016-10-18T14:44:34+08:00 ] ::1 /equipment/index.php/Home/Equipment/zhihu-css.css
ERR: 非法操作:zhihu-css.css

[ 2016-10-18T14:44:35+08:00 ] ::1 /equipment/index.php/Home/Equipment/zhihu-css.css
ERR: 非法操作:zhihu-css.css

[ 2016-10-18T14:44:36+08:00 ] ::1 /equipment/index.php/Home/Equipment/zhihu-css.css
ERR: 非法操作:zhihu-css.css

[ 2016-10-18T14:44:37+08:00 ] ::1 /equipment/index.php/Home/Equipment/zhihu-css.css
ERR: 非法操作:zhihu-css.css

[ 2016-10-18T14:44:37+08:00 ] ::1 /equipment/index.php/Home/Equipment/zhihu-css.css
ERR: 非法操作:zhihu-css.css

[ 2016-10-18T14:44:37+08:00 ] ::1 /equipment/index.php/Home/Equipment/zhihu-css.css
ERR: 非法操作:zhihu-css.css

[ 2016-10-18T14:44:39+08:00 ] ::1 /equipment/index.php/Home/Equipment/zhihu-css.css
ERR: 非法操作:zhihu-css.css

[ 2016-10-18T14:44:40+08:00 ] ::1 /equipment/index.php/Home/Regulation/zhihu-css.css
ERR: 非法操作:zhihu-css.css

[ 2016-10-18T14:44:42+08:00 ] ::1 /equipment/index.php/Home/File/document
ERR: Unknown database 'zky'

[ 2016-10-18T14:44:43+08:00 ] ::1 /equipment/index.php/Home/Regulation/zhihu-css.css
ERR: 非法操作:zhihu-css.css

[ 2016-10-18T14:44:45+08:00 ] ::1 /equipment/index.php/Home/Regulation/zhihu-css.css
ERR: 非法操作:zhihu-css.css

[ 2016-10-18T14:44:46+08:00 ] ::1 /equipment/index.php/Home/Index/zhihu-css.css
ERR: 非法操作:zhihu-css.css

[ 2016-10-18T14:44:49+08:00 ] ::1 /equipment/index.php/Home/Regulation/zhihu-css.css
ERR: 非法操作:zhihu-css.css

[ 2016-10-18T14:44:51+08:00 ] ::1 /equipment/index.php/Home/Inform/news
ERR: Unknown database 'zky'

[ 2016-10-18T14:44:52+08:00 ] ::1 /equipment/index.php/Home/Regulation/zhihu-css.css
ERR: 非法操作:zhihu-css.css

[ 2016-10-18T14:44:53+08:00 ] ::1 /equipment/index.php/Home/Index/zhihu-css.css
ERR: 非法操作:zhihu-css.css

[ 2016-10-18T14:54:20+08:00 ] ::1 /equipment/index.php/Admin/Index/Css/bootstrap-responsive.css
ERR: 非法操作:css

[ 2016-10-18T14:54:20+08:00 ] ::1 /equipment/index.php/Admin/Index/Css/bootstrap.css
ERR: 非法操作:css

[ 2016-10-18T14:54:20+08:00 ] ::1 /equipment/index.php/Admin/Index/Css/style.css
ERR: 非法操作:css

[ 2016-10-18T14:54:20+08:00 ] ::1 /equipment/index.php/Admin/Index/Js/jquery2.js
ERR: 非法操作:js

[ 2016-10-18T14:54:20+08:00 ] ::1 /equipment/index.php/Admin/Index/Js/bootstrap.js
ERR: 非法操作:js

[ 2016-10-18T14:54:20+08:00 ] ::1 /equipment/index.php/Admin/Index/Js/jquery2.sorted.js
ERR: 非法操作:js

[ 2016-10-18T14:54:20+08:00 ] ::1 /equipment/index.php/Admin/Index/Js/ckform.js
ERR: 非法操作:js

[ 2016-10-18T14:54:20+08:00 ] ::1 /equipment/index.php/Admin/Index/Js/common.js
ERR: 非法操作:js

[ 2016-10-18T14:54:20+08:00 ] ::1 /equipment/index.php/Admin/Index/Js/bootstrap.js
ERR: 非法操作:js

[ 2016-10-18T14:54:20+08:00 ] ::1 /equipment/index.php/Admin/Index/Js/ckform.js
ERR: 非法操作:js

[ 2016-10-18T14:54:20+08:00 ] ::1 /equipment/index.php/Admin/Index/Js/common.js
ERR: 非法操作:js

[ 2016-10-18T14:54:23+08:00 ] ::1 /equipment/index.php/Admin/Index/news.html
ERR: 非法操作:news

[ 2016-10-18T14:54:26+08:00 ] ::1 /equipment/index.php/Admin/Index/Js/jquery2.js
ERR: 非法操作:js

[ 2016-10-18T14:54:26+08:00 ] ::1 /equipment/index.php/Admin/Index/Js/jquery2.sorted.js
ERR: 非法操作:js

[ 2016-10-18T14:54:26+08:00 ] ::1 /equipment/index.php/Admin/Index/Js/ckform.js
ERR: 非法操作:js

[ 2016-10-18T14:54:26+08:00 ] ::1 /equipment/index.php/Admin/Index/Js/bootstrap.js
ERR: 非法操作:js

[ 2016-10-18T14:54:26+08:00 ] ::1 /equipment/index.php/Admin/Index/Css/style.css
ERR: 非法操作:css

[ 2016-10-18T14:54:26+08:00 ] ::1 /equipment/index.php/Admin/Index/Css/bootstrap-responsive.css
ERR: 非法操作:css

[ 2016-10-18T14:54:26+08:00 ] ::1 /equipment/index.php/Admin/Index/Css/bootstrap.css
ERR: 非法操作:css

[ 2016-10-18T14:54:26+08:00 ] ::1 /equipment/index.php/Admin/Index/Js/common.js
ERR: 非法操作:js

[ 2016-10-18T14:54:26+08:00 ] ::1 /equipment/index.php/Admin/Index/Js/ckform.js
ERR: 非法操作:js

[ 2016-10-18T14:54:26+08:00 ] ::1 /equipment/index.php/Admin/Index/Js/common.js
ERR: 非法操作:js

[ 2016-10-18T14:55:47+08:00 ] ::1 /equipment/index.php/Admin/Index/Css/bootstrap.css
ERR: 非法操作:css

[ 2016-10-18T14:55:47+08:00 ] ::1 /equipment/index.php/Admin/Index/Css/style.css
ERR: 非法操作:css

[ 2016-10-18T14:55:47+08:00 ] ::1 /equipment/index.php/Admin/Index/Css/bootstrap-responsive.css
ERR: 非法操作:css

[ 2016-10-18T14:55:47+08:00 ] ::1 /equipment/index.php/Admin/Index/Js/jquery2.js
ERR: 非法操作:js

[ 2016-10-18T14:55:47+08:00 ] ::1 /equipment/index.php/Admin/Index/Js/bootstrap.js
ERR: 非法操作:js

[ 2016-10-18T14:55:47+08:00 ] ::1 /equipment/index.php/Admin/Index/Js/jquery2.sorted.js
ERR: 非法操作:js

[ 2016-10-18T14:55:47+08:00 ] ::1 /equipment/index.php/Admin/Index/Js/ckform.js
ERR: 非法操作:js

[ 2016-10-18T14:55:47+08:00 ] ::1 /equipment/index.php/Admin/Index/Js/common.js
ERR: 非法操作:js

[ 2016-10-18T14:55:47+08:00 ] ::1 /equipment/index.php/Admin/Index/Js/bootstrap.js
ERR: 非法操作:js

[ 2016-10-18T14:55:47+08:00 ] ::1 /equipment/index.php/Admin/Index/Js/ckform.js
ERR: 非法操作:js

[ 2016-10-18T14:55:47+08:00 ] ::1 /equipment/index.php/Admin/Index/Js/common.js
ERR: 非法操作:js

[ 2016-10-18T14:55:47+08:00 ] ::1 /equipment/index.php/Admin/Index/Css/bootstrap-responsive.css
ERR: 非法操作:css

[ 2016-10-18T14:55:47+08:00 ] ::1 /equipment/index.php/Admin/Index/Js/jquery2.sorted.js
ERR: 非法操作:js

[ 2016-10-18T14:55:47+08:00 ] ::1 /equipment/index.php/Admin/Index/Js/jquery2.js
ERR: 非法操作:js

[ 2016-10-18T14:55:47+08:00 ] ::1 /equipment/index.php/Admin/Index/Css/style.css
ERR: 非法操作:css

[ 2016-10-18T14:55:47+08:00 ] ::1 /equipment/index.php/Admin/Index/Js/bootstrap.js
ERR: 非法操作:js

[ 2016-10-18T14:55:47+08:00 ] ::1 /equipment/index.php/Admin/Index/Js/ckform.js
ERR: 非法操作:js

[ 2016-10-18T14:55:47+08:00 ] ::1 /equipment/index.php/Admin/Index/Css/bootstrap.css
ERR: 非法操作:css

[ 2016-10-18T14:55:47+08:00 ] ::1 /equipment/index.php/Admin/Index/Js/common.js
ERR: 非法操作:js

[ 2016-10-18T14:55:47+08:00 ] ::1 /equipment/index.php/Admin/Index/Js/jquery2.sorted.js
ERR: 非法操作:js

[ 2016-10-18T14:55:47+08:00 ] ::1 /equipment/index.php/Admin/Index/Js/bootstrap.js
ERR: 非法操作:js

[ 2016-10-18T14:55:47+08:00 ] ::1 /equipment/index.php/Admin/Index/Js/ckform.js
ERR: 非法操作:js

[ 2016-10-18T14:55:47+08:00 ] ::1 /equipment/index.php/Admin/Index/Js/common.js
ERR: 非法操作:js

[ 2016-10-18T15:02:39+08:00 ] ::1 /equipment/index.php/Admin/Index/Css/bootstrap.css
ERR: 非法操作:css

[ 2016-10-18T15:02:39+08:00 ] ::1 /equipment/index.php/Admin/Index/Css/bootstrap-responsive.css
ERR: 非法操作:css

[ 2016-10-18T15:02:39+08:00 ] ::1 /equipment/index.php/Admin/Index/Css/style.css
ERR: 非法操作:css

[ 2016-10-18T15:02:39+08:00 ] ::1 /equipment/index.php/Admin/Index/Js/jquery2.sorted.js
ERR: 非法操作:js

[ 2016-10-18T15:02:39+08:00 ] ::1 /equipment/index.php/Admin/Index/Js/bootstrap.js
ERR: 非法操作:js

[ 2016-10-18T15:02:39+08:00 ] ::1 /equipment/index.php/Admin/Index/Js/ckform.js
ERR: 非法操作:js

[ 2016-10-18T15:02:39+08:00 ] ::1 /equipment/index.php/Admin/Index/Js/common.js
ERR: 非法操作:js

[ 2016-10-18T15:02:39+08:00 ] ::1 /equipment/index.php/Admin/Index/Js/jquery2.js
ERR: 非法操作:js

[ 2016-10-18T15:02:39+08:00 ] ::1 /equipment/index.php/Admin/Index/Js/jquery2.sorted.js
ERR: 非法操作:js

[ 2016-10-18T15:02:39+08:00 ] ::1 /equipment/index.php/Admin/Index/Js/bootstrap.js
ERR: 非法操作:js

[ 2016-10-18T15:02:39+08:00 ] ::1 /equipment/index.php/Admin/Index/Js/ckform.js
ERR: 非法操作:js

[ 2016-10-18T15:02:39+08:00 ] ::1 /equipment/index.php/Admin/Index/Js/common.js
ERR: 非法操作:js

[ 2016-10-18T15:03:25+08:00 ] ::1 /equipment/index.php/Admin/Index/Css/bootstrap-responsive.css
ERR: 非法操作:css

[ 2016-10-18T15:03:25+08:00 ] ::1 /equipment/index.php/Admin/Index/Css/bootstrap.css
ERR: 非法操作:css

[ 2016-10-18T15:03:25+08:00 ] ::1 /equipment/index.php/Admin/Index/Css/style.css
ERR: 非法操作:css

[ 2016-10-18T15:03:25+08:00 ] ::1 /equipment/index.php/Admin/Index/Js/jquery2.sorted.js
ERR: 非法操作:js

[ 2016-10-18T15:03:25+08:00 ] ::1 /equipment/index.php/Admin/Index/Js/jquery2.js
ERR: 非法操作:js

[ 2016-10-18T15:03:25+08:00 ] ::1 /equipment/index.php/Admin/Index/Js/bootstrap.js
ERR: 非法操作:js

[ 2016-10-18T15:03:25+08:00 ] ::1 /equipment/index.php/Admin/Index/Js/ckform.js
ERR: 非法操作:js

[ 2016-10-18T15:03:25+08:00 ] ::1 /equipment/index.php/Admin/Index/Js/common.js
ERR: 非法操作:js

[ 2016-10-18T15:03:25+08:00 ] ::1 /equipment/index.php/Admin/Index/Js/jquery2.sorted.js
ERR: 非法操作:js

[ 2016-10-18T15:03:25+08:00 ] ::1 /equipment/index.php/Admin/Index/Js/bootstrap.js
ERR: 非法操作:js

[ 2016-10-18T15:03:25+08:00 ] ::1 /equipment/index.php/Admin/Index/Js/ckform.js
ERR: 非法操作:js

[ 2016-10-18T15:03:25+08:00 ] ::1 /equipment/index.php/Admin/Index/Js/common.js
ERR: 非法操作:js

[ 2016-10-18T15:03:29+08:00 ] ::1 /equipment/index.php/Admin/Index/Css/bootstrap.css
ERR: 非法操作:css

[ 2016-10-18T15:03:29+08:00 ] ::1 /equipment/index.php/Admin/Index/Js/bootstrap.js
ERR: 非法操作:js

[ 2016-10-18T15:03:29+08:00 ] ::1 /equipment/index.php/Admin/Index/Js/jquery2.js
ERR: 非法操作:js

[ 2016-10-18T15:03:29+08:00 ] ::1 /equipment/index.php/Admin/Index/Js/jquery2.sorted.js
ERR: 非法操作:js

[ 2016-10-18T15:03:29+08:00 ] ::1 /equipment/index.php/Admin/Index/Css/style.css
ERR: 非法操作:css

[ 2016-10-18T15:03:29+08:00 ] ::1 /equipment/index.php/Admin/Index/Js/ckform.js
ERR: 非法操作:js

[ 2016-10-18T15:03:29+08:00 ] ::1 /equipment/index.php/Admin/Index/Js/common.js
ERR: 非法操作:js

[ 2016-10-18T15:03:29+08:00 ] ::1 /equipment/index.php/Admin/Index/Css/bootstrap-responsive.css
ERR: 非法操作:css

[ 2016-10-18T15:03:29+08:00 ] ::1 /equipment/index.php/Admin/Index/Js/bootstrap.js
ERR: 非法操作:js

[ 2016-10-18T15:03:29+08:00 ] ::1 /equipment/index.php/Admin/Index/Js/ckform.js
ERR: 非法操作:js

[ 2016-10-18T15:03:29+08:00 ] ::1 /equipment/index.php/Admin/Index/Js/common.js
ERR: 非法操作:js

[ 2016-10-18T15:03:31+08:00 ] ::1 /equipment/index.php/Admin/Index/Css/bootstrap.css
ERR: 非法操作:css

[ 2016-10-18T15:03:31+08:00 ] ::1 /equipment/index.php/Admin/Index/Css/bootstrap-responsive.css
ERR: 非法操作:css

[ 2016-10-18T15:03:31+08:00 ] ::1 /equipment/index.php/Admin/Index/Js/jquery2.sorted.js
ERR: 非法操作:js

[ 2016-10-18T15:03:31+08:00 ] ::1 /equipment/index.php/Admin/Index/Css/style.css
ERR: 非法操作:css

[ 2016-10-18T15:03:31+08:00 ] ::1 /equipment/index.php/Admin/Index/Js/bootstrap.js
ERR: 非法操作:js

[ 2016-10-18T15:03:31+08:00 ] ::1 /equipment/index.php/Admin/Index/Js/jquery2.js
ERR: 非法操作:js

[ 2016-10-18T15:03:31+08:00 ] ::1 /equipment/index.php/Admin/Index/Js/ckform.js
ERR: 非法操作:js

[ 2016-10-18T15:03:31+08:00 ] ::1 /equipment/index.php/Admin/Index/Js/common.js
ERR: 非法操作:js

[ 2016-10-18T15:03:31+08:00 ] ::1 /equipment/index.php/Admin/Index/Js/jquery2.sorted.js
ERR: 非法操作:js

[ 2016-10-18T15:03:31+08:00 ] ::1 /equipment/index.php/Admin/Index/Js/bootstrap.js
ERR: 非法操作:js

[ 2016-10-18T15:03:31+08:00 ] ::1 /equipment/index.php/Admin/Index/Js/ckform.js
ERR: 非法操作:js

[ 2016-10-18T15:03:31+08:00 ] ::1 /equipment/index.php/Admin/Index/Js/common.js
ERR: 非法操作:js

[ 2016-10-18T15:09:05+08:00 ] ::1 /equipment/index.php/Admin/Index/Css/bootstrap.css
ERR: 非法操作:css

[ 2016-10-18T15:09:05+08:00 ] ::1 /equipment/index.php/Admin/Index/Css/bootstrap-responsive.css
ERR: 非法操作:css

[ 2016-10-18T15:09:05+08:00 ] ::1 /equipment/index.php/Admin/Index/Css/style.css
ERR: 非法操作:css

[ 2016-10-18T15:09:05+08:00 ] ::1 /equipment/index.php/Admin/Index/Js/ckform.js
ERR: 非法操作:js

[ 2016-10-18T15:09:05+08:00 ] ::1 /equipment/index.php/Admin/Index/Js/common.js
ERR: 非法操作:js

[ 2016-10-18T15:09:05+08:00 ] ::1 /equipment/index.php/Admin/Index/Js/jquery2.sorted.js
ERR: 非法操作:js

[ 2016-10-18T15:09:05+08:00 ] ::1 /equipment/index.php/Admin/Index/Js/jquery2.js
ERR: 非法操作:js

[ 2016-10-18T15:09:05+08:00 ] ::1 /equipment/index.php/Admin/Index/Js/bootstrap.js
ERR: 非法操作:js

[ 2016-10-18T15:09:05+08:00 ] ::1 /equipment/index.php/Admin/Index/Js/jquery2.sorted.js
ERR: 非法操作:js

[ 2016-10-18T15:09:05+08:00 ] ::1 /equipment/index.php/Admin/Index/Js/bootstrap.js
ERR: 非法操作:js

[ 2016-10-18T15:09:05+08:00 ] ::1 /equipment/index.php/Admin/Index/Js/ckform.js
ERR: 非法操作:js

[ 2016-10-18T15:09:05+08:00 ] ::1 /equipment/index.php/Admin/Index/Js/common.js
ERR: 非法操作:js

[ 2016-10-18T15:09:08+08:00 ] ::1 /equipment/index.php/Admin/Index/Css/bootstrap.css
ERR: 非法操作:css

[ 2016-10-18T15:09:08+08:00 ] ::1 /equipment/index.php/Admin/Index/Js/bootstrap.js
ERR: 非法操作:js

[ 2016-10-18T15:09:08+08:00 ] ::1 /equipment/index.php/Admin/Index/Js/jquery2.sorted.js
ERR: 非法操作:js

[ 2016-10-18T15:09:08+08:00 ] ::1 /equipment/index.php/Admin/Index/Css/bootstrap-responsive.css
ERR: 非法操作:css

[ 2016-10-18T15:09:08+08:00 ] ::1 /equipment/index.php/Admin/Index/Css/style.css
ERR: 非法操作:css

[ 2016-10-18T15:09:08+08:00 ] ::1 /equipment/index.php/Admin/Index/Js/jquery2.js
ERR: 非法操作:js

[ 2016-10-18T15:09:08+08:00 ] ::1 /equipment/index.php/Admin/Index/Js/ckform.js
ERR: 非法操作:js

[ 2016-10-18T15:09:08+08:00 ] ::1 /equipment/index.php/Admin/Index/Js/common.js
ERR: 非法操作:js

[ 2016-10-18T15:09:08+08:00 ] ::1 /equipment/index.php/Admin/Index/Js/jquery2.sorted.js
ERR: 非法操作:js

[ 2016-10-18T15:09:09+08:00 ] ::1 /equipment/index.php/Admin/Index/Js/bootstrap.js
ERR: 非法操作:js

[ 2016-10-18T15:09:09+08:00 ] ::1 /equipment/index.php/Admin/Index/Js/ckform.js
ERR: 非法操作:js

[ 2016-10-18T15:09:09+08:00 ] ::1 /equipment/index.php/Admin/Index/Js/common.js
ERR: 非法操作:js

[ 2016-10-18T15:09:09+08:00 ] ::1 /equipment/index.php/Admin/Index/Css/bootstrap.css
ERR: 非法操作:css

[ 2016-10-18T15:09:09+08:00 ] ::1 /equipment/index.php/Admin/Index/Js/bootstrap.js
ERR: 非法操作:js

[ 2016-10-18T15:09:09+08:00 ] ::1 /equipment/index.php/Admin/Index/Css/style.css
ERR: 非法操作:css

[ 2016-10-18T15:09:09+08:00 ] ::1 /equipment/index.php/Admin/Index/Js/jquery2.sorted.js
ERR: 非法操作:js

[ 2016-10-18T15:09:09+08:00 ] ::1 /equipment/index.php/Admin/Index/Css/bootstrap-responsive.css
ERR: 非法操作:css

[ 2016-10-18T15:09:09+08:00 ] ::1 /equipment/index.php/Admin/Index/Js/ckform.js
ERR: 非法操作:js

[ 2016-10-18T15:09:09+08:00 ] ::1 /equipment/index.php/Admin/Index/Js/common.js
ERR: 非法操作:js

[ 2016-10-18T15:09:09+08:00 ] ::1 /equipment/index.php/Admin/Index/Js/jquery2.js
ERR: 非法操作:js

[ 2016-10-18T15:09:09+08:00 ] ::1 /equipment/index.php/Admin/Index/Js/jquery2.sorted.js
ERR: 非法操作:js

[ 2016-10-18T15:09:09+08:00 ] ::1 /equipment/index.php/Admin/Index/Js/bootstrap.js
ERR: 非法操作:js

[ 2016-10-18T15:09:09+08:00 ] ::1 /equipment/index.php/Admin/Index/Js/ckform.js
ERR: 非法操作:js

[ 2016-10-18T15:09:09+08:00 ] ::1 /equipment/index.php/Admin/Index/Js/common.js
ERR: 非法操作:js

[ 2016-10-18T15:09:09+08:00 ] ::1 /equipment/index.php/Admin/Index/Css/bootstrap.css
ERR: 非法操作:css

[ 2016-10-18T15:09:09+08:00 ] ::1 /equipment/index.php/Admin/Index/Js/jquery2.js
ERR: 非法操作:js

[ 2016-10-18T15:09:09+08:00 ] ::1 /equipment/index.php/Admin/Index/Js/bootstrap.js
ERR: 非法操作:js

[ 2016-10-18T15:09:09+08:00 ] ::1 /equipment/index.php/Admin/Index/Css/style.css
ERR: 非法操作:css

[ 2016-10-18T15:09:09+08:00 ] ::1 /equipment/index.php/Admin/Index/Js/jquery2.sorted.js
ERR: 非法操作:js

[ 2016-10-18T15:09:09+08:00 ] ::1 /equipment/index.php/Admin/Index/Js/ckform.js
ERR: 非法操作:js

[ 2016-10-18T15:09:09+08:00 ] ::1 /equipment/index.php/Admin/Index/Js/common.js
ERR: 非法操作:js

[ 2016-10-18T15:09:09+08:00 ] ::1 /equipment/index.php/Admin/Index/Css/bootstrap-responsive.css
ERR: 非法操作:css

[ 2016-10-18T15:09:09+08:00 ] ::1 /equipment/index.php/Admin/Index/Js/bootstrap.js
ERR: 非法操作:js

[ 2016-10-18T15:09:09+08:00 ] ::1 /equipment/index.php/Admin/Index/Js/ckform.js
ERR: 非法操作:js

[ 2016-10-18T15:09:09+08:00 ] ::1 /equipment/index.php/Admin/Index/Js/common.js
ERR: 非法操作:js

[ 2016-10-18T15:09:09+08:00 ] ::1 /equipment/index.php/Admin/Index/Css/bootstrap.css
ERR: 非法操作:css

[ 2016-10-18T15:09:09+08:00 ] ::1 /equipment/index.php/Admin/Index/Js/jquery2.js
ERR: 非法操作:js

[ 2016-10-18T15:09:09+08:00 ] ::1 /equipment/index.php/Admin/Index/Js/jquery2.sorted.js
ERR: 非法操作:js

[ 2016-10-18T15:09:09+08:00 ] ::1 /equipment/index.php/Admin/Index/Css/style.css
ERR: 非法操作:css

[ 2016-10-18T15:09:09+08:00 ] ::1 /equipment/index.php/Admin/Index/Js/bootstrap.js
ERR: 非法操作:js

[ 2016-10-18T15:09:09+08:00 ] ::1 /equipment/index.php/Admin/Index/Css/bootstrap-responsive.css
ERR: 非法操作:css

[ 2016-10-18T15:09:09+08:00 ] ::1 /equipment/index.php/Admin/Index/Js/ckform.js
ERR: 非法操作:js

[ 2016-10-18T15:09:09+08:00 ] ::1 /equipment/index.php/Admin/Index/Js/common.js
ERR: 非法操作:js

[ 2016-10-18T15:09:09+08:00 ] ::1 /equipment/index.php/Admin/Index/Css/bootstrap.css
ERR: 非法操作:css

[ 2016-10-18T15:09:09+08:00 ] ::1 /equipment/index.php/Admin/Index/Css/style.css
ERR: 非法操作:css

[ 2016-10-18T15:09:09+08:00 ] ::1 /equipment/index.php/Admin/Index/Css/bootstrap-responsive.css
ERR: 非法操作:css

[ 2016-10-18T15:09:09+08:00 ] ::1 /equipment/index.php/Admin/Index/Js/jquery2.js
ERR: 非法操作:js

[ 2016-10-18T15:09:09+08:00 ] ::1 /equipment/index.php/Admin/Index/Js/jquery2.sorted.js
ERR: 非法操作:js

[ 2016-10-18T15:09:09+08:00 ] ::1 /equipment/index.php/Admin/Index/Js/bootstrap.js
ERR: 非法操作:js

[ 2016-10-18T15:09:09+08:00 ] ::1 /equipment/index.php/Admin/Index/Js/ckform.js
ERR: 非法操作:js

[ 2016-10-18T15:09:09+08:00 ] ::1 /equipment/index.php/Admin/Index/Js/common.js
ERR: 非法操作:js

[ 2016-10-18T15:09:10+08:00 ] ::1 /equipment/index.php/Admin/Index/Css/bootstrap.css
ERR: 非法操作:css

[ 2016-10-18T15:09:10+08:00 ] ::1 /equipment/index.php/Admin/Index/Js/jquery2.js
ERR: 非法操作:js

[ 2016-10-18T15:09:10+08:00 ] ::1 /equipment/index.php/Admin/Index/Css/bootstrap-responsive.css
ERR: 非法操作:css

[ 2016-10-18T15:09:10+08:00 ] ::1 /equipment/index.php/Admin/Index/Js/bootstrap.js
ERR: 非法操作:js

[ 2016-10-18T15:09:10+08:00 ] ::1 /equipment/index.php/Admin/Index/Js/jquery2.sorted.js
ERR: 非法操作:js

[ 2016-10-18T15:09:10+08:00 ] ::1 /equipment/index.php/Admin/Index/Css/style.css
ERR: 非法操作:css

[ 2016-10-18T15:09:10+08:00 ] ::1 /equipment/index.php/Admin/Index/Js/ckform.js
ERR: 非法操作:js

[ 2016-10-18T15:09:10+08:00 ] ::1 /equipment/index.php/Admin/Index/Js/common.js
ERR: 非法操作:js

[ 2016-10-18T15:09:10+08:00 ] ::1 /equipment/index.php/Admin/Index/Js/bootstrap.js
ERR: 非法操作:js

[ 2016-10-18T15:09:10+08:00 ] ::1 /equipment/index.php/Admin/Index/Js/ckform.js
ERR: 非法操作:js

[ 2016-10-18T15:09:10+08:00 ] ::1 /equipment/index.php/Admin/Index/Js/common.js
ERR: 非法操作:js

[ 2016-10-18T17:10:42+08:00 ] ::1 /equipment/index.php/Home/Index/zhihu-css.css
ERR: 非法操作:zhihu-css.css

[ 2016-10-18T17:10:55+08:00 ] ::1 /equipment/index.php/Home/Inform/zhihu-css.css
ERR: 非法操作:zhihu-css.css

[ 2016-10-18T17:10:56+08:00 ] ::1 /equipment/index.php/Home/Equipment/zhihu-css.css
ERR: 非法操作:zhihu-css.css

[ 2016-10-18T17:10:57+08:00 ] ::1 /equipment/index.php/Home/Regulation/zhihu-css.css
ERR: 非法操作:zhihu-css.css

[ 2016-10-18T17:10:58+08:00 ] ::1 /equipment/index.php/Home/File/zhihu-css.css
ERR: 非法操作:zhihu-css.css

[ 2016-10-18T17:11:01+08:00 ] ::1 /equipment/index.php/Home/File/zhihu-css.css
ERR: 非法操作:zhihu-css.css

[ 2016-10-18T17:14:21+08:00 ] ::1 /equipment/index.php/Home/File/zhihu-css.css
ERR: 非法操作:zhihu-css.css

[ 2016-10-18T17:14:29+08:00 ] ::1 /equipment/index.php/Home/File/zhihu-css.css
ERR: 非法操作:zhihu-css.css

[ 2016-10-18T17:14:31+08:00 ] ::1 /equipment/index.php/Home/Index/zhihu-css.css
ERR: 非法操作:zhihu-css.css

[ 2016-10-18T17:14:39+08:00 ] ::1 /equipment/index.php/Home/Index/zhihu-css.css
ERR: 非法操作:zhihu-css.css

[ 2016-10-18T17:14:45+08:00 ] ::1 /equipment/index.php/Home/Index/zhihu-css.css
ERR: 非法操作:zhihu-css.css

[ 2016-10-18T17:15:00+08:00 ] ::1 /equipment/index.php/Home/Index/zhihu-css.css
ERR: 非法操作:zhihu-css.css

[ 2016-10-18T17:15:13+08:00 ] ::1 /equipment/index.php/Home/Index/zhihu-css.css
ERR: 非法操作:zhihu-css.css

[ 2016-10-18T17:15:20+08:00 ] ::1 /equipment/index.php/Home/Index/zhihu-css.css
ERR: 非法操作:zhihu-css.css

[ 2016-10-18T17:15:35+08:00 ] ::1 /equipment/index.php/Home/Index/zhihu-css.css
ERR: 非法操作:zhihu-css.css

[ 2016-10-18T17:15:43+08:00 ] ::1 /equipment/index.php/Home/Index/zhihu-css.css
ERR: 非法操作:zhihu-css.css

[ 2016-10-18T17:15:49+08:00 ] ::1 /equipment/index.php/Home/Index/zhihu-css.css
ERR: 非法操作:zhihu-css.css

[ 2016-10-18T17:16:16+08:00 ] ::1 /equipment/index.php/Home/Index/zhihu-css.css
ERR: 非法操作:zhihu-css.css

[ 2016-10-18T17:17:54+08:00 ] ::1 /equipment/index.php/Home/Index/zhihu-css.css
ERR: 非法操作:zhihu-css.css

[ 2016-10-18T17:18:04+08:00 ] ::1 /equipment/index.php/Home/Index/zhihu-css.css
ERR: 非法操作:zhihu-css.css

[ 2016-10-18T17:18:11+08:00 ] ::1 /equipment/index.php/Home/Index/zhihu-css.css
ERR: 非法操作:zhihu-css.css

[ 2016-10-18T17:18:12+08:00 ] ::1 /equipment/index.php/Home/Index/zhihu-css.css
ERR: 非法操作:zhihu-css.css

[ 2016-10-18T17:18:55+08:00 ] ::1 /equipment/index.php/Home/Index/zhihu-css.css
ERR: 非法操作:zhihu-css.css

[ 2016-10-18T17:18:55+08:00 ] ::1 /equipment/index.php/Home/Index/zhihu-css.css
ERR: 非法操作:zhihu-css.css

[ 2016-10-18T17:19:21+08:00 ] ::1 /equipment/index.php/Home/Index/zhihu-css.css
ERR: 非法操作:zhihu-css.css

[ 2016-10-18T17:19:21+08:00 ] ::1 /equipment/index.php/Home/Index/zhihu-css.css
ERR: 非法操作:zhihu-css.css

[ 2016-10-18T17:19:21+08:00 ] ::1 /equipment/index.php/Home/Index/zhihu-css.css
ERR: 非法操作:zhihu-css.css

[ 2016-10-18T17:19:22+08:00 ] ::1 /equipment/index.php/Home/Index/zhihu-css.css
ERR: 非法操作:zhihu-css.css

[ 2016-10-18T17:19:34+08:00 ] ::1 /equipment/index.php/Home/Index/zhihu-css.css
ERR: 非法操作:zhihu-css.css

[ 2016-10-18T17:20:36+08:00 ] ::1 /equipment/index.php/Home/Index/zhihu-css.css
ERR: 非法操作:zhihu-css.css

[ 2016-10-18T17:20:37+08:00 ] ::1 /equipment/index.php/Home/Index/zhihu-css.css
ERR: 非法操作:zhihu-css.css

[ 2016-10-18T17:20:38+08:00 ] ::1 /equipment/index.php/Home/Index/zhihu-css.css
ERR: 非法操作:zhihu-css.css

[ 2016-10-18T17:20:54+08:00 ] ::1 /equipment/index.php/Home/Index/zhihu-css.css
ERR: 非法操作:zhihu-css.css

[ 2016-10-18T17:20:55+08:00 ] ::1 /equipment/index.php/Home/Index/zhihu-css.css
ERR: 非法操作:zhihu-css.css

[ 2016-10-18T17:20:55+08:00 ] ::1 /equipment/index.php/Home/Index/zhihu-css.css
ERR: 非法操作:zhihu-css.css

[ 2016-10-18T17:20:55+08:00 ] ::1 /equipment/index.php/Home/Index/zhihu-css.css
ERR: 非法操作:zhihu-css.css

[ 2016-10-18T17:21:37+08:00 ] ::1 /equipment/index.php/Home/Index/zhihu-css.css
ERR: 非法操作:zhihu-css.css

[ 2016-10-18T17:21:38+08:00 ] ::1 /equipment/index.php/Home/Index/zhihu-css.css
ERR: 非法操作:zhihu-css.css

[ 2016-10-18T17:21:47+08:00 ] ::1 /equipment/index.php/Home/Index/zhihu-css.css
ERR: 非法操作:zhihu-css.css

[ 2016-10-18T17:21:48+08:00 ] ::1 /equipment/index.php/Home/Index/zhihu-css.css
ERR: 非法操作:zhihu-css.css

[ 2016-10-18T17:21:48+08:00 ] ::1 /equipment/index.php/Home/Index/zhihu-css.css
ERR: 非法操作:zhihu-css.css

[ 2016-10-18T17:21:56+08:00 ] ::1 /equipment/index.php/Home/Index/zhihu-css.css
ERR: 非法操作:zhihu-css.css

[ 2016-10-18T17:22:09+08:00 ] ::1 /equipment/index.php/Home/Index/zhihu-css.css
ERR: 非法操作:zhihu-css.css

[ 2016-10-18T17:22:09+08:00 ] ::1 /equipment/index.php/Home/Index/zhihu-css.css
ERR: 非法操作:zhihu-css.css

[ 2016-10-18T17:22:13+08:00 ] ::1 /equipment/index.php/Home/Index/zhihu-css.css
ERR: 非法操作:zhihu-css.css

[ 2016-10-18T17:22:13+08:00 ] ::1 /equipment/index.php/Home/Index/zhihu-css.css
ERR: 非法操作:zhihu-css.css

[ 2016-10-18T17:22:13+08:00 ] ::1 /equipment/index.php/Home/Index/zhihu-css.css
ERR: 非法操作:zhihu-css.css

[ 2016-10-18T17:22:22+08:00 ] ::1 /equipment/index.php/Home/Index/zhihu-css.css
ERR: 非法操作:zhihu-css.css

[ 2016-10-18T17:22:51+08:00 ] ::1 /equipment/index.php/Home/Index/zhihu-css.css
ERR: 非法操作:zhihu-css.css

[ 2016-10-18T17:22:56+08:00 ] ::1 /equipment/index.php/Home/Index/zhihu-css.css
ERR: 非法操作:zhihu-css.css

[ 2016-10-18T17:23:25+08:00 ] ::1 /equipment/index.php/Home/Index/zhihu-css.css
ERR: 非法操作:zhihu-css.css

[ 2016-10-18T17:23:26+08:00 ] ::1 /equipment/index.php/Home/Index/zhihu-css.css
ERR: 非法操作:zhihu-css.css

[ 2016-10-18T17:23:41+08:00 ] ::1 /equipment/index.php/Home/Index/zhihu-css.css
ERR: 非法操作:zhihu-css.css

[ 2016-10-18T17:23:49+08:00 ] ::1 /equipment/index.php/Home/Index/zhihu-css.css
ERR: 非法操作:zhihu-css.css

[ 2016-10-18T17:23:49+08:00 ] ::1 /equipment/index.php/Home/Index/zhihu-css.css
ERR: 非法操作:zhihu-css.css

[ 2016-10-18T17:24:15+08:00 ] ::1 /equipment/index.php/Home/Index/zhihu-css.css
ERR: 非法操作:zhihu-css.css

[ 2016-10-18T17:24:39+08:00 ] ::1 /equipment/index.php/Home/Index/zhihu-css.css
ERR: 非法操作:zhihu-css.css

[ 2016-10-18T17:24:43+08:00 ] ::1 /equipment/index.php/Home/Index/zhihu-css.css
ERR: 非法操作:zhihu-css.css

[ 2016-10-18T17:24:43+08:00 ] ::1 /equipment/index.php/Home/Index/zhihu-css.css
ERR: 非法操作:zhihu-css.css

[ 2016-10-18T17:25:32+08:00 ] ::1 /equipment/index.php/Home/Index/zhihu-css.css
ERR: 非法操作:zhihu-css.css

[ 2016-10-18T17:26:04+08:00 ] ::1 /equipment/index.php/Home/Index/zhihu-css.css
ERR: 非法操作:zhihu-css.css

[ 2016-10-18T17:26:14+08:00 ] ::1 /equipment/index.php/Home/Index/zhihu-css.css
ERR: 非法操作:zhihu-css.css

[ 2016-10-18T17:26:14+08:00 ] ::1 /equipment/index.php/Home/Index/zhihu-css.css
ERR: 非法操作:zhihu-css.css

[ 2016-10-18T17:26:34+08:00 ] ::1 /equipment/index.php/Home/Index/zhihu-css.css
ERR: 非法操作:zhihu-css.css

[ 2016-10-18T17:26:36+08:00 ] ::1 /equipment/index.php/Home/Index/zhihu-css.css
ERR: 非法操作:zhihu-css.css

[ 2016-10-18T17:26:53+08:00 ] ::1 /equipment/index.php/Home/Index/zhihu-css.css
ERR: 非法操作:zhihu-css.css

[ 2016-10-18T17:26:53+08:00 ] ::1 /equipment/index.php/Home/Index/zhihu-css.css
ERR: 非法操作:zhihu-css.css

[ 2016-10-18T17:27:10+08:00 ] ::1 /equipment/index.php/Home/Index/zhihu-css.css
ERR: 非法操作:zhihu-css.css

[ 2016-10-18T17:28:25+08:00 ] ::1 /equipment/index.php/Home/Index/zhihu-css.css
ERR: 非法操作:zhihu-css.css

[ 2016-10-18T17:29:01+08:00 ] ::1 /equipment/index.php/Home/Index/zhihu-css.css
ERR: 非法操作:zhihu-css.css

[ 2016-10-18T17:29:15+08:00 ] ::1 /equipment/index.php/Home/Index/zhihu-css.css
ERR: 非法操作:zhihu-css.css

[ 2016-10-18T17:29:34+08:00 ] ::1 /equipment/index.php/Home/Index/zhihu-css.css
ERR: 非法操作:zhihu-css.css

[ 2016-10-18T17:29:34+08:00 ] ::1 /equipment/index.php/Home/Index/zhihu-css.css
ERR: 非法操作:zhihu-css.css

[ 2016-10-18T17:31:36+08:00 ] ::1 /equipment/index.php/Home/Index/zhihu-css.css
ERR: 非法操作:zhihu-css.css

[ 2016-10-18T17:31:37+08:00 ] ::1 /equipment/index.php/Home/Index/zhihu-css.css
ERR: 非法操作:zhihu-css.css

[ 2016-10-18T17:31:46+08:00 ] ::1 /equipment/index.php/Home/Index/zhihu-css.css
ERR: 非法操作:zhihu-css.css

[ 2016-10-18T17:31:47+08:00 ] ::1 /equipment/index.php/Home/Index/zhihu-css.css
ERR: 非法操作:zhihu-css.css

[ 2016-10-18T17:31:47+08:00 ] ::1 /equipment/index.php/Home/Index/zhihu-css.css
ERR: 非法操作:zhihu-css.css

[ 2016-10-18T17:31:48+08:00 ] ::1 /equipment/index.php/Home/Index/zhihu-css.css
ERR: 非法操作:zhihu-css.css

[ 2016-10-18T17:32:44+08:00 ] ::1 /equipment/index.php/Home/Index/zhihu-css.css
ERR: 非法操作:zhihu-css.css

[ 2016-10-18T17:41:18+08:00 ] ::1 /equipment/index.php/Home/Index/zhihu-css.css
ERR: 非法操作:zhihu-css.css

[ 2016-10-18T17:41:43+08:00 ] ::1 /equipment/index.php/Home/Index/zhihu-css.css
ERR: 非法操作:zhihu-css.css

[ 2016-10-18T17:42:02+08:00 ] ::1 /equipment/index.php/Home/Index/zhihu-css.css
ERR: 非法操作:zhihu-css.css

[ 2016-10-18T17:42:59+08:00 ] ::1 /equipment/index.php/Home/Index/zhihu-css.css
ERR: 非法操作:zhihu-css.css

[ 2016-10-18T17:43:00+08:00 ] ::1 /equipment/index.php/Home/Index/zhihu-css.css
ERR: 非法操作:zhihu-css.css

[ 2016-10-18T17:43:23+08:00 ] ::1 /equipment/index.php/Home/Index/zhihu-css.css
ERR: 非法操作:zhihu-css.css

[ 2016-10-18T17:44:20+08:00 ] ::1 /equipment/index.php/Home/Index/zhihu-css.css
ERR: 非法操作:zhihu-css.css

[ 2016-10-18T17:45:57+08:00 ] ::1 /equipment/index.php/Home/Inform/zhihu-css.css
ERR: 非法操作:zhihu-css.css

[ 2016-10-18T17:47:22+08:00 ] ::1 /equipment/index.php/Home/Inform/zhihu-css.css
ERR: 非法操作:zhihu-css.css

[ 2016-10-18T17:48:30+08:00 ] ::1 /equipment/index.php/Home/Inform/zhihu-css.css
ERR: 非法操作:zhihu-css.css

[ 2016-10-18T17:48:31+08:00 ] ::1 /equipment/index.php/Home/Inform/zhihu-css.css
ERR: 非法操作:zhihu-css.css

[ 2016-10-18T17:48:31+08:00 ] ::1 /equipment/index.php/Home/Inform/zhihu-css.css
ERR: 非法操作:zhihu-css.css

[ 2016-10-18T17:48:31+08:00 ] ::1 /equipment/index.php/Home/Inform/zhihu-css.css
ERR: 非法操作:zhihu-css.css

[ 2016-10-18T17:48:46+08:00 ] ::1 /equipment/index.php/Home/Inform/zhihu-css.css
ERR: 非法操作:zhihu-css.css

[ 2016-10-18T17:48:47+08:00 ] ::1 /equipment/index.php/Home/Inform/zhihu-css.css
ERR: 非法操作:zhihu-css.css

[ 2016-10-18T17:48:47+08:00 ] ::1 /equipment/index.php/Home/Inform/zhihu-css.css
ERR: 非法操作:zhihu-css.css

[ 2016-10-18T17:48:50+08:00 ] ::1 /equipment/index.php/Home/Inform/zhihu-css.css
ERR: 非法操作:zhihu-css.css

[ 2016-10-18T17:48:51+08:00 ] ::1 /equipment/index.php/Home/Inform/zhihu-css.css
ERR: 非法操作:zhihu-css.css

[ 2016-10-18T17:48:51+08:00 ] ::1 /equipment/index.php/Home/Inform/zhihu-css.css
ERR: 非法操作:zhihu-css.css

[ 2016-10-18T17:48:51+08:00 ] ::1 /equipment/index.php/Home/Inform/zhihu-css.css
ERR: 非法操作:zhihu-css.css

[ 2016-10-18T17:49:23+08:00 ] ::1 /equipment/index.php/Home/Inform/zhihu-css.css
ERR: 非法操作:zhihu-css.css

[ 2016-10-18T17:49:23+08:00 ] ::1 /equipment/index.php/Home/Inform/zhihu-css.css
ERR: 非法操作:zhihu-css.css

[ 2016-10-18T17:49:56+08:00 ] ::1 /equipment/index.php/Home/Inform/zhihu-css.css
ERR: 非法操作:zhihu-css.css

[ 2016-10-18T17:50:10+08:00 ] ::1 /equipment/index.php/Home/Inform/zhihu-css.css
ERR: 非法操作:zhihu-css.css

[ 2016-10-18T17:50:36+08:00 ] ::1 /equipment/index.php/Home/Index/zhihu-css.css
ERR: 非法操作:zhihu-css.css

[ 2016-10-18T17:50:37+08:00 ] ::1 /equipment/index.php/Home/Inform/zhihu-css.css
ERR: 非法操作:zhihu-css.css

[ 2016-10-18T17:50:37+08:00 ] ::1 /equipment/index.php/Home/Equipment/zhihu-css.css
ERR: 非法操作:zhihu-css.css

[ 2016-10-18T17:50:38+08:00 ] ::1 /equipment/index.php/Home/Regulation/zhihu-css.css
ERR: 非法操作:zhihu-css.css

[ 2016-10-18T17:50:38+08:00 ] ::1 /equipment/index.php/Home/File/zhihu-css.css
ERR: 非法操作:zhihu-css.css

[ 2016-10-18T17:50:40+08:00 ] ::1 /equipment/index.php/Home/File/zhihu-css.css
ERR: 非法操作:zhihu-css.css

[ 2016-10-18T17:50:41+08:00 ] ::1 /equipment/index.php/Home/Index/zhihu-css.css
ERR: 非法操作:zhihu-css.css

[ 2016-10-18T17:50:44+08:00 ] ::1 /equipment/index.php/Home/File/zhihu-css.css
ERR: 非法操作:zhihu-css.css

[ 2016-10-18T17:50:45+08:00 ] ::1 /equipment/index.php/Home/Regulation/zhihu-css.css
ERR: 非法操作:zhihu-css.css

[ 2016-10-18T17:50:46+08:00 ] ::1 /equipment/index.php/Home/Inform/zhihu-css.css
ERR: 非法操作:zhihu-css.css

[ 2016-10-18T17:51:42+08:00 ] ::1 /equipment/index.php/Home/Inform/zhihu-css.css
ERR: 非法操作:zhihu-css.css

[ 2016-10-18T17:51:43+08:00 ] ::1 /equipment/index.php/Home/Inform/zhihu-css.css
ERR: 非法操作:zhihu-css.css

[ 2016-10-18T17:51:48+08:00 ] ::1 /equipment/index.php/Home/Inform/zhihu-css.css
ERR: 非法操作:zhihu-css.css

[ 2016-10-18T17:51:49+08:00 ] ::1 /equipment/index.php/Home/Inform/zhihu-css.css
ERR: 非法操作:zhihu-css.css

[ 2016-10-18T17:52:07+08:00 ] ::1 /equipment/index.php/Home/Inform/zhihu-css.css
ERR: 非法操作:zhihu-css.css

[ 2016-10-18T17:52:08+08:00 ] ::1 /equipment/index.php/Home/Inform/zhihu-css.css
ERR: 非法操作:zhihu-css.css

[ 2016-10-18T17:52:08+08:00 ] ::1 /equipment/index.php/Home/Inform/zhihu-css.css
ERR: 非法操作:zhihu-css.css

[ 2016-10-18T17:53:02+08:00 ] ::1 /equipment/index.php/Home/Inform/zhihu-css.css
ERR: 非法操作:zhihu-css.css

[ 2016-10-18T17:53:03+08:00 ] ::1 /equipment/index.php/Home/Inform/zhihu-css.css
ERR: 非法操作:zhihu-css.css

[ 2016-10-18T17:53:25+08:00 ] ::1 /equipment/index.php/Home/Equipment/zhihu-css.css
ERR: 非法操作:zhihu-css.css

[ 2016-10-18T17:53:26+08:00 ] ::1 /equipment/index.php/Home/Regulation/zhihu-css.css
ERR: 非法操作:zhihu-css.css

[ 2016-10-18T17:53:26+08:00 ] ::1 /equipment/index.php/Home/File/zhihu-css.css
ERR: 非法操作:zhihu-css.css

[ 2016-10-18T17:53:29+08:00 ] ::1 /equipment/index.php/Home/File/zhihu-css.css
ERR: 非法操作:zhihu-css.css

[ 2016-10-18T17:53:32+08:00 ] ::1 /equipment/index.php/Home/Index/zhihu-css.css
ERR: 非法操作:zhihu-css.css

[ 2016-10-18T17:53:37+08:00 ] ::1 /equipment/index.php/Home/Index/zhihu-css.css
ERR: 非法操作:zhihu-css.css

[ 2016-10-18T17:53:39+08:00 ] ::1 /equipment/index.php/Home/Inform/zhihu-css.css
ERR: 非法操作:zhihu-css.css

[ 2016-10-18T17:53:43+08:00 ] ::1 /equipment/index.php/Home/Index/zhihu-css.css
ERR: 非法操作:zhihu-css.css

[ 2016-10-18T17:53:44+08:00 ] ::1 /equipment/index.php/Home/Inform/zhihu-css.css
ERR: 非法操作:zhihu-css.css

[ 2016-10-18T17:57:19+08:00 ] ::1 /equipment/index.php/Home/Inform/zhihu-css.css
ERR: 非法操作:zhihu-css.css

[ 2016-10-18T17:57:31+08:00 ] ::1 /equipment/index.php/Home/Inform/zhihu-css.css
ERR: 非法操作:zhihu-css.css

[ 2016-10-18T17:57:47+08:00 ] ::1 /equipment/index.php/Home/Inform/zhihu-css.css
ERR: 非法操作:zhihu-css.css

[ 2016-10-18T17:57:56+08:00 ] ::1 /equipment/index.php/Home/Inform/zhihu-css.css
ERR: 非法操作:zhihu-css.css

[ 2016-10-18T17:59:07+08:00 ] ::1 /equipment/index.php/Home/Inform/zhihu-css.css
ERR: 非法操作:zhihu-css.css

[ 2016-10-18T17:59:19+08:00 ] ::1 /equipment/index.php/Home/Inform/zhihu-css.css
ERR: 非法操作:zhihu-css.css

[ 2016-10-18T17:59:28+08:00 ] ::1 /equipment/index.php/Home/Equipment/zhihu-css.css
ERR: 非法操作:zhihu-css.css

[ 2016-10-18T17:59:29+08:00 ] ::1 /equipment/index.php/Home/Inform/zhihu-css.css
ERR: 非法操作:zhihu-css.css

[ 2016-10-18T17:59:30+08:00 ] ::1 /equipment/index.php/Home/Index/zhihu-css.css
ERR: 非法操作:zhihu-css.css

[ 2016-10-18T17:59:30+08:00 ] ::1 /equipment/index.php/Home/Inform/zhihu-css.css
ERR: 非法操作:zhihu-css.css

[ 2016-10-18T17:59:31+08:00 ] ::1 /equipment/index.php/Home/Equipment/zhihu-css.css
ERR: 非法操作:zhihu-css.css

[ 2016-10-18T17:59:31+08:00 ] ::1 /equipment/index.php/Home/Regulation/zhihu-css.css
ERR: 非法操作:zhihu-css.css

[ 2016-10-18T17:59:32+08:00 ] ::1 /equipment/index.php/Home/Inform/zhihu-css.css
ERR: 非法操作:zhihu-css.css

[ 2016-10-18T17:59:49+08:00 ] ::1 /equipment/index.php/Home/Inform/zhihu-css.css
ERR: 非法操作:zhihu-css.css

[ 2016-10-18T18:00:19+08:00 ] ::1 /equipment/index.php/Home/Inform/zhihu-css.css
ERR: 非法操作:zhihu-css.css

[ 2016-10-18T18:00:27+08:00 ] ::1 /equipment/index.php/Home/Inform/zhihu-css.css
ERR: 非法操作:zhihu-css.css

[ 2016-10-18T18:00:56+08:00 ] ::1 /equipment/index.php/Home/Inform/zhihu-css.css
ERR: 非法操作:zhihu-css.css

[ 2016-10-18T18:01:06+08:00 ] ::1 /equipment/index.php/Home/Inform/zhihu-css.css
ERR: 非法操作:zhihu-css.css

[ 2016-10-18T18:02:21+08:00 ] ::1 /equipment/index.php/Home/Inform/zhihu-css.css
ERR: 非法操作:zhihu-css.css

[ 2016-10-18T18:02:42+08:00 ] ::1 /equipment/index.php/Home/Inform/zhihu-css.css
ERR: 非法操作:zhihu-css.css

[ 2016-10-18T18:03:09+08:00 ] ::1 /equipment/index.php/Home/Inform/zhihu-css.css
ERR: 非法操作:zhihu-css.css

[ 2016-10-18T18:03:10+08:00 ] ::1 /equipment/index.php/Home/Inform/zhihu-css.css
ERR: 非法操作:zhihu-css.css

[ 2016-10-18T18:03:28+08:00 ] ::1 /equipment/index.php/Home/Inform/zhihu-css.css
ERR: 非法操作:zhihu-css.css

[ 2016-10-18T18:03:29+08:00 ] ::1 /equipment/index.php/Home/Inform/zhihu-css.css
ERR: 非法操作:zhihu-css.css

[ 2016-10-18T18:03:30+08:00 ] ::1 /equipment/index.php/Home/Inform/zhihu-css.css
ERR: 非法操作:zhihu-css.css

[ 2016-10-18T18:03:30+08:00 ] ::1 /equipment/index.php/Home/Inform/zhihu-css.css
ERR: 非法操作:zhihu-css.css

[ 2016-10-18T18:03:34+08:00 ] ::1 /equipment/index.php/Home/Inform/zhihu-css.css
ERR: 非法操作:zhihu-css.css

[ 2016-10-18T18:03:35+08:00 ] ::1 /equipment/index.php/Home/Inform/zhihu-css.css
ERR: 非法操作:zhihu-css.css

[ 2016-10-18T18:03:35+08:00 ] ::1 /equipment/index.php/Home/Inform/zhihu-css.css
ERR: 非法操作:zhihu-css.css

[ 2016-10-18T18:03:36+08:00 ] ::1 /equipment/index.php/Home/Inform/zhihu-css.css
ERR: 非法操作:zhihu-css.css

[ 2016-10-18T18:03:47+08:00 ] ::1 /equipment/index.php/Home/Inform/zhihu-css.css
ERR: 非法操作:zhihu-css.css

[ 2016-10-18T18:04:35+08:00 ] ::1 /equipment/index.php/Home/Inform/zhihu-css.css
ERR: 非法操作:zhihu-css.css

[ 2016-10-18T18:05:25+08:00 ] ::1 /equipment/index.php/Home/Inform/zhihu-css.css
ERR: 非法操作:zhihu-css.css

[ 2016-10-18T18:05:55+08:00 ] ::1 /equipment/index.php/Home/Inform/zhihu-css.css
ERR: 非法操作:zhihu-css.css

[ 2016-10-18T18:06:34+08:00 ] ::1 /equipment/index.php/Home/Inform/zhihu-css.css
ERR: 非法操作:zhihu-css.css

[ 2016-10-18T18:07:06+08:00 ] ::1 /equipment/index.php/Home/Inform/zhihu-css.css
ERR: 非法操作:zhihu-css.css

[ 2016-10-18T18:08:13+08:00 ] ::1 /equipment/index.php/Home/Inform/zhihu-css.css
ERR: 非法操作:zhihu-css.css

[ 2016-10-18T18:08:35+08:00 ] ::1 /equipment/index.php/Home/Inform/zhihu-css.css
ERR: 非法操作:zhihu-css.css

[ 2016-10-18T18:09:25+08:00 ] ::1 /equipment/index.php/Home/Inform/zhihu-css.css
ERR: 非法操作:zhihu-css.css

[ 2016-10-18T18:11:09+08:00 ] ::1 /equipment/index.php/Home/Inform/zhihu-css.css
ERR: 非法操作:zhihu-css.css

[ 2016-10-18T18:11:10+08:00 ] ::1 /equipment/index.php/Home/Inform/zhihu-css.css
ERR: 非法操作:zhihu-css.css

[ 2016-10-18T18:12:16+08:00 ] ::1 /equipment/index.php/Home/Inform/zhihu-css.css
ERR: 非法操作:zhihu-css.css

[ 2016-10-18T18:12:27+08:00 ] ::1 /equipment/index.php/Home/Inform/zhihu-css.css
ERR: 非法操作:zhihu-css.css

[ 2016-10-18T18:13:07+08:00 ] ::1 /equipment/index.php/Home/Inform/zhihu-css.css
ERR: 非法操作:zhihu-css.css

[ 2016-10-18T18:13:14+08:00 ] ::1 /equipment/index.php/Home/Inform/zhihu-css.css
ERR: 非法操作:zhihu-css.css

[ 2016-10-18T18:13:24+08:00 ] ::1 /equipment/index.php/Home/Inform/zhihu-css.css
ERR: 非法操作:zhihu-css.css

[ 2016-10-18T18:13:33+08:00 ] ::1 /equipment/index.php/Home/Inform/zhihu-css.css
ERR: 非法操作:zhihu-css.css

[ 2016-10-18T18:14:41+08:00 ] ::1 /equipment/index.php/Home/Equipment/zhihu-css.css
ERR: 非法操作:zhihu-css.css

[ 2016-10-18T18:14:44+08:00 ] ::1 /equipment/index.php/Home/Equipment/zhihu-css.css
ERR: 非法操作:zhihu-css.css

[ 2016-10-18T18:14:46+08:00 ] ::1 /equipment/index.php/Home/Equipment/zhihu-css.css
ERR: 非法操作:zhihu-css.css

[ 2016-10-18T18:14:47+08:00 ] ::1 /equipment/index.php/Home/Equipment/zhihu-css.css
ERR: 非法操作:zhihu-css.css

[ 2016-10-18T18:14:47+08:00 ] ::1 /equipment/index.php/Home/Equipment/zhihu-css.css
ERR: 非法操作:zhihu-css.css

[ 2016-10-18T18:14:48+08:00 ] ::1 /equipment/index.php/Home/Equipment/zhihu-css.css
ERR: 非法操作:zhihu-css.css

[ 2016-10-18T18:14:48+08:00 ] ::1 /equipment/index.php/Home/Equipment/zhihu-css.css
ERR: 非法操作:zhihu-css.css

[ 2016-10-18T18:14:49+08:00 ] ::1 /equipment/index.php/Home/Equipment/zhihu-css.css
ERR: 非法操作:zhihu-css.css

[ 2016-10-18T18:14:50+08:00 ] ::1 /equipment/index.php/Home/Equipment/zhihu-css.css
ERR: 非法操作:zhihu-css.css

[ 2016-10-18T18:14:50+08:00 ] ::1 /equipment/index.php/Home/Equipment/zhihu-css.css
ERR: 非法操作:zhihu-css.css

[ 2016-10-18T18:14:51+08:00 ] ::1 /equipment/index.php/Home/Equipment/zhihu-css.css
ERR: 非法操作:zhihu-css.css

[ 2016-10-18T18:14:52+08:00 ] ::1 /equipment/index.php/Home/Equipment/zhihu-css.css
ERR: 非法操作:zhihu-css.css

[ 2016-10-18T18:15:54+08:00 ] ::1 /equipment/index.php/Home/Equipment/zhihu-css.css
ERR: 非法操作:zhihu-css.css

[ 2016-10-18T18:16:02+08:00 ] ::1 /equipment/index.php/Home/Inform/zhihu-css.css
ERR: 非法操作:zhihu-css.css

[ 2016-10-18T18:16:19+08:00 ] ::1 /equipment/index.php/Home/Inform/zhihu-css.css
ERR: 非法操作:zhihu-css.css

[ 2016-10-18T18:16:25+08:00 ] ::1 /equipment/index.php/Home/Inform/zhihu-css.css
ERR: 非法操作:zhihu-css.css

[ 2016-10-18T18:16:26+08:00 ] ::1 /equipment/index.php/Home/Inform/zhihu-css.css
ERR: 非法操作:zhihu-css.css

[ 2016-10-18T18:16:35+08:00 ] ::1 /equipment/index.php/Home/Inform/zhihu-css.css
ERR: 非法操作:zhihu-css.css

[ 2016-10-18T18:16:43+08:00 ] ::1 /equipment/index.php/Home/Inform/zhihu-css.css
ERR: 非法操作:zhihu-css.css

[ 2016-10-18T18:18:11+08:00 ] ::1 /equipment/index.php/Home/Equipment/zhihu-css.css
ERR: 非法操作:zhihu-css.css

[ 2016-10-18T18:18:12+08:00 ] ::1 /equipment/index.php/Home/Regulation/zhihu-css.css
ERR: 非法操作:zhihu-css.css

[ 2016-10-18T18:18:13+08:00 ] ::1 /equipment/index.php/Home/Equipment/zhihu-css.css
ERR: 非法操作:zhihu-css.css

[ 2016-10-18T18:18:14+08:00 ] ::1 /equipment/index.php/Home/Inform/zhihu-css.css
ERR: 非法操作:zhihu-css.css

[ 2016-10-18T18:18:52+08:00 ] ::1 /equipment/index.php/Home/Inform/zhihu-css.css
ERR: 非法操作:zhihu-css.css

[ 2016-10-18T18:18:53+08:00 ] ::1 /equipment/index.php/Home/Inform/zhihu-css.css
ERR: 非法操作:zhihu-css.css

[ 2016-10-18T18:20:21+08:00 ] ::1 /equipment/index.php/Home/Inform/zhihu-css.css
ERR: 非法操作:zhihu-css.css

[ 2016-10-18T18:20:46+08:00 ] ::1 /equipment/index.php/Home/Inform/zhihu-css.css
ERR: 非法操作:zhihu-css.css

[ 2016-10-18T18:21:12+08:00 ] ::1 /equipment/index.php/Home/Inform/zhihu-css.css
ERR: 非法操作:zhihu-css.css

[ 2016-10-18T18:21:28+08:00 ] ::1 /equipment/index.php/Home/Inform/zhihu-css.css
ERR: 非法操作:zhihu-css.css

[ 2016-10-18T18:22:12+08:00 ] ::1 /equipment/index.php/Home/Inform/zhihu-css.css
ERR: 非法操作:zhihu-css.css

[ 2016-10-18T18:22:13+08:00 ] ::1 /equipment/index.php/Home/Inform/zhihu-css.css
ERR: 非法操作:zhihu-css.css

[ 2016-10-18T18:22:13+08:00 ] ::1 /equipment/index.php/Home/Inform/zhihu-css.css
ERR: 非法操作:zhihu-css.css

[ 2016-10-18T18:22:21+08:00 ] ::1 /equipment/index.php/Home/Inform/zhihu-css.css
ERR: 非法操作:zhihu-css.css

[ 2016-10-18T18:23:12+08:00 ] ::1 /equipment/index.php/Home/Inform/zhihu-css.css
ERR: 非法操作:zhihu-css.css

[ 2016-10-18T18:23:13+08:00 ] ::1 /equipment/index.php/Home/Inform/zhihu-css.css
ERR: 非法操作:zhihu-css.css

[ 2016-10-18T18:23:33+08:00 ] ::1 /equipment/index.php/Home/Inform/zhihu-css.css
ERR: 非法操作:zhihu-css.css

[ 2016-10-18T18:23:47+08:00 ] ::1 /equipment/index.php/Home/Inform/zhihu-css.css
ERR: 非法操作:zhihu-css.css

[ 2016-10-18T18:23:50+08:00 ] ::1 /equipment/index.php/Home/Index/zhihu-css.css
ERR: 非法操作:zhihu-css.css

[ 2016-10-18T18:24:00+08:00 ] ::1 /equipment/index.php/Home/Index/zhihu-css.css
ERR: 非法操作:zhihu-css.css

[ 2016-10-18T18:24:01+08:00 ] ::1 /equipment/index.php/Home/Inform/zhihu-css.css
ERR: 非法操作:zhihu-css.css

[ 2016-10-18T18:24:07+08:00 ] ::1 /equipment/index.php/Home/Inform/zhihu-css.css
ERR: 非法操作:zhihu-css.css

[ 2016-10-18T18:24:14+08:00 ] ::1 /equipment/index.php/Home/Inform/zhihu-css.css
ERR: 非法操作:zhihu-css.css

[ 2016-10-18T18:24:26+08:00 ] ::1 /equipment/index.php/Home/Equipment/zhihu-css.css
ERR: 非法操作:zhihu-css.css

[ 2016-10-18T18:24:28+08:00 ] ::1 /equipment/index.php/Home/Regulation/zhihu-css.css
ERR: 非法操作:zhihu-css.css

[ 2016-10-18T18:24:30+08:00 ] ::1 /equipment/index.php/Home/File/zhihu-css.css
ERR: 非法操作:zhihu-css.css

[ 2016-10-18T18:24:31+08:00 ] ::1 /equipment/index.php/Home/Regulation/zhihu-css.css
ERR: 非法操作:zhihu-css.css

[ 2016-10-18T18:24:32+08:00 ] ::1 /equipment/index.php/Home/Inform/zhihu-css.css
ERR: 非法操作:zhihu-css.css

[ 2016-10-18T18:25:39+08:00 ] ::1 /equipment/index.php/Home/File/zhihu-css.css
ERR: 非法操作:zhihu-css.css

[ 2016-10-18T18:25:40+08:00 ] ::1 /equipment/index.php/Home/Regulation/zhihu-css.css
ERR: 非法操作:zhihu-css.css

[ 2016-10-18T18:25:42+08:00 ] ::1 /equipment/index.php/Home/Regulation/zhihu-css.css
ERR: 非法操作:zhihu-css.css

[ 2016-10-18T18:25:43+08:00 ] ::1 /equipment/index.php/Home/File/zhihu-css.css
ERR: 非法操作:zhihu-css.css

[ 2016-10-18T18:26:19+08:00 ] ::1 /equipment/index.php/Home/File/zhihu-css.css
ERR: 非法操作:zhihu-css.css

[ 2016-10-18T18:26:20+08:00 ] ::1 /equipment/index.php/Home/Regulation/zhihu-css.css
ERR: 非法操作:zhihu-css.css

[ 2016-10-18T18:26:55+08:00 ] ::1 /equipment/index.php/Home/Inform/zhihu-css.css
ERR: 非法操作:zhihu-css.css

[ 2016-10-18T18:26:59+08:00 ] ::1 /equipment/index.php/Home/Inform/zhihu-css.css
ERR: 非法操作:zhihu-css.css

[ 2016-10-18T18:27:04+08:00 ] ::1 /equipment/index.php/Home/Inform/zhihu-css.css
ERR: 非法操作:zhihu-css.css

[ 2016-10-18T18:27:12+08:00 ] ::1 /equipment/index.php/Home/Inform/zhihu-css.css
ERR: 非法操作:zhihu-css.css

[ 2016-10-18T18:27:12+08:00 ] ::1 /equipment/index.php/Home/Inform/zhihu-css.css
ERR: 非法操作:zhihu-css.css

[ 2016-10-18T18:27:13+08:00 ] ::1 /equipment/index.php/Home/Equipment/zhihu-css.css
ERR: 非法操作:zhihu-css.css

[ 2016-10-18T18:27:13+08:00 ] ::1 /equipment/index.php/Home/Regulation/zhihu-css.css
ERR: 非法操作:zhihu-css.css

[ 2016-10-18T18:27:14+08:00 ] ::1 /equipment/index.php/Home/File/zhihu-css.css
ERR: 非法操作:zhihu-css.css

[ 2016-10-18T18:27:14+08:00 ] ::1 /equipment/index.php/Home/File/zhihu-css.css
ERR: 非法操作:zhihu-css.css

[ 2016-10-18T18:27:15+08:00 ] ::1 /equipment/index.php/Home/File/zhihu-css.css
ERR: 非法操作:zhihu-css.css

[ 2016-10-18T18:27:15+08:00 ] ::1 /equipment/index.php/Home/File/zhihu-css.css
ERR: 非法操作:zhihu-css.css

[ 2016-10-18T18:27:51+08:00 ] ::1 /equipment/index.php/Home/Inform/zhihu-css.css
ERR: 非法操作:zhihu-css.css

