[ 2016-11-02T21:47:33+08:00 ] ::1 /zky/index.php/Admin/Login/do_login
INFO: [ app_begin ] --START--
INFO: Run Behavior\ReadHtmlCache [ RunTime:0.000747s ]
INFO: [ app_begin ] --END-- [ RunTime:0.001510s ]
NOTIC: [8192] mysql_connect(): The mysql extension is deprecated and will be removed in the future: use mysqli or PDO instead D:\wamp\www\zky\ThinkPHP\Library\Think\Db\Driver\Mysql.class.php 第 52 行.
SQL: SHOW COLUMNS FROM `tp_user` [ RunTime:0.016235s ]
SQL: SELECT COUNT(*) AS tp_count FROM `tp_user` WHERE ( username = 2015317200402 ) LIMIT 1   [ RunTime:0.000532s ]
SQL: SELECT `isTeacher` FROM `tp_user` WHERE ( username = 2015317200402 ) LIMIT 1   [ RunTime:0.000518s ]
SQL: SELECT `password` FROM `tp_user` WHERE ( username = 2015317200402 ) LIMIT 1   [ RunTime:0.000395s ]
SQL: SELECT `name` FROM `tp_user` WHERE ( username = 2015317200402 ) LIMIT 1   [ RunTime:0.000432s ]
SQL: SELECT `id` FROM `tp_user` WHERE ( username = 2015317200402 ) LIMIT 1   [ RunTime:0.000378s ]
SQL: SELECT `username` FROM `tp_user` WHERE ( username = 2015317200402 ) LIMIT 1   [ RunTime:0.000403s ]

[ 2016-11-02T21:51:42+08:00 ] ::1 /zky/index.php/Admin/Equipment/Css/bootstrap.css
ERR: 非法操作:css

[ 2016-11-02T21:51:42+08:00 ] ::1 /zky/index.php/Admin/Equipment/Css/style.css
ERR: 非法操作:css

[ 2016-11-02T21:51:42+08:00 ] ::1 /zky/index.php/Admin/Equipment/Js/jquery2.sorted.js
ERR: 非法操作:js

[ 2016-11-02T21:51:42+08:00 ] ::1 /zky/index.php/Admin/Equipment/Js/bootstrap.js
ERR: 非法操作:js

[ 2016-11-02T21:51:42+08:00 ] ::1 /zky/index.php/Admin/Equipment/Js/jquery2.js
ERR: 非法操作:js

[ 2016-11-02T21:51:42+08:00 ] ::1 /zky/index.php/Admin/Equipment/Css/bootstrap-responsive.css
ERR: 非法操作:css

[ 2016-11-02T21:51:42+08:00 ] ::1 /zky/index.php/Admin/Equipment/Js/ckform.js
ERR: 非法操作:js

[ 2016-11-02T21:51:42+08:00 ] ::1 /zky/index.php/Admin/Equipment/Js/common.js
ERR: 非法操作:js

[ 2016-11-02T21:51:42+08:00 ] ::1 /zky/index.php/Admin/Equipment/Js/jquery2.sorted.js
ERR: 非法操作:js

[ 2016-11-02T21:51:42+08:00 ] ::1 /zky/index.php/Admin/Equipment/Js/bootstrap.js
ERR: 非法操作:js

[ 2016-11-02T21:51:42+08:00 ] ::1 /zky/index.php/Admin/Equipment/Js/ckform.js
ERR: 非法操作:js

[ 2016-11-02T21:51:42+08:00 ] ::1 /zky/index.php/Admin/Equipment/Js/common.js
ERR: 非法操作:js

[ 2016-11-02T21:51:46+08:00 ] ::1 /zky/index.php/Admin/Index/add
ERR: 非法操作:add

[ 2016-11-02T21:53:30+08:00 ] ::1 /zky/index.php/Admin/Index/add
ERR: 非法操作:add

[ 2016-11-02T21:53:31+08:00 ] ::1 /zky/index.php/Admin/Index/add
ERR: 非法操作:add

[ 2016-11-02T21:55:00+08:00 ] ::1 /zky/index.php/Admin/Index/add
ERR: 非法操作:add

[ 2016-11-02T21:55:01+08:00 ] ::1 /zky/index.php/Admin/Equipment/Css/bootstrap.css
ERR: 非法操作:css

[ 2016-11-02T21:55:01+08:00 ] ::1 /zky/index.php/Admin/Equipment/Js/jquery2.js
ERR: 非法操作:js

[ 2016-11-02T21:55:01+08:00 ] ::1 /zky/index.php/Admin/Equipment/Js/jquery2.sorted.js
ERR: 非法操作:js

[ 2016-11-02T21:55:01+08:00 ] ::1 /zky/index.php/Admin/Equipment/Css/bootstrap-responsive.css
ERR: 非法操作:css

[ 2016-11-02T21:55:01+08:00 ] ::1 /zky/index.php/Admin/Equipment/Css/style.css
ERR: 非法操作:css

[ 2016-11-02T21:55:01+08:00 ] ::1 /zky/index.php/Admin/Equipment/Js/ckform.js
ERR: 非法操作:js

[ 2016-11-02T21:55:01+08:00 ] ::1 /zky/index.php/Admin/Equipment/Js/bootstrap.js
ERR: 非法操作:js

[ 2016-11-02T21:55:01+08:00 ] ::1 /zky/index.php/Admin/Equipment/Js/common.js
ERR: 非法操作:js

[ 2016-11-02T21:55:01+08:00 ] ::1 /zky/index.php/Admin/Equipment/Js/ckform.js
ERR: 非法操作:js

[ 2016-11-02T21:55:01+08:00 ] ::1 /zky/index.php/Admin/Equipment/Js/common.js
ERR: 非法操作:js

[ 2016-11-02T22:12:47+08:00 ] ::1 /zky/index.php/Admin/Equipment/Css/bootstrap.css
ERR: 非法操作:css

[ 2016-11-02T22:12:48+08:00 ] ::1 /zky/index.php/Admin/Equipment/Js/common.js
ERR: 非法操作:js

[ 2016-11-02T22:12:48+08:00 ] ::1 /zky/index.php/Admin/Equipment/Css/bootstrap-responsive.css
ERR: 非法操作:css

[ 2016-11-02T22:12:48+08:00 ] ::1 /zky/index.php/Admin/Equipment/Js/bootstrap.js
ERR: 非法操作:js

[ 2016-11-02T22:12:48+08:00 ] ::1 /zky/index.php/Admin/Equipment/Js/ckform.js
ERR: 非法操作:js

[ 2016-11-02T22:12:48+08:00 ] ::1 /zky/index.php/Admin/Equipment/Js/jquery2.js
ERR: 非法操作:js

[ 2016-11-02T22:12:48+08:00 ] ::1 /zky/index.php/Admin/Equipment/Js/jquery2.sorted.js
ERR: 非法操作:js

[ 2016-11-02T22:12:48+08:00 ] ::1 /zky/index.php/Admin/Equipment/Css/style.css
ERR: 非法操作:css

[ 2016-11-02T22:12:48+08:00 ] ::1 /zky/index.php/Admin/Equipment/Js/bootstrap.js
ERR: 非法操作:js

[ 2016-11-02T22:12:48+08:00 ] ::1 /zky/index.php/Admin/Equipment/Js/ckform.js
ERR: 非法操作:js

[ 2016-11-02T22:12:48+08:00 ] ::1 /zky/index.php/Admin/Equipment/Js/common.js
ERR: 非法操作:js

[ 2016-11-02T22:14:40+08:00 ] ::1 /zky/index.php/Admin/Inform/do_show
INFO: [ app_begin ] --START--
INFO: Run Behavior\ReadHtmlCache [ RunTime:0.000716s ]
INFO: [ app_begin ] --END-- [ RunTime:0.001140s ]
NOTIC: [8192] mysql_connect(): The mysql extension is deprecated and will be removed in the future: use mysqli or PDO instead D:\wamp\www\zky\ThinkPHP\Library\Think\Db\Driver\Mysql.class.php 第 52 行.
SQL: SHOW COLUMNS FROM `tp_information` [ RunTime:0.011408s ]
SQL: INSERT INTO `tp_information` (`title`,`content`,`date`,`userid`) VALUES ('测试','&lt;p&gt;通告的内容：该条约&lt;/p&gt;','2016-11-02',6) [ RunTime:0.000349s ]
INFO: [ app_end ] --START--
INFO: Run Behavior\ShowPageTrace [ RunTime:0.000917s ]
INFO: [ app_end ] --END-- [ RunTime:0.001078s ]

[ 2016-11-02T22:14:41+08:00 ] ::1 /zky/index.php/Admin/Inform/do_show
INFO: [ app_begin ] --START--
INFO: Run Behavior\ReadHtmlCache [ RunTime:0.000678s ]
INFO: [ app_begin ] --END-- [ RunTime:0.001106s ]
NOTIC: [8192] mysql_connect(): The mysql extension is deprecated and will be removed in the future: use mysqli or PDO instead D:\wamp\www\zky\ThinkPHP\Library\Think\Db\Driver\Mysql.class.php 第 52 行.
SQL: SHOW COLUMNS FROM `tp_information` [ RunTime:0.012428s ]
SQL: INSERT INTO `tp_information` (`title`,`content`,`date`,`userid`) VALUES ('测试','&lt;p&gt;通告的内容：该条约&lt;/p&gt;','2016-11-02',6) [ RunTime:0.000353s ]
INFO: [ app_end ] --START--
INFO: Run Behavior\ShowPageTrace [ RunTime:0.000760s ]
INFO: [ app_end ] --END-- [ RunTime:0.000911s ]

[ 2016-11-02T22:14:42+08:00 ] ::1 /zky/index.php/Admin/Inform/do_show
INFO: [ app_begin ] --START--
INFO: Run Behavior\ReadHtmlCache [ RunTime:0.000669s ]
INFO: [ app_begin ] --END-- [ RunTime:0.001080s ]
NOTIC: [8192] mysql_connect(): The mysql extension is deprecated and will be removed in the future: use mysqli or PDO instead D:\wamp\www\zky\ThinkPHP\Library\Think\Db\Driver\Mysql.class.php 第 52 行.
SQL: SHOW COLUMNS FROM `tp_information` [ RunTime:0.012239s ]
SQL: INSERT INTO `tp_information` (`title`,`content`,`date`,`userid`) VALUES ('测试','&lt;p&gt;通告的内容：该条约&lt;/p&gt;','2016-11-02',6) [ RunTime:0.000302s ]
INFO: [ app_end ] --START--
INFO: Run Behavior\ShowPageTrace [ RunTime:0.000773s ]
INFO: [ app_end ] --END-- [ RunTime:0.000911s ]

[ 2016-11-02T22:14:42+08:00 ] ::1 /zky/index.php/Admin/Inform/do_show
INFO: [ app_begin ] --START--
INFO: Run Behavior\ReadHtmlCache [ RunTime:0.000764s ]
INFO: [ app_begin ] --END-- [ RunTime:0.001236s ]
NOTIC: [8192] mysql_connect(): The mysql extension is deprecated and will be removed in the future: use mysqli or PDO instead D:\wamp\www\zky\ThinkPHP\Library\Think\Db\Driver\Mysql.class.php 第 52 行.
SQL: SHOW COLUMNS FROM `tp_information` [ RunTime:0.007096s ]
SQL: INSERT INTO `tp_information` (`title`,`content`,`date`,`userid`) VALUES ('测试','&lt;p&gt;通告的内容：该条约&lt;/p&gt;','2016-11-02',6) [ RunTime:0.000382s ]
INFO: [ app_end ] --START--
INFO: Run Behavior\ShowPageTrace [ RunTime:0.000795s ]
INFO: [ app_end ] --END-- [ RunTime:0.000942s ]

[ 2016-11-02T22:14:42+08:00 ] ::1 /zky/index.php/Admin/Inform/do_show
INFO: [ app_begin ] --START--
INFO: Run Behavior\ReadHtmlCache [ RunTime:0.000848s ]
INFO: [ app_begin ] --END-- [ RunTime:0.001364s ]
NOTIC: [8192] mysql_connect(): The mysql extension is deprecated and will be removed in the future: use mysqli or PDO instead D:\wamp\www\zky\ThinkPHP\Library\Think\Db\Driver\Mysql.class.php 第 52 行.
SQL: SHOW COLUMNS FROM `tp_information` [ RunTime:0.007264s ]
SQL: INSERT INTO `tp_information` (`title`,`content`,`date`,`userid`) VALUES ('测试','&lt;p&gt;通告的内容：该条约&lt;/p&gt;','2016-11-02',6) [ RunTime:0.000277s ]
INFO: [ app_end ] --START--
INFO: Run Behavior\ShowPageTrace [ RunTime:0.000780s ]
INFO: [ app_end ] --END-- [ RunTime:0.000924s ]

[ 2016-11-02T22:14:42+08:00 ] ::1 /zky/index.php/Admin/Inform/do_show
INFO: [ app_begin ] --START--
INFO: Run Behavior\ReadHtmlCache [ RunTime:0.000681s ]
INFO: [ app_begin ] --END-- [ RunTime:0.001126s ]
NOTIC: [8192] mysql_connect(): The mysql extension is deprecated and will be removed in the future: use mysqli or PDO instead D:\wamp\www\zky\ThinkPHP\Library\Think\Db\Driver\Mysql.class.php 第 52 行.
SQL: SHOW COLUMNS FROM `tp_information` [ RunTime:0.012240s ]
SQL: INSERT INTO `tp_information` (`title`,`content`,`date`,`userid`) VALUES ('测试','&lt;p&gt;通告的内容：该条约&lt;/p&gt;','2016-11-02',6) [ RunTime:0.000303s ]
INFO: [ app_end ] --START--
INFO: Run Behavior\ShowPageTrace [ RunTime:0.000782s ]
INFO: [ app_end ] --END-- [ RunTime:0.000933s ]

[ 2016-11-02T22:14:45+08:00 ] ::1 /zky/index.php/Admin/Inform/do_show
INFO: [ app_begin ] --START--
INFO: Run Behavior\ReadHtmlCache [ RunTime:0.000658s ]
INFO: [ app_begin ] --END-- [ RunTime:0.001056s ]
NOTIC: [8192] mysql_connect(): The mysql extension is deprecated and will be removed in the future: use mysqli or PDO instead D:\wamp\www\zky\ThinkPHP\Library\Think\Db\Driver\Mysql.class.php 第 52 行.
SQL: SHOW COLUMNS FROM `tp_information` [ RunTime:0.053688s ]
SQL: INSERT INTO `tp_information` (`title`,`content`,`date`,`userid`) VALUES ('测试','&lt;p&gt;通告的内容：该条约&lt;/p&gt;','2016-11-02',6) [ RunTime:0.000320s ]
INFO: [ app_end ] --START--
INFO: Run Behavior\ShowPageTrace [ RunTime:0.000785s ]
INFO: [ app_end ] --END-- [ RunTime:0.000943s ]

[ 2016-11-02T22:14:47+08:00 ] ::1 /zky/index.php/Admin/Inform/do_show
INFO: [ app_begin ] --START--
INFO: Run Behavior\ReadHtmlCache [ RunTime:0.000706s ]
INFO: [ app_begin ] --END-- [ RunTime:0.001136s ]
NOTIC: [8192] mysql_connect(): The mysql extension is deprecated and will be removed in the future: use mysqli or PDO instead D:\wamp\www\zky\ThinkPHP\Library\Think\Db\Driver\Mysql.class.php 第 52 行.
SQL: SHOW COLUMNS FROM `tp_information` [ RunTime:0.011206s ]
SQL: INSERT INTO `tp_information` (`title`,`content`,`date`,`userid`) VALUES ('测试','&lt;p&gt;通告的内容：该条约&lt;/p&gt;','2016-11-02',6) [ RunTime:0.000383s ]
INFO: [ app_end ] --START--
INFO: Run Behavior\ShowPageTrace [ RunTime:0.000805s ]
INFO: [ app_end ] --END-- [ RunTime:0.000953s ]

[ 2016-11-02T22:14:47+08:00 ] ::1 /zky/index.php/Admin/Inform/do_show
INFO: [ app_begin ] --START--
INFO: Run Behavior\ReadHtmlCache [ RunTime:0.000763s ]
INFO: [ app_begin ] --END-- [ RunTime:0.001261s ]
NOTIC: [8192] mysql_connect(): The mysql extension is deprecated and will be removed in the future: use mysqli or PDO instead D:\wamp\www\zky\ThinkPHP\Library\Think\Db\Driver\Mysql.class.php 第 52 行.
SQL: SHOW COLUMNS FROM `tp_information` [ RunTime:0.007384s ]
SQL: INSERT INTO `tp_information` (`title`,`content`,`date`,`userid`) VALUES ('测试','&lt;p&gt;通告的内容：该条约&lt;/p&gt;','2016-11-02',6) [ RunTime:0.000714s ]
INFO: [ app_end ] --START--
INFO: Run Behavior\ShowPageTrace [ RunTime:0.000836s ]
INFO: [ app_end ] --END-- [ RunTime:0.000989s ]

[ 2016-11-02T22:18:09+08:00 ] ::1 /zky/index.php/Admin/Inform/do_show
INFO: [ app_begin ] --START--
INFO: Run Behavior\ReadHtmlCache [ RunTime:0.000882s ]
INFO: [ app_begin ] --END-- [ RunTime:0.001651s ]
NOTIC: [8192] mysql_connect(): The mysql extension is deprecated and will be removed in the future: use mysqli or PDO instead D:\wamp\www\zky\ThinkPHP\Library\Think\Db\Driver\Mysql.class.php 第 52 行.
SQL: SHOW COLUMNS FROM `tp_information` [ RunTime:0.011203s ]
SQL: INSERT INTO `tp_information` (`title`,`content`,`date`,`userid`) VALUES ('唐平','&lt;p&gt;通告的内容：这是成功之后的第一条通知&lt;/p&gt;','2016-11-02',6) [ RunTime:0.000331s ]
INFO: [ app_end ] --START--
INFO: Run Behavior\ShowPageTrace [ RunTime:0.000545s ]
INFO: [ app_end ] --END-- [ RunTime:0.000686s ]

[ 2016-11-02T22:18:11+08:00 ] ::1 /zky/index.php/Admin/Inform/do_show
INFO: [ app_begin ] --START--
INFO: Run Behavior\ReadHtmlCache [ RunTime:0.000458s ]
INFO: [ app_begin ] --END-- [ RunTime:0.000918s ]
NOTIC: [8192] mysql_connect(): The mysql extension is deprecated and will be removed in the future: use mysqli or PDO instead D:\wamp\www\zky\ThinkPHP\Library\Think\Db\Driver\Mysql.class.php 第 52 行.
SQL: SHOW COLUMNS FROM `tp_information` [ RunTime:0.011684s ]
SQL: INSERT INTO `tp_information` (`title`,`content`,`date`,`userid`) VALUES ('唐平','&lt;p&gt;通告的内容：这是成功之后的第一条通知&lt;/p&gt;','2016-11-02',6) [ RunTime:0.000314s ]
INFO: [ app_end ] --START--
INFO: Run Behavior\ShowPageTrace [ RunTime:0.000571s ]
INFO: [ app_end ] --END-- [ RunTime:0.000709s ]

[ 2016-11-02T22:18:13+08:00 ] ::1 /zky/index.php/Admin/Inform/do_show
INFO: [ app_begin ] --START--
INFO: Run Behavior\ReadHtmlCache [ RunTime:0.000477s ]
INFO: [ app_begin ] --END-- [ RunTime:0.000938s ]
NOTIC: [8192] mysql_connect(): The mysql extension is deprecated and will be removed in the future: use mysqli or PDO instead D:\wamp\www\zky\ThinkPHP\Library\Think\Db\Driver\Mysql.class.php 第 52 行.
SQL: SHOW COLUMNS FROM `tp_information` [ RunTime:0.011759s ]
SQL: INSERT INTO `tp_information` (`title`,`content`,`date`,`userid`) VALUES ('唐平','&lt;p&gt;通告的内容：这是成功之后的第一条通知&lt;/p&gt;','2016-11-02',6) [ RunTime:0.000327s ]
INFO: [ app_end ] --START--
INFO: Run Behavior\ShowPageTrace [ RunTime:0.000562s ]
INFO: [ app_end ] --END-- [ RunTime:0.000697s ]

[ 2016-11-02T22:22:15+08:00 ] ::1 /zky/index.php/Admin/Inform/do_show
INFO: [ app_begin ] --START--
INFO: Run Behavior\ReadHtmlCache [ RunTime:0.000510s ]
INFO: [ app_begin ] --END-- [ RunTime:0.001055s ]
NOTIC: [8192] mysql_connect(): The mysql extension is deprecated and will be removed in the future: use mysqli or PDO instead D:\wamp\www\zky\ThinkPHP\Library\Think\Db\Driver\Mysql.class.php 第 52 行.
SQL: SHOW COLUMNS FROM `tp_information` [ RunTime:0.014265s ]
SQL: INSERT INTO `tp_information` (`title`,`content`,`date`,`userid`) VALUES ('','&lt;p&gt;&lt;img src=&quot;/ueditor/php/upload/image/20161102/1478096532705979.jpg&quot; title=&quot;1478096532705979.jpg&quot; alt=&quot;入党申请书.jpg&quot;/&gt;通告的内容&lt;/p&gt;','2016-11-02',6) [ RunTime:0.000353s ]
INFO: [ app_end ] --START--
INFO: Run Behavior\ShowPageTrace [ RunTime:0.000547s ]
INFO: [ app_end ] --END-- [ RunTime:0.000695s ]

[ 2016-11-02T22:25:17+08:00 ] ::1 /zky/index.php/Admin/Inform/do_show
INFO: [ app_begin ] --START--
INFO: Run Behavior\ReadHtmlCache [ RunTime:0.000730s ]
INFO: [ app_begin ] --END-- [ RunTime:0.001247s ]
NOTIC: [8192] mysql_connect(): The mysql extension is deprecated and will be removed in the future: use mysqli or PDO instead D:\wamp\www\zky\ThinkPHP\Library\Think\Db\Driver\Mysql.class.php 第 52 行.
SQL: SHOW COLUMNS FROM `tp_information` [ RunTime:0.011228s ]
SQL: INSERT INTO `tp_information` (`title`,`content`,`date`,`userid`) VALUES ('华中农业大学','&lt;p&gt;华中农业大学教务管理系统&lt;/p&gt;&lt;p&gt;&lt;img src=&quot;/ueditor/php/upload/image/20161102/1478096696106817.jpg&quot; title=&quot;1478096696106817.jpg&quot; alt=&quot;入党申请书.jpg&quot;/&gt;&lt;/p&gt;&lt;p&gt;&lt;img src=&quot;/ueditor/php/upload/image/20161102/1478096706125364.jpg&quot; title=&quot;1478096706125364.jpg&quot; alt=&quot;0ff41bd5ad6eddc40bf0f61b3fdbb6fd5266333e.jpg&quot;/&gt;&lt;/p&gt;','2016-11-02',6) [ RunTime:0.000356s ]
INFO: [ app_end ] --START--
INFO: Run Behavior\ShowPageTrace [ RunTime:0.000988s ]
INFO: [ app_end ] --END-- [ RunTime:0.001148s ]

[ 2016-11-02T22:25:53+08:00 ] ::1 /zky/index.php/Home/Index/admin
ERR: 非法操作:admin

[ 2016-11-02T22:34:46+08:00 ] ::1 /zky/index.php/Admin/Inform/do_show
INFO: [ app_begin ] --START--
INFO: Run Behavior\ReadHtmlCache [ RunTime:0.000774s ]
INFO: [ app_begin ] --END-- [ RunTime:0.001256s ]
NOTIC: [8192] mysql_connect(): The mysql extension is deprecated and will be removed in the future: use mysqli or PDO instead D:\wamp\www\zky\ThinkPHP\Library\Think\Db\Driver\Mysql.class.php 第 52 行.
SQL: SHOW COLUMNS FROM `tp_information` [ RunTime:0.011287s ]
SQL: INSERT INTO `tp_information` (`title`,`content`,`date`,`userid`) VALUES ('改进版','&lt;p&gt;通告的内容：这里是插件插入成功之后调整路径&lt;/p&gt;','2016-11-02',6) [ RunTime:0.000533s ]
INFO: [ app_end ] --START--
INFO: Run Behavior\ShowPageTrace [ RunTime:0.000807s ]
INFO: [ app_end ] --END-- [ RunTime:0.000958s ]

[ 2016-11-02T22:34:47+08:00 ] ::1 /zky/index.php/Admin/Inform/do_show
INFO: [ app_begin ] --START--
INFO: Run Behavior\ReadHtmlCache [ RunTime:0.000697s ]
INFO: [ app_begin ] --END-- [ RunTime:0.001175s ]
NOTIC: [8192] mysql_connect(): The mysql extension is deprecated and will be removed in the future: use mysqli or PDO instead D:\wamp\www\zky\ThinkPHP\Library\Think\Db\Driver\Mysql.class.php 第 52 行.
SQL: SHOW COLUMNS FROM `tp_information` [ RunTime:0.011863s ]
SQL: INSERT INTO `tp_information` (`title`,`content`,`date`,`userid`) VALUES ('改进版','&lt;p&gt;通告的内容：这里是插件插入成功之后调整路径&lt;/p&gt;','2016-11-02',6) [ RunTime:0.000311s ]
INFO: [ app_end ] --START--
INFO: Run Behavior\ShowPageTrace [ RunTime:0.000863s ]
INFO: [ app_end ] --END-- [ RunTime:0.001016s ]

[ 2016-11-02T22:38:25+08:00 ] ::1 /zky/index.php/Admin/Inform/do_show
INFO: [ app_begin ] --START--
INFO: Run Behavior\ReadHtmlCache [ RunTime:0.000684s ]
INFO: [ app_begin ] --END-- [ RunTime:0.001211s ]
NOTIC: [8192] mysql_connect(): The mysql extension is deprecated and will be removed in the future: use mysqli or PDO instead D:\wamp\www\zky\ThinkPHP\Library\Think\Db\Driver\Mysql.class.php 第 52 行.
SQL: SHOW COLUMNS FROM `tp_information` [ RunTime:0.042164s ]
INFO: [ app_end ] --START--
INFO: Run Behavior\ShowPageTrace [ RunTime:0.000794s ]
INFO: [ app_end ] --END-- [ RunTime:0.000949s ]

[ 2016-11-02T22:41:55+08:00 ] ::1 /zky/index.php/Home/Login/do_login
INFO: [ app_begin ] --START--
INFO: Run Behavior\ReadHtmlCache [ RunTime:0.002603s ]
INFO: [ app_begin ] --END-- [ RunTime:0.004766s ]
NOTIC: [8192] mysql_connect(): The mysql extension is deprecated and will be removed in the future: use mysqli or PDO instead D:\wamp\www\zky\ThinkPHP\Library\Think\Db\Driver\Mysql.class.php 第 52 行.
SQL: SHOW COLUMNS FROM `tp_user` [ RunTime:0.015528s ]
SQL: SELECT * FROM `tp_user` WHERE ( username = 2015317200402 ) LIMIT 1   [ RunTime:0.000438s ]
SQL: SELECT `password` FROM `tp_user` WHERE ( username = 2015317200402 ) LIMIT 1   [ RunTime:0.000384s ]
SQL: SELECT `name` FROM `tp_user` WHERE ( username = 2015317200402 ) LIMIT 1   [ RunTime:0.000305s ]
SQL: SELECT `id` FROM `tp_user` WHERE ( username = 2015317200402 ) LIMIT 1   [ RunTime:0.000303s ]
SQL: SELECT `say` FROM `tp_user` WHERE ( username = 2015317200402 ) LIMIT 1   [ RunTime:0.000294s ]

[ 2016-11-02T22:44:37+08:00 ] ::1 /zky/index.php/Home/Login/do_login
INFO: [ app_begin ] --START--
INFO: Run Behavior\ReadHtmlCache [ RunTime:0.002845s ]
INFO: [ app_begin ] --END-- [ RunTime:0.003771s ]
NOTIC: [8192] mysql_connect(): The mysql extension is deprecated and will be removed in the future: use mysqli or PDO instead D:\wamp\www\zky\ThinkPHP\Library\Think\Db\Driver\Mysql.class.php 第 52 行.
SQL: SHOW COLUMNS FROM `tp_user` [ RunTime:0.018397s ]
SQL: SELECT * FROM `tp_user` WHERE ( username = 2015317200402 ) LIMIT 1   [ RunTime:0.000488s ]
SQL: SELECT `password` FROM `tp_user` WHERE ( username = 2015317200402 ) LIMIT 1   [ RunTime:0.000315s ]
SQL: SELECT `name` FROM `tp_user` WHERE ( username = 2015317200402 ) LIMIT 1   [ RunTime:0.000306s ]
SQL: SELECT `id` FROM `tp_user` WHERE ( username = 2015317200402 ) LIMIT 1   [ RunTime:0.000290s ]
SQL: SELECT `say` FROM `tp_user` WHERE ( username = 2015317200402 ) LIMIT 1   [ RunTime:0.000272s ]

[ 2016-11-02T22:46:26+08:00 ] ::1 /zky/index.php/Admin/Login/do_login
INFO: [ app_begin ] --START--
INFO: Run Behavior\ReadHtmlCache [ RunTime:0.001029s ]
INFO: [ app_begin ] --END-- [ RunTime:0.001654s ]
NOTIC: [8192] mysql_connect(): The mysql extension is deprecated and will be removed in the future: use mysqli or PDO instead D:\wamp\www\zky\ThinkPHP\Library\Think\Db\Driver\Mysql.class.php 第 52 行.
SQL: SHOW COLUMNS FROM `tp_user` [ RunTime:0.016833s ]
SQL: SELECT COUNT(*) AS tp_count FROM `tp_user` WHERE ( username = 2015317200402 ) LIMIT 1   [ RunTime:0.000363s ]
SQL: SELECT `isTeacher` FROM `tp_user` WHERE ( username = 2015317200402 ) LIMIT 1   [ RunTime:0.000256s ]
SQL: SELECT `password` FROM `tp_user` WHERE ( username = 2015317200402 ) LIMIT 1   [ RunTime:0.000246s ]
SQL: SELECT `name` FROM `tp_user` WHERE ( username = 2015317200402 ) LIMIT 1   [ RunTime:0.000259s ]
SQL: SELECT `id` FROM `tp_user` WHERE ( username = 2015317200402 ) LIMIT 1   [ RunTime:0.000269s ]
SQL: SELECT `username` FROM `tp_user` WHERE ( username = 2015317200402 ) LIMIT 1   [ RunTime:0.000278s ]

[ 2016-11-02T22:48:48+08:00 ] ::1 /zky/index.php/Admin/Inform/do_show
INFO: [ app_begin ] --START--
INFO: Run Behavior\ReadHtmlCache [ RunTime:0.000928s ]
INFO: [ app_begin ] --END-- [ RunTime:0.001415s ]
NOTIC: [8192] mysql_connect(): The mysql extension is deprecated and will be removed in the future: use mysqli or PDO instead D:\wamp\www\zky\ThinkPHP\Library\Think\Db\Driver\Mysql.class.php 第 52 行.
SQL: SHOW COLUMNS FROM `tp_information` [ RunTime:0.012524s ]
SQL: INSERT INTO `tp_information` (`title`,`content`,`date`,`userid`) VALUES ('我好帅','&lt;p style=&quot;padding: 0px; margin: 0px; border: 0px; text-indent: 30px; font-size: 20px; line-height: 33px; word-spacing: 40px; color: rgb(0, 0, 0); font-family: sans-serif; font-style: normal; font-variant-ligatures: normal; font-variant-caps: normal; font-weight: normal; letter-spacing: normal; orphans: 2; text-align: left; text-transform: none; white-space: normal; widows: 2; -webkit-text-stroke-width: 0px; background-color: rgb(255, 255, 255);&quot;&gt;&lt;em&gt;&lt;br/&gt;&lt;/em&gt;&lt;/p&gt;&lt;p style=&quot;padding: 0px; margin: 0px; border: 0px none; text-indent: 30px; font-size: 20px; line-height: 33px; word-spacing: 40px; color: rgb(0, 0, 0); font-family: sans-serif; font-style: normal; font-variant-ligatures: normal; font-variant-caps: normal; font-weight: normal; letter-spacing: normal; text-align: center; text-transform: none; white-space: normal; -webkit-text-stroke-width: 0px; background-color: rgb(255, 255, 255);&quot;&gt;&lt;em&gt;华中农业大学植科院实验仪器使用平台&lt;br/&gt;&lt;/em&gt;&lt;/p&gt;&lt;p style=&quot;padding: 0px; margin: 0px; border: 0px; text-indent: 30px; font-size: 20px; line-height: 33px; word-spacing: 40px; color: rgb(0, 0, 0); font-family: sans-serif; font-style: normal; font-variant-ligatures: normal; font-variant-caps: normal; font-weight: normal; letter-spacing: normal; orphans: 2; text-align: left; text-transform: none; white-space: normal; widows: 2; -webkit-text-stroke-width: 0px; background-color: rgb(255, 255, 255);&quot;&gt;&lt;em&gt;随着学院建设的发展，植物科学技术学院大中型仪器设备的数量和档次都得到大幅度提高，总价值接近一千万元人民币，目前价值十万元人民币以上的仪器设备数量为15台。大型仪器主要有超高效液相质谱联用仪、气相色谱质谱联用仪、液相色谱仪、气相色谱仪和凝胶成像仪等。公平平台的宗旨是进一步改善学院贵重仪器设备的管理和维护、提高仪器设备利用率、促进开放共享，以更好地为学科建设、科学研究和人才培养服务。&lt;/em&gt;&lt;/p&gt;&lt;p&gt;&lt;br style=&quot;padding: 0px; margin: 0px; border: 0px; color: rgb(0, 0, 0); font-family: sans-serif; font-size: 20px; font-style: normal; font-variant-ligatures: normal; font-variant-caps: normal; font-weight: normal; letter-spacing: normal; orphans: 2; text-align: left; text-indent: 0px; text-transform: none; white-space: normal; widows: 2; word-spacing: 0px; -webkit-text-stroke-width: 0px; background-color: rgb(255, 255, 255);&quot;/&gt;&lt;/p&gt;&lt;p style=&quot;padding: 0px; margin: 0px; border: 0px; text-indent: 30px; font-size: 20px; line-height: 33px; word-spacing: 40px; color: rgb(0, 0, 0); font-family: sans-serif; font-style: normal; font-variant-ligatures: normal; font-variant-caps: normal; font-weight: normal; letter-spacing: normal; orphans: 2; text-align: left; text-transform: none; white-space: normal; widows: 2; -webkit-text-stroke-width: 0px; background-color: rgb(255, 255, 255);&quot;&gt;&lt;em&gt;公共实验平台管理的仪器设备的使用、维护和维修进行统一管理和安排。公共平台的大型贵重仪器实行专管公用，提前预约制度，面向学院学校和社会开放服务，本学院服务优先。公共实验平台的硬件环境和软件条件的建设正在逐步开展和完善中，平台网站、平台技术团队也将随平台建设工作的开展一同发展和完善。&lt;/em&gt;&lt;/p&gt;&lt;p&gt;&lt;br/&gt;&lt;/p&gt;','2016-11-02',6) [ RunTime:0.000635s ]
INFO: [ app_end ] --START--
INFO: Run Behavior\ShowPageTrace [ RunTime:0.001097s ]
INFO: [ app_end ] --END-- [ RunTime:0.001284s ]

[ 2016-11-02T22:53:32+08:00 ] ::1 /zky/index.php/Admin/Equipment/Css/bootstrap.css
ERR: 非法操作:css

[ 2016-11-02T22:53:32+08:00 ] ::1 /zky/index.php/Admin/Equipment/Js/jquery2.sorted.js
ERR: 非法操作:js

[ 2016-11-02T22:53:32+08:00 ] ::1 /zky/index.php/Admin/Equipment/Css/bootstrap-responsive.css
ERR: 非法操作:css

[ 2016-11-02T22:53:32+08:00 ] ::1 /zky/index.php/Admin/Equipment/Css/style.css
ERR: 非法操作:css

[ 2016-11-02T22:53:32+08:00 ] ::1 /zky/index.php/Admin/Equipment/Js/bootstrap.js
ERR: 非法操作:js

[ 2016-11-02T22:53:32+08:00 ] ::1 /zky/index.php/Admin/Equipment/Js/jquery2.js
ERR: 非法操作:js

[ 2016-11-02T22:53:32+08:00 ] ::1 /zky/index.php/Admin/Equipment/Js/ckform.js
ERR: 非法操作:js

[ 2016-11-02T22:53:32+08:00 ] ::1 /zky/index.php/Admin/Equipment/Js/common.js
ERR: 非法操作:js

[ 2016-11-02T22:53:32+08:00 ] ::1 /zky/index.php/Admin/Equipment/Js/jquery2.sorted.js
ERR: 非法操作:js

[ 2016-11-02T22:53:32+08:00 ] ::1 /zky/index.php/Admin/Equipment/Js/bootstrap.js
ERR: 非法操作:js

[ 2016-11-02T22:53:32+08:00 ] ::1 /zky/index.php/Admin/Equipment/Js/ckform.js
ERR: 非法操作:js

[ 2016-11-02T22:53:32+08:00 ] ::1 /zky/index.php/Admin/Equipment/Js/common.js
ERR: 非法操作:js

[ 2016-11-02T22:53:32+08:00 ] ::1 /zky/index.php/Admin/Equipment/Css/bootstrap.css
ERR: 非法操作:css

[ 2016-11-02T22:53:32+08:00 ] ::1 /zky/index.php/Admin/Equipment/Css/bootstrap-responsive.css
ERR: 非法操作:css

[ 2016-11-02T22:53:33+08:00 ] ::1 /zky/index.php/Admin/Equipment/Js/bootstrap.js
ERR: 非法操作:js

[ 2016-11-02T22:53:33+08:00 ] ::1 /zky/index.php/Admin/Equipment/Css/style.css
ERR: 非法操作:css

[ 2016-11-02T22:53:33+08:00 ] ::1 /zky/index.php/Admin/Equipment/Js/jquery2.sorted.js
ERR: 非法操作:js

[ 2016-11-02T22:53:33+08:00 ] ::1 /zky/index.php/Admin/Equipment/Js/ckform.js
ERR: 非法操作:js

[ 2016-11-02T22:53:33+08:00 ] ::1 /zky/index.php/Admin/Equipment/Js/jquery2.js
ERR: 非法操作:js

[ 2016-11-02T22:53:33+08:00 ] ::1 /zky/index.php/Admin/Equipment/Js/common.js
ERR: 非法操作:js

[ 2016-11-02T22:53:33+08:00 ] ::1 /zky/index.php/Admin/Equipment/Js/jquery2.sorted.js
ERR: 非法操作:js

[ 2016-11-02T22:53:33+08:00 ] ::1 /zky/index.php/Admin/Equipment/Js/bootstrap.js
ERR: 非法操作:js

[ 2016-11-02T22:53:33+08:00 ] ::1 /zky/index.php/Admin/Equipment/Js/ckform.js
ERR: 非法操作:js

[ 2016-11-02T22:53:33+08:00 ] ::1 /zky/index.php/Admin/Equipment/Js/common.js
ERR: 非法操作:js

[ 2016-11-02T23:05:58+08:00 ] ::1 /zky/index.php/Admin/Inform/do_show
INFO: [ app_begin ] --START--
INFO: Run Behavior\ReadHtmlCache [ RunTime:0.000664s ]
INFO: [ app_begin ] --END-- [ RunTime:0.001231s ]
NOTIC: [8192] mysql_connect(): The mysql extension is deprecated and will be removed in the future: use mysqli or PDO instead D:\wamp\www\zky\ThinkPHP\Library\Think\Db\Driver\Mysql.class.php 第 52 行.
SQL: SHOW COLUMNS FROM `tp_information` [ RunTime:0.015402s ]
SQL: INSERT INTO `tp_information` (`title`,`content`,`date`,`userid`) VALUES ('荟十530寝室','&lt;p style=&quot;text-align: center;&quot;&gt;同学们，网络听力测试马上就要开始了！！！&lt;img src=&quot;http://img.baidu.com/hi/jx2/j_0061.gif&quot;/&gt;&lt;/p&gt;&lt;p&gt;&lt;img src=&quot;http://api.map.baidu.com/staticimage?center=116.404,39.915&amp;zoom=10&amp;width=530&amp;height=340&amp;markers=116.404,39.915&quot; width=&quot;530&quot; height=&quot;340&quot;/&gt;&lt;/p&gt;','2016-11-02',6) [ RunTime:0.000647s ]
INFO: [ app_end ] --START--
INFO: Run Behavior\ShowPageTrace [ RunTime:0.000845s ]
INFO: [ app_end ] --END-- [ RunTime:0.001024s ]

[ 2016-11-02T23:22:31+08:00 ] ::1 /zky/index.php/Admin/Equipment/Css/bootstrap.css
ERR: 非法操作:css

[ 2016-11-02T23:22:31+08:00 ] ::1 /zky/index.php/Admin/Equipment/Css/style.css
ERR: 非法操作:css

[ 2016-11-02T23:22:32+08:00 ] ::1 /zky/index.php/Admin/Equipment/Js/jquery2.js
ERR: 非法操作:js

[ 2016-11-02T23:22:32+08:00 ] ::1 /zky/index.php/Admin/Equipment/Css/bootstrap-responsive.css
ERR: 非法操作:css

[ 2016-11-02T23:22:32+08:00 ] ::1 /zky/index.php/Admin/Equipment/Js/bootstrap.js
ERR: 非法操作:js

[ 2016-11-02T23:22:32+08:00 ] ::1 /zky/index.php/Admin/Equipment/Js/jquery2.sorted.js
ERR: 非法操作:js

[ 2016-11-02T23:22:32+08:00 ] ::1 /zky/index.php/Admin/Equipment/Js/common.js
ERR: 非法操作:js

[ 2016-11-02T23:22:32+08:00 ] ::1 /zky/index.php/Admin/Equipment/Js/ckform.js
ERR: 非法操作:js

[ 2016-11-02T23:22:32+08:00 ] ::1 /zky/index.php/Admin/Equipment/Js/bootstrap.js
ERR: 非法操作:js

[ 2016-11-02T23:22:32+08:00 ] ::1 /zky/index.php/Admin/Equipment/Js/ckform.js
ERR: 非法操作:js

[ 2016-11-02T23:22:32+08:00 ] ::1 /zky/index.php/Admin/Equipment/Js/common.js
ERR: 非法操作:js

[ 2016-11-02T23:22:39+08:00 ] ::1 /zky/index.php/Admin/Equipment/Css/bootstrap.css
ERR: 非法操作:css

[ 2016-11-02T23:22:39+08:00 ] ::1 /zky/index.php/Admin/Equipment/Css/style.css
ERR: 非法操作:css

[ 2016-11-02T23:22:39+08:00 ] ::1 /zky/index.php/Admin/Equipment/Css/bootstrap-responsive.css
ERR: 非法操作:css

[ 2016-11-02T23:22:39+08:00 ] ::1 /zky/index.php/Admin/Equipment/Js/jquery2.js
ERR: 非法操作:js

[ 2016-11-02T23:22:39+08:00 ] ::1 /zky/index.php/Admin/Equipment/Js/ckform.js
ERR: 非法操作:js

[ 2016-11-02T23:22:39+08:00 ] ::1 /zky/index.php/Admin/Equipment/Js/jquery2.sorted.js
ERR: 非法操作:js

[ 2016-11-02T23:22:39+08:00 ] ::1 /zky/index.php/Admin/Equipment/Js/bootstrap.js
ERR: 非法操作:js

[ 2016-11-02T23:22:39+08:00 ] ::1 /zky/index.php/Admin/Equipment/Js/common.js
ERR: 非法操作:js

[ 2016-11-02T23:22:39+08:00 ] ::1 /zky/index.php/Admin/Equipment/Js/ckform.js
ERR: 非法操作:js

[ 2016-11-02T23:22:39+08:00 ] ::1 /zky/index.php/Admin/Equipment/Js/common.js
ERR: 非法操作:js

[ 2016-11-02T23:22:45+08:00 ] ::1 /zky/index.php/Admin/Equipment/Css/bootstrap.css
ERR: 非法操作:css

[ 2016-11-02T23:22:45+08:00 ] ::1 /zky/index.php/Admin/Equipment/Js/jquery2.sorted.js
ERR: 非法操作:js

[ 2016-11-02T23:22:45+08:00 ] ::1 /zky/index.php/Admin/Equipment/Js/ckform.js
ERR: 非法操作:js

[ 2016-11-02T23:22:46+08:00 ] ::1 /zky/index.php/Admin/Equipment/Css/bootstrap-responsive.css
ERR: 非法操作:css

[ 2016-11-02T23:22:46+08:00 ] ::1 /zky/index.php/Admin/Equipment/Css/style.css
ERR: 非法操作:css

[ 2016-11-02T23:22:46+08:00 ] ::1 /zky/index.php/Admin/Equipment/Js/bootstrap.js
ERR: 非法操作:js

[ 2016-11-02T23:22:46+08:00 ] ::1 /zky/index.php/Admin/Equipment/Js/jquery2.js
ERR: 非法操作:js

[ 2016-11-02T23:22:46+08:00 ] ::1 /zky/index.php/Admin/Equipment/Js/common.js
ERR: 非法操作:js

[ 2016-11-02T23:22:46+08:00 ] ::1 /zky/index.php/Admin/Equipment/Js/jquery2.sorted.js
ERR: 非法操作:js

[ 2016-11-02T23:22:46+08:00 ] ::1 /zky/index.php/Admin/Equipment/Js/bootstrap.js
ERR: 非法操作:js

[ 2016-11-02T23:22:46+08:00 ] ::1 /zky/index.php/Admin/Equipment/Js/ckform.js
ERR: 非法操作:js

[ 2016-11-02T23:22:46+08:00 ] ::1 /zky/index.php/Admin/Equipment/Js/common.js
ERR: 非法操作:js

[ 2016-11-02T23:23:42+08:00 ] ::1 /zky/index.php/Admin/Equipment/Css/bootstrap-responsive.css
ERR: 非法操作:css

[ 2016-11-02T23:23:42+08:00 ] ::1 /zky/index.php/Admin/Equipment/Js/jquery2.sorted.js
ERR: 非法操作:js

[ 2016-11-02T23:23:42+08:00 ] ::1 /zky/index.php/Admin/Equipment/Js/common.js
ERR: 非法操作:js

[ 2016-11-02T23:23:42+08:00 ] ::1 /zky/index.php/Admin/Equipment/Js/bootstrap.js
ERR: 非法操作:js

[ 2016-11-02T23:23:42+08:00 ] ::1 /zky/index.php/Admin/Equipment/Js/jquery2.js
ERR: 非法操作:js

[ 2016-11-02T23:23:42+08:00 ] ::1 /zky/index.php/Admin/Equipment/Css/bootstrap.css
ERR: 非法操作:css

[ 2016-11-02T23:23:42+08:00 ] ::1 /zky/index.php/Admin/Equipment/Js/ckform.js
ERR: 非法操作:js

[ 2016-11-02T23:23:42+08:00 ] ::1 /zky/index.php/Admin/Equipment/Css/style.css
ERR: 非法操作:css

[ 2016-11-02T23:23:42+08:00 ] ::1 /zky/index.php/Admin/Equipment/Js/jquery2.sorted.js
ERR: 非法操作:js

[ 2016-11-02T23:23:42+08:00 ] ::1 /zky/index.php/Admin/Equipment/Js/bootstrap.js
ERR: 非法操作:js

[ 2016-11-02T23:23:42+08:00 ] ::1 /zky/index.php/Admin/Equipment/Js/ckform.js
ERR: 非法操作:js

[ 2016-11-02T23:23:43+08:00 ] ::1 /zky/index.php/Admin/Equipment/Js/common.js
ERR: 非法操作:js

[ 2016-11-02T23:23:44+08:00 ] ::1 /zky/index.php/Admin/Equipment/Js/jquery2.js
ERR: 非法操作:js

[ 2016-11-02T23:23:44+08:00 ] ::1 /zky/index.php/Admin/Equipment/Js/jquery2.sorted.js
ERR: 非法操作:js

[ 2016-11-02T23:23:44+08:00 ] ::1 /zky/index.php/Admin/Equipment/Css/bootstrap.css
ERR: 非法操作:css

[ 2016-11-02T23:23:44+08:00 ] ::1 /zky/index.php/Admin/Equipment/Css/style.css
ERR: 非法操作:css

[ 2016-11-02T23:23:44+08:00 ] ::1 /zky/index.php/Admin/Equipment/Js/bootstrap.js
ERR: 非法操作:js

[ 2016-11-02T23:23:44+08:00 ] ::1 /zky/index.php/Admin/Equipment/Css/bootstrap-responsive.css
ERR: 非法操作:css

[ 2016-11-02T23:23:44+08:00 ] ::1 /zky/index.php/Admin/Equipment/Js/ckform.js
ERR: 非法操作:js

[ 2016-11-02T23:23:44+08:00 ] ::1 /zky/index.php/Admin/Equipment/Js/common.js
ERR: 非法操作:js

[ 2016-11-02T23:24:11+08:00 ] ::1 /zky/index.php/Admin/Equipment/Css/bootstrap.css
ERR: 非法操作:css

[ 2016-11-02T23:24:11+08:00 ] ::1 /zky/index.php/Admin/Equipment/Css/style.css
ERR: 非法操作:css

[ 2016-11-02T23:24:11+08:00 ] ::1 /zky/index.php/Admin/Equipment/Js/jquery2.sorted.js
ERR: 非法操作:js

[ 2016-11-02T23:24:11+08:00 ] ::1 /zky/index.php/Admin/Equipment/Js/bootstrap.js
ERR: 非法操作:js

[ 2016-11-02T23:24:11+08:00 ] ::1 /zky/index.php/Admin/Equipment/Js/jquery2.js
ERR: 非法操作:js

[ 2016-11-02T23:24:11+08:00 ] ::1 /zky/index.php/Admin/Equipment/Css/bootstrap-responsive.css
ERR: 非法操作:css

[ 2016-11-02T23:24:11+08:00 ] ::1 /zky/index.php/Admin/Equipment/Js/ckform.js
ERR: 非法操作:js

[ 2016-11-02T23:24:11+08:00 ] ::1 /zky/index.php/Admin/Equipment/Js/common.js
ERR: 非法操作:js

[ 2016-11-02T23:24:11+08:00 ] ::1 /zky/index.php/Admin/Equipment/Js/jquery2.sorted.js
ERR: 非法操作:js

[ 2016-11-02T23:24:11+08:00 ] ::1 /zky/index.php/Admin/Equipment/Js/bootstrap.js
ERR: 非法操作:js

[ 2016-11-02T23:24:11+08:00 ] ::1 /zky/index.php/Admin/Equipment/Js/ckform.js
ERR: 非法操作:js

[ 2016-11-02T23:24:11+08:00 ] ::1 /zky/index.php/Admin/Equipment/Js/common.js
ERR: 非法操作:js

[ 2016-11-02T23:24:12+08:00 ] ::1 /zky/index.php/Admin/Equipment/Css/bootstrap.css
ERR: 非法操作:css

[ 2016-11-02T23:24:12+08:00 ] ::1 /zky/index.php/Admin/Equipment/Css/style.css
ERR: 非法操作:css

[ 2016-11-02T23:24:13+08:00 ] ::1 /zky/index.php/Admin/Equipment/Js/bootstrap.js
ERR: 非法操作:js

[ 2016-11-02T23:24:13+08:00 ] ::1 /zky/index.php/Admin/Equipment/Css/bootstrap-responsive.css
ERR: 非法操作:css

[ 2016-11-02T23:24:13+08:00 ] ::1 /zky/index.php/Admin/Equipment/Js/jquery2.sorted.js
ERR: 非法操作:js

[ 2016-11-02T23:24:13+08:00 ] ::1 /zky/index.php/Admin/Equipment/Js/jquery2.js
ERR: 非法操作:js

[ 2016-11-02T23:24:13+08:00 ] ::1 /zky/index.php/Admin/Equipment/Js/ckform.js
ERR: 非法操作:js

[ 2016-11-02T23:24:13+08:00 ] ::1 /zky/index.php/Admin/Equipment/Js/common.js
ERR: 非法操作:js

[ 2016-11-02T23:24:13+08:00 ] ::1 /zky/index.php/Admin/Equipment/Js/jquery2.sorted.js
ERR: 非法操作:js

[ 2016-11-02T23:24:13+08:00 ] ::1 /zky/index.php/Admin/Equipment/Js/bootstrap.js
ERR: 非法操作:js

[ 2016-11-02T23:24:13+08:00 ] ::1 /zky/index.php/Admin/Equipment/Js/ckform.js
ERR: 非法操作:js

[ 2016-11-02T23:24:13+08:00 ] ::1 /zky/index.php/Admin/Equipment/Js/common.js
ERR: 非法操作:js

[ 2016-11-02T23:24:24+08:00 ] ::1 /zky/index.php/Admin/Equipment/Css/bootstrap.css
ERR: 非法操作:css

[ 2016-11-02T23:24:24+08:00 ] ::1 /zky/index.php/Admin/Equipment/Js/jquery2.js
ERR: 非法操作:js

[ 2016-11-02T23:24:24+08:00 ] ::1 /zky/index.php/Admin/Equipment/Css/bootstrap-responsive.css
ERR: 非法操作:css

[ 2016-11-02T23:24:24+08:00 ] ::1 /zky/index.php/Admin/Equipment/Css/style.css
ERR: 非法操作:css

[ 2016-11-02T23:24:24+08:00 ] ::1 /zky/index.php/Admin/Equipment/Js/bootstrap.js
ERR: 非法操作:js

[ 2016-11-02T23:24:24+08:00 ] ::1 /zky/index.php/Admin/Equipment/Js/jquery2.sorted.js
ERR: 非法操作:js

[ 2016-11-02T23:24:24+08:00 ] ::1 /zky/index.php/Admin/Equipment/Js/ckform.js
ERR: 非法操作:js

[ 2016-11-02T23:24:24+08:00 ] ::1 /zky/index.php/Admin/Equipment/Js/common.js
ERR: 非法操作:js

[ 2016-11-02T23:24:25+08:00 ] ::1 /zky/index.php/Admin/Equipment/Js/bootstrap.js
ERR: 非法操作:js

[ 2016-11-02T23:24:25+08:00 ] ::1 /zky/index.php/Admin/Equipment/Js/ckform.js
ERR: 非法操作:js

[ 2016-11-02T23:24:25+08:00 ] ::1 /zky/index.php/Admin/Equipment/Js/common.js
ERR: 非法操作:js

[ 2016-11-02T23:26:50+08:00 ] ::1 /zky/index.php/Admin/File/Css/bootstrap.css
ERR: 非法操作:css

[ 2016-11-02T23:26:50+08:00 ] ::1 /zky/index.php/Admin/File/Css/style.css
ERR: 非法操作:css

[ 2016-11-02T23:26:50+08:00 ] ::1 /zky/index.php/Admin/File/Js/bootstrap.js
ERR: 非法操作:js

[ 2016-11-02T23:26:50+08:00 ] ::1 /zky/index.php/Admin/File/Js/jquery2.js
ERR: 非法操作:js

[ 2016-11-02T23:26:50+08:00 ] ::1 /zky/index.php/Admin/File/Css/bootstrap-responsive.css
ERR: 非法操作:css

[ 2016-11-02T23:26:50+08:00 ] ::1 /zky/index.php/Admin/File/Js/ckform.js
ERR: 非法操作:js

[ 2016-11-02T23:26:50+08:00 ] ::1 /zky/index.php/Admin/File/Js/jquery2.sorted.js
ERR: 非法操作:js

[ 2016-11-02T23:26:50+08:00 ] ::1 /zky/index.php/Admin/File/Js/common.js
ERR: 非法操作:js

[ 2016-11-02T23:26:50+08:00 ] ::1 /zky/index.php/Admin/File/Js/bootstrap.js
ERR: 非法操作:js

[ 2016-11-02T23:26:50+08:00 ] ::1 /zky/index.php/Admin/File/Js/ckform.js
ERR: 非法操作:js

[ 2016-11-02T23:26:50+08:00 ] ::1 /zky/index.php/Admin/File/Js/common.js
ERR: 非法操作:js

[ 2016-11-02T23:26:59+08:00 ] ::1 /zky/index.php/Admin/Equipment/Css/bootstrap.css
ERR: 非法操作:css

[ 2016-11-02T23:26:59+08:00 ] ::1 /zky/index.php/Admin/Equipment/Css/style.css
ERR: 非法操作:css

[ 2016-11-02T23:26:59+08:00 ] ::1 /zky/index.php/Admin/Equipment/Css/bootstrap-responsive.css
ERR: 非法操作:css

[ 2016-11-02T23:26:59+08:00 ] ::1 /zky/index.php/Admin/Equipment/Js/jquery2.js
ERR: 非法操作:js

[ 2016-11-02T23:26:59+08:00 ] ::1 /zky/index.php/Admin/Equipment/Js/bootstrap.js
ERR: 非法操作:js

[ 2016-11-02T23:26:59+08:00 ] ::1 /zky/index.php/Admin/Equipment/Js/jquery2.sorted.js
ERR: 非法操作:js

[ 2016-11-02T23:26:59+08:00 ] ::1 /zky/index.php/Admin/Equipment/Js/ckform.js
ERR: 非法操作:js

[ 2016-11-02T23:26:59+08:00 ] ::1 /zky/index.php/Admin/Equipment/Js/common.js
ERR: 非法操作:js

[ 2016-11-02T23:26:59+08:00 ] ::1 /zky/index.php/Admin/Equipment/Js/bootstrap.js
ERR: 非法操作:js

[ 2016-11-02T23:26:59+08:00 ] ::1 /zky/index.php/Admin/Equipment/Js/ckform.js
ERR: 非法操作:js

[ 2016-11-02T23:26:59+08:00 ] ::1 /zky/index.php/Admin/Equipment/Js/common.js
ERR: 非法操作:js

[ 2016-11-02T23:28:25+08:00 ] ::1 /zky/index.php/Admin/Equipment/Css/bootstrap.css
ERR: 非法操作:css

[ 2016-11-02T23:28:25+08:00 ] ::1 /zky/index.php/Admin/Equipment/Css/bootstrap-responsive.css
ERR: 非法操作:css

[ 2016-11-02T23:28:25+08:00 ] ::1 /zky/index.php/Admin/Equipment/Css/style.css
ERR: 非法操作:css

[ 2016-11-02T23:28:25+08:00 ] ::1 /zky/index.php/Admin/Equipment/Js/jquery2.sorted.js
ERR: 非法操作:js

[ 2016-11-02T23:28:25+08:00 ] ::1 /zky/index.php/Admin/Equipment/Js/bootstrap.js
ERR: 非法操作:js

[ 2016-11-02T23:28:25+08:00 ] ::1 /zky/index.php/Admin/Equipment/Js/ckform.js
ERR: 非法操作:js

[ 2016-11-02T23:28:25+08:00 ] ::1 /zky/index.php/Admin/Equipment/Js/jquery2.js
ERR: 非法操作:js

[ 2016-11-02T23:28:25+08:00 ] ::1 /zky/index.php/Admin/Equipment/Js/common.js
ERR: 非法操作:js

[ 2016-11-02T23:28:25+08:00 ] ::1 /zky/index.php/Admin/Equipment/Js/jquery2.sorted.js
ERR: 非法操作:js

[ 2016-11-02T23:28:25+08:00 ] ::1 /zky/index.php/Admin/Equipment/Js/bootstrap.js
ERR: 非法操作:js

[ 2016-11-02T23:28:25+08:00 ] ::1 /zky/index.php/Admin/Equipment/Js/ckform.js
ERR: 非法操作:js

[ 2016-11-02T23:28:25+08:00 ] ::1 /zky/index.php/Admin/Equipment/Js/common.js
ERR: 非法操作:js

[ 2016-11-02T23:28:26+08:00 ] ::1 /zky/index.php/Admin/Equipment/Css/bootstrap.css
ERR: 非法操作:css

[ 2016-11-02T23:28:26+08:00 ] ::1 /zky/index.php/Admin/Equipment/Js/jquery2.js
ERR: 非法操作:js

[ 2016-11-02T23:28:26+08:00 ] ::1 /zky/index.php/Admin/Equipment/Js/jquery2.sorted.js
ERR: 非法操作:js

[ 2016-11-02T23:28:26+08:00 ] ::1 /zky/index.php/Admin/Equipment/Js/bootstrap.js
ERR: 非法操作:js

[ 2016-11-02T23:28:26+08:00 ] ::1 /zky/index.php/Admin/Equipment/Js/ckform.js
ERR: 非法操作:js

[ 2016-11-02T23:28:26+08:00 ] ::1 /zky/index.php/Admin/Equipment/Css/style.css
ERR: 非法操作:css

[ 2016-11-02T23:28:26+08:00 ] ::1 /zky/index.php/Admin/Equipment/Css/bootstrap-responsive.css
ERR: 非法操作:css

[ 2016-11-02T23:28:26+08:00 ] ::1 /zky/index.php/Admin/Equipment/Js/common.js
ERR: 非法操作:js

[ 2016-11-02T23:28:28+08:00 ] ::1 /zky/index.php/Admin/Equipment/Css/bootstrap.css
ERR: 非法操作:css

[ 2016-11-02T23:28:28+08:00 ] ::1 /zky/index.php/Admin/Equipment/Js/jquery2.sorted.js
ERR: 非法操作:js

[ 2016-11-02T23:28:28+08:00 ] ::1 /zky/index.php/Admin/Equipment/Css/bootstrap-responsive.css
ERR: 非法操作:css

[ 2016-11-02T23:28:28+08:00 ] ::1 /zky/index.php/Admin/Equipment/Js/jquery2.js
ERR: 非法操作:js

[ 2016-11-02T23:28:28+08:00 ] ::1 /zky/index.php/Admin/Equipment/Js/bootstrap.js
ERR: 非法操作:js

[ 2016-11-02T23:28:28+08:00 ] ::1 /zky/index.php/Admin/Equipment/Css/style.css
ERR: 非法操作:css

[ 2016-11-02T23:28:28+08:00 ] ::1 /zky/index.php/Admin/Equipment/Js/ckform.js
ERR: 非法操作:js

[ 2016-11-02T23:28:28+08:00 ] ::1 /zky/index.php/Admin/Equipment/Js/common.js
ERR: 非法操作:js

[ 2016-11-02T23:28:28+08:00 ] ::1 /zky/index.php/Admin/Equipment/Js/jquery2.sorted.js
ERR: 非法操作:js

[ 2016-11-02T23:28:28+08:00 ] ::1 /zky/index.php/Admin/Equipment/Js/bootstrap.js
ERR: 非法操作:js

[ 2016-11-02T23:28:28+08:00 ] ::1 /zky/index.php/Admin/Equipment/Js/ckform.js
ERR: 非法操作:js

[ 2016-11-02T23:28:29+08:00 ] ::1 /zky/index.php/Admin/Equipment/Js/common.js
ERR: 非法操作:js

[ 2016-11-02T23:30:04+08:00 ] ::1 /zky/index.php/Admin/Equipment/Css/bootstrap.css
ERR: 非法操作:css

[ 2016-11-02T23:30:04+08:00 ] ::1 /zky/index.php/Admin/Equipment/Css/bootstrap-responsive.css
ERR: 非法操作:css

[ 2016-11-02T23:30:04+08:00 ] ::1 /zky/index.php/Admin/Equipment/Js/common.js
ERR: 非法操作:js

[ 2016-11-02T23:30:04+08:00 ] ::1 /zky/index.php/Admin/Equipment/Js/jquery2.sorted.js
ERR: 非法操作:js

[ 2016-11-02T23:30:04+08:00 ] ::1 /zky/index.php/Admin/Equipment/Js/ckform.js
ERR: 非法操作:js

[ 2016-11-02T23:30:04+08:00 ] ::1 /zky/index.php/Admin/Equipment/Js/jquery2.js
ERR: 非法操作:js

[ 2016-11-02T23:30:04+08:00 ] ::1 /zky/index.php/Admin/Equipment/Js/bootstrap.js
ERR: 非法操作:js

[ 2016-11-02T23:30:04+08:00 ] ::1 /zky/index.php/Admin/Equipment/Css/style.css
ERR: 非法操作:css

[ 2016-11-02T23:30:04+08:00 ] ::1 /zky/index.php/Admin/Equipment/Js/jquery2.sorted.js
ERR: 非法操作:js

[ 2016-11-02T23:30:04+08:00 ] ::1 /zky/index.php/Admin/Equipment/Js/bootstrap.js
ERR: 非法操作:js

[ 2016-11-02T23:30:04+08:00 ] ::1 /zky/index.php/Admin/Equipment/Js/ckform.js
ERR: 非法操作:js

[ 2016-11-02T23:30:04+08:00 ] ::1 /zky/index.php/Admin/Equipment/Js/common.js
ERR: 非法操作:js

[ 2016-11-02T23:30:30+08:00 ] ::1 /zky/index.php/Admin/Equipment/Css/style.css
ERR: 非法操作:css

[ 2016-11-02T23:30:30+08:00 ] ::1 /zky/index.php/Admin/Equipment/Js/jquery2.js
ERR: 非法操作:js

[ 2016-11-02T23:30:30+08:00 ] ::1 /zky/index.php/Admin/Equipment/Css/bootstrap-responsive.css
ERR: 非法操作:css

[ 2016-11-02T23:30:30+08:00 ] ::1 /zky/index.php/Admin/Equipment/Js/jquery2.sorted.js
ERR: 非法操作:js

[ 2016-11-02T23:30:30+08:00 ] ::1 /zky/index.php/Admin/Equipment/Css/bootstrap.css
ERR: 非法操作:css

[ 2016-11-02T23:30:30+08:00 ] ::1 /zky/index.php/Admin/Equipment/Js/bootstrap.js
ERR: 非法操作:js

[ 2016-11-02T23:30:30+08:00 ] ::1 /zky/index.php/Admin/Equipment/Js/ckform.js
ERR: 非法操作:js

[ 2016-11-02T23:30:30+08:00 ] ::1 /zky/index.php/Admin/Equipment/Js/common.js
ERR: 非法操作:js

[ 2016-11-02T23:30:47+08:00 ] ::1 /zky/index.php/Admin/Equipment/Css/bootstrap.css
ERR: 非法操作:css

[ 2016-11-02T23:30:47+08:00 ] ::1 /zky/index.php/Admin/Equipment/Css/bootstrap-responsive.css
ERR: 非法操作:css

[ 2016-11-02T23:30:47+08:00 ] ::1 /zky/index.php/Admin/Equipment/Css/style.css
ERR: 非法操作:css

[ 2016-11-02T23:30:47+08:00 ] ::1 /zky/index.php/Admin/Equipment/Js/jquery2.js
ERR: 非法操作:js

[ 2016-11-02T23:30:47+08:00 ] ::1 /zky/index.php/Admin/Equipment/Js/ckform.js
ERR: 非法操作:js

[ 2016-11-02T23:30:47+08:00 ] ::1 /zky/index.php/Admin/Equipment/Js/jquery2.sorted.js
ERR: 非法操作:js

[ 2016-11-02T23:30:47+08:00 ] ::1 /zky/index.php/Admin/Equipment/Js/bootstrap.js
ERR: 非法操作:js

[ 2016-11-02T23:30:47+08:00 ] ::1 /zky/index.php/Admin/Equipment/Js/common.js
ERR: 非法操作:js

[ 2016-11-02T23:30:47+08:00 ] ::1 /zky/index.php/Admin/Equipment/Js/ckform.js
ERR: 非法操作:js

[ 2016-11-02T23:30:47+08:00 ] ::1 /zky/index.php/Admin/Equipment/Js/common.js
ERR: 非法操作:js

[ 2016-11-02T23:30:47+08:00 ] ::1 /zky/index.php/Admin/Equipment/Css/bootstrap.css
ERR: 非法操作:css

[ 2016-11-02T23:30:47+08:00 ] ::1 /zky/index.php/Admin/Equipment/Js/jquery2.js
ERR: 非法操作:js

[ 2016-11-02T23:30:47+08:00 ] ::1 /zky/index.php/Admin/Equipment/Js/jquery2.sorted.js
ERR: 非法操作:js

[ 2016-11-02T23:30:47+08:00 ] ::1 /zky/index.php/Admin/Equipment/Css/style.css
ERR: 非法操作:css

[ 2016-11-02T23:30:47+08:00 ] ::1 /zky/index.php/Admin/Equipment/Js/ckform.js
ERR: 非法操作:js

[ 2016-11-02T23:30:47+08:00 ] ::1 /zky/index.php/Admin/Equipment/Css/bootstrap-responsive.css
ERR: 非法操作:css

[ 2016-11-02T23:30:47+08:00 ] ::1 /zky/index.php/Admin/Equipment/Js/common.js
ERR: 非法操作:js

[ 2016-11-02T23:30:47+08:00 ] ::1 /zky/index.php/Admin/Equipment/Js/bootstrap.js
ERR: 非法操作:js

[ 2016-11-02T23:30:47+08:00 ] ::1 /zky/index.php/Admin/Equipment/Js/ckform.js
ERR: 非法操作:js

[ 2016-11-02T23:30:47+08:00 ] ::1 /zky/index.php/Admin/Equipment/Js/common.js
ERR: 非法操作:js

[ 2016-11-02T23:31:34+08:00 ] ::1 /zky/index.php/Admin/Equipment/Js/jquery2.js
ERR: 非法操作:js

[ 2016-11-02T23:31:34+08:00 ] ::1 /zky/index.php/Admin/Equipment/Js/jquery2.sorted.js
ERR: 非法操作:js

[ 2016-11-02T23:31:34+08:00 ] ::1 /zky/index.php/Admin/Equipment/Css/bootstrap-responsive.css
ERR: 非法操作:css

[ 2016-11-02T23:31:34+08:00 ] ::1 /zky/index.php/Admin/Equipment/Css/bootstrap.css
ERR: 非法操作:css

[ 2016-11-02T23:31:34+08:00 ] ::1 /zky/index.php/Admin/Equipment/Css/style.css
ERR: 非法操作:css

[ 2016-11-02T23:31:34+08:00 ] ::1 /zky/index.php/Admin/Equipment/Js/bootstrap.js
ERR: 非法操作:js

[ 2016-11-02T23:31:34+08:00 ] ::1 /zky/index.php/Admin/Equipment/Js/ckform.js
ERR: 非法操作:js

[ 2016-11-02T23:31:34+08:00 ] ::1 /zky/index.php/Admin/Equipment/Js/common.js
ERR: 非法操作:js

[ 2016-11-02T23:32:02+08:00 ] ::1 /zky/index.php/Admin/Equipment/Css/bootstrap.css
ERR: 非法操作:css

[ 2016-11-02T23:32:02+08:00 ] ::1 /zky/index.php/Admin/Equipment/Css/bootstrap-responsive.css
ERR: 非法操作:css

[ 2016-11-02T23:32:02+08:00 ] ::1 /zky/index.php/Admin/Equipment/Css/style.css
ERR: 非法操作:css

[ 2016-11-02T23:32:02+08:00 ] ::1 /zky/index.php/Admin/Equipment/Js/common.js
ERR: 非法操作:js

[ 2016-11-02T23:32:03+08:00 ] ::1 /zky/index.php/Admin/Equipment/Js/bootstrap.js
ERR: 非法操作:js

[ 2016-11-02T23:32:03+08:00 ] ::1 /zky/index.php/Admin/Equipment/Js/jquery2.sorted.js
ERR: 非法操作:js

[ 2016-11-02T23:32:03+08:00 ] ::1 /zky/index.php/Admin/Equipment/Js/jquery2.js
ERR: 非法操作:js

[ 2016-11-02T23:32:03+08:00 ] ::1 /zky/index.php/Admin/Equipment/Js/ckform.js
ERR: 非法操作:js

[ 2016-11-02T23:32:03+08:00 ] ::1 /zky/index.php/Admin/Equipment/Js/jquery2.sorted.js
ERR: 非法操作:js

[ 2016-11-02T23:32:03+08:00 ] ::1 /zky/index.php/Admin/Equipment/Js/bootstrap.js
ERR: 非法操作:js

[ 2016-11-02T23:32:03+08:00 ] ::1 /zky/index.php/Admin/Equipment/Js/ckform.js
ERR: 非法操作:js

[ 2016-11-02T23:32:03+08:00 ] ::1 /zky/index.php/Admin/Equipment/Js/common.js
ERR: 非法操作:js

[ 2016-11-02T23:32:52+08:00 ] ::1 /zky/index.php/Admin/Equipment/Css/bootstrap.css
ERR: 非法操作:css

[ 2016-11-02T23:32:52+08:00 ] ::1 /zky/index.php/Admin/Equipment/Css/style.css
ERR: 非法操作:css

[ 2016-11-02T23:32:52+08:00 ] ::1 /zky/index.php/Admin/Equipment/Js/ckform.js
ERR: 非法操作:js

[ 2016-11-02T23:32:52+08:00 ] ::1 /zky/index.php/Admin/Equipment/Js/jquery2.js
ERR: 非法操作:js

[ 2016-11-02T23:32:52+08:00 ] ::1 /zky/index.php/Admin/Equipment/Js/bootstrap.js
ERR: 非法操作:js

[ 2016-11-02T23:32:52+08:00 ] ::1 /zky/index.php/Admin/Equipment/Css/bootstrap-responsive.css
ERR: 非法操作:css

[ 2016-11-02T23:32:52+08:00 ] ::1 /zky/index.php/Admin/Equipment/Js/jquery2.sorted.js
ERR: 非法操作:js

[ 2016-11-02T23:32:52+08:00 ] ::1 /zky/index.php/Admin/Equipment/Js/common.js
ERR: 非法操作:js

[ 2016-11-02T23:32:52+08:00 ] ::1 /zky/index.php/Admin/Equipment/Js/bootstrap.js
ERR: 非法操作:js

[ 2016-11-02T23:32:52+08:00 ] ::1 /zky/index.php/Admin/Equipment/Js/ckform.js
ERR: 非法操作:js

[ 2016-11-02T23:32:52+08:00 ] ::1 /zky/index.php/Admin/Equipment/Js/common.js
ERR: 非法操作:js

[ 2016-11-02T23:33:13+08:00 ] ::1 /zky/index.php/Admin/Equipment/do_show
INFO: [ app_begin ] --START--
INFO: Run Behavior\ReadHtmlCache [ RunTime:0.000587s ]
INFO: [ app_begin ] --END-- [ RunTime:0.001117s ]
ERR: 非法操作:do_show

[ 2016-11-02T23:33:15+08:00 ] ::1 /zky/index.php/Admin/Equipment/do_show
INFO: [ app_begin ] --START--
INFO: Run Behavior\ReadHtmlCache [ RunTime:0.001159s ]
INFO: [ app_begin ] --END-- [ RunTime:0.002190s ]
ERR: 非法操作:do_show

[ 2016-11-02T23:33:18+08:00 ] ::1 /zky/index.php/Admin/Equipment/Css/bootstrap.css
ERR: 非法操作:css

[ 2016-11-02T23:33:18+08:00 ] ::1 /zky/index.php/Admin/Equipment/Js/jquery2.sorted.js
ERR: 非法操作:js

[ 2016-11-02T23:33:18+08:00 ] ::1 /zky/index.php/Admin/Equipment/Js/bootstrap.js
ERR: 非法操作:js

[ 2016-11-02T23:33:18+08:00 ] ::1 /zky/index.php/Admin/Equipment/Js/ckform.js
ERR: 非法操作:js

[ 2016-11-02T23:33:18+08:00 ] ::1 /zky/index.php/Admin/Equipment/Css/style.css
ERR: 非法操作:css

[ 2016-11-02T23:33:18+08:00 ] ::1 /zky/index.php/Admin/Equipment/Css/bootstrap-responsive.css
ERR: 非法操作:css

[ 2016-11-02T23:33:18+08:00 ] ::1 /zky/index.php/Admin/Equipment/Js/jquery2.js
ERR: 非法操作:js

[ 2016-11-02T23:33:18+08:00 ] ::1 /zky/index.php/Admin/Equipment/Js/common.js
ERR: 非法操作:js

[ 2016-11-02T23:33:19+08:00 ] ::1 /zky/index.php/Admin/Equipment/Js/jquery2.sorted.js
ERR: 非法操作:js

[ 2016-11-02T23:33:19+08:00 ] ::1 /zky/index.php/Admin/Equipment/Js/bootstrap.js
ERR: 非法操作:js

[ 2016-11-02T23:33:19+08:00 ] ::1 /zky/index.php/Admin/Equipment/Js/ckform.js
ERR: 非法操作:js

[ 2016-11-02T23:33:19+08:00 ] ::1 /zky/index.php/Admin/Equipment/Js/common.js
ERR: 非法操作:js

[ 2016-11-02T23:33:24+08:00 ] ::1 /zky/index.php/Admin/Equipment/Css/bootstrap.css
ERR: 非法操作:css

[ 2016-11-02T23:33:24+08:00 ] ::1 /zky/index.php/Admin/Equipment/Js/jquery2.js
ERR: 非法操作:js

[ 2016-11-02T23:33:24+08:00 ] ::1 /zky/index.php/Admin/Equipment/Css/style.css
ERR: 非法操作:css

[ 2016-11-02T23:33:24+08:00 ] ::1 /zky/index.php/Admin/Equipment/Js/jquery2.sorted.js
ERR: 非法操作:js

[ 2016-11-02T23:33:24+08:00 ] ::1 /zky/index.php/Admin/Equipment/Js/ckform.js
ERR: 非法操作:js

[ 2016-11-02T23:33:24+08:00 ] ::1 /zky/index.php/Admin/Equipment/Css/bootstrap-responsive.css
ERR: 非法操作:css

[ 2016-11-02T23:33:24+08:00 ] ::1 /zky/index.php/Admin/Equipment/Js/bootstrap.js
ERR: 非法操作:js

[ 2016-11-02T23:33:24+08:00 ] ::1 /zky/index.php/Admin/Equipment/Js/common.js
ERR: 非法操作:js

[ 2016-11-02T23:33:24+08:00 ] ::1 /zky/index.php/Admin/Equipment/Js/ckform.js
ERR: 非法操作:js

[ 2016-11-02T23:33:24+08:00 ] ::1 /zky/index.php/Admin/Equipment/Js/common.js
ERR: 非法操作:js

