[ 2016-10-20T12:55:04+08:00 ] ::1 /zky/index.php/Home/Index/zhihu-css.css
ERR: 非法操作:zhihu-css.css

[ 2016-10-20T12:55:05+08:00 ] ::1 /zky/index.php/Home/Index/zhihu-css.css
ERR: 非法操作:zhihu-css.css

[ 2016-10-20T12:55:06+08:00 ] ::1 /zky/index.php/Home/Inform/zhihu-css.css
ERR: 非法操作:zhihu-css.css

[ 2016-10-20T12:55:07+08:00 ] ::1 /zky/index.php/Home/Equipment/zhihu-css.css
ERR: 非法操作:zhihu-css.css

[ 2016-10-20T12:55:08+08:00 ] ::1 /zky/index.php/Home/File/zhihu-css.css
ERR: 非法操作:zhihu-css.css

[ 2016-10-20T12:55:09+08:00 ] ::1 /zky/index.php/Home/Regulation/zhihu-css.css
ERR: 非法操作:zhihu-css.css

[ 2016-10-20T12:55:11+08:00 ] ::1 /zky/index.php/Home/Regulation/zhihu-css.css
ERR: 非法操作:zhihu-css.css

[ 2016-10-20T12:55:15+08:00 ] ::1 /zky/index.php/Home/Inform/zhihu-css.css
ERR: 非法操作:zhihu-css.css

[ 2016-10-20T12:55:17+08:00 ] ::1 /zky/index.php/Home/Inform/zhihu-css.css
ERR: 非法操作:zhihu-css.css

[ 2016-10-20T12:55:28+08:00 ] ::1 /zky/index.php/Home/Index/zhihu-css.css
ERR: 非法操作:zhihu-css.css

[ 2016-10-20T12:55:29+08:00 ] ::1 /zky/index.php/Home/Index/zhihu-css.css
ERR: 非法操作:zhihu-css.css

[ 2016-10-20T12:55:30+08:00 ] ::1 /zky/index.php/Home/Inform/zhihu-css.css
ERR: 非法操作:zhihu-css.css

[ 2016-10-20T12:55:31+08:00 ] ::1 /zky/index.php/Home/Equipment/zhihu-css.css
ERR: 非法操作:zhihu-css.css

[ 2016-10-20T12:55:31+08:00 ] ::1 /zky/index.php/Home/Regulation/zhihu-css.css
ERR: 非法操作:zhihu-css.css

[ 2016-10-20T12:55:32+08:00 ] ::1 /zky/index.php/Home/Equipment/zhihu-css.css
ERR: 非法操作:zhihu-css.css

[ 2016-10-20T12:55:35+08:00 ] ::1 /zky/index.php/Home/Equipment/zhihu-css.css
ERR: 非法操作:zhihu-css.css

[ 2016-10-20T12:55:36+08:00 ] ::1 /zky/index.php/Home/File/zhihu-css.css
ERR: 非法操作:zhihu-css.css

[ 2016-10-20T12:55:39+08:00 ] ::1 /zky/index.php/Home/File/zhihu-css.css
ERR: 非法操作:zhihu-css.css

[ 2016-10-20T12:55:40+08:00 ] ::1 /zky/index.php/Home/Index/zhihu-css.css
ERR: 非法操作:zhihu-css.css

[ 2016-10-20T12:55:59+08:00 ] ::1 /zky/index.php/Home/Message/zhihu-css.css
ERR: 非法操作:zhihu-css.css

[ 2016-10-20T12:56:03+08:00 ] ::1 /zky/index.php/Home/Message/zhihu-css.css
ERR: 非法操作:zhihu-css.css

[ 2016-10-20T12:56:04+08:00 ] ::1 /zky/index.php/Home/Message/zhihu-css.css
ERR: 非法操作:zhihu-css.css

[ 2016-10-20T12:56:06+08:00 ] ::1 /zky/index.php/Home/Message/zhihu-css.css
ERR: 非法操作:zhihu-css.css

[ 2016-10-20T12:56:07+08:00 ] ::1 /zky/index.php/Home/Index/zhihu-css.css
ERR: 非法操作:zhihu-css.css

[ 2016-10-20T12:56:09+08:00 ] ::1 /zky/index.php/Home/Message/zhihu-css.css
ERR: 非法操作:zhihu-css.css

[ 2016-10-20T12:56:11+08:00 ] ::1 /zky/index.php/Home/Message/zhihu-css.css
ERR: 非法操作:zhihu-css.css

[ 2016-10-20T12:56:14+08:00 ] ::1 /zky/index.php/Home/Message/zhihu-css.css
ERR: 非法操作:zhihu-css.css

[ 2016-10-20T12:56:18+08:00 ] ::1 /zky/index.php/Home/Index/zhihu-css.css
ERR: 非法操作:zhihu-css.css

[ 2016-10-20T12:56:20+08:00 ] ::1 /zky/index.php/Home/Message/zhihu-css.css
ERR: 非法操作:zhihu-css.css

[ 2016-10-20T12:56:25+08:00 ] ::1 /zky/index.php/Home/Message/zhihu-css.css
ERR: 非法操作:zhihu-css.css

[ 2016-10-20T12:56:49+08:00 ] ::1 /zky/index.php/Home/Message/zhihu-css.css
ERR: 非法操作:zhihu-css.css

[ 2016-10-20T12:56:51+08:00 ] ::1 /zky/index.php/Home/File/zhihu-css.css
ERR: 非法操作:zhihu-css.css

[ 2016-10-20T12:56:53+08:00 ] ::1 /zky/index.php/Home/File/zhihu-css.css
ERR: 非法操作:zhihu-css.css

[ 2016-10-20T12:56:59+08:00 ] ::1 /zky/index.php/Home/File/zhihu-css.css
ERR: 非法操作:zhihu-css.css

[ 2016-10-20T12:57:02+08:00 ] ::1 /zky/index.php/Home/File/zhihu-css.css
ERR: 非法操作:zhihu-css.css

[ 2016-10-20T12:57:06+08:00 ] ::1 /zky/index.php/Home/File/zhihu-css.css
ERR: 非法操作:zhihu-css.css

[ 2016-10-20T12:57:18+08:00 ] ::1 /zky/index.php/Home/File/zhihu-css.css
ERR: 非法操作:zhihu-css.css

[ 2016-10-20T12:57:20+08:00 ] ::1 /zky/index.php/Home/Regulation/zhihu-css.css
ERR: 非法操作:zhihu-css.css

[ 2016-10-20T12:57:21+08:00 ] ::1 /zky/index.php/Home/File/zhihu-css.css
ERR: 非法操作:zhihu-css.css

[ 2016-10-20T12:57:22+08:00 ] ::1 /zky/index.php/Home/Message/zhihu-css.css
ERR: 非法操作:zhihu-css.css

[ 2016-10-20T12:57:23+08:00 ] ::1 /zky/index.php/Home/Index/zhihu-css.css
ERR: 非法操作:zhihu-css.css

[ 2016-10-20T12:57:24+08:00 ] ::1 /zky/index.php/Home/Message/zhihu-css.css
ERR: 非法操作:zhihu-css.css

[ 2016-10-20T12:57:29+08:00 ] ::1 /zky/index.php/Home/Index/zhihu-css.css
ERR: 非法操作:zhihu-css.css

[ 2016-10-20T12:57:31+08:00 ] ::1 /zky/index.php/Home/Index/zhihu-css.css
ERR: 非法操作:zhihu-css.css

[ 2016-10-20T12:57:35+08:00 ] ::1 /zky/index.php/Home/Index/zhihu-css.css
ERR: 非法操作:zhihu-css.css

[ 2016-10-20T12:57:58+08:00 ] ::1 /zky/index.php/Home/Index/zhihu-css.css
ERR: 非法操作:zhihu-css.css

[ 2016-10-20T12:58:06+08:00 ] ::1 /zky/index.php/Home/Index/zhihu-css.css
ERR: 非法操作:zhihu-css.css

[ 2016-10-20T12:59:35+08:00 ] ::1 /zky/index.php/Home/Index/zhihu-css.css
ERR: 非法操作:zhihu-css.css

[ 2016-10-20T12:59:38+08:00 ] ::1 /zky/index.php/Home/Index/zhihu-css.css
ERR: 非法操作:zhihu-css.css

[ 2016-10-20T13:05:24+08:00 ] ::1 /zky/index.php/Home/Message/zhihu-css.css
ERR: 非法操作:zhihu-css.css

[ 2016-10-20T13:05:25+08:00 ] ::1 /zky/index.php/Home/File/zhihu-css.css
ERR: 非法操作:zhihu-css.css

[ 2016-10-20T13:05:27+08:00 ] ::1 /zky/index.php/Home/Regulation/zhihu-css.css
ERR: 非法操作:zhihu-css.css

[ 2016-10-20T13:05:27+08:00 ] ::1 /zky/index.php/Home/File/zhihu-css.css
ERR: 非法操作:zhihu-css.css

[ 2016-10-20T13:05:28+08:00 ] ::1 /zky/index.php/Home/Regulation/zhihu-css.css
ERR: 非法操作:zhihu-css.css

[ 2016-10-20T13:05:31+08:00 ] ::1 /zky/index.php/Home/Regulation/showitems/id/2
ERR: 非法操作:showitems

[ 2016-10-20T13:05:33+08:00 ] ::1 /zky/index.php/Home/Regulation/zhihu-css.css
ERR: 非法操作:zhihu-css.css

[ 2016-10-20T13:05:34+08:00 ] ::1 /zky/index.php/Home/Regulation/showitems/id/3
ERR: 非法操作:showitems

[ 2016-10-20T13:05:35+08:00 ] ::1 /zky/index.php/Home/Regulation/zhihu-css.css
ERR: 非法操作:zhihu-css.css

[ 2016-10-20T13:05:43+08:00 ] ::1 /zky/index.php/Home/Index/zhihu-css.css
ERR: 非法操作:zhihu-css.css

[ 2016-10-20T13:05:43+08:00 ] ::1 /zky/index.php/Home/Inform/zhihu-css.css
ERR: 非法操作:zhihu-css.css

[ 2016-10-20T13:05:44+08:00 ] ::1 /zky/index.php/Home/Equipment/zhihu-css.css
ERR: 非法操作:zhihu-css.css

[ 2016-10-20T13:05:45+08:00 ] ::1 /zky/index.php/Home/Regulation/zhihu-css.css
ERR: 非法操作:zhihu-css.css

[ 2016-10-20T13:05:45+08:00 ] ::1 /zky/index.php/Home/File/zhihu-css.css
ERR: 非法操作:zhihu-css.css

[ 2016-10-20T13:05:46+08:00 ] ::1 /zky/index.php/Home/Message/zhihu-css.css
ERR: 非法操作:zhihu-css.css

[ 2016-10-20T13:05:47+08:00 ] ::1 /zky/index.php/Home/Index/zhihu-css.css
ERR: 非法操作:zhihu-css.css

[ 2016-10-20T13:05:48+08:00 ] ::1 /zky/index.php/Home/Message/zhihu-css.css
ERR: 非法操作:zhihu-css.css

[ 2016-10-20T13:05:48+08:00 ] ::1 /zky/index.php/Home/File/zhihu-css.css
ERR: 非法操作:zhihu-css.css

[ 2016-10-20T13:05:49+08:00 ] ::1 /zky/index.php/Home/Regulation/zhihu-css.css
ERR: 非法操作:zhihu-css.css

[ 2016-10-20T13:05:49+08:00 ] ::1 /zky/index.php/Home/Equipment/zhihu-css.css
ERR: 非法操作:zhihu-css.css

[ 2016-10-20T13:05:50+08:00 ] ::1 /zky/index.php/Home/Inform/zhihu-css.css
ERR: 非法操作:zhihu-css.css

[ 2016-10-20T13:05:50+08:00 ] ::1 /zky/index.php/Home/Index/zhihu-css.css
ERR: 非法操作:zhihu-css.css

[ 2016-10-20T13:06:05+08:00 ] ::1 /zky/index.php/Admin/Index/Css/style.css
ERR: 非法操作:css

[ 2016-10-20T13:06:05+08:00 ] ::1 /zky/index.php/Admin/Index/Js/jquery2.js
ERR: 非法操作:js

[ 2016-10-20T13:06:05+08:00 ] ::1 /zky/index.php/Admin/Index/Js/jquery2.sorted.js
ERR: 非法操作:js

[ 2016-10-20T13:06:05+08:00 ] ::1 /zky/index.php/Admin/Index/Js/bootstrap.js
ERR: 非法操作:js

[ 2016-10-20T13:06:05+08:00 ] ::1 /zky/index.php/Admin/Index/Js/ckform.js
ERR: 非法操作:js

[ 2016-10-20T13:06:05+08:00 ] ::1 /zky/index.php/Admin/Index/Css/bootstrap.css
ERR: 非法操作:css

[ 2016-10-20T13:06:05+08:00 ] ::1 /zky/index.php/Admin/Index/Css/bootstrap-responsive.css
ERR: 非法操作:css

[ 2016-10-20T13:06:05+08:00 ] ::1 /zky/index.php/Admin/Index/Js/common.js
ERR: 非法操作:js

[ 2016-10-20T13:06:06+08:00 ] ::1 /zky/index.php/Admin/Inform/Js/jquery2.js
ERR: 非法操作:js

[ 2016-10-20T13:06:06+08:00 ] ::1 /zky/index.php/Admin/Inform/Css/bootstrap.css
ERR: 非法操作:css

[ 2016-10-20T13:06:06+08:00 ] ::1 /zky/index.php/Admin/Inform/Css/style.css
ERR: 非法操作:css

[ 2016-10-20T13:06:06+08:00 ] ::1 /zky/index.php/Admin/Inform/Css/bootstrap-responsive.css
ERR: 非法操作:css

[ 2016-10-20T13:06:06+08:00 ] ::1 /zky/index.php/Admin/Inform/Js/ckform.js
ERR: 非法操作:js

[ 2016-10-20T13:06:06+08:00 ] ::1 /zky/index.php/Admin/Inform/Js/jquery2.sorted.js
ERR: 非法操作:js

[ 2016-10-20T13:06:06+08:00 ] ::1 /zky/index.php/Admin/Inform/Js/common.js
ERR: 非法操作:js

[ 2016-10-20T13:06:06+08:00 ] ::1 /zky/index.php/Admin/Inform/Js/bootstrap.js
ERR: 非法操作:js

[ 2016-10-20T13:06:06+08:00 ] ::1 /zky/index.php/Admin/Inform/Js/ckform.js
ERR: 非法操作:js

[ 2016-10-20T13:06:07+08:00 ] ::1 /zky/index.php/Admin/Inform/Js/common.js
ERR: 非法操作:js

[ 2016-10-20T13:06:09+08:00 ] ::1 /zky/index.php/Admin/Equipment/Css/style.css
ERR: 非法操作:css

[ 2016-10-20T13:06:09+08:00 ] ::1 /zky/index.php/Admin/Equipment/Js/jquery2.js
ERR: 非法操作:js

[ 2016-10-20T13:06:09+08:00 ] ::1 /zky/index.php/Admin/Equipment/Css/bootstrap.css
ERR: 非法操作:css

[ 2016-10-20T13:06:09+08:00 ] ::1 /zky/index.php/Admin/Equipment/Js/ckform.js
ERR: 非法操作:js

[ 2016-10-20T13:06:09+08:00 ] ::1 /zky/index.php/Admin/Equipment/Js/common.js
ERR: 非法操作:js

[ 2016-10-20T13:06:09+08:00 ] ::1 /zky/index.php/Admin/Equipment/Js/jquery2.sorted.js
ERR: 非法操作:js

[ 2016-10-20T13:06:09+08:00 ] ::1 /zky/index.php/Admin/Equipment/Js/bootstrap.js
ERR: 非法操作:js

[ 2016-10-20T13:06:09+08:00 ] ::1 /zky/index.php/Admin/Equipment/Css/bootstrap-responsive.css
ERR: 非法操作:css

[ 2016-10-20T13:06:09+08:00 ] ::1 /zky/index.php/Admin/Equipment/Js/ckform.js
ERR: 非法操作:js

[ 2016-10-20T13:06:09+08:00 ] ::1 /zky/index.php/Admin/Equipment/Js/common.js
ERR: 非法操作:js

[ 2016-10-20T13:06:10+08:00 ] ::1 /zky/index.php/Admin/Equipment/Js/bootstrap.js
ERR: 非法操作:js

[ 2016-10-20T13:06:10+08:00 ] ::1 /zky/index.php/Admin/Equipment/Js/jquery2.sorted.js
ERR: 非法操作:js

[ 2016-10-20T13:06:10+08:00 ] ::1 /zky/index.php/Admin/Equipment/Css/style.css
ERR: 非法操作:css

[ 2016-10-20T13:06:10+08:00 ] ::1 /zky/index.php/Admin/Equipment/Css/bootstrap-responsive.css
ERR: 非法操作:css

[ 2016-10-20T13:06:10+08:00 ] ::1 /zky/index.php/Admin/Equipment/Js/jquery2.js
ERR: 非法操作:js

[ 2016-10-20T13:06:10+08:00 ] ::1 /zky/index.php/Admin/Equipment/Css/bootstrap.css
ERR: 非法操作:css

[ 2016-10-20T13:06:10+08:00 ] ::1 /zky/index.php/Admin/Equipment/Js/ckform.js
ERR: 非法操作:js

[ 2016-10-20T13:06:10+08:00 ] ::1 /zky/index.php/Admin/Equipment/Js/common.js
ERR: 非法操作:js

[ 2016-10-20T13:06:10+08:00 ] ::1 /zky/index.php/Admin/Equipment/Js/jquery2.sorted.js
ERR: 非法操作:js

[ 2016-10-20T13:06:10+08:00 ] ::1 /zky/index.php/Admin/Equipment/Js/bootstrap.js
ERR: 非法操作:js

[ 2016-10-20T13:06:10+08:00 ] ::1 /zky/index.php/Admin/Equipment/Js/ckform.js
ERR: 非法操作:js

[ 2016-10-20T13:06:10+08:00 ] ::1 /zky/index.php/Admin/Equipment/Js/common.js
ERR: 非法操作:js

[ 2016-10-20T13:06:11+08:00 ] ::1 /zky/index.php/Admin/Regulation/Css/bootstrap-responsive.css
ERR: 非法操作:css

[ 2016-10-20T13:06:11+08:00 ] ::1 /zky/index.php/Admin/Regulation/Css/bootstrap.css
ERR: 非法操作:css

[ 2016-10-20T13:06:11+08:00 ] ::1 /zky/index.php/Admin/Regulation/Js/jquery2.sorted.js
ERR: 非法操作:js

[ 2016-10-20T13:06:11+08:00 ] ::1 /zky/index.php/Admin/Regulation/Js/bootstrap.js
ERR: 非法操作:js

[ 2016-10-20T13:06:11+08:00 ] ::1 /zky/index.php/Admin/Regulation/Js/jquery2.js
ERR: 非法操作:js

[ 2016-10-20T13:06:11+08:00 ] ::1 /zky/index.php/Admin/Regulation/Js/ckform.js
ERR: 非法操作:js

[ 2016-10-20T13:06:11+08:00 ] ::1 /zky/index.php/Admin/Regulation/Css/style.css
ERR: 非法操作:css

[ 2016-10-20T13:06:11+08:00 ] ::1 /zky/index.php/Admin/Regulation/Js/common.js
ERR: 非法操作:js

[ 2016-10-20T13:06:11+08:00 ] ::1 /zky/index.php/Admin/Regulation/Js/jquery2.sorted.js
ERR: 非法操作:js

[ 2016-10-20T13:06:11+08:00 ] ::1 /zky/index.php/Admin/Regulation/Js/bootstrap.js
ERR: 非法操作:js

[ 2016-10-20T13:06:11+08:00 ] ::1 /zky/index.php/Admin/Regulation/Js/ckform.js
ERR: 非法操作:js

[ 2016-10-20T13:06:11+08:00 ] ::1 /zky/index.php/Admin/Regulation/Js/common.js
ERR: 非法操作:js

[ 2016-10-20T13:06:12+08:00 ] ::1 /zky/index.php/Admin/File/Css/bootstrap.css
ERR: 非法操作:css

[ 2016-10-20T13:06:12+08:00 ] ::1 /zky/index.php/Admin/File/Js/jquery2.js
ERR: 非法操作:js

[ 2016-10-20T13:06:12+08:00 ] ::1 /zky/index.php/Admin/File/Css/style.css
ERR: 非法操作:css

[ 2016-10-20T13:06:12+08:00 ] ::1 /zky/index.php/Admin/File/Css/bootstrap-responsive.css
ERR: 非法操作:css

[ 2016-10-20T13:06:12+08:00 ] ::1 /zky/index.php/Admin/File/Js/ckform.js
ERR: 非法操作:js

[ 2016-10-20T13:06:12+08:00 ] ::1 /zky/index.php/Admin/File/Js/jquery2.sorted.js
ERR: 非法操作:js

[ 2016-10-20T13:06:12+08:00 ] ::1 /zky/index.php/Admin/File/Js/common.js
ERR: 非法操作:js

[ 2016-10-20T13:06:13+08:00 ] ::1 /zky/index.php/Admin/File/Js/bootstrap.js
ERR: 非法操作:js

[ 2016-10-20T13:06:13+08:00 ] ::1 /zky/index.php/Admin/File/Js/ckform.js
ERR: 非法操作:js

[ 2016-10-20T13:06:13+08:00 ] ::1 /zky/index.php/Admin/File/Js/common.js
ERR: 非法操作:js

[ 2016-10-20T13:06:14+08:00 ] ::1 /zky/index.php/Admin/Message/Js/jquery2.js
ERR: 非法操作:js

[ 2016-10-20T13:06:14+08:00 ] ::1 /zky/index.php/Admin/Message/Js/jquery2.sorted.js
ERR: 非法操作:js

[ 2016-10-20T13:06:14+08:00 ] ::1 /zky/index.php/Admin/Message/Css/style.css
ERR: 非法操作:css

[ 2016-10-20T13:06:14+08:00 ] ::1 /zky/index.php/Admin/Message/Css/bootstrap.css
ERR: 非法操作:css

[ 2016-10-20T13:06:14+08:00 ] ::1 /zky/index.php/Admin/Message/Css/bootstrap-responsive.css
ERR: 非法操作:css

[ 2016-10-20T13:06:14+08:00 ] ::1 /zky/index.php/Admin/Message/Js/ckform.js
ERR: 非法操作:js

[ 2016-10-20T13:06:14+08:00 ] ::1 /zky/index.php/Admin/Message/Js/bootstrap.js
ERR: 非法操作:js

[ 2016-10-20T13:06:14+08:00 ] ::1 /zky/index.php/Admin/Message/Js/common.js
ERR: 非法操作:js

[ 2016-10-20T13:06:14+08:00 ] ::1 /zky/index.php/Admin/Message/Js/ckform.js
ERR: 非法操作:js

[ 2016-10-20T13:06:14+08:00 ] ::1 /zky/index.php/Admin/Message/Js/common.js
ERR: 非法操作:js

[ 2016-10-20T13:06:15+08:00 ] ::1 /zky/index.php/Admin/Message/Css/bootstrap-responsive.css
ERR: 非法操作:css

[ 2016-10-20T13:06:15+08:00 ] ::1 /zky/index.php/Admin/Message/Css/bootstrap.css
ERR: 非法操作:css

[ 2016-10-20T13:06:15+08:00 ] ::1 /zky/index.php/Admin/Message/Css/style.css
ERR: 非法操作:css

[ 2016-10-20T13:06:15+08:00 ] ::1 /zky/index.php/Admin/Message/Js/bootstrap.js
ERR: 非法操作:js

[ 2016-10-20T13:06:15+08:00 ] ::1 /zky/index.php/Admin/Message/Js/jquery2.sorted.js
ERR: 非法操作:js

[ 2016-10-20T13:06:15+08:00 ] ::1 /zky/index.php/Admin/Message/Js/jquery2.js
ERR: 非法操作:js

[ 2016-10-20T13:06:15+08:00 ] ::1 /zky/index.php/Admin/Message/Js/ckform.js
ERR: 非法操作:js

[ 2016-10-20T13:06:15+08:00 ] ::1 /zky/index.php/Admin/Message/Js/common.js
ERR: 非法操作:js

[ 2016-10-20T13:06:15+08:00 ] ::1 /zky/index.php/Admin/Message/Js/jquery2.sorted.js
ERR: 非法操作:js

[ 2016-10-20T13:06:15+08:00 ] ::1 /zky/index.php/Admin/Message/Js/bootstrap.js
ERR: 非法操作:js

[ 2016-10-20T13:06:15+08:00 ] ::1 /zky/index.php/Admin/Message/Js/ckform.js
ERR: 非法操作:js

[ 2016-10-20T13:06:15+08:00 ] ::1 /zky/index.php/Admin/Message/Js/common.js
ERR: 非法操作:js

[ 2016-10-20T13:06:16+08:00 ] ::1 /zky/index.php/Admin/Index/Css/bootstrap-responsive.css
ERR: 非法操作:css

[ 2016-10-20T13:06:17+08:00 ] ::1 /zky/index.php/Admin/Index/Css/bootstrap.css
ERR: 非法操作:css

[ 2016-10-20T13:06:17+08:00 ] ::1 /zky/index.php/Admin/Index/Js/bootstrap.js
ERR: 非法操作:js

[ 2016-10-20T13:06:17+08:00 ] ::1 /zky/index.php/Admin/Index/Css/style.css
ERR: 非法操作:css

[ 2016-10-20T13:06:17+08:00 ] ::1 /zky/index.php/Admin/Index/Js/jquery2.js
ERR: 非法操作:js

[ 2016-10-20T13:06:17+08:00 ] ::1 /zky/index.php/Admin/Index/Js/jquery2.sorted.js
ERR: 非法操作:js

[ 2016-10-20T13:06:17+08:00 ] ::1 /zky/index.php/Admin/Index/Js/ckform.js
ERR: 非法操作:js

[ 2016-10-20T13:06:17+08:00 ] ::1 /zky/index.php/Admin/Index/Js/common.js
ERR: 非法操作:js

[ 2016-10-20T13:06:17+08:00 ] ::1 /zky/index.php/Admin/Index/Js/bootstrap.js
ERR: 非法操作:js

[ 2016-10-20T13:06:17+08:00 ] ::1 /zky/index.php/Admin/Index/Js/ckform.js
ERR: 非法操作:js

[ 2016-10-20T13:06:17+08:00 ] ::1 /zky/index.php/Admin/Index/Js/common.js
ERR: 非法操作:js

[ 2016-10-20T13:07:28+08:00 ] ::1 /zky/index.php/Admin/Regulation/Css/style.css
ERR: 非法操作:css

[ 2016-10-20T13:07:28+08:00 ] ::1 /zky/index.php/Admin/Regulation/Css/bootstrap.css
ERR: 非法操作:css

[ 2016-10-20T13:07:28+08:00 ] ::1 /zky/index.php/Admin/Regulation/Css/bootstrap-responsive.css
ERR: 非法操作:css

[ 2016-10-20T13:07:28+08:00 ] ::1 /zky/index.php/Admin/Regulation/Js/jquery2.js
ERR: 非法操作:js

[ 2016-10-20T13:07:28+08:00 ] ::1 /zky/index.php/Admin/Regulation/Js/bootstrap.js
ERR: 非法操作:js

[ 2016-10-20T13:07:28+08:00 ] ::1 /zky/index.php/Admin/Regulation/Js/jquery2.sorted.js
ERR: 非法操作:js

[ 2016-10-20T13:07:28+08:00 ] ::1 /zky/index.php/Admin/Regulation/Js/ckform.js
ERR: 非法操作:js

[ 2016-10-20T13:07:28+08:00 ] ::1 /zky/index.php/Admin/Regulation/Js/common.js
ERR: 非法操作:js

[ 2016-10-20T13:07:28+08:00 ] ::1 /zky/index.php/Admin/Regulation/Js/bootstrap.js
ERR: 非法操作:js

[ 2016-10-20T13:07:28+08:00 ] ::1 /zky/index.php/Admin/Regulation/Js/ckform.js
ERR: 非法操作:js

[ 2016-10-20T13:07:28+08:00 ] ::1 /zky/index.php/Admin/Regulation/Js/common.js
ERR: 非法操作:js

[ 2016-10-20T13:07:30+08:00 ] ::1 /zky/index.php/Admin/File/Css/bootstrap-responsive.css
ERR: 非法操作:css

[ 2016-10-20T13:07:30+08:00 ] ::1 /zky/index.php/Admin/File/Js/jquery2.sorted.js
ERR: 非法操作:js

[ 2016-10-20T13:07:30+08:00 ] ::1 /zky/index.php/Admin/File/Js/ckform.js
ERR: 非法操作:js

[ 2016-10-20T13:07:30+08:00 ] ::1 /zky/index.php/Admin/File/Css/bootstrap.css
ERR: 非法操作:css

[ 2016-10-20T13:07:30+08:00 ] ::1 /zky/index.php/Admin/File/Js/bootstrap.js
ERR: 非法操作:js

[ 2016-10-20T13:07:30+08:00 ] ::1 /zky/index.php/Admin/File/Js/common.js
ERR: 非法操作:js

[ 2016-10-20T13:07:30+08:00 ] ::1 /zky/index.php/Admin/File/Css/style.css
ERR: 非法操作:css

[ 2016-10-20T13:07:30+08:00 ] ::1 /zky/index.php/Admin/File/Js/jquery2.js
ERR: 非法操作:js

[ 2016-10-20T13:07:30+08:00 ] ::1 /zky/index.php/Admin/File/Js/jquery2.sorted.js
ERR: 非法操作:js

[ 2016-10-20T13:07:30+08:00 ] ::1 /zky/index.php/Admin/File/Js/bootstrap.js
ERR: 非法操作:js

[ 2016-10-20T13:07:30+08:00 ] ::1 /zky/index.php/Admin/File/Js/ckform.js
ERR: 非法操作:js

[ 2016-10-20T13:07:30+08:00 ] ::1 /zky/index.php/Admin/File/Js/common.js
ERR: 非法操作:js

[ 2016-10-20T13:07:33+08:00 ] ::1 /zky/index.php/Admin/Equipment/Css/bootstrap-responsive.css
ERR: 非法操作:css

[ 2016-10-20T13:07:33+08:00 ] ::1 /zky/index.php/Admin/Equipment/Js/jquery2.sorted.js
ERR: 非法操作:js

[ 2016-10-20T13:07:33+08:00 ] ::1 /zky/index.php/Admin/Equipment/Js/bootstrap.js
ERR: 非法操作:js

[ 2016-10-20T13:07:33+08:00 ] ::1 /zky/index.php/Admin/Equipment/Js/ckform.js
ERR: 非法操作:js

[ 2016-10-20T13:07:33+08:00 ] ::1 /zky/index.php/Admin/Equipment/Css/bootstrap.css
ERR: 非法操作:css

[ 2016-10-20T13:07:33+08:00 ] ::1 /zky/index.php/Admin/Equipment/Js/common.js
ERR: 非法操作:js

[ 2016-10-20T13:07:33+08:00 ] ::1 /zky/index.php/Admin/Equipment/Css/style.css
ERR: 非法操作:css

[ 2016-10-20T13:07:33+08:00 ] ::1 /zky/index.php/Admin/Equipment/Js/jquery2.js
ERR: 非法操作:js

[ 2016-10-20T13:07:33+08:00 ] ::1 /zky/index.php/Admin/Equipment/Js/jquery2.sorted.js
ERR: 非法操作:js

[ 2016-10-20T13:07:33+08:00 ] ::1 /zky/index.php/Admin/Equipment/Js/bootstrap.js
ERR: 非法操作:js

[ 2016-10-20T13:07:33+08:00 ] ::1 /zky/index.php/Admin/Equipment/Js/ckform.js
ERR: 非法操作:js

[ 2016-10-20T13:07:33+08:00 ] ::1 /zky/index.php/Admin/Equipment/Js/common.js
ERR: 非法操作:js

[ 2016-10-20T13:19:54+08:00 ] ::1 /zky/index.php/Admin/Equipment/Js/jquery2.sorted.js
ERR: 非法操作:js

[ 2016-10-20T13:19:54+08:00 ] ::1 /zky/index.php/Admin/Equipment/Js/jquery2.js
ERR: 非法操作:js

[ 2016-10-20T13:19:54+08:00 ] ::1 /zky/index.php/Admin/Equipment/Js/bootstrap.js
ERR: 非法操作:js

[ 2016-10-20T13:19:54+08:00 ] ::1 /zky/index.php/Admin/Equipment/Css/style.css
ERR: 非法操作:css

[ 2016-10-20T13:19:54+08:00 ] ::1 /zky/index.php/Admin/Equipment/Css/bootstrap-responsive.css
ERR: 非法操作:css

[ 2016-10-20T13:19:54+08:00 ] ::1 /zky/index.php/Admin/Equipment/Css/bootstrap.css
ERR: 非法操作:css

[ 2016-10-20T13:19:54+08:00 ] ::1 /zky/index.php/Admin/Equipment/Js/ckform.js
ERR: 非法操作:js

[ 2016-10-20T13:19:54+08:00 ] ::1 /zky/index.php/Admin/Equipment/Js/common.js
ERR: 非法操作:js

[ 2016-10-20T13:19:54+08:00 ] ::1 /zky/index.php/Admin/Equipment/Js/jquery2.sorted.js
ERR: 非法操作:js

[ 2016-10-20T13:19:54+08:00 ] ::1 /zky/index.php/Admin/Equipment/Js/bootstrap.js
ERR: 非法操作:js

[ 2016-10-20T13:19:54+08:00 ] ::1 /zky/index.php/Admin/Equipment/Js/ckform.js
ERR: 非法操作:js

[ 2016-10-20T13:19:54+08:00 ] ::1 /zky/index.php/Admin/Equipment/Js/common.js
ERR: 非法操作:js

[ 2016-10-20T13:20:00+08:00 ] ::1 /zky/index.php/Admin/Message/studentdetail
ERR: 非法操作:studentdetail

[ 2016-10-20T13:20:04+08:00 ] ::1 /zky/index.php/Admin/Equipment/Css/bootstrap.css
ERR: 非法操作:css

[ 2016-10-20T13:20:04+08:00 ] ::1 /zky/index.php/Admin/Equipment/Js/jquery2.sorted.js
ERR: 非法操作:js

[ 2016-10-20T13:20:04+08:00 ] ::1 /zky/index.php/Admin/Equipment/Css/bootstrap-responsive.css
ERR: 非法操作:css

[ 2016-10-20T13:20:04+08:00 ] ::1 /zky/index.php/Admin/Equipment/Css/style.css
ERR: 非法操作:css

[ 2016-10-20T13:20:04+08:00 ] ::1 /zky/index.php/Admin/Equipment/Js/jquery2.js
ERR: 非法操作:js

[ 2016-10-20T13:20:04+08:00 ] ::1 /zky/index.php/Admin/Equipment/Js/bootstrap.js
ERR: 非法操作:js

[ 2016-10-20T13:20:04+08:00 ] ::1 /zky/index.php/Admin/Equipment/Js/ckform.js
ERR: 非法操作:js

[ 2016-10-20T13:20:04+08:00 ] ::1 /zky/index.php/Admin/Equipment/Js/common.js
ERR: 非法操作:js

[ 2016-10-20T13:20:04+08:00 ] ::1 /zky/index.php/Admin/Equipment/Js/jquery2.sorted.js
ERR: 非法操作:js

[ 2016-10-20T13:20:04+08:00 ] ::1 /zky/index.php/Admin/Equipment/Js/bootstrap.js
ERR: 非法操作:js

[ 2016-10-20T13:20:04+08:00 ] ::1 /zky/index.php/Admin/Equipment/Js/ckform.js
ERR: 非法操作:js

[ 2016-10-20T13:20:04+08:00 ] ::1 /zky/index.php/Admin/Equipment/Js/common.js
ERR: 非法操作:js

[ 2016-10-20T13:24:55+08:00 ] ::1 /zky/index.php/Admin/Equipment/Css/bootstrap.css
ERR: 非法操作:css

[ 2016-10-20T13:24:55+08:00 ] ::1 /zky/index.php/Admin/Equipment/Js/jquery2.sorted.js
ERR: 非法操作:js

[ 2016-10-20T13:24:55+08:00 ] ::1 /zky/index.php/Admin/Equipment/Css/style.css
ERR: 非法操作:css

[ 2016-10-20T13:24:55+08:00 ] ::1 /zky/index.php/Admin/Equipment/Css/bootstrap-responsive.css
ERR: 非法操作:css

[ 2016-10-20T13:24:55+08:00 ] ::1 /zky/index.php/Admin/Equipment/Js/bootstrap.js
ERR: 非法操作:js

[ 2016-10-20T13:24:55+08:00 ] ::1 /zky/index.php/Admin/Equipment/Js/jquery2.js
ERR: 非法操作:js

[ 2016-10-20T13:24:55+08:00 ] ::1 /zky/index.php/Admin/Equipment/Js/common.js
ERR: 非法操作:js

[ 2016-10-20T13:24:55+08:00 ] ::1 /zky/index.php/Admin/Equipment/Js/ckform.js
ERR: 非法操作:js

[ 2016-10-20T13:24:55+08:00 ] ::1 /zky/index.php/Admin/Equipment/Js/jquery2.sorted.js
ERR: 非法操作:js

[ 2016-10-20T13:24:55+08:00 ] ::1 /zky/index.php/Admin/Equipment/Js/bootstrap.js
ERR: 非法操作:js

[ 2016-10-20T13:24:55+08:00 ] ::1 /zky/index.php/Admin/Equipment/Js/ckform.js
ERR: 非法操作:js

[ 2016-10-20T13:24:55+08:00 ] ::1 /zky/index.php/Admin/Equipment/Js/common.js
ERR: 非法操作:js

[ 2016-10-20T13:26:11+08:00 ] ::1 /zky/index.php/Admin/Equipment/Js/jquery2.sorted.js
ERR: 非法操作:js

[ 2016-10-20T13:26:11+08:00 ] ::1 /zky/index.php/Admin/Equipment/Css/style.css
ERR: 非法操作:css

[ 2016-10-20T13:26:11+08:00 ] ::1 /zky/index.php/Admin/Equipment/Css/bootstrap-responsive.css
ERR: 非法操作:css

[ 2016-10-20T13:26:11+08:00 ] ::1 /zky/index.php/Admin/Equipment/Css/bootstrap.css
ERR: 非法操作:css

[ 2016-10-20T13:26:11+08:00 ] ::1 /zky/index.php/Admin/Equipment/Js/bootstrap.js
ERR: 非法操作:js

[ 2016-10-20T13:26:11+08:00 ] ::1 /zky/index.php/Admin/Equipment/Js/jquery2.js
ERR: 非法操作:js

[ 2016-10-20T13:26:11+08:00 ] ::1 /zky/index.php/Admin/Equipment/Js/ckform.js
ERR: 非法操作:js

[ 2016-10-20T13:26:11+08:00 ] ::1 /zky/index.php/Admin/Equipment/Js/common.js
ERR: 非法操作:js

[ 2016-10-20T13:26:11+08:00 ] ::1 /zky/index.php/Admin/Equipment/Js/jquery2.sorted.js
ERR: 非法操作:js

[ 2016-10-20T13:26:11+08:00 ] ::1 /zky/index.php/Admin/Equipment/Js/bootstrap.js
ERR: 非法操作:js

[ 2016-10-20T13:26:11+08:00 ] ::1 /zky/index.php/Admin/Equipment/Js/ckform.js
ERR: 非法操作:js

[ 2016-10-20T13:26:11+08:00 ] ::1 /zky/index.php/Admin/Equipment/Js/common.js
ERR: 非法操作:js

[ 2016-10-20T13:26:12+08:00 ] ::1 /zky/index.php/Admin/Equipment/Js/bootstrap.js
ERR: 非法操作:js

[ 2016-10-20T13:26:12+08:00 ] ::1 /zky/index.php/Admin/Equipment/Js/jquery2.sorted.js
ERR: 非法操作:js

[ 2016-10-20T13:26:12+08:00 ] ::1 /zky/index.php/Admin/Equipment/Css/style.css
ERR: 非法操作:css

[ 2016-10-20T13:26:12+08:00 ] ::1 /zky/index.php/Admin/Equipment/Css/bootstrap.css
ERR: 非法操作:css

[ 2016-10-20T13:26:12+08:00 ] ::1 /zky/index.php/Admin/Equipment/Js/jquery2.js
ERR: 非法操作:js

[ 2016-10-20T13:26:12+08:00 ] ::1 /zky/index.php/Admin/Equipment/Css/bootstrap-responsive.css
ERR: 非法操作:css

[ 2016-10-20T13:26:12+08:00 ] ::1 /zky/index.php/Admin/Equipment/Js/common.js
ERR: 非法操作:js

[ 2016-10-20T13:26:12+08:00 ] ::1 /zky/index.php/Admin/Equipment/Js/ckform.js
ERR: 非法操作:js

[ 2016-10-20T13:26:12+08:00 ] ::1 /zky/index.php/Admin/Equipment/Js/jquery2.sorted.js
ERR: 非法操作:js

[ 2016-10-20T13:26:12+08:00 ] ::1 /zky/index.php/Admin/Equipment/Js/bootstrap.js
ERR: 非法操作:js

[ 2016-10-20T13:26:13+08:00 ] ::1 /zky/index.php/Admin/Equipment/Js/ckform.js
ERR: 非法操作:js

[ 2016-10-20T13:26:13+08:00 ] ::1 /zky/index.php/Admin/Equipment/Js/common.js
ERR: 非法操作:js

[ 2016-10-20T13:26:13+08:00 ] ::1 /zky/index.php/Admin/Equipment/Js/jquery2.sorted.js
ERR: 非法操作:js

[ 2016-10-20T13:26:13+08:00 ] ::1 /zky/index.php/Admin/Equipment/Css/style.css
ERR: 非法操作:css

[ 2016-10-20T13:26:13+08:00 ] ::1 /zky/index.php/Admin/Equipment/Css/bootstrap-responsive.css
ERR: 非法操作:css

[ 2016-10-20T13:26:13+08:00 ] ::1 /zky/index.php/Admin/Equipment/Js/jquery2.js
ERR: 非法操作:js

[ 2016-10-20T13:26:13+08:00 ] ::1 /zky/index.php/Admin/Equipment/Js/bootstrap.js
ERR: 非法操作:js

[ 2016-10-20T13:26:13+08:00 ] ::1 /zky/index.php/Admin/Equipment/Css/bootstrap.css
ERR: 非法操作:css

[ 2016-10-20T13:26:13+08:00 ] ::1 /zky/index.php/Admin/Equipment/Js/ckform.js
ERR: 非法操作:js

[ 2016-10-20T13:26:13+08:00 ] ::1 /zky/index.php/Admin/Equipment/Js/common.js
ERR: 非法操作:js

[ 2016-10-20T13:26:13+08:00 ] ::1 /zky/index.php/Admin/Equipment/Js/jquery2.sorted.js
ERR: 非法操作:js

[ 2016-10-20T13:26:13+08:00 ] ::1 /zky/index.php/Admin/Equipment/Js/bootstrap.js
ERR: 非法操作:js

[ 2016-10-20T13:26:13+08:00 ] ::1 /zky/index.php/Admin/Equipment/Js/ckform.js
ERR: 非法操作:js

[ 2016-10-20T13:26:13+08:00 ] ::1 /zky/index.php/Admin/Equipment/Js/common.js
ERR: 非法操作:js

[ 2016-10-20T13:26:50+08:00 ] ::1 /zky/index.php/Admin/Equipment/Js/jquery2.js
ERR: 非法操作:js

[ 2016-10-20T13:26:50+08:00 ] ::1 /zky/index.php/Admin/Equipment/Css/bootstrap.css
ERR: 非法操作:css

[ 2016-10-20T13:26:50+08:00 ] ::1 /zky/index.php/Admin/Equipment/Js/bootstrap.js
ERR: 非法操作:js

[ 2016-10-20T13:26:50+08:00 ] ::1 /zky/index.php/Admin/Equipment/Js/jquery2.sorted.js
ERR: 非法操作:js

[ 2016-10-20T13:26:50+08:00 ] ::1 /zky/index.php/Admin/Equipment/Css/bootstrap-responsive.css
ERR: 非法操作:css

[ 2016-10-20T13:26:50+08:00 ] ::1 /zky/index.php/Admin/Equipment/Css/style.css
ERR: 非法操作:css

[ 2016-10-20T13:26:50+08:00 ] ::1 /zky/index.php/Admin/Equipment/Js/ckform.js
ERR: 非法操作:js

[ 2016-10-20T13:26:50+08:00 ] ::1 /zky/index.php/Admin/Equipment/Js/common.js
ERR: 非法操作:js

[ 2016-10-20T13:26:50+08:00 ] ::1 /zky/index.php/Admin/Equipment/Js/bootstrap.js
ERR: 非法操作:js

[ 2016-10-20T13:26:50+08:00 ] ::1 /zky/index.php/Admin/Equipment/Js/ckform.js
ERR: 非法操作:js

[ 2016-10-20T13:26:50+08:00 ] ::1 /zky/index.php/Admin/Equipment/Js/common.js
ERR: 非法操作:js

[ 2016-10-20T13:27:10+08:00 ] ::1 /zky/index.php/Admin/Equipment/Css/bootstrap.css
ERR: 非法操作:css

[ 2016-10-20T13:27:10+08:00 ] ::1 /zky/index.php/Admin/Equipment/Css/bootstrap-responsive.css
ERR: 非法操作:css

[ 2016-10-20T13:27:10+08:00 ] ::1 /zky/index.php/Admin/Equipment/Js/jquery2.js
ERR: 非法操作:js

[ 2016-10-20T13:27:10+08:00 ] ::1 /zky/index.php/Admin/Equipment/Js/jquery2.sorted.js
ERR: 非法操作:js

[ 2016-10-20T13:27:10+08:00 ] ::1 /zky/index.php/Admin/Equipment/Css/style.css
ERR: 非法操作:css

[ 2016-10-20T13:27:10+08:00 ] ::1 /zky/index.php/Admin/Equipment/Js/bootstrap.js
ERR: 非法操作:js

[ 2016-10-20T13:27:10+08:00 ] ::1 /zky/index.php/Admin/Equipment/Js/ckform.js
ERR: 非法操作:js

[ 2016-10-20T13:27:10+08:00 ] ::1 /zky/index.php/Admin/Equipment/Js/common.js
ERR: 非法操作:js

[ 2016-10-20T13:27:12+08:00 ] ::1 /zky/index.php/Admin/Equipment/Css/bootstrap-responsive.css
ERR: 非法操作:css

[ 2016-10-20T13:27:12+08:00 ] ::1 /zky/index.php/Admin/Equipment/Css/bootstrap.css
ERR: 非法操作:css

[ 2016-10-20T13:27:12+08:00 ] ::1 /zky/index.php/Admin/Equipment/Js/bootstrap.js
ERR: 非法操作:js

[ 2016-10-20T13:27:12+08:00 ] ::1 /zky/index.php/Admin/Equipment/Js/common.js
ERR: 非法操作:js

[ 2016-10-20T13:27:12+08:00 ] ::1 /zky/index.php/Admin/Equipment/Js/jquery2.sorted.js
ERR: 非法操作:js

[ 2016-10-20T13:27:12+08:00 ] ::1 /zky/index.php/Admin/Equipment/Js/ckform.js
ERR: 非法操作:js

[ 2016-10-20T13:27:12+08:00 ] ::1 /zky/index.php/Admin/Equipment/Css/style.css
ERR: 非法操作:css

[ 2016-10-20T13:27:12+08:00 ] ::1 /zky/index.php/Admin/Equipment/Js/jquery2.js
ERR: 非法操作:js

[ 2016-10-20T13:27:12+08:00 ] ::1 /zky/index.php/Admin/Equipment/Js/jquery2.sorted.js
ERR: 非法操作:js

[ 2016-10-20T13:27:12+08:00 ] ::1 /zky/index.php/Admin/Equipment/Js/bootstrap.js
ERR: 非法操作:js

[ 2016-10-20T13:27:12+08:00 ] ::1 /zky/index.php/Admin/Equipment/Js/ckform.js
ERR: 非法操作:js

[ 2016-10-20T13:27:12+08:00 ] ::1 /zky/index.php/Admin/Equipment/Js/common.js
ERR: 非法操作:js

[ 2016-10-20T13:27:52+08:00 ] ::1 /zky/index.php/Admin/Equipment/Js/jquery2.sorted.js
ERR: 非法操作:js

[ 2016-10-20T13:27:52+08:00 ] ::1 /zky/index.php/Admin/Equipment/Css/style.css
ERR: 非法操作:css

[ 2016-10-20T13:27:52+08:00 ] ::1 /zky/index.php/Admin/Equipment/Js/ckform.js
ERR: 非法操作:js

[ 2016-10-20T13:27:52+08:00 ] ::1 /zky/index.php/Admin/Equipment/Js/jquery2.js
ERR: 非法操作:js

[ 2016-10-20T13:27:52+08:00 ] ::1 /zky/index.php/Admin/Equipment/Js/bootstrap.js
ERR: 非法操作:js

[ 2016-10-20T13:27:52+08:00 ] ::1 /zky/index.php/Admin/Equipment/Js/common.js
ERR: 非法操作:js

[ 2016-10-20T13:27:52+08:00 ] ::1 /zky/index.php/Admin/Equipment/Css/bootstrap-responsive.css
ERR: 非法操作:css

[ 2016-10-20T13:27:52+08:00 ] ::1 /zky/index.php/Admin/Equipment/Css/bootstrap.css
ERR: 非法操作:css

[ 2016-10-20T13:27:52+08:00 ] ::1 /zky/index.php/Admin/Equipment/Js/jquery2.sorted.js
ERR: 非法操作:js

[ 2016-10-20T13:27:52+08:00 ] ::1 /zky/index.php/Admin/Equipment/Js/bootstrap.js
ERR: 非法操作:js

[ 2016-10-20T13:27:52+08:00 ] ::1 /zky/index.php/Admin/Equipment/Js/ckform.js
ERR: 非法操作:js

[ 2016-10-20T13:27:52+08:00 ] ::1 /zky/index.php/Admin/Equipment/Js/common.js
ERR: 非法操作:js

[ 2016-10-20T13:28:18+08:00 ] ::1 /zky/index.php/Admin/Equipment/Js/jquery2.js
ERR: 非法操作:js

[ 2016-10-20T13:28:18+08:00 ] ::1 /zky/index.php/Admin/Equipment/Js/jquery2.sorted.js
ERR: 非法操作:js

[ 2016-10-20T13:28:18+08:00 ] ::1 /zky/index.php/Admin/Equipment/Css/style.css
ERR: 非法操作:css

[ 2016-10-20T13:28:18+08:00 ] ::1 /zky/index.php/Admin/Equipment/Js/ckform.js
ERR: 非法操作:js

[ 2016-10-20T13:28:18+08:00 ] ::1 /zky/index.php/Admin/Equipment/Css/bootstrap.css
ERR: 非法操作:css

[ 2016-10-20T13:28:18+08:00 ] ::1 /zky/index.php/Admin/Equipment/Css/bootstrap-responsive.css
ERR: 非法操作:css

[ 2016-10-20T13:28:18+08:00 ] ::1 /zky/index.php/Admin/Equipment/Js/bootstrap.js
ERR: 非法操作:js

[ 2016-10-20T13:28:18+08:00 ] ::1 /zky/index.php/Admin/Equipment/Js/common.js
ERR: 非法操作:js

[ 2016-10-20T13:28:18+08:00 ] ::1 /zky/index.php/Admin/Equipment/Js/ckform.js
ERR: 非法操作:js

[ 2016-10-20T13:28:18+08:00 ] ::1 /zky/index.php/Admin/Equipment/Js/common.js
ERR: 非法操作:js

[ 2016-10-20T13:29:51+08:00 ] ::1 /zky/index.php/Admin/Equipment/Css/bootstrap.css
ERR: 非法操作:css

[ 2016-10-20T13:29:51+08:00 ] ::1 /zky/index.php/Admin/Equipment/Css/bootstrap-responsive.css
ERR: 非法操作:css

[ 2016-10-20T13:29:51+08:00 ] ::1 /zky/index.php/Admin/Equipment/Js/jquery2.js
ERR: 非法操作:js

[ 2016-10-20T13:29:51+08:00 ] ::1 /zky/index.php/Admin/Equipment/Js/jquery2.sorted.js
ERR: 非法操作:js

[ 2016-10-20T13:29:51+08:00 ] ::1 /zky/index.php/Admin/Equipment/Js/ckform.js
ERR: 非法操作:js

[ 2016-10-20T13:29:51+08:00 ] ::1 /zky/index.php/Admin/Equipment/Css/style.css
ERR: 非法操作:css

[ 2016-10-20T13:29:51+08:00 ] ::1 /zky/index.php/Admin/Equipment/Js/common.js
ERR: 非法操作:js

[ 2016-10-20T13:29:51+08:00 ] ::1 /zky/index.php/Admin/Equipment/Js/bootstrap.js
ERR: 非法操作:js

[ 2016-10-20T13:29:51+08:00 ] ::1 /zky/index.php/Admin/Equipment/Js/ckform.js
ERR: 非法操作:js

[ 2016-10-20T13:29:51+08:00 ] ::1 /zky/index.php/Admin/Equipment/Js/common.js
ERR: 非法操作:js

[ 2016-10-20T13:30:17+08:00 ] ::1 /zky/index.php/Admin/Inform/Css/style.css
ERR: 非法操作:css

[ 2016-10-20T13:30:17+08:00 ] ::1 /zky/index.php/Admin/Inform/Css/bootstrap.css
ERR: 非法操作:css

[ 2016-10-20T13:30:17+08:00 ] ::1 /zky/index.php/Admin/Inform/Js/jquery2.sorted.js
ERR: 非法操作:js

[ 2016-10-20T13:30:17+08:00 ] ::1 /zky/index.php/Admin/Inform/Js/bootstrap.js
ERR: 非法操作:js

[ 2016-10-20T13:30:17+08:00 ] ::1 /zky/index.php/Admin/Inform/Js/jquery2.js
ERR: 非法操作:js

[ 2016-10-20T13:30:17+08:00 ] ::1 /zky/index.php/Admin/Inform/Css/bootstrap-responsive.css
ERR: 非法操作:css

[ 2016-10-20T13:30:17+08:00 ] ::1 /zky/index.php/Admin/Inform/Js/ckform.js
ERR: 非法操作:js

[ 2016-10-20T13:30:17+08:00 ] ::1 /zky/index.php/Admin/Inform/Js/common.js
ERR: 非法操作:js

[ 2016-10-20T13:30:17+08:00 ] ::1 /zky/index.php/Admin/Inform/Js/jquery2.sorted.js
ERR: 非法操作:js

[ 2016-10-20T13:30:17+08:00 ] ::1 /zky/index.php/Admin/Inform/Js/bootstrap.js
ERR: 非法操作:js

[ 2016-10-20T13:30:17+08:00 ] ::1 /zky/index.php/Admin/Inform/Js/ckform.js
ERR: 非法操作:js

[ 2016-10-20T13:30:17+08:00 ] ::1 /zky/index.php/Admin/Inform/Js/common.js
ERR: 非法操作:js

[ 2016-10-20T13:30:19+08:00 ] ::1 /zky/index.php/Admin/Inform/Css/style.css
ERR: 非法操作:css

[ 2016-10-20T13:30:19+08:00 ] ::1 /zky/index.php/Admin/Inform/Css/bootstrap-responsive.css
ERR: 非法操作:css

[ 2016-10-20T13:30:19+08:00 ] ::1 /zky/index.php/Admin/Inform/Js/jquery2.js
ERR: 非法操作:js

[ 2016-10-20T13:30:19+08:00 ] ::1 /zky/index.php/Admin/Inform/Js/ckform.js
ERR: 非法操作:js

[ 2016-10-20T13:30:19+08:00 ] ::1 /zky/index.php/Admin/Inform/Css/bootstrap.css
ERR: 非法操作:css

[ 2016-10-20T13:30:19+08:00 ] ::1 /zky/index.php/Admin/Inform/Js/bootstrap.js
ERR: 非法操作:js

[ 2016-10-20T13:30:19+08:00 ] ::1 /zky/index.php/Admin/Inform/Js/jquery2.sorted.js
ERR: 非法操作:js

[ 2016-10-20T13:30:19+08:00 ] ::1 /zky/index.php/Admin/Inform/Js/common.js
ERR: 非法操作:js

[ 2016-10-20T13:30:19+08:00 ] ::1 /zky/index.php/Admin/Inform/Js/bootstrap.js
ERR: 非法操作:js

[ 2016-10-20T13:30:19+08:00 ] ::1 /zky/index.php/Admin/Inform/Js/ckform.js
ERR: 非法操作:js

[ 2016-10-20T13:30:19+08:00 ] ::1 /zky/index.php/Admin/Inform/Js/common.js
ERR: 非法操作:js

[ 2016-10-20T13:30:24+08:00 ] ::1 /zky/index.php/Admin/Equipment/Js/jquery2.js
ERR: 非法操作:js

[ 2016-10-20T13:30:24+08:00 ] ::1 /zky/index.php/Admin/Equipment/Js/jquery2.sorted.js
ERR: 非法操作:js

[ 2016-10-20T13:30:24+08:00 ] ::1 /zky/index.php/Admin/Equipment/Css/bootstrap-responsive.css
ERR: 非法操作:css

[ 2016-10-20T13:30:24+08:00 ] ::1 /zky/index.php/Admin/Equipment/Css/bootstrap.css
ERR: 非法操作:css

[ 2016-10-20T13:30:24+08:00 ] ::1 /zky/index.php/Admin/Equipment/Css/style.css
ERR: 非法操作:css

[ 2016-10-20T13:30:24+08:00 ] ::1 /zky/index.php/Admin/Equipment/Js/bootstrap.js
ERR: 非法操作:js

[ 2016-10-20T13:30:24+08:00 ] ::1 /zky/index.php/Admin/Equipment/Js/common.js
ERR: 非法操作:js

[ 2016-10-20T13:30:24+08:00 ] ::1 /zky/index.php/Admin/Equipment/Js/ckform.js
ERR: 非法操作:js

[ 2016-10-20T13:30:24+08:00 ] ::1 /zky/index.php/Admin/Equipment/Js/common.js
ERR: 非法操作:js

[ 2016-10-20T13:30:29+08:00 ] ::1 /zky/index.php/Admin/Equipment/Css/bootstrap-responsive.css
ERR: 非法操作:css

[ 2016-10-20T13:30:29+08:00 ] ::1 /zky/index.php/Admin/Equipment/Js/jquery2.js
ERR: 非法操作:js

[ 2016-10-20T13:30:29+08:00 ] ::1 /zky/index.php/Admin/Equipment/Css/bootstrap.css
ERR: 非法操作:css

[ 2016-10-20T13:30:29+08:00 ] ::1 /zky/index.php/Admin/Equipment/Css/style.css
ERR: 非法操作:css

[ 2016-10-20T13:30:29+08:00 ] ::1 /zky/index.php/Admin/Equipment/Js/bootstrap.js
ERR: 非法操作:js

[ 2016-10-20T13:30:29+08:00 ] ::1 /zky/index.php/Admin/Equipment/Js/jquery2.sorted.js
ERR: 非法操作:js

[ 2016-10-20T13:30:29+08:00 ] ::1 /zky/index.php/Admin/Equipment/Js/ckform.js
ERR: 非法操作:js

[ 2016-10-20T13:30:29+08:00 ] ::1 /zky/index.php/Admin/Equipment/Js/common.js
ERR: 非法操作:js

[ 2016-10-20T13:30:29+08:00 ] ::1 /zky/index.php/Admin/Equipment/Js/bootstrap.js
ERR: 非法操作:js

[ 2016-10-20T13:30:29+08:00 ] ::1 /zky/index.php/Admin/Equipment/Js/ckform.js
ERR: 非法操作:js

[ 2016-10-20T13:30:29+08:00 ] ::1 /zky/index.php/Admin/Equipment/Js/common.js
ERR: 非法操作:js

[ 2016-10-20T13:30:39+08:00 ] ::1 /zky/index.php/Admin/Equipment/Css/bootstrap.css
ERR: 非法操作:css

[ 2016-10-20T13:30:39+08:00 ] ::1 /zky/index.php/Admin/Equipment/Js/jquery2.sorted.js
ERR: 非法操作:js

[ 2016-10-20T13:30:39+08:00 ] ::1 /zky/index.php/Admin/Equipment/Css/bootstrap-responsive.css
ERR: 非法操作:css

[ 2016-10-20T13:30:39+08:00 ] ::1 /zky/index.php/Admin/Equipment/Js/jquery2.js
ERR: 非法操作:js

[ 2016-10-20T13:30:39+08:00 ] ::1 /zky/index.php/Admin/Equipment/Js/bootstrap.js
ERR: 非法操作:js

[ 2016-10-20T13:30:39+08:00 ] ::1 /zky/index.php/Admin/Equipment/Css/style.css
ERR: 非法操作:css

[ 2016-10-20T13:30:39+08:00 ] ::1 /zky/index.php/Admin/Equipment/Js/ckform.js
ERR: 非法操作:js

[ 2016-10-20T13:30:39+08:00 ] ::1 /zky/index.php/Admin/Equipment/Js/common.js
ERR: 非法操作:js

[ 2016-10-20T13:30:39+08:00 ] ::1 /zky/index.php/Admin/Equipment/Js/jquery2.sorted.js
ERR: 非法操作:js

[ 2016-10-20T13:30:39+08:00 ] ::1 /zky/index.php/Admin/Equipment/Js/bootstrap.js
ERR: 非法操作:js

[ 2016-10-20T13:30:39+08:00 ] ::1 /zky/index.php/Admin/Equipment/Js/ckform.js
ERR: 非法操作:js

[ 2016-10-20T13:30:39+08:00 ] ::1 /zky/index.php/Admin/Equipment/Js/common.js
ERR: 非法操作:js

[ 2016-10-20T13:38:25+08:00 ] ::1 /zky/index.php/Admin/Equipment/Css/style.css
ERR: 非法操作:css

[ 2016-10-20T13:38:25+08:00 ] ::1 /zky/index.php/Admin/Equipment/Js/bootstrap.js
ERR: 非法操作:js

[ 2016-10-20T13:38:25+08:00 ] ::1 /zky/index.php/Admin/Equipment/Js/ckform.js
ERR: 非法操作:js

[ 2016-10-20T13:38:26+08:00 ] ::1 /zky/index.php/Admin/Equipment/Css/bootstrap-responsive.css
ERR: 非法操作:css

[ 2016-10-20T13:38:26+08:00 ] ::1 /zky/index.php/Admin/Equipment/Js/jquery2.sorted.js
ERR: 非法操作:js

[ 2016-10-20T13:38:26+08:00 ] ::1 /zky/index.php/Admin/Equipment/Js/common.js
ERR: 非法操作:js

[ 2016-10-20T13:38:26+08:00 ] ::1 /zky/index.php/Admin/Equipment/Js/jquery2.js
ERR: 非法操作:js

[ 2016-10-20T13:38:26+08:00 ] ::1 /zky/index.php/Admin/Equipment/Css/bootstrap.css
ERR: 非法操作:css

[ 2016-10-20T13:38:26+08:00 ] ::1 /zky/index.php/Admin/Equipment/Js/jquery2.sorted.js
ERR: 非法操作:js

[ 2016-10-20T13:38:26+08:00 ] ::1 /zky/index.php/Admin/Equipment/Js/bootstrap.js
ERR: 非法操作:js

[ 2016-10-20T13:38:26+08:00 ] ::1 /zky/index.php/Admin/Equipment/Js/ckform.js
ERR: 非法操作:js

[ 2016-10-20T13:38:26+08:00 ] ::1 /zky/index.php/Admin/Equipment/Js/common.js
ERR: 非法操作:js

[ 2016-10-20T13:38:32+08:00 ] ::1 /zky/index.php/Admin/Equipment/Css/bootstrap.css
ERR: 非法操作:css

[ 2016-10-20T13:38:32+08:00 ] ::1 /zky/index.php/Admin/Equipment/Css/bootstrap-responsive.css
ERR: 非法操作:css

[ 2016-10-20T13:38:32+08:00 ] ::1 /zky/index.php/Admin/Equipment/Js/jquery2.sorted.js
ERR: 非法操作:js

[ 2016-10-20T13:38:32+08:00 ] ::1 /zky/index.php/Admin/Equipment/Js/jquery2.js
ERR: 非法操作:js

[ 2016-10-20T13:38:32+08:00 ] ::1 /zky/index.php/Admin/Equipment/Css/style.css
ERR: 非法操作:css

[ 2016-10-20T13:38:33+08:00 ] ::1 /zky/index.php/Admin/Equipment/Js/ckform.js
ERR: 非法操作:js

[ 2016-10-20T13:38:33+08:00 ] ::1 /zky/index.php/Admin/Equipment/Js/bootstrap.js
ERR: 非法操作:js

[ 2016-10-20T13:38:33+08:00 ] ::1 /zky/index.php/Admin/Equipment/Js/common.js
ERR: 非法操作:js

[ 2016-10-20T13:38:33+08:00 ] ::1 /zky/index.php/Admin/Equipment/Js/jquery2.sorted.js
ERR: 非法操作:js

[ 2016-10-20T13:38:33+08:00 ] ::1 /zky/index.php/Admin/Equipment/Js/bootstrap.js
ERR: 非法操作:js

[ 2016-10-20T13:38:33+08:00 ] ::1 /zky/index.php/Admin/Equipment/Js/ckform.js
ERR: 非法操作:js

[ 2016-10-20T13:38:33+08:00 ] ::1 /zky/index.php/Admin/Equipment/Js/common.js
ERR: 非法操作:js

[ 2016-10-20T13:39:09+08:00 ] ::1 /zky/index.php/Admin/Equipment/Css/bootstrap.css
ERR: 非法操作:css

[ 2016-10-20T13:39:09+08:00 ] ::1 /zky/index.php/Admin/Equipment/Css/bootstrap-responsive.css
ERR: 非法操作:css

[ 2016-10-20T13:39:09+08:00 ] ::1 /zky/index.php/Admin/Equipment/Js/jquery2.js
ERR: 非法操作:js

[ 2016-10-20T13:39:09+08:00 ] ::1 /zky/index.php/Admin/Equipment/Js/bootstrap.js
ERR: 非法操作:js

[ 2016-10-20T13:39:09+08:00 ] ::1 /zky/index.php/Admin/Equipment/Css/style.css
ERR: 非法操作:css

[ 2016-10-20T13:39:09+08:00 ] ::1 /zky/index.php/Admin/Equipment/Js/jquery2.sorted.js
ERR: 非法操作:js

[ 2016-10-20T13:39:09+08:00 ] ::1 /zky/index.php/Admin/Equipment/Js/ckform.js
ERR: 非法操作:js

[ 2016-10-20T13:39:09+08:00 ] ::1 /zky/index.php/Admin/Equipment/Js/common.js
ERR: 非法操作:js

[ 2016-10-20T13:39:09+08:00 ] ::1 /zky/index.php/Admin/Equipment/Js/bootstrap.js
ERR: 非法操作:js

[ 2016-10-20T13:39:09+08:00 ] ::1 /zky/index.php/Admin/Equipment/Js/ckform.js
ERR: 非法操作:js

[ 2016-10-20T13:39:09+08:00 ] ::1 /zky/index.php/Admin/Equipment/Js/common.js
ERR: 非法操作:js

[ 2016-10-20T13:39:14+08:00 ] ::1 /zky/index.php/Admin/Equipment/Css/style.css
ERR: 非法操作:css

[ 2016-10-20T13:39:14+08:00 ] ::1 /zky/index.php/Admin/Equipment/Css/bootstrap-responsive.css
ERR: 非法操作:css

[ 2016-10-20T13:39:14+08:00 ] ::1 /zky/index.php/Admin/Equipment/Js/bootstrap.js
ERR: 非法操作:js

[ 2016-10-20T13:39:14+08:00 ] ::1 /zky/index.php/Admin/Equipment/Js/ckform.js
ERR: 非法操作:js

[ 2016-10-20T13:39:14+08:00 ] ::1 /zky/index.php/Admin/Equipment/Js/jquery2.sorted.js
ERR: 非法操作:js

[ 2016-10-20T13:39:14+08:00 ] ::1 /zky/index.php/Admin/Equipment/Css/bootstrap.css
ERR: 非法操作:css

[ 2016-10-20T13:39:14+08:00 ] ::1 /zky/index.php/Admin/Equipment/Js/common.js
ERR: 非法操作:js

[ 2016-10-20T13:39:14+08:00 ] ::1 /zky/index.php/Admin/Equipment/Js/jquery2.js
ERR: 非法操作:js

[ 2016-10-20T13:39:14+08:00 ] ::1 /zky/index.php/Admin/Equipment/Js/jquery2.sorted.js
ERR: 非法操作:js

[ 2016-10-20T13:39:14+08:00 ] ::1 /zky/index.php/Admin/Equipment/Js/bootstrap.js
ERR: 非法操作:js

[ 2016-10-20T13:39:14+08:00 ] ::1 /zky/index.php/Admin/Equipment/Js/ckform.js
ERR: 非法操作:js

[ 2016-10-20T13:39:14+08:00 ] ::1 /zky/index.php/Admin/Equipment/Js/common.js
ERR: 非法操作:js

[ 2016-10-20T13:39:34+08:00 ] ::1 /zky/index.php/Admin/Equipment/Css/bootstrap.css
ERR: 非法操作:css

[ 2016-10-20T13:39:34+08:00 ] ::1 /zky/index.php/Admin/Equipment/Css/style.css
ERR: 非法操作:css

[ 2016-10-20T13:39:34+08:00 ] ::1 /zky/index.php/Admin/Equipment/Js/jquery2.js
ERR: 非法操作:js

[ 2016-10-20T13:39:34+08:00 ] ::1 /zky/index.php/Admin/Equipment/Js/jquery2.sorted.js
ERR: 非法操作:js

[ 2016-10-20T13:39:34+08:00 ] ::1 /zky/index.php/Admin/Equipment/Css/bootstrap-responsive.css
ERR: 非法操作:css

[ 2016-10-20T13:39:34+08:00 ] ::1 /zky/index.php/Admin/Equipment/Js/bootstrap.js
ERR: 非法操作:js

[ 2016-10-20T13:39:34+08:00 ] ::1 /zky/index.php/Admin/Equipment/Js/ckform.js
ERR: 非法操作:js

[ 2016-10-20T13:39:34+08:00 ] ::1 /zky/index.php/Admin/Equipment/Js/common.js
ERR: 非法操作:js

[ 2016-10-20T13:39:53+08:00 ] ::1 /zky/index.php/Admin/Equipment/Css/bootstrap-responsive.css
ERR: 非法操作:css

[ 2016-10-20T13:39:53+08:00 ] ::1 /zky/index.php/Admin/Equipment/Css/style.css
ERR: 非法操作:css

[ 2016-10-20T13:39:53+08:00 ] ::1 /zky/index.php/Admin/Equipment/Css/bootstrap.css
ERR: 非法操作:css

[ 2016-10-20T13:39:53+08:00 ] ::1 /zky/index.php/Admin/Equipment/Js/jquery2.js
ERR: 非法操作:js

[ 2016-10-20T13:39:53+08:00 ] ::1 /zky/index.php/Admin/Equipment/Js/bootstrap.js
ERR: 非法操作:js

[ 2016-10-20T13:39:53+08:00 ] ::1 /zky/index.php/Admin/Equipment/Js/jquery2.sorted.js
ERR: 非法操作:js

[ 2016-10-20T13:39:53+08:00 ] ::1 /zky/index.php/Admin/Equipment/Js/ckform.js
ERR: 非法操作:js

[ 2016-10-20T13:39:53+08:00 ] ::1 /zky/index.php/Admin/Equipment/Js/common.js
ERR: 非法操作:js

[ 2016-10-20T13:39:53+08:00 ] ::1 /zky/index.php/Admin/Equipment/Js/bootstrap.js
ERR: 非法操作:js

[ 2016-10-20T13:39:53+08:00 ] ::1 /zky/index.php/Admin/Equipment/Js/ckform.js
ERR: 非法操作:js

[ 2016-10-20T13:39:53+08:00 ] ::1 /zky/index.php/Admin/Equipment/Js/common.js
ERR: 非法操作:js

[ 2016-10-20T13:40:04+08:00 ] ::1 /zky/index.php/Admin/Equipment/Css/bootstrap-responsive.css
ERR: 非法操作:css

[ 2016-10-20T13:40:04+08:00 ] ::1 /zky/index.php/Admin/Equipment/Js/bootstrap.js
ERR: 非法操作:js

[ 2016-10-20T13:40:04+08:00 ] ::1 /zky/index.php/Admin/Equipment/Js/jquery2.js
ERR: 非法操作:js

[ 2016-10-20T13:40:04+08:00 ] ::1 /zky/index.php/Admin/Equipment/Js/common.js
ERR: 非法操作:js

[ 2016-10-20T13:40:04+08:00 ] ::1 /zky/index.php/Admin/Equipment/Css/bootstrap.css
ERR: 非法操作:css

[ 2016-10-20T13:40:04+08:00 ] ::1 /zky/index.php/Admin/Equipment/Js/jquery2.sorted.js
ERR: 非法操作:js

[ 2016-10-20T13:40:04+08:00 ] ::1 /zky/index.php/Admin/Equipment/Css/style.css
ERR: 非法操作:css

[ 2016-10-20T13:40:04+08:00 ] ::1 /zky/index.php/Admin/Equipment/Js/ckform.js
ERR: 非法操作:js

[ 2016-10-20T13:40:04+08:00 ] ::1 /zky/index.php/Admin/Equipment/Js/bootstrap.js
ERR: 非法操作:js

[ 2016-10-20T13:40:04+08:00 ] ::1 /zky/index.php/Admin/Equipment/Js/ckform.js
ERR: 非法操作:js

[ 2016-10-20T13:40:04+08:00 ] ::1 /zky/index.php/Admin/Equipment/Js/common.js
ERR: 非法操作:js

[ 2016-10-20T13:40:31+08:00 ] ::1 /zky/index.php/Admin/Inform/Css/bootstrap.css
ERR: 非法操作:css

[ 2016-10-20T13:40:31+08:00 ] ::1 /zky/index.php/Admin/Inform/Css/style.css
ERR: 非法操作:css

[ 2016-10-20T13:40:31+08:00 ] ::1 /zky/index.php/Admin/Inform/Js/jquery2.sorted.js
ERR: 非法操作:js

[ 2016-10-20T13:40:31+08:00 ] ::1 /zky/index.php/Admin/Inform/Js/jquery2.js
ERR: 非法操作:js

[ 2016-10-20T13:40:31+08:00 ] ::1 /zky/index.php/Admin/Inform/Css/bootstrap-responsive.css
ERR: 非法操作:css

[ 2016-10-20T13:40:31+08:00 ] ::1 /zky/index.php/Admin/Inform/Js/ckform.js
ERR: 非法操作:js

[ 2016-10-20T13:40:31+08:00 ] ::1 /zky/index.php/Admin/Inform/Js/common.js
ERR: 非法操作:js

[ 2016-10-20T13:40:31+08:00 ] ::1 /zky/index.php/Admin/Inform/Js/bootstrap.js
ERR: 非法操作:js

[ 2016-10-20T13:40:31+08:00 ] ::1 /zky/index.php/Admin/Inform/Js/jquery2.sorted.js
ERR: 非法操作:js

[ 2016-10-20T13:40:31+08:00 ] ::1 /zky/index.php/Admin/Inform/Js/bootstrap.js
ERR: 非法操作:js

[ 2016-10-20T13:40:31+08:00 ] ::1 /zky/index.php/Admin/Inform/Js/ckform.js
ERR: 非法操作:js

[ 2016-10-20T13:40:31+08:00 ] ::1 /zky/index.php/Admin/Inform/Js/common.js
ERR: 非法操作:js

[ 2016-10-20T13:40:32+08:00 ] ::1 /zky/index.php/Admin/Inform/Js/bootstrap.js
ERR: 非法操作:js

[ 2016-10-20T13:40:32+08:00 ] ::1 /zky/index.php/Admin/Inform/Css/bootstrap.css
ERR: 非法操作:css

[ 2016-10-20T13:40:32+08:00 ] ::1 /zky/index.php/Admin/Inform/Js/jquery2.js
ERR: 非法操作:js

[ 2016-10-20T13:40:33+08:00 ] ::1 /zky/index.php/Admin/Inform/Js/jquery2.sorted.js
ERR: 非法操作:js

[ 2016-10-20T13:40:33+08:00 ] ::1 /zky/index.php/Admin/Inform/Css/style.css
ERR: 非法操作:css

[ 2016-10-20T13:40:33+08:00 ] ::1 /zky/index.php/Admin/Inform/Js/common.js
ERR: 非法操作:js

[ 2016-10-20T13:40:33+08:00 ] ::1 /zky/index.php/Admin/Inform/Css/bootstrap-responsive.css
ERR: 非法操作:css

[ 2016-10-20T13:40:33+08:00 ] ::1 /zky/index.php/Admin/Inform/Js/ckform.js
ERR: 非法操作:js

[ 2016-10-20T13:40:33+08:00 ] ::1 /zky/index.php/Admin/Inform/Js/bootstrap.js
ERR: 非法操作:js

[ 2016-10-20T13:40:33+08:00 ] ::1 /zky/index.php/Admin/Inform/Js/ckform.js
ERR: 非法操作:js

[ 2016-10-20T13:40:33+08:00 ] ::1 /zky/index.php/Admin/Inform/Js/common.js
ERR: 非法操作:js

[ 2016-10-20T13:40:35+08:00 ] ::1 /zky/index.php/Admin/Equipment/Css/bootstrap-responsive.css
ERR: 非法操作:css

[ 2016-10-20T13:40:35+08:00 ] ::1 /zky/index.php/Admin/Equipment/Js/bootstrap.js
ERR: 非法操作:js

[ 2016-10-20T13:40:35+08:00 ] ::1 /zky/index.php/Admin/Equipment/Js/jquery2.js
ERR: 非法操作:js

[ 2016-10-20T13:40:35+08:00 ] ::1 /zky/index.php/Admin/Equipment/Js/jquery2.sorted.js
ERR: 非法操作:js

[ 2016-10-20T13:40:35+08:00 ] ::1 /zky/index.php/Admin/Equipment/Css/style.css
ERR: 非法操作:css

[ 2016-10-20T13:40:35+08:00 ] ::1 /zky/index.php/Admin/Equipment/Css/bootstrap.css
ERR: 非法操作:css

[ 2016-10-20T13:40:35+08:00 ] ::1 /zky/index.php/Admin/Equipment/Js/ckform.js
ERR: 非法操作:js

[ 2016-10-20T13:40:35+08:00 ] ::1 /zky/index.php/Admin/Equipment/Js/common.js
ERR: 非法操作:js

[ 2016-10-20T13:40:35+08:00 ] ::1 /zky/index.php/Admin/Equipment/Js/bootstrap.js
ERR: 非法操作:js

[ 2016-10-20T13:40:35+08:00 ] ::1 /zky/index.php/Admin/Equipment/Js/ckform.js
ERR: 非法操作:js

[ 2016-10-20T13:40:35+08:00 ] ::1 /zky/index.php/Admin/Equipment/Js/common.js
ERR: 非法操作:js

[ 2016-10-20T13:40:37+08:00 ] ::1 /zky/index.php/Admin/Equipment/Css/style.css
ERR: 非法操作:css

[ 2016-10-20T13:40:37+08:00 ] ::1 /zky/index.php/Admin/Equipment/Js/jquery2.js
ERR: 非法操作:js

[ 2016-10-20T13:40:37+08:00 ] ::1 /zky/index.php/Admin/Equipment/Js/jquery2.sorted.js
ERR: 非法操作:js

[ 2016-10-20T13:40:37+08:00 ] ::1 /zky/index.php/Admin/Equipment/Js/bootstrap.js
ERR: 非法操作:js

[ 2016-10-20T13:40:37+08:00 ] ::1 /zky/index.php/Admin/Equipment/Css/bootstrap.css
ERR: 非法操作:css

[ 2016-10-20T13:40:37+08:00 ] ::1 /zky/index.php/Admin/Equipment/Css/bootstrap-responsive.css
ERR: 非法操作:css

[ 2016-10-20T13:40:37+08:00 ] ::1 /zky/index.php/Admin/Equipment/Js/ckform.js
ERR: 非法操作:js

[ 2016-10-20T13:40:37+08:00 ] ::1 /zky/index.php/Admin/Equipment/Js/common.js
ERR: 非法操作:js

[ 2016-10-20T13:40:51+08:00 ] ::1 /zky/index.php/Admin/Equipment/Js/jquery2.sorted.js
ERR: 非法操作:js

[ 2016-10-20T13:40:51+08:00 ] ::1 /zky/index.php/Admin/Equipment/Css/style.css
ERR: 非法操作:css

[ 2016-10-20T13:40:51+08:00 ] ::1 /zky/index.php/Admin/Equipment/Css/bootstrap.css
ERR: 非法操作:css

[ 2016-10-20T13:40:51+08:00 ] ::1 /zky/index.php/Admin/Equipment/Css/bootstrap-responsive.css
ERR: 非法操作:css

[ 2016-10-20T13:40:51+08:00 ] ::1 /zky/index.php/Admin/Equipment/Js/jquery2.js
ERR: 非法操作:js

[ 2016-10-20T13:40:51+08:00 ] ::1 /zky/index.php/Admin/Equipment/Js/bootstrap.js
ERR: 非法操作:js

[ 2016-10-20T13:40:51+08:00 ] ::1 /zky/index.php/Admin/Equipment/Js/ckform.js
ERR: 非法操作:js

[ 2016-10-20T13:40:51+08:00 ] ::1 /zky/index.php/Admin/Equipment/Js/common.js
ERR: 非法操作:js

[ 2016-10-20T13:40:51+08:00 ] ::1 /zky/index.php/Admin/Equipment/Js/jquery2.sorted.js
ERR: 非法操作:js

[ 2016-10-20T13:40:51+08:00 ] ::1 /zky/index.php/Admin/Equipment/Js/bootstrap.js
ERR: 非法操作:js

[ 2016-10-20T13:40:51+08:00 ] ::1 /zky/index.php/Admin/Equipment/Js/ckform.js
ERR: 非法操作:js

[ 2016-10-20T13:40:51+08:00 ] ::1 /zky/index.php/Admin/Equipment/Js/common.js
ERR: 非法操作:js

[ 2016-10-20T13:50:27+08:00 ] ::1 /zky/index.php/Admin/Equipment/Css/bootstrap-responsive.css
ERR: 非法操作:css

[ 2016-10-20T13:50:27+08:00 ] ::1 /zky/index.php/Admin/Equipment/Css/bootstrap.css
ERR: 非法操作:css

[ 2016-10-20T13:50:27+08:00 ] ::1 /zky/index.php/Admin/Equipment/Css/style.css
ERR: 非法操作:css

[ 2016-10-20T13:50:27+08:00 ] ::1 /zky/index.php/Admin/Equipment/Js/jquery2.js
ERR: 非法操作:js

[ 2016-10-20T13:50:27+08:00 ] ::1 /zky/index.php/Admin/Equipment/Js/jquery2.sorted.js
ERR: 非法操作:js

[ 2016-10-20T13:50:27+08:00 ] ::1 /zky/index.php/Admin/Equipment/Js/ckform.js
ERR: 非法操作:js

[ 2016-10-20T13:50:27+08:00 ] ::1 /zky/index.php/Admin/Equipment/Js/bootstrap.js
ERR: 非法操作:js

[ 2016-10-20T13:50:27+08:00 ] ::1 /zky/index.php/Admin/Equipment/Js/common.js
ERR: 非法操作:js

[ 2016-10-20T13:50:27+08:00 ] ::1 /zky/index.php/Admin/Equipment/Js/ckform.js
ERR: 非法操作:js

[ 2016-10-20T13:50:27+08:00 ] ::1 /zky/index.php/Admin/Equipment/Js/common.js
ERR: 非法操作:js

[ 2016-10-20T13:50:28+08:00 ] ::1 /zky/index.php/Admin/Equipment/Css/bootstrap.css
ERR: 非法操作:css

[ 2016-10-20T13:50:28+08:00 ] ::1 /zky/index.php/Admin/Equipment/Js/jquery2.sorted.js
ERR: 非法操作:js

[ 2016-10-20T13:50:28+08:00 ] ::1 /zky/index.php/Admin/Equipment/Js/bootstrap.js
ERR: 非法操作:js

[ 2016-10-20T13:50:28+08:00 ] ::1 /zky/index.php/Admin/Equipment/Css/bootstrap-responsive.css
ERR: 非法操作:css

[ 2016-10-20T13:50:28+08:00 ] ::1 /zky/index.php/Admin/Equipment/Js/jquery2.js
ERR: 非法操作:js

[ 2016-10-20T13:50:28+08:00 ] ::1 /zky/index.php/Admin/Equipment/Css/style.css
ERR: 非法操作:css

[ 2016-10-20T13:50:28+08:00 ] ::1 /zky/index.php/Admin/Equipment/Js/ckform.js
ERR: 非法操作:js

[ 2016-10-20T13:50:28+08:00 ] ::1 /zky/index.php/Admin/Equipment/Js/common.js
ERR: 非法操作:js

[ 2016-10-20T13:50:28+08:00 ] ::1 /zky/index.php/Admin/Equipment/Js/jquery2.sorted.js
ERR: 非法操作:js

[ 2016-10-20T13:50:28+08:00 ] ::1 /zky/index.php/Admin/Equipment/Js/bootstrap.js
ERR: 非法操作:js

[ 2016-10-20T13:50:28+08:00 ] ::1 /zky/index.php/Admin/Equipment/Js/ckform.js
ERR: 非法操作:js

[ 2016-10-20T13:50:28+08:00 ] ::1 /zky/index.php/Admin/Equipment/Js/common.js
ERR: 非法操作:js

[ 2016-10-20T13:50:30+08:00 ] ::1 /zky/index.php/Admin/Equipment/Js/jquery2.sorted.js
ERR: 非法操作:js

[ 2016-10-20T13:50:30+08:00 ] ::1 /zky/index.php/Admin/Equipment/Js/jquery2.js
ERR: 非法操作:js

[ 2016-10-20T13:50:30+08:00 ] ::1 /zky/index.php/Admin/Equipment/Css/bootstrap-responsive.css
ERR: 非法操作:css

[ 2016-10-20T13:50:30+08:00 ] ::1 /zky/index.php/Admin/Equipment/Css/style.css
ERR: 非法操作:css

[ 2016-10-20T13:50:30+08:00 ] ::1 /zky/index.php/Admin/Equipment/Js/bootstrap.js
ERR: 非法操作:js

[ 2016-10-20T13:50:30+08:00 ] ::1 /zky/index.php/Admin/Equipment/Css/bootstrap.css
ERR: 非法操作:css

[ 2016-10-20T13:50:30+08:00 ] ::1 /zky/index.php/Admin/Equipment/Js/ckform.js
ERR: 非法操作:js

[ 2016-10-20T13:50:30+08:00 ] ::1 /zky/index.php/Admin/Equipment/Js/common.js
ERR: 非法操作:js

[ 2016-10-20T13:50:30+08:00 ] ::1 /zky/index.php/Admin/Equipment/Js/jquery2.sorted.js
ERR: 非法操作:js

[ 2016-10-20T13:50:30+08:00 ] ::1 /zky/index.php/Admin/Equipment/Js/bootstrap.js
ERR: 非法操作:js

[ 2016-10-20T13:50:31+08:00 ] ::1 /zky/index.php/Admin/Equipment/Js/ckform.js
ERR: 非法操作:js

[ 2016-10-20T13:50:31+08:00 ] ::1 /zky/index.php/Admin/Equipment/Js/common.js
ERR: 非法操作:js

[ 2016-10-20T13:50:41+08:00 ] ::1 /zky/index.php/Admin/Equipment/Js/jquery2.sorted.js
ERR: 非法操作:js

[ 2016-10-20T13:50:41+08:00 ] ::1 /zky/index.php/Admin/Equipment/Css/bootstrap.css
ERR: 非法操作:css

[ 2016-10-20T13:50:41+08:00 ] ::1 /zky/index.php/Admin/Equipment/Js/ckform.js
ERR: 非法操作:js

[ 2016-10-20T13:50:41+08:00 ] ::1 /zky/index.php/Admin/Equipment/Js/bootstrap.js
ERR: 非法操作:js

[ 2016-10-20T13:50:41+08:00 ] ::1 /zky/index.php/Admin/Equipment/Js/common.js
ERR: 非法操作:js

[ 2016-10-20T13:50:41+08:00 ] ::1 /zky/index.php/Admin/Equipment/Js/jquery2.js
ERR: 非法操作:js

[ 2016-10-20T13:50:41+08:00 ] ::1 /zky/index.php/Admin/Equipment/Css/style.css
ERR: 非法操作:css

[ 2016-10-20T13:50:41+08:00 ] ::1 /zky/index.php/Admin/Equipment/Css/bootstrap-responsive.css
ERR: 非法操作:css

[ 2016-10-20T13:50:41+08:00 ] ::1 /zky/index.php/Admin/Equipment/Js/jquery2.sorted.js
ERR: 非法操作:js

[ 2016-10-20T13:50:41+08:00 ] ::1 /zky/index.php/Admin/Equipment/Js/bootstrap.js
ERR: 非法操作:js

[ 2016-10-20T13:50:41+08:00 ] ::1 /zky/index.php/Admin/Equipment/Js/ckform.js
ERR: 非法操作:js

[ 2016-10-20T13:50:41+08:00 ] ::1 /zky/index.php/Admin/Equipment/Js/common.js
ERR: 非法操作:js

[ 2016-10-20T13:51:55+08:00 ] ::1 /zky/index.php/Admin/Equipment/Css/bootstrap.css
ERR: 非法操作:css

[ 2016-10-20T13:51:55+08:00 ] ::1 /zky/index.php/Admin/Equipment/Css/bootstrap-responsive.css
ERR: 非法操作:css

[ 2016-10-20T13:51:55+08:00 ] ::1 /zky/index.php/Admin/Equipment/Js/jquery2.js
ERR: 非法操作:js

[ 2016-10-20T13:51:55+08:00 ] ::1 /zky/index.php/Admin/Equipment/Js/jquery2.sorted.js
ERR: 非法操作:js

[ 2016-10-20T13:51:55+08:00 ] ::1 /zky/index.php/Admin/Equipment/Css/style.css
ERR: 非法操作:css

[ 2016-10-20T13:51:55+08:00 ] ::1 /zky/index.php/Admin/Equipment/Js/bootstrap.js
ERR: 非法操作:js

[ 2016-10-20T13:51:55+08:00 ] ::1 /zky/index.php/Admin/Equipment/Js/ckform.js
ERR: 非法操作:js

[ 2016-10-20T13:51:55+08:00 ] ::1 /zky/index.php/Admin/Equipment/Js/common.js
ERR: 非法操作:js

[ 2016-10-20T13:52:51+08:00 ] ::1 /zky/index.php/Admin/Equipment/Css/bootstrap-responsive.css
ERR: 非法操作:css

[ 2016-10-20T13:52:51+08:00 ] ::1 /zky/index.php/Admin/Equipment/Js/jquery2.js
ERR: 非法操作:js

[ 2016-10-20T13:52:51+08:00 ] ::1 /zky/index.php/Admin/Equipment/Css/style.css
ERR: 非法操作:css

[ 2016-10-20T13:52:51+08:00 ] ::1 /zky/index.php/Admin/Equipment/Js/bootstrap.js
ERR: 非法操作:js

[ 2016-10-20T13:52:51+08:00 ] ::1 /zky/index.php/Admin/Equipment/Css/bootstrap.css
ERR: 非法操作:css

[ 2016-10-20T13:52:51+08:00 ] ::1 /zky/index.php/Admin/Equipment/Js/jquery2.sorted.js
ERR: 非法操作:js

[ 2016-10-20T13:52:51+08:00 ] ::1 /zky/index.php/Admin/Equipment/Js/ckform.js
ERR: 非法操作:js

[ 2016-10-20T13:52:51+08:00 ] ::1 /zky/index.php/Admin/Equipment/Js/common.js
ERR: 非法操作:js

[ 2016-10-20T13:52:51+08:00 ] ::1 /zky/index.php/Admin/Equipment/Js/bootstrap.js
ERR: 非法操作:js

[ 2016-10-20T13:52:51+08:00 ] ::1 /zky/index.php/Admin/Equipment/Js/ckform.js
ERR: 非法操作:js

[ 2016-10-20T13:52:51+08:00 ] ::1 /zky/index.php/Admin/Equipment/Js/common.js
ERR: 非法操作:js

[ 2016-10-20T13:53:25+08:00 ] ::1 /zky/index.php/Admin/Equipment/Css/bootstrap.css
ERR: 非法操作:css

[ 2016-10-20T13:53:25+08:00 ] ::1 /zky/index.php/Admin/Equipment/Js/jquery2.sorted.js
ERR: 非法操作:js

[ 2016-10-20T13:53:25+08:00 ] ::1 /zky/index.php/Admin/Equipment/Js/bootstrap.js
ERR: 非法操作:js

[ 2016-10-20T13:53:25+08:00 ] ::1 /zky/index.php/Admin/Equipment/Css/bootstrap-responsive.css
ERR: 非法操作:css

[ 2016-10-20T13:53:25+08:00 ] ::1 /zky/index.php/Admin/Equipment/Js/jquery2.js
ERR: 非法操作:js

[ 2016-10-20T13:53:25+08:00 ] ::1 /zky/index.php/Admin/Equipment/Js/ckform.js
ERR: 非法操作:js

[ 2016-10-20T13:53:25+08:00 ] ::1 /zky/index.php/Admin/Equipment/Js/common.js
ERR: 非法操作:js

[ 2016-10-20T13:53:25+08:00 ] ::1 /zky/index.php/Admin/Equipment/Css/style.css
ERR: 非法操作:css

[ 2016-10-20T13:53:25+08:00 ] ::1 /zky/index.php/Admin/Equipment/Js/jquery2.sorted.js
ERR: 非法操作:js

[ 2016-10-20T13:53:25+08:00 ] ::1 /zky/index.php/Admin/Equipment/Js/bootstrap.js
ERR: 非法操作:js

[ 2016-10-20T13:53:25+08:00 ] ::1 /zky/index.php/Admin/Equipment/Js/ckform.js
ERR: 非法操作:js

[ 2016-10-20T13:53:25+08:00 ] ::1 /zky/index.php/Admin/Equipment/Js/common.js
ERR: 非法操作:js

[ 2016-10-20T13:54:52+08:00 ] ::1 /zky/index.php/Admin/Equipment/Css/bootstrap.css
ERR: 非法操作:css

[ 2016-10-20T13:54:52+08:00 ] ::1 /zky/index.php/Admin/Equipment/Css/bootstrap-responsive.css
ERR: 非法操作:css

[ 2016-10-20T13:54:52+08:00 ] ::1 /zky/index.php/Admin/Equipment/Js/jquery2.js
ERR: 非法操作:js

[ 2016-10-20T13:54:52+08:00 ] ::1 /zky/index.php/Admin/Equipment/Js/jquery2.sorted.js
ERR: 非法操作:js

[ 2016-10-20T13:54:52+08:00 ] ::1 /zky/index.php/Admin/Equipment/Js/ckform.js
ERR: 非法操作:js

[ 2016-10-20T13:54:52+08:00 ] ::1 /zky/index.php/Admin/Equipment/Css/style.css
ERR: 非法操作:css

[ 2016-10-20T13:54:52+08:00 ] ::1 /zky/index.php/Admin/Equipment/Js/bootstrap.js
ERR: 非法操作:js

[ 2016-10-20T13:54:52+08:00 ] ::1 /zky/index.php/Admin/Equipment/Js/common.js
ERR: 非法操作:js

[ 2016-10-20T13:54:52+08:00 ] ::1 /zky/index.php/Admin/Equipment/Js/ckform.js
ERR: 非法操作:js

[ 2016-10-20T13:54:52+08:00 ] ::1 /zky/index.php/Admin/Equipment/Js/common.js
ERR: 非法操作:js

[ 2016-10-20T13:55:12+08:00 ] ::1 /zky/index.php/Admin/Equipment/Css/bootstrap.css
ERR: 非法操作:css

[ 2016-10-20T13:55:12+08:00 ] ::1 /zky/index.php/Admin/Equipment/Css/bootstrap-responsive.css
ERR: 非法操作:css

[ 2016-10-20T13:55:12+08:00 ] ::1 /zky/index.php/Admin/Equipment/Js/jquery2.js
ERR: 非法操作:js

[ 2016-10-20T13:55:12+08:00 ] ::1 /zky/index.php/Admin/Equipment/Js/bootstrap.js
ERR: 非法操作:js

[ 2016-10-20T13:55:12+08:00 ] ::1 /zky/index.php/Admin/Equipment/Js/jquery2.sorted.js
ERR: 非法操作:js

[ 2016-10-20T13:55:12+08:00 ] ::1 /zky/index.php/Admin/Equipment/Css/style.css
ERR: 非法操作:css

[ 2016-10-20T13:55:12+08:00 ] ::1 /zky/index.php/Admin/Equipment/Js/ckform.js
ERR: 非法操作:js

[ 2016-10-20T13:55:12+08:00 ] ::1 /zky/index.php/Admin/Equipment/Js/common.js
ERR: 非法操作:js

[ 2016-10-20T13:55:12+08:00 ] ::1 /zky/index.php/Admin/Equipment/Js/bootstrap.js
ERR: 非法操作:js

[ 2016-10-20T13:55:12+08:00 ] ::1 /zky/index.php/Admin/Equipment/Js/ckform.js
ERR: 非法操作:js

[ 2016-10-20T13:55:12+08:00 ] ::1 /zky/index.php/Admin/Equipment/Js/common.js
ERR: 非法操作:js

[ 2016-10-20T13:55:46+08:00 ] ::1 /zky/index.php/Admin/Equipment/Css/bootstrap-responsive.css
ERR: 非法操作:css

[ 2016-10-20T13:55:46+08:00 ] ::1 /zky/index.php/Admin/Equipment/Css/bootstrap.css
ERR: 非法操作:css

[ 2016-10-20T13:55:46+08:00 ] ::1 /zky/index.php/Admin/Equipment/Js/jquery2.sorted.js
ERR: 非法操作:js

[ 2016-10-20T13:55:46+08:00 ] ::1 /zky/index.php/Admin/Equipment/Js/jquery2.js
ERR: 非法操作:js

[ 2016-10-20T13:55:46+08:00 ] ::1 /zky/index.php/Admin/Equipment/Css/style.css
ERR: 非法操作:css

[ 2016-10-20T13:55:46+08:00 ] ::1 /zky/index.php/Admin/Equipment/Js/bootstrap.js
ERR: 非法操作:js

[ 2016-10-20T13:55:46+08:00 ] ::1 /zky/index.php/Admin/Equipment/Js/ckform.js
ERR: 非法操作:js

[ 2016-10-20T13:55:46+08:00 ] ::1 /zky/index.php/Admin/Equipment/Js/common.js
ERR: 非法操作:js

[ 2016-10-20T13:55:46+08:00 ] ::1 /zky/index.php/Admin/Equipment/Js/jquery2.sorted.js
ERR: 非法操作:js

[ 2016-10-20T13:55:46+08:00 ] ::1 /zky/index.php/Admin/Equipment/Js/bootstrap.js
ERR: 非法操作:js

[ 2016-10-20T13:55:46+08:00 ] ::1 /zky/index.php/Admin/Equipment/Js/ckform.js
ERR: 非法操作:js

[ 2016-10-20T13:55:46+08:00 ] ::1 /zky/index.php/Admin/Equipment/Js/common.js
ERR: 非法操作:js

[ 2016-10-20T13:55:57+08:00 ] ::1 /zky/index.php/Admin/Equipment/Js/ckform.js
ERR: 非法操作:js

[ 2016-10-20T13:55:57+08:00 ] ::1 /zky/index.php/Admin/Equipment/Css/bootstrap.css
ERR: 非法操作:css

[ 2016-10-20T13:55:57+08:00 ] ::1 /zky/index.php/Admin/Equipment/Js/jquery2.sorted.js
ERR: 非法操作:js

[ 2016-10-20T13:55:57+08:00 ] ::1 /zky/index.php/Admin/Equipment/Js/bootstrap.js
ERR: 非法操作:js

[ 2016-10-20T13:55:57+08:00 ] ::1 /zky/index.php/Admin/Equipment/Css/style.css
ERR: 非法操作:css

[ 2016-10-20T13:55:57+08:00 ] ::1 /zky/index.php/Admin/Equipment/Js/jquery2.js
ERR: 非法操作:js

[ 2016-10-20T13:55:58+08:00 ] ::1 /zky/index.php/Admin/Equipment/Css/bootstrap-responsive.css
ERR: 非法操作:css

[ 2016-10-20T13:55:58+08:00 ] ::1 /zky/index.php/Admin/Equipment/Js/common.js
ERR: 非法操作:js

[ 2016-10-20T13:55:58+08:00 ] ::1 /zky/index.php/Admin/Equipment/Js/jquery2.sorted.js
ERR: 非法操作:js

[ 2016-10-20T13:55:58+08:00 ] ::1 /zky/index.php/Admin/Equipment/Js/bootstrap.js
ERR: 非法操作:js

[ 2016-10-20T13:55:58+08:00 ] ::1 /zky/index.php/Admin/Equipment/Js/ckform.js
ERR: 非法操作:js

[ 2016-10-20T13:55:58+08:00 ] ::1 /zky/index.php/Admin/Equipment/Js/common.js
ERR: 非法操作:js

[ 2016-10-20T13:56:12+08:00 ] ::1 /zky/index.php/Admin/Equipment/Css/bootstrap-responsive.css
ERR: 非法操作:css

[ 2016-10-20T13:56:12+08:00 ] ::1 /zky/index.php/Admin/Equipment/Css/style.css
ERR: 非法操作:css

[ 2016-10-20T13:56:12+08:00 ] ::1 /zky/index.php/Admin/Equipment/Js/jquery2.js
ERR: 非法操作:js

[ 2016-10-20T13:56:12+08:00 ] ::1 /zky/index.php/Admin/Equipment/Js/jquery2.sorted.js
ERR: 非法操作:js

[ 2016-10-20T13:56:12+08:00 ] ::1 /zky/index.php/Admin/Equipment/Css/bootstrap.css
ERR: 非法操作:css

[ 2016-10-20T13:56:12+08:00 ] ::1 /zky/index.php/Admin/Equipment/Js/ckform.js
ERR: 非法操作:js

[ 2016-10-20T13:56:12+08:00 ] ::1 /zky/index.php/Admin/Equipment/Js/common.js
ERR: 非法操作:js

[ 2016-10-20T13:56:12+08:00 ] ::1 /zky/index.php/Admin/Equipment/Js/bootstrap.js
ERR: 非法操作:js

[ 2016-10-20T13:56:12+08:00 ] ::1 /zky/index.php/Admin/Equipment/Js/ckform.js
ERR: 非法操作:js

[ 2016-10-20T13:56:13+08:00 ] ::1 /zky/index.php/Admin/Equipment/Js/common.js
ERR: 非法操作:js

[ 2016-10-20T13:56:22+08:00 ] ::1 /zky/index.php/Admin/Equipment/Css/style.css
ERR: 非法操作:css

[ 2016-10-20T13:56:22+08:00 ] ::1 /zky/index.php/Admin/Equipment/Js/jquery2.sorted.js
ERR: 非法操作:js

[ 2016-10-20T13:56:22+08:00 ] ::1 /zky/index.php/Admin/Equipment/Css/bootstrap-responsive.css
ERR: 非法操作:css

[ 2016-10-20T13:56:22+08:00 ] ::1 /zky/index.php/Admin/Equipment/Css/bootstrap.css
ERR: 非法操作:css

[ 2016-10-20T13:56:22+08:00 ] ::1 /zky/index.php/Admin/Equipment/Js/jquery2.js
ERR: 非法操作:js

[ 2016-10-20T13:56:22+08:00 ] ::1 /zky/index.php/Admin/Equipment/Js/bootstrap.js
ERR: 非法操作:js

[ 2016-10-20T13:56:22+08:00 ] ::1 /zky/index.php/Admin/Equipment/Js/common.js
ERR: 非法操作:js

[ 2016-10-20T13:56:22+08:00 ] ::1 /zky/index.php/Admin/Equipment/Js/ckform.js
ERR: 非法操作:js

[ 2016-10-20T13:56:22+08:00 ] ::1 /zky/index.php/Admin/Equipment/Js/jquery2.sorted.js
ERR: 非法操作:js

[ 2016-10-20T13:56:22+08:00 ] ::1 /zky/index.php/Admin/Equipment/Js/bootstrap.js
ERR: 非法操作:js

[ 2016-10-20T13:56:23+08:00 ] ::1 /zky/index.php/Admin/Equipment/Js/ckform.js
ERR: 非法操作:js

[ 2016-10-20T13:56:23+08:00 ] ::1 /zky/index.php/Admin/Equipment/Js/common.js
ERR: 非法操作:js

[ 2016-10-20T13:56:53+08:00 ] ::1 /zky/index.php/Home/Equipment/zhihu-css.css
ERR: 非法操作:zhihu-css.css

[ 2016-10-20T13:56:58+08:00 ] ::1 /zky/index.php/Home/Inform/zhihu-css.css
ERR: 非法操作:zhihu-css.css

[ 2016-10-20T13:56:58+08:00 ] ::1 /zky/index.php/Home/Index/zhihu-css.css
ERR: 非法操作:zhihu-css.css

[ 2016-10-20T13:56:59+08:00 ] ::1 /zky/index.php/Home/Inform/zhihu-css.css
ERR: 非法操作:zhihu-css.css

[ 2016-10-20T13:57:00+08:00 ] ::1 /zky/index.php/Home/File/zhihu-css.css
ERR: 非法操作:zhihu-css.css

[ 2016-10-20T13:57:00+08:00 ] ::1 /zky/index.php/Home/Message/zhihu-css.css
ERR: 非法操作:zhihu-css.css

[ 2016-10-20T13:57:01+08:00 ] ::1 /zky/index.php/Home/Index/zhihu-css.css
ERR: 非法操作:zhihu-css.css

[ 2016-10-20T13:57:01+08:00 ] ::1 /zky/index.php/Home/Message/zhihu-css.css
ERR: 非法操作:zhihu-css.css

[ 2016-10-20T13:57:01+08:00 ] ::1 /zky/index.php/Home/File/zhihu-css.css
ERR: 非法操作:zhihu-css.css

[ 2016-10-20T13:57:02+08:00 ] ::1 /zky/index.php/Home/Message/zhihu-css.css
ERR: 非法操作:zhihu-css.css

[ 2016-10-20T13:57:11+08:00 ] ::1 /zky/index.php/Admin/Equipment/Css/bootstrap.css
ERR: 非法操作:css

[ 2016-10-20T13:57:11+08:00 ] ::1 /zky/index.php/Admin/Equipment/Css/bootstrap-responsive.css
ERR: 非法操作:css

[ 2016-10-20T13:57:11+08:00 ] ::1 /zky/index.php/Admin/Equipment/Js/jquery2.sorted.js
ERR: 非法操作:js

[ 2016-10-20T13:57:11+08:00 ] ::1 /zky/index.php/Admin/Equipment/Css/style.css
ERR: 非法操作:css

[ 2016-10-20T13:57:11+08:00 ] ::1 /zky/index.php/Admin/Equipment/Js/jquery2.js
ERR: 非法操作:js

[ 2016-10-20T13:57:11+08:00 ] ::1 /zky/index.php/Admin/Equipment/Js/bootstrap.js
ERR: 非法操作:js

[ 2016-10-20T13:57:11+08:00 ] ::1 /zky/index.php/Admin/Equipment/Js/common.js
ERR: 非法操作:js

[ 2016-10-20T13:57:11+08:00 ] ::1 /zky/index.php/Admin/Equipment/Js/ckform.js
ERR: 非法操作:js

[ 2016-10-20T13:57:11+08:00 ] ::1 /zky/index.php/Admin/Equipment/Js/jquery2.sorted.js
ERR: 非法操作:js

[ 2016-10-20T13:57:11+08:00 ] ::1 /zky/index.php/Admin/Equipment/Js/bootstrap.js
ERR: 非法操作:js

[ 2016-10-20T13:57:11+08:00 ] ::1 /zky/index.php/Admin/Equipment/Js/ckform.js
ERR: 非法操作:js

[ 2016-10-20T13:57:12+08:00 ] ::1 /zky/index.php/Admin/Equipment/Js/common.js
ERR: 非法操作:js

[ 2016-10-20T13:57:18+08:00 ] ::1 /zky/index.php/Admin/Equipment/Css/bootstrap-responsive.css
ERR: 非法操作:css

[ 2016-10-20T13:57:18+08:00 ] ::1 /zky/index.php/Admin/Equipment/Css/bootstrap.css
ERR: 非法操作:css

[ 2016-10-20T13:57:18+08:00 ] ::1 /zky/index.php/Admin/Equipment/Css/style.css
ERR: 非法操作:css

[ 2016-10-20T13:57:18+08:00 ] ::1 /zky/index.php/Admin/Equipment/Js/jquery2.js
ERR: 非法操作:js

[ 2016-10-20T13:57:18+08:00 ] ::1 /zky/index.php/Admin/Equipment/Js/bootstrap.js
ERR: 非法操作:js

[ 2016-10-20T13:57:18+08:00 ] ::1 /zky/index.php/Admin/Equipment/Js/jquery2.sorted.js
ERR: 非法操作:js

[ 2016-10-20T13:57:18+08:00 ] ::1 /zky/index.php/Admin/Equipment/Js/ckform.js
ERR: 非法操作:js

[ 2016-10-20T13:57:18+08:00 ] ::1 /zky/index.php/Admin/Equipment/Js/common.js
ERR: 非法操作:js

[ 2016-10-20T13:57:19+08:00 ] ::1 /zky/index.php/Admin/Equipment/Js/bootstrap.js
ERR: 非法操作:js

[ 2016-10-20T13:57:19+08:00 ] ::1 /zky/index.php/Admin/Equipment/Js/ckform.js
ERR: 非法操作:js

[ 2016-10-20T13:57:19+08:00 ] ::1 /zky/index.php/Admin/Equipment/Js/common.js
ERR: 非法操作:js

[ 2016-10-20T13:57:22+08:00 ] ::1 /zky/index.php/Admin/Equipment/Css/bootstrap-responsive.css
ERR: 非法操作:css

[ 2016-10-20T13:57:22+08:00 ] ::1 /zky/index.php/Admin/Equipment/Css/bootstrap.css
ERR: 非法操作:css

[ 2016-10-20T13:57:22+08:00 ] ::1 /zky/index.php/Admin/Equipment/Js/bootstrap.js
ERR: 非法操作:js

[ 2016-10-20T13:57:22+08:00 ] ::1 /zky/index.php/Admin/Equipment/Js/ckform.js
ERR: 非法操作:js

[ 2016-10-20T13:57:22+08:00 ] ::1 /zky/index.php/Admin/Equipment/Js/jquery2.js
ERR: 非法操作:js

[ 2016-10-20T13:57:22+08:00 ] ::1 /zky/index.php/Admin/Equipment/Css/style.css
ERR: 非法操作:css

[ 2016-10-20T13:57:22+08:00 ] ::1 /zky/index.php/Admin/Equipment/Js/jquery2.sorted.js
ERR: 非法操作:js

[ 2016-10-20T13:57:22+08:00 ] ::1 /zky/index.php/Admin/Equipment/Js/common.js
ERR: 非法操作:js

[ 2016-10-20T13:57:22+08:00 ] ::1 /zky/index.php/Admin/Equipment/Js/bootstrap.js
ERR: 非法操作:js

[ 2016-10-20T13:57:22+08:00 ] ::1 /zky/index.php/Admin/Equipment/Js/ckform.js
ERR: 非法操作:js

[ 2016-10-20T13:57:22+08:00 ] ::1 /zky/index.php/Admin/Equipment/Js/common.js
ERR: 非法操作:js

[ 2016-10-20T13:58:37+08:00 ] ::1 /zky/index.php/Admin/Equipment/Css/bootstrap-responsive.css
ERR: 非法操作:css

[ 2016-10-20T13:58:38+08:00 ] ::1 /zky/index.php/Admin/Equipment/Css/style.css
ERR: 非法操作:css

[ 2016-10-20T13:58:38+08:00 ] ::1 /zky/index.php/Admin/Equipment/Js/jquery2.sorted.js
ERR: 非法操作:js

[ 2016-10-20T13:58:38+08:00 ] ::1 /zky/index.php/Admin/Equipment/Js/jquery2.js
ERR: 非法操作:js

[ 2016-10-20T13:58:38+08:00 ] ::1 /zky/index.php/Admin/Equipment/Css/bootstrap.css
ERR: 非法操作:css

[ 2016-10-20T13:58:38+08:00 ] ::1 /zky/index.php/Admin/Equipment/Js/bootstrap.js
ERR: 非法操作:js

[ 2016-10-20T13:58:38+08:00 ] ::1 /zky/index.php/Admin/Equipment/Js/ckform.js
ERR: 非法操作:js

[ 2016-10-20T13:58:38+08:00 ] ::1 /zky/index.php/Admin/Equipment/Js/common.js
ERR: 非法操作:js

[ 2016-10-20T13:58:38+08:00 ] ::1 /zky/index.php/Admin/Equipment/Js/jquery2.sorted.js
ERR: 非法操作:js

[ 2016-10-20T13:58:38+08:00 ] ::1 /zky/index.php/Admin/Equipment/Js/bootstrap.js
ERR: 非法操作:js

[ 2016-10-20T13:58:38+08:00 ] ::1 /zky/index.php/Admin/Equipment/Js/ckform.js
ERR: 非法操作:js

[ 2016-10-20T13:58:38+08:00 ] ::1 /zky/index.php/Admin/Equipment/Js/common.js
ERR: 非法操作:js

[ 2016-10-20T13:58:39+08:00 ] ::1 /zky/index.php/Admin/Equipment/Css/bootstrap-responsive.css
ERR: 非法操作:css

[ 2016-10-20T13:58:39+08:00 ] ::1 /zky/index.php/Admin/Equipment/Css/bootstrap.css
ERR: 非法操作:css

[ 2016-10-20T13:58:39+08:00 ] ::1 /zky/index.php/Admin/Equipment/Js/ckform.js
ERR: 非法操作:js

[ 2016-10-20T13:58:39+08:00 ] ::1 /zky/index.php/Admin/Equipment/Js/bootstrap.js
ERR: 非法操作:js

[ 2016-10-20T13:58:39+08:00 ] ::1 /zky/index.php/Admin/Equipment/Js/jquery2.js
ERR: 非法操作:js

[ 2016-10-20T13:58:39+08:00 ] ::1 /zky/index.php/Admin/Equipment/Css/style.css
ERR: 非法操作:css

[ 2016-10-20T13:58:39+08:00 ] ::1 /zky/index.php/Admin/Equipment/Js/jquery2.sorted.js
ERR: 非法操作:js

[ 2016-10-20T13:58:39+08:00 ] ::1 /zky/index.php/Admin/Equipment/Js/common.js
ERR: 非法操作:js

[ 2016-10-20T13:58:39+08:00 ] ::1 /zky/index.php/Admin/Equipment/Js/bootstrap.js
ERR: 非法操作:js

[ 2016-10-20T13:58:39+08:00 ] ::1 /zky/index.php/Admin/Equipment/Js/ckform.js
ERR: 非法操作:js

[ 2016-10-20T13:58:39+08:00 ] ::1 /zky/index.php/Admin/Equipment/Js/common.js
ERR: 非法操作:js

[ 2016-10-20T13:58:48+08:00 ] ::1 /zky/index.php/Admin/Inform/Css/bootstrap.css
ERR: 非法操作:css

[ 2016-10-20T13:58:48+08:00 ] ::1 /zky/index.php/Admin/Inform/Css/bootstrap-responsive.css
ERR: 非法操作:css

[ 2016-10-20T13:58:48+08:00 ] ::1 /zky/index.php/Admin/Inform/Css/style.css
ERR: 非法操作:css

[ 2016-10-20T13:58:48+08:00 ] ::1 /zky/index.php/Admin/Inform/Js/jquery2.sorted.js
ERR: 非法操作:js

[ 2016-10-20T13:58:48+08:00 ] ::1 /zky/index.php/Admin/Inform/Js/bootstrap.js
ERR: 非法操作:js

[ 2016-10-20T13:58:48+08:00 ] ::1 /zky/index.php/Admin/Inform/Js/ckform.js
ERR: 非法操作:js

[ 2016-10-20T13:58:48+08:00 ] ::1 /zky/index.php/Admin/Inform/Js/jquery2.js
ERR: 非法操作:js

[ 2016-10-20T13:58:48+08:00 ] ::1 /zky/index.php/Admin/Inform/Js/common.js
ERR: 非法操作:js

[ 2016-10-20T13:58:48+08:00 ] ::1 /zky/index.php/Admin/Inform/Js/jquery2.sorted.js
ERR: 非法操作:js

[ 2016-10-20T13:58:48+08:00 ] ::1 /zky/index.php/Admin/Inform/Js/bootstrap.js
ERR: 非法操作:js

[ 2016-10-20T13:58:48+08:00 ] ::1 /zky/index.php/Admin/Inform/Js/ckform.js
ERR: 非法操作:js

[ 2016-10-20T13:58:48+08:00 ] ::1 /zky/index.php/Admin/Inform/Js/common.js
ERR: 非法操作:js

[ 2016-10-20T13:58:49+08:00 ] ::1 /zky/index.php/Admin/Equipment/Css/style.css
ERR: 非法操作:css

[ 2016-10-20T13:58:49+08:00 ] ::1 /zky/index.php/Admin/Equipment/Css/bootstrap.css
ERR: 非法操作:css

[ 2016-10-20T13:58:49+08:00 ] ::1 /zky/index.php/Admin/Equipment/Js/bootstrap.js
ERR: 非法操作:js

[ 2016-10-20T13:58:49+08:00 ] ::1 /zky/index.php/Admin/Equipment/Js/jquery2.js
ERR: 非法操作:js

[ 2016-10-20T13:58:49+08:00 ] ::1 /zky/index.php/Admin/Equipment/Js/ckform.js
ERR: 非法操作:js

[ 2016-10-20T13:58:49+08:00 ] ::1 /zky/index.php/Admin/Equipment/Css/bootstrap-responsive.css
ERR: 非法操作:css

[ 2016-10-20T13:58:49+08:00 ] ::1 /zky/index.php/Admin/Equipment/Js/jquery2.sorted.js
ERR: 非法操作:js

[ 2016-10-20T13:58:49+08:00 ] ::1 /zky/index.php/Admin/Equipment/Js/common.js
ERR: 非法操作:js

[ 2016-10-20T13:58:49+08:00 ] ::1 /zky/index.php/Admin/Equipment/Js/bootstrap.js
ERR: 非法操作:js

[ 2016-10-20T13:58:49+08:00 ] ::1 /zky/index.php/Admin/Equipment/Js/ckform.js
ERR: 非法操作:js

[ 2016-10-20T13:58:49+08:00 ] ::1 /zky/index.php/Admin/Equipment/Js/common.js
ERR: 非法操作:js

[ 2016-10-20T13:58:52+08:00 ] ::1 /zky/index.php/Admin/File/Css/style.css
ERR: 非法操作:css

[ 2016-10-20T13:58:52+08:00 ] ::1 /zky/index.php/Admin/File/Css/bootstrap-responsive.css
ERR: 非法操作:css

[ 2016-10-20T13:58:52+08:00 ] ::1 /zky/index.php/Admin/File/Js/jquery2.js
ERR: 非法操作:js

[ 2016-10-20T13:58:52+08:00 ] ::1 /zky/index.php/Admin/File/Css/bootstrap.css
ERR: 非法操作:css

[ 2016-10-20T13:58:52+08:00 ] ::1 /zky/index.php/Admin/File/Js/ckform.js
ERR: 非法操作:js

[ 2016-10-20T13:58:52+08:00 ] ::1 /zky/index.php/Admin/File/Js/bootstrap.js
ERR: 非法操作:js

[ 2016-10-20T13:58:52+08:00 ] ::1 /zky/index.php/Admin/File/Js/jquery2.sorted.js
ERR: 非法操作:js

[ 2016-10-20T13:58:52+08:00 ] ::1 /zky/index.php/Admin/File/Js/common.js
ERR: 非法操作:js

[ 2016-10-20T13:58:52+08:00 ] ::1 /zky/index.php/Admin/File/Js/bootstrap.js
ERR: 非法操作:js

[ 2016-10-20T13:58:52+08:00 ] ::1 /zky/index.php/Admin/File/Js/ckform.js
ERR: 非法操作:js

[ 2016-10-20T13:58:52+08:00 ] ::1 /zky/index.php/Admin/File/Js/common.js
ERR: 非法操作:js

[ 2016-10-20T13:58:56+08:00 ] ::1 /zky/index.php/Admin/Message/Css/style.css
ERR: 非法操作:css

[ 2016-10-20T13:58:56+08:00 ] ::1 /zky/index.php/Admin/Message/Js/bootstrap.js
ERR: 非法操作:js

[ 2016-10-20T13:58:56+08:00 ] ::1 /zky/index.php/Admin/Message/Css/bootstrap-responsive.css
ERR: 非法操作:css

[ 2016-10-20T13:58:56+08:00 ] ::1 /zky/index.php/Admin/Message/Js/jquery2.sorted.js
ERR: 非法操作:js

[ 2016-10-20T13:58:56+08:00 ] ::1 /zky/index.php/Admin/Message/Js/jquery2.js
ERR: 非法操作:js

[ 2016-10-20T13:58:56+08:00 ] ::1 /zky/index.php/Admin/Message/Css/bootstrap.css
ERR: 非法操作:css

[ 2016-10-20T13:58:56+08:00 ] ::1 /zky/index.php/Admin/Message/Js/ckform.js
ERR: 非法操作:js

[ 2016-10-20T13:58:56+08:00 ] ::1 /zky/index.php/Admin/Message/Js/common.js
ERR: 非法操作:js

[ 2016-10-20T13:58:56+08:00 ] ::1 /zky/index.php/Admin/Message/Js/jquery2.sorted.js
ERR: 非法操作:js

[ 2016-10-20T13:58:56+08:00 ] ::1 /zky/index.php/Admin/Message/Js/bootstrap.js
ERR: 非法操作:js

[ 2016-10-20T13:58:56+08:00 ] ::1 /zky/index.php/Admin/Message/Js/ckform.js
ERR: 非法操作:js

[ 2016-10-20T13:58:56+08:00 ] ::1 /zky/index.php/Admin/Message/Js/common.js
ERR: 非法操作:js

[ 2016-10-20T13:58:57+08:00 ] ::1 /zky/index.php/Admin/Message/Css/style.css
ERR: 非法操作:css

[ 2016-10-20T13:58:57+08:00 ] ::1 /zky/index.php/Admin/Message/Css/bootstrap-responsive.css
ERR: 非法操作:css

[ 2016-10-20T13:58:57+08:00 ] ::1 /zky/index.php/Admin/Message/Js/jquery2.js
ERR: 非法操作:js

[ 2016-10-20T13:58:57+08:00 ] ::1 /zky/index.php/Admin/Message/Js/bootstrap.js
ERR: 非法操作:js

[ 2016-10-20T13:58:57+08:00 ] ::1 /zky/index.php/Admin/Message/Js/jquery2.sorted.js
ERR: 非法操作:js

[ 2016-10-20T13:58:57+08:00 ] ::1 /zky/index.php/Admin/Message/Css/bootstrap.css
ERR: 非法操作:css

[ 2016-10-20T13:58:57+08:00 ] ::1 /zky/index.php/Admin/Message/Js/ckform.js
ERR: 非法操作:js

[ 2016-10-20T13:58:57+08:00 ] ::1 /zky/index.php/Admin/Message/Js/common.js
ERR: 非法操作:js

[ 2016-10-20T13:58:57+08:00 ] ::1 /zky/index.php/Admin/Message/Js/bootstrap.js
ERR: 非法操作:js

[ 2016-10-20T13:58:57+08:00 ] ::1 /zky/index.php/Admin/Message/Js/ckform.js
ERR: 非法操作:js

[ 2016-10-20T13:58:57+08:00 ] ::1 /zky/index.php/Admin/Message/Js/common.js
ERR: 非法操作:js

[ 2016-10-20T13:58:59+08:00 ] ::1 /zky/index.php/Admin/Message/Js/bootstrap.js
ERR: 非法操作:js

[ 2016-10-20T13:58:59+08:00 ] ::1 /zky/index.php/Admin/Message/Js/jquery2.sorted.js
ERR: 非法操作:js

[ 2016-10-20T13:58:59+08:00 ] ::1 /zky/index.php/Admin/Message/Css/style.css
ERR: 非法操作:css

[ 2016-10-20T13:58:59+08:00 ] ::1 /zky/index.php/Admin/Message/Css/bootstrap-responsive.css
ERR: 非法操作:css

[ 2016-10-20T13:58:59+08:00 ] ::1 /zky/index.php/Admin/Message/Css/bootstrap.css
ERR: 非法操作:css

[ 2016-10-20T13:58:59+08:00 ] ::1 /zky/index.php/Admin/Message/Js/jquery2.js
ERR: 非法操作:js

[ 2016-10-20T13:58:59+08:00 ] ::1 /zky/index.php/Admin/Message/Js/ckform.js
ERR: 非法操作:js

[ 2016-10-20T13:58:59+08:00 ] ::1 /zky/index.php/Admin/Message/Js/common.js
ERR: 非法操作:js

[ 2016-10-20T13:58:59+08:00 ] ::1 /zky/index.php/Admin/Message/Js/jquery2.sorted.js
ERR: 非法操作:js

[ 2016-10-20T13:58:59+08:00 ] ::1 /zky/index.php/Admin/Message/Js/bootstrap.js
ERR: 非法操作:js

[ 2016-10-20T13:58:59+08:00 ] ::1 /zky/index.php/Admin/Message/Js/ckform.js
ERR: 非法操作:js

[ 2016-10-20T13:58:59+08:00 ] ::1 /zky/index.php/Admin/Message/Js/common.js
ERR: 非法操作:js

[ 2016-10-20T13:59:02+08:00 ] ::1 /zky/index.php/Admin/Index/Css/style.css
ERR: 非法操作:css

[ 2016-10-20T13:59:02+08:00 ] ::1 /zky/index.php/Admin/Index/Css/bootstrap-responsive.css
ERR: 非法操作:css

[ 2016-10-20T13:59:02+08:00 ] ::1 /zky/index.php/Admin/Index/Js/jquery2.js
ERR: 非法操作:js

[ 2016-10-20T13:59:02+08:00 ] ::1 /zky/index.php/Admin/Index/Js/ckform.js
ERR: 非法操作:js

[ 2016-10-20T13:59:02+08:00 ] ::1 /zky/index.php/Admin/Index/Js/jquery2.sorted.js
ERR: 非法操作:js

[ 2016-10-20T13:59:02+08:00 ] ::1 /zky/index.php/Admin/Index/Css/bootstrap.css
ERR: 非法操作:css

[ 2016-10-20T13:59:02+08:00 ] ::1 /zky/index.php/Admin/Index/Js/bootstrap.js
ERR: 非法操作:js

[ 2016-10-20T13:59:02+08:00 ] ::1 /zky/index.php/Admin/Index/Js/common.js
ERR: 非法操作:js

[ 2016-10-20T13:59:02+08:00 ] ::1 /zky/index.php/Admin/Index/Js/ckform.js
ERR: 非法操作:js

[ 2016-10-20T13:59:03+08:00 ] ::1 /zky/index.php/Admin/Index/Js/common.js
ERR: 非法操作:js

[ 2016-10-20T13:59:17+08:00 ] ::1 /zky/index.php/Admin/Index/Css/bootstrap-responsive.css
ERR: 非法操作:css

[ 2016-10-20T13:59:17+08:00 ] ::1 /zky/index.php/Admin/Index/Js/jquery2.js
ERR: 非法操作:js

[ 2016-10-20T13:59:17+08:00 ] ::1 /zky/index.php/Admin/Index/Css/bootstrap.css
ERR: 非法操作:css

[ 2016-10-20T13:59:17+08:00 ] ::1 /zky/index.php/Admin/Index/Css/style.css
ERR: 非法操作:css

[ 2016-10-20T13:59:17+08:00 ] ::1 /zky/index.php/Admin/Index/Js/bootstrap.js
ERR: 非法操作:js

[ 2016-10-20T13:59:17+08:00 ] ::1 /zky/index.php/Admin/Index/Js/jquery2.sorted.js
ERR: 非法操作:js

[ 2016-10-20T13:59:17+08:00 ] ::1 /zky/index.php/Admin/Index/Js/ckform.js
ERR: 非法操作:js

[ 2016-10-20T13:59:17+08:00 ] ::1 /zky/index.php/Admin/Index/Js/common.js
ERR: 非法操作:js

[ 2016-10-20T13:59:17+08:00 ] ::1 /zky/index.php/Admin/Index/Js/bootstrap.js
ERR: 非法操作:js

[ 2016-10-20T13:59:17+08:00 ] ::1 /zky/index.php/Admin/Index/Js/ckform.js
ERR: 非法操作:js

[ 2016-10-20T13:59:17+08:00 ] ::1 /zky/index.php/Admin/Index/Js/common.js
ERR: 非法操作:js

[ 2016-10-20T13:59:26+08:00 ] ::1 /zky/index.php/Home/Index/zhihu-css.css
ERR: 非法操作:zhihu-css.css

[ 2016-10-20T13:59:28+08:00 ] ::1 /zky/index.php/Home/File/zhihu-css.css
ERR: 非法操作:zhihu-css.css

[ 2016-10-20T13:59:29+08:00 ] ::1 /zky/index.php/Home/Regulation/zhihu-css.css
ERR: 非法操作:zhihu-css.css

[ 2016-10-20T13:59:29+08:00 ] ::1 /zky/index.php/Home/Equipment/zhihu-css.css
ERR: 非法操作:zhihu-css.css

[ 2016-10-20T13:59:30+08:00 ] ::1 /zky/index.php/Home/Inform/zhihu-css.css
ERR: 非法操作:zhihu-css.css

[ 2016-10-20T13:59:31+08:00 ] ::1 /zky/index.php/Home/Index/zhihu-css.css
ERR: 非法操作:zhihu-css.css

[ 2016-10-20T13:59:31+08:00 ] ::1 /zky/index.php/Home/Inform/zhihu-css.css
ERR: 非法操作:zhihu-css.css

[ 2016-10-20T13:59:32+08:00 ] ::1 /zky/index.php/Home/Equipment/zhihu-css.css
ERR: 非法操作:zhihu-css.css

[ 2016-10-20T13:59:33+08:00 ] ::1 /zky/index.php/Home/File/zhihu-css.css
ERR: 非法操作:zhihu-css.css

[ 2016-10-20T13:59:57+08:00 ] ::1 /zky/index.php/Home/Index/zhihu-css.css
ERR: 非法操作:zhihu-css.css

[ 2016-10-20T13:59:58+08:00 ] ::1 /zky/index.php/Home/Index/zhihu-css.css
ERR: 非法操作:zhihu-css.css

[ 2016-10-20T14:00:00+08:00 ] ::1 /zky/index.php/Home/Index/zhihu-css.css
ERR: 非法操作:zhihu-css.css

[ 2016-10-20T14:00:01+08:00 ] ::1 /zky/index.php/Home/Equipment/zhihu-css.css
ERR: 非法操作:zhihu-css.css

[ 2016-10-20T14:00:02+08:00 ] ::1 /zky/index.php/Home/Regulation/zhihu-css.css
ERR: 非法操作:zhihu-css.css

[ 2016-10-20T14:00:02+08:00 ] ::1 /zky/index.php/Home/File/zhihu-css.css
ERR: 非法操作:zhihu-css.css

