[ 2016-10-15T09:46:09+08:00 ] ::1 /zky/index.php/Home/File/zhihu-css.css
ERR: 非法操作:zhihu-css.css

[ 2016-10-15T09:46:12+08:00 ] ::1 /zky/index.php/Home/File/zhihu-css.css
ERR: 非法操作:zhihu-css.css

[ 2016-10-15T09:50:31+08:00 ] ::1 /zky/index.php/Home/File/zhihu-css.css
ERR: 非法操作:zhihu-css.css

[ 2016-10-15T09:50:32+08:00 ] ::1 /zky/index.php/Home/File/zhihu-css.css
ERR: 非法操作:zhihu-css.css

[ 2016-10-15T09:50:33+08:00 ] ::1 /zky/index.php/Home/File/zhihu-css.css
ERR: 非法操作:zhihu-css.css

[ 2016-10-15T09:50:38+08:00 ] ::1 /zky/index.php/Home/File/zhihu-css.css
ERR: 非法操作:zhihu-css.css

[ 2016-10-15T09:51:08+08:00 ] ::1 /zky/index.php/Home/File/zhihu-css.css
ERR: 非法操作:zhihu-css.css

[ 2016-10-15T09:51:10+08:00 ] ::1 /zky/index.php/Home/File/zhihu-css.css
ERR: 非法操作:zhihu-css.css

[ 2016-10-15T09:51:30+08:00 ] ::1 /zky/index.php/Home/File/zhihu-css.css
ERR: 非法操作:zhihu-css.css

[ 2016-10-15T09:51:31+08:00 ] ::1 /zky/index.php/Home/File/zhihu-css.css
ERR: 非法操作:zhihu-css.css

[ 2016-10-15T09:51:35+08:00 ] ::1 /zky/index.php/Home/File/zhihu-css.css
ERR: 非法操作:zhihu-css.css

[ 2016-10-15T09:51:37+08:00 ] ::1 /zky/index.php/Home/File/zhihu-css.css
ERR: 非法操作:zhihu-css.css

[ 2016-10-15T09:51:39+08:00 ] ::1 /zky/index.php/Home/File/zhihu-css.css
ERR: 非法操作:zhihu-css.css

[ 2016-10-15T09:51:40+08:00 ] ::1 /zky/index.php/Home/File/zhihu-css.css
ERR: 非法操作:zhihu-css.css

[ 2016-10-15T09:51:43+08:00 ] ::1 /zky/index.php/Home/File/zhihu-css.css
ERR: 非法操作:zhihu-css.css

[ 2016-10-15T09:53:03+08:00 ] ::1 /zky/index.php/Home/File/zhihu-css.css
ERR: 非法操作:zhihu-css.css

[ 2016-10-15T09:54:22+08:00 ] ::1 /zky/index.php/Home/File/zhihu-css.css
ERR: 非法操作:zhihu-css.css

[ 2016-10-15T09:54:52+08:00 ] ::1 /zky/index.php/Home/File/zhihu-css.css
ERR: 非法操作:zhihu-css.css

[ 2016-10-15T09:54:53+08:00 ] ::1 /zky/index.php/Home/File/zhihu-css.css
ERR: 非法操作:zhihu-css.css

[ 2016-10-15T09:54:55+08:00 ] ::1 /zky/index.php/Home/File/zhihu-css.css
ERR: 非法操作:zhihu-css.css

[ 2016-10-15T09:54:57+08:00 ] ::1 /zky/index.php/Home/File/zhihu-css.css
ERR: 非法操作:zhihu-css.css

[ 2016-10-15T09:55:33+08:00 ] ::1 /zky/index.php/Home/File/zhihu-css.css
ERR: 非法操作:zhihu-css.css

[ 2016-10-15T09:55:35+08:00 ] ::1 /zky/index.php/Home/File/zhihu-css.css
ERR: 非法操作:zhihu-css.css

[ 2016-10-15T09:57:07+08:00 ] ::1 /zky/index.php/Home/File/zhihu-css.css
ERR: 非法操作:zhihu-css.css

[ 2016-10-15T09:57:08+08:00 ] ::1 /zky/index.php/Home/File/zhihu-css.css
ERR: 非法操作:zhihu-css.css

[ 2016-10-15T09:57:11+08:00 ] ::1 /zky/index.php/Home/File/zhihu-css.css
ERR: 非法操作:zhihu-css.css

[ 2016-10-15T09:58:05+08:00 ] ::1 /zky/index.php/Home/File/zhihu-css.css
ERR: 非法操作:zhihu-css.css

[ 2016-10-15T10:05:49+08:00 ] ::1 /zky/index.php/Home/File/zhihu-css.css
ERR: 非法操作:zhihu-css.css

[ 2016-10-15T10:05:50+08:00 ] ::1 /zky/index.php/Home/File/zhihu-css.css
ERR: 非法操作:zhihu-css.css

[ 2016-10-15T10:05:53+08:00 ] ::1 /zky/index.php/Home/File/zhihu-css.css
ERR: 非法操作:zhihu-css.css

[ 2016-10-15T10:07:16+08:00 ] ::1 /zky/index.php/Home/File/zhihu-css.css
ERR: 非法操作:zhihu-css.css

[ 2016-10-15T10:07:17+08:00 ] ::1 /zky/index.php/Home/File/zhihu-css.css
ERR: 非法操作:zhihu-css.css

[ 2016-10-15T10:07:18+08:00 ] ::1 /zky/index.php/Home/File/zhihu-css.css
ERR: 非法操作:zhihu-css.css

[ 2016-10-15T10:08:37+08:00 ] ::1 /zky/index.php/Home/File/zhihu-css.css
ERR: 非法操作:zhihu-css.css

[ 2016-10-15T10:08:38+08:00 ] ::1 /zky/index.php/Home/File/zhihu-css.css
ERR: 非法操作:zhihu-css.css

[ 2016-10-15T10:13:17+08:00 ] ::1 /zky/index.php/Home/Inform/zhihu-css.css
ERR: 非法操作:zhihu-css.css

[ 2016-10-15T10:13:21+08:00 ] ::1 /zky/index.php/Home/Inform/zhihu-css.css
ERR: 非法操作:zhihu-css.css

[ 2016-10-15T10:18:48+08:00 ] ::1 /zky/index.php/Home/Inform/zhihu-css.css
ERR: 非法操作:zhihu-css.css

[ 2016-10-15T10:18:55+08:00 ] ::1 /zky/index.php/Home/Inform/zhihu-css.css
ERR: 非法操作:zhihu-css.css

[ 2016-10-15T10:21:17+08:00 ] ::1 /zky/index.php/Home/Inform/zhihu-css.css
ERR: 非法操作:zhihu-css.css

[ 2016-10-15T10:21:21+08:00 ] ::1 /zky/index.php/Home/Inform/zhihu-css.css
ERR: 非法操作:zhihu-css.css

[ 2016-10-15T10:21:24+08:00 ] ::1 /zky/index.php/Home/Inform/zhihu-css.css
ERR: 非法操作:zhihu-css.css

[ 2016-10-15T10:21:26+08:00 ] ::1 /zky/index.php/Home/Inform/zhihu-css.css
ERR: 非法操作:zhihu-css.css

[ 2016-10-15T10:21:48+08:00 ] ::1 /zky/index.php/Home/Inform/zhihu-css.css
ERR: 非法操作:zhihu-css.css

[ 2016-10-15T10:21:49+08:00 ] ::1 /zky/index.php/Home/Inform/zhihu-css.css
ERR: 非法操作:zhihu-css.css

[ 2016-10-15T10:21:50+08:00 ] ::1 /zky/index.php/Home/Inform/zhihu-css.css
ERR: 非法操作:zhihu-css.css

[ 2016-10-15T10:21:51+08:00 ] ::1 /zky/index.php/Home/Inform/zhihu-css.css
ERR: 非法操作:zhihu-css.css

[ 2016-10-15T10:21:53+08:00 ] ::1 /zky/index.php/Home/Inform/zhihu-css.css
ERR: 非法操作:zhihu-css.css

[ 2016-10-15T10:21:53+08:00 ] ::1 /zky/index.php/Home/Inform/zhihu-css.css
ERR: 非法操作:zhihu-css.css

[ 2016-10-15T10:21:54+08:00 ] ::1 /zky/index.php/Home/Inform/zhihu-css.css
ERR: 非法操作:zhihu-css.css

[ 2016-10-15T10:21:55+08:00 ] ::1 /zky/index.php/Home/Inform/zhihu-css.css
ERR: 非法操作:zhihu-css.css

[ 2016-10-15T10:21:55+08:00 ] ::1 /zky/index.php/Home/Inform/zhihu-css.css
ERR: 非法操作:zhihu-css.css

[ 2016-10-15T10:21:55+08:00 ] ::1 /zky/index.php/Home/Inform/zhihu-css.css
ERR: 非法操作:zhihu-css.css

[ 2016-10-15T10:21:56+08:00 ] ::1 /zky/index.php/Home/Inform/zhihu-css.css
ERR: 非法操作:zhihu-css.css

[ 2016-10-15T10:21:56+08:00 ] ::1 /zky/index.php/Home/Inform/zhihu-css.css
ERR: 非法操作:zhihu-css.css

[ 2016-10-15T10:21:57+08:00 ] ::1 /zky/index.php/Home/Inform/zhihu-css.css
ERR: 非法操作:zhihu-css.css

[ 2016-10-15T10:21:57+08:00 ] ::1 /zky/index.php/Home/Inform/zhihu-css.css
ERR: 非法操作:zhihu-css.css

[ 2016-10-15T10:22:22+08:00 ] ::1 /zky/index.php/Home/Inform/zhihu-css.css
ERR: 非法操作:zhihu-css.css

[ 2016-10-15T10:22:30+08:00 ] ::1 /zky/index.php/Home/Inform/zhihu-css.css
ERR: 非法操作:zhihu-css.css

[ 2016-10-15T10:22:31+08:00 ] ::1 /zky/index.php/Home/Inform/zhihu-css.css
ERR: 非法操作:zhihu-css.css

[ 2016-10-15T10:22:32+08:00 ] ::1 /zky/index.php/Home/Inform/zhihu-css.css
ERR: 非法操作:zhihu-css.css

[ 2016-10-15T10:22:32+08:00 ] ::1 /zky/index.php/Home/Inform/zhihu-css.css
ERR: 非法操作:zhihu-css.css

[ 2016-10-15T10:22:33+08:00 ] ::1 /zky/index.php/Home/Inform/zhihu-css.css
ERR: 非法操作:zhihu-css.css

[ 2016-10-15T10:22:33+08:00 ] ::1 /zky/index.php/Home/Inform/zhihu-css.css
ERR: 非法操作:zhihu-css.css

[ 2016-10-15T10:22:34+08:00 ] ::1 /zky/index.php/Home/Inform/zhihu-css.css
ERR: 非法操作:zhihu-css.css

[ 2016-10-15T10:26:17+08:00 ] ::1 /zky/index.php/Home/Inform/zhihu-css.css
ERR: 非法操作:zhihu-css.css

[ 2016-10-15T10:26:18+08:00 ] ::1 /zky/index.php/Home/Inform/zhihu-css.css
ERR: 非法操作:zhihu-css.css

[ 2016-10-15T10:27:54+08:00 ] ::1 /zky/index.php/Home/Inform/zhihu-css.css
ERR: 非法操作:zhihu-css.css

[ 2016-10-15T10:28:22+08:00 ] ::1 /zky/index.php/Home/Inform/zhihu-css.css
ERR: 非法操作:zhihu-css.css

[ 2016-10-15T10:29:06+08:00 ] ::1 /zky/index.php/Home/Inform/zhihu-css.css
ERR: 非法操作:zhihu-css.css

[ 2016-10-15T10:29:08+08:00 ] ::1 /zky/index.php/Home/Inform/zhihu-css.css
ERR: 非法操作:zhihu-css.css

[ 2016-10-15T10:29:18+08:00 ] ::1 /zky/index.php/Home/Inform/zhihu-css.css
ERR: 非法操作:zhihu-css.css

[ 2016-10-15T10:30:32+08:00 ] ::1 /zky/index.php/Home/Inform/zhihu-css.css
ERR: 非法操作:zhihu-css.css

[ 2016-10-15T10:32:28+08:00 ] ::1 /zky/index.php/Home/zhihu-css.css
ERR: 无法加载控制器:Zhihu-css.css

[ 2016-10-15T10:32:32+08:00 ] ::1 /zky/index.php/Home/File/zhihu-css.css
ERR: 非法操作:zhihu-css.css

[ 2016-10-15T10:32:37+08:00 ] ::1 /zky/index.php/Home/File/zhihu-css.css
ERR: 非法操作:zhihu-css.css

[ 2016-10-15T10:32:45+08:00 ] ::1 /zky/index.php/Home/File/zhihu-css.css
ERR: 非法操作:zhihu-css.css

[ 2016-10-15T10:33:05+08:00 ] ::1 /zky/index.php/Home/File/zhihu-css.css
ERR: 非法操作:zhihu-css.css

[ 2016-10-15T10:33:09+08:00 ] ::1 /zky/index.php/Home/Inform/
ERR: 非法操作:index

[ 2016-10-15T10:33:18+08:00 ] ::1 /zky/index.php/Home/File/
ERR: 非法操作:index

[ 2016-10-15T10:33:21+08:00 ] ::1 /zky/index.php/Home/File/
ERR: 非法操作:index

[ 2016-10-15T10:33:25+08:00 ] ::1 /zky/index.php/Home/File/zhihu-css.css
ERR: 非法操作:zhihu-css.css

[ 2016-10-15T10:33:35+08:00 ] ::1 /zky/index.php/Home/Inform/
ERR: 非法操作:index

[ 2016-10-15T10:33:45+08:00 ] ::1 /zky/index.php/Home/Inform/zhihu-css.css
ERR: 非法操作:zhihu-css.css

[ 2016-10-15T10:34:06+08:00 ] ::1 /zky/index.php/Home/Inform/zhihu-css.css
ERR: 非法操作:zhihu-css.css

[ 2016-10-15T10:34:46+08:00 ] ::1 /zky/index.php/Home/Equipment/zhihu-css.css
ERR: 非法操作:zhihu-css.css

[ 2016-10-15T10:39:40+08:00 ] ::1 /zky/index.php/Home/Equipment/zhihu-css.css
ERR: 非法操作:zhihu-css.css

[ 2016-10-15T10:39:42+08:00 ] ::1 /zky/index.php/Home/Equipment/zhihu-css.css
ERR: 非法操作:zhihu-css.css

[ 2016-10-15T10:39:43+08:00 ] ::1 /zky/index.php/Home/Equipment/zhihu-css.css
ERR: 非法操作:zhihu-css.css

[ 2016-10-15T10:39:44+08:00 ] ::1 /zky/index.php/Home/Equipment/zhihu-css.css
ERR: 非法操作:zhihu-css.css

[ 2016-10-15T10:39:44+08:00 ] ::1 /zky/index.php/Home/Equipment/zhihu-css.css
ERR: 非法操作:zhihu-css.css

[ 2016-10-15T10:39:45+08:00 ] ::1 /zky/index.php/Home/Equipment/zhihu-css.css
ERR: 非法操作:zhihu-css.css

[ 2016-10-15T10:39:45+08:00 ] ::1 /zky/index.php/Home/Equipment/zhihu-css.css
ERR: 非法操作:zhihu-css.css

[ 2016-10-15T10:39:46+08:00 ] ::1 /zky/index.php/Home/Equipment/zhihu-css.css
ERR: 非法操作:zhihu-css.css

[ 2016-10-15T10:47:16+08:00 ] ::1 /zky/index.php/Home/Index/zhihu-css.css
ERR: 非法操作:zhihu-css.css

[ 2016-10-15T10:52:14+08:00 ] ::1 /zky/index.php/Home/Index/zhihu-css.css
ERR: 非法操作:zhihu-css.css

[ 2016-10-15T10:52:16+08:00 ] ::1 /zky/index.php/Home/Index/zhihu-css.css
ERR: 非法操作:zhihu-css.css

[ 2016-10-15T10:52:20+08:00 ] ::1 /zky/index.php/Home/Index/zhihu-css.css
ERR: 非法操作:zhihu-css.css

[ 2016-10-15T10:52:22+08:00 ] ::1 /zky/index.php/Home/Index/zhihu-css.css
ERR: 非法操作:zhihu-css.css

[ 2016-10-15T10:52:25+08:00 ] ::1 /zky/index.php/Home/Index/zhihu-css.css
ERR: 非法操作:zhihu-css.css

[ 2016-10-15T10:52:34+08:00 ] ::1 /zky/index.php/Home/Index/zhihu-css.css
ERR: 非法操作:zhihu-css.css

[ 2016-10-15T10:53:08+08:00 ] ::1 /zky/index.php/Home/Index/zhihu-css.css
ERR: 非法操作:zhihu-css.css

[ 2016-10-15T10:53:08+08:00 ] ::1 /zky/index.php/Home/Index/zhihu-css.css
ERR: 非法操作:zhihu-css.css

[ 2016-10-15T10:53:09+08:00 ] ::1 /zky/index.php/Home/Inform/zhihu-css.css
ERR: 非法操作:zhihu-css.css

[ 2016-10-15T10:53:18+08:00 ] ::1 /zky/index.php/Home/Inform/zhihu-css.css
ERR: 非法操作:zhihu-css.css

[ 2016-10-15T10:53:21+08:00 ] ::1 /zky/index.php/Home/Index/zhihu-css.css
ERR: 非法操作:zhihu-css.css

[ 2016-10-15T10:54:29+08:00 ] ::1 /zky/index.php/Home/Index/zhihu-css.css
ERR: 非法操作:zhihu-css.css

[ 2016-10-15T10:54:30+08:00 ] ::1 /zky/index.php/Home/Index/zhihu-css.css
ERR: 非法操作:zhihu-css.css

[ 2016-10-15T10:54:31+08:00 ] ::1 /zky/index.php/Home/Inform/zhihu-css.css
ERR: 非法操作:zhihu-css.css

[ 2016-10-15T10:54:33+08:00 ] ::1 /zky/index.php/Home/Equipment/zhihu-css.css
ERR: 非法操作:zhihu-css.css

[ 2016-10-15T10:54:36+08:00 ] ::1 /zky/index.php/Home/File/zhihu-css.css
ERR: 非法操作:zhihu-css.css

[ 2016-10-15T10:54:38+08:00 ] ::1 /zky/index.php/Home/File/zhihu-css.css
ERR: 非法操作:zhihu-css.css

[ 2016-10-15T10:54:39+08:00 ] ::1 /zky/index.php/Home/File/about_us
ERR: 非法操作:about_us

[ 2016-10-15T10:54:40+08:00 ] ::1 /zky/index.php/Home/File/zhihu-css.css
ERR: 非法操作:zhihu-css.css

[ 2016-10-15T10:54:42+08:00 ] ::1 /zky/index.php/Home/File/about_us
ERR: 非法操作:about_us

[ 2016-10-15T10:55:27+08:00 ] ::1 /zky/index.php/Home/File/about_us
ERR: 非法操作:about_us

[ 2016-10-15T10:57:14+08:00 ] ::1 /zky/index.php/Home/File/zhihu-css.css
ERR: 非法操作:zhihu-css.css

[ 2016-10-15T10:57:15+08:00 ] ::1 /zky/index.php/Home/File/main
ERR: 非法操作:main

[ 2016-10-15T10:57:25+08:00 ] ::1 /zky/index.php/Home/File/zhihu-css.css
ERR: 非法操作:zhihu-css.css

[ 2016-10-15T10:57:27+08:00 ] ::1 /zky/index.php/Home/Inform/zhihu-css.css
ERR: 非法操作:zhihu-css.css

[ 2016-10-15T10:58:05+08:00 ] ::1 /zky/index.php/Home/Inform/zhihu-css.css
ERR: 非法操作:zhihu-css.css

[ 2016-10-15T10:58:06+08:00 ] ::1 /zky/index.php/Home/Inform/zhihu-css.css
ERR: 非法操作:zhihu-css.css

[ 2016-10-15T10:58:08+08:00 ] ::1 /zky/index.php/Home/Index/zhihu-css.css
ERR: 非法操作:zhihu-css.css

[ 2016-10-15T10:58:10+08:00 ] ::1 /zky/index.php/Home/Inform/zhihu-css.css
ERR: 非法操作:zhihu-css.css

[ 2016-10-15T10:58:11+08:00 ] ::1 /zky/index.php/Home/Equipment/zhihu-css.css
ERR: 非法操作:zhihu-css.css

[ 2016-10-15T10:58:13+08:00 ] ::1 /zky/index.php/Home/File/zhihu-css.css
ERR: 非法操作:zhihu-css.css

[ 2016-10-15T10:58:14+08:00 ] ::1 /zky/index.php/Home/File/zhihu-css.css
ERR: 非法操作:zhihu-css.css

[ 2016-10-15T10:58:15+08:00 ] ::1 /zky/index.php/Home/Equipment/zhihu-css.css
ERR: 非法操作:zhihu-css.css

[ 2016-10-15T10:58:16+08:00 ] ::1 /zky/index.php/Home/Inform/zhihu-css.css
ERR: 非法操作:zhihu-css.css

[ 2016-10-15T10:58:16+08:00 ] ::1 /zky/index.php/Home/Index/zhihu-css.css
ERR: 非法操作:zhihu-css.css

[ 2016-10-15T10:58:17+08:00 ] ::1 /zky/index.php/Home/Inform/zhihu-css.css
ERR: 非法操作:zhihu-css.css

[ 2016-10-15T10:58:17+08:00 ] ::1 /zky/index.php/Home/Equipment/zhihu-css.css
ERR: 非法操作:zhihu-css.css

[ 2016-10-15T10:58:18+08:00 ] ::1 /zky/index.php/Home/File/zhihu-css.css
ERR: 非法操作:zhihu-css.css

[ 2016-10-15T10:58:19+08:00 ] ::1 /zky/index.php/Home/File/zhihu-css.css
ERR: 非法操作:zhihu-css.css

[ 2016-10-15T10:58:20+08:00 ] ::1 /zky/index.php/Home/Equipment/zhihu-css.css
ERR: 非法操作:zhihu-css.css

[ 2016-10-15T10:58:20+08:00 ] ::1 /zky/index.php/Home/Inform/zhihu-css.css
ERR: 非法操作:zhihu-css.css

[ 2016-10-15T10:58:21+08:00 ] ::1 /zky/index.php/Home/Index/zhihu-css.css
ERR: 非法操作:zhihu-css.css

[ 2016-10-15T10:58:22+08:00 ] ::1 /zky/index.php/Home/Index/zhihu-css.css
ERR: 非法操作:zhihu-css.css

[ 2016-10-15T10:58:23+08:00 ] ::1 /zky/index.php/Home/File/zhihu-css.css
ERR: 非法操作:zhihu-css.css

[ 2016-10-15T10:58:24+08:00 ] ::1 /zky/index.php/Home/Equipment/zhihu-css.css
ERR: 非法操作:zhihu-css.css

[ 2016-10-15T10:58:25+08:00 ] ::1 /zky/index.php/Home/Inform/zhihu-css.css
ERR: 非法操作:zhihu-css.css

[ 2016-10-15T10:58:25+08:00 ] ::1 /zky/index.php/Home/Inform/zhihu-css.css
ERR: 非法操作:zhihu-css.css

[ 2016-10-15T10:58:26+08:00 ] ::1 /zky/index.php/Home/Equipment/zhihu-css.css
ERR: 非法操作:zhihu-css.css

[ 2016-10-15T10:58:26+08:00 ] ::1 /zky/index.php/Home/Equipment/zhihu-css.css
ERR: 非法操作:zhihu-css.css

[ 2016-10-15T10:58:28+08:00 ] ::1 /zky/index.php/Home/File/zhihu-css.css
ERR: 非法操作:zhihu-css.css

[ 2016-10-15T11:01:20+08:00 ] ::1 /zky/index.php/Home/File/zhihu-css.css
ERR: 非法操作:zhihu-css.css

[ 2016-10-15T11:03:39+08:00 ] ::1 /zky/index.php/Home/Index/zhihu-css.css
ERR: 非法操作:zhihu-css.css

[ 2016-10-15T11:03:40+08:00 ] ::1 /zky/index.php/Home/Index/zhihu-css.css
ERR: 非法操作:zhihu-css.css

[ 2016-10-15T11:03:41+08:00 ] ::1 /zky/index.php/Home/Inform/zhihu-css.css
ERR: 非法操作:zhihu-css.css

[ 2016-10-15T11:03:41+08:00 ] ::1 /zky/index.php/Home/Equipment/zhihu-css.css
ERR: 非法操作:zhihu-css.css

[ 2016-10-15T11:03:47+08:00 ] ::1 /zky/index.php/Home/Equipment/zhihu-css.css
ERR: 非法操作:zhihu-css.css

[ 2016-10-15T11:04:39+08:00 ] ::1 /zky/index.php/Home/Index/zhihu-css.css
ERR: 非法操作:zhihu-css.css

[ 2016-10-15T11:04:40+08:00 ] ::1 /zky/index.php/Home/Inform/zhihu-css.css
ERR: 非法操作:zhihu-css.css

[ 2016-10-15T11:04:40+08:00 ] ::1 /zky/index.php/Home/Equipment/zhihu-css.css
ERR: 非法操作:zhihu-css.css

[ 2016-10-15T11:04:41+08:00 ] ::1 /zky/index.php/Home/File/zhihu-css.css
ERR: 非法操作:zhihu-css.css

[ 2016-10-15T11:04:41+08:00 ] ::1 /zky/index.php/Home/Index/zhihu-css.css
ERR: 非法操作:zhihu-css.css

[ 2016-10-15T11:04:42+08:00 ] ::1 /zky/index.php/Home/File/zhihu-css.css
ERR: 非法操作:zhihu-css.css

[ 2016-10-15T11:04:43+08:00 ] ::1 /zky/index.php/Home/Inform/zhihu-css.css
ERR: 非法操作:zhihu-css.css

[ 2016-10-15T11:04:44+08:00 ] ::1 /zky/index.php/Home/Index/zhihu-css.css
ERR: 非法操作:zhihu-css.css

[ 2016-10-15T11:04:44+08:00 ] ::1 /zky/index.php/Home/Equipment/zhihu-css.css
ERR: 非法操作:zhihu-css.css

[ 2016-10-15T11:48:27+08:00 ] ::1 /zky/index.php/Home/Index/zhihu-css.css
ERR: 非法操作:zhihu-css.css

[ 2016-10-15T11:48:28+08:00 ] ::1 /zky/index.php/Home/Inform/zhihu-css.css
ERR: 非法操作:zhihu-css.css

[ 2016-10-15T11:48:29+08:00 ] ::1 /zky/index.php/Home/Equipment/zhihu-css.css
ERR: 非法操作:zhihu-css.css

[ 2016-10-15T11:48:30+08:00 ] ::1 /zky/index.php/Home/File/zhihu-css.css
ERR: 非法操作:zhihu-css.css

[ 2016-10-15T11:48:31+08:00 ] ::1 /zky/index.php/Home/Index/zhihu-css.css
ERR: 非法操作:zhihu-css.css

[ 2016-10-15T11:48:33+08:00 ] ::1 /zky/index.php/Home/File/zhihu-css.css
ERR: 非法操作:zhihu-css.css

[ 2016-10-15T11:48:35+08:00 ] ::1 /zky/index.php/Home/Equipment/zhihu-css.css
ERR: 非法操作:zhihu-css.css

[ 2016-10-15T11:48:35+08:00 ] ::1 /zky/index.php/Home/Inform/zhihu-css.css
ERR: 非法操作:zhihu-css.css

[ 2016-10-15T11:48:36+08:00 ] ::1 /zky/index.php/Home/Index/zhihu-css.css
ERR: 非法操作:zhihu-css.css

[ 2016-10-15T11:48:36+08:00 ] ::1 /zky/index.php/Home/Index/zhihu-css.css
ERR: 非法操作:zhihu-css.css

[ 2016-10-15T11:48:37+08:00 ] ::1 /zky/index.php/Home/Inform/zhihu-css.css
ERR: 非法操作:zhihu-css.css

[ 2016-10-15T11:48:38+08:00 ] ::1 /zky/index.php/Home/File/zhihu-css.css
ERR: 非法操作:zhihu-css.css

[ 2016-10-15T11:48:39+08:00 ] ::1 /zky/index.php/Home/Index/zhihu-css.css
ERR: 非法操作:zhihu-css.css

[ 2016-10-15T11:48:39+08:00 ] ::1 /zky/index.php/Home/Index/zhihu-css.css
ERR: 非法操作:zhihu-css.css

[ 2016-10-15T11:48:40+08:00 ] ::1 /zky/index.php/Home/File/zhihu-css.css
ERR: 非法操作:zhihu-css.css

[ 2016-10-15T11:48:41+08:00 ] ::1 /zky/index.php/Home/File/zhihu-css.css
ERR: 非法操作:zhihu-css.css

[ 2016-10-15T11:48:41+08:00 ] ::1 /zky/index.php/Home/Equipment/zhihu-css.css
ERR: 非法操作:zhihu-css.css

[ 2016-10-15T11:48:42+08:00 ] ::1 /zky/index.php/Home/Inform/zhihu-css.css
ERR: 非法操作:zhihu-css.css

[ 2016-10-15T11:48:43+08:00 ] ::1 /zky/index.php/Home/Index/zhihu-css.css
ERR: 非法操作:zhihu-css.css

[ 2016-10-15T11:48:46+08:00 ] ::1 /zky/index.php/Home/Inform/zhihu-css.css
ERR: 非法操作:zhihu-css.css

[ 2016-10-15T11:48:47+08:00 ] ::1 /zky/index.php/Home/Index/zhihu-css.css
ERR: 非法操作:zhihu-css.css

[ 2016-10-15T11:48:49+08:00 ] ::1 /zky/index.php/Home/Inform/zhihu-css.css
ERR: 非法操作:zhihu-css.css

[ 2016-10-15T11:48:50+08:00 ] ::1 /zky/index.php/Home/Index/zhihu-css.css
ERR: 非法操作:zhihu-css.css

[ 2016-10-15T11:48:51+08:00 ] ::1 /zky/index.php/Home/Inform/zhihu-css.css
ERR: 非法操作:zhihu-css.css

[ 2016-10-15T11:48:51+08:00 ] ::1 /zky/index.php/Home/Equipment/zhihu-css.css
ERR: 非法操作:zhihu-css.css

[ 2016-10-15T11:48:53+08:00 ] ::1 /zky/index.php/Home/File/zhihu-css.css
ERR: 非法操作:zhihu-css.css

[ 2016-10-15T11:56:05+08:00 ] ::1 /zky/index.php/Home/Message/communication
ERR: 模板不存在:./Application/Home/View/Message/communication.html

[ 2016-10-15T11:56:26+08:00 ] ::1 /zky/index.php/Home/Message/zhihu-css.css
ERR: 非法操作:zhihu-css.css

[ 2016-10-15T12:27:04+08:00 ] ::1 /zky/index.php/Home/Message/zhihu-css.css
ERR: 非法操作:zhihu-css.css

[ 2016-10-15T12:27:06+08:00 ] ::1 /zky/index.php/Home/Message/zhihu-css.css
ERR: 非法操作:zhihu-css.css

[ 2016-10-15T12:27:07+08:00 ] ::1 /zky/index.php/Home/Message/communication
ERR: 模板不存在:./Application/Home/View/Message/communication.html

[ 2016-10-15T12:27:09+08:00 ] ::1 /zky/index.php/Home/Message/communication
ERR: 模板不存在:./Application/Home/View/Message/communication.html

[ 2016-10-15T12:27:13+08:00 ] ::1 /zky/index.php/Home/Message/zhihu-css.css
ERR: 非法操作:zhihu-css.css

[ 2016-10-15T12:27:33+08:00 ] ::1 /zky/index.php/Home/Message/zhihu-css.css
ERR: 非法操作:zhihu-css.css

[ 2016-10-15T12:27:34+08:00 ] ::1 /zky/index.php/Home/Message/zhihu-css.css
ERR: 非法操作:zhihu-css.css

[ 2016-10-15T12:27:38+08:00 ] ::1 /zky/index.php/Home/Index/zhihu-css.css
ERR: 非法操作:zhihu-css.css

[ 2016-10-15T12:27:40+08:00 ] ::1 /zky/index.php/Home/Message/communication
ERR: 模板不存在:./Application/Home/View/Message/communication.html

[ 2016-10-15T12:27:44+08:00 ] ::1 /zky/index.php/Home/Index/zhihu-css.css
ERR: 非法操作:zhihu-css.css

[ 2016-10-15T12:28:51+08:00 ] ::1 /zky/index.php/Home/Index/zhihu-css.css
ERR: 非法操作:zhihu-css.css

[ 2016-10-15T12:28:53+08:00 ] ::1 /zky/index.php/Home/Index/zhihu-css.css
ERR: 非法操作:zhihu-css.css

[ 2016-10-15T12:28:54+08:00 ] ::1 /zky/index.php/Home/Inform/zhihu-css.css
ERR: 非法操作:zhihu-css.css

[ 2016-10-15T12:28:55+08:00 ] ::1 /zky/index.php/Home/Equipment/zhihu-css.css
ERR: 非法操作:zhihu-css.css

[ 2016-10-15T12:29:18+08:00 ] ::1 /zky/index.php/Home/Equipment/zhihu-css.css
ERR: 非法操作:zhihu-css.css

[ 2016-10-15T12:29:19+08:00 ] ::1 /zky/index.php/Home/Index/zhihu-css.css
ERR: 非法操作:zhihu-css.css

[ 2016-10-15T12:29:20+08:00 ] ::1 /zky/index.php/Home/Inform/zhihu-css.css
ERR: 非法操作:zhihu-css.css

[ 2016-10-15T12:29:20+08:00 ] ::1 /zky/index.php/Home/Equipment/zhihu-css.css
ERR: 非法操作:zhihu-css.css

[ 2016-10-15T12:29:21+08:00 ] ::1 /zky/index.php/Home/Regulation/zhihu-css.css
ERR: 非法操作:zhihu-css.css

[ 2016-10-15T12:29:22+08:00 ] ::1 /zky/index.php/Home/File/zhihu-css.css
ERR: 非法操作:zhihu-css.css

[ 2016-10-15T12:29:23+08:00 ] ::1 /zky/index.php/Home/Message/zhihu-css.css
ERR: 非法操作:zhihu-css.css

[ 2016-10-15T12:29:24+08:00 ] ::1 /zky/index.php/Home/Index/zhihu-css.css
ERR: 非法操作:zhihu-css.css

[ 2016-10-15T12:29:26+08:00 ] ::1 /zky/index.php/Home/Message/zhihu-css.css
ERR: 非法操作:zhihu-css.css

[ 2016-10-15T12:29:54+08:00 ] ::1 /zky/index.php/Home/Message/zhihu-css.css
ERR: 非法操作:zhihu-css.css

[ 2016-10-15T12:29:58+08:00 ] ::1 /zky/index.php/Home/Message/zhihu-css.css
ERR: 非法操作:zhihu-css.css

[ 2016-10-15T12:30:00+08:00 ] ::1 /zky/index.php/Home/Message/zhihu-css.css
ERR: 非法操作:zhihu-css.css

[ 2016-10-15T12:30:02+08:00 ] ::1 /zky/index.php/Home/Message/zhihu-css.css
ERR: 非法操作:zhihu-css.css

[ 2016-10-15T12:30:31+08:00 ] ::1 /zky/index.php/Home/Message/zhihu-css.css
ERR: 非法操作:zhihu-css.css

[ 2016-10-15T12:30:35+08:00 ] ::1 /zky/index.php/Home/Message/zhihu-css.css
ERR: 非法操作:zhihu-css.css

[ 2016-10-15T12:37:04+08:00 ] ::1 /zky/index.php/Home/Message/zhihu-css.css
ERR: 非法操作:zhihu-css.css

[ 2016-10-15T12:37:07+08:00 ] ::1 /zky/index.php/Home/Message/zhihu-css.css
ERR: 非法操作:zhihu-css.css

[ 2016-10-15T12:37:13+08:00 ] ::1 /zky/index.php/Home/Message/zhihu-css.css
ERR: 非法操作:zhihu-css.css

[ 2016-10-15T12:37:56+08:00 ] ::1 /zky/index.php/Home/Message/zhihu-css.css
ERR: 非法操作:zhihu-css.css

[ 2016-10-15T12:38:20+08:00 ] ::1 /zky/index.php/Home/Message/zhihu-css.css
ERR: 非法操作:zhihu-css.css

[ 2016-10-15T12:43:26+08:00 ] ::1 /zky/index.php/Home/Message/zhihu-css.css
ERR: 非法操作:zhihu-css.css

[ 2016-10-15T12:45:32+08:00 ] ::1 /zky/index.php/Home/Message/zhihu-css.css
ERR: 非法操作:zhihu-css.css

[ 2016-10-15T12:45:35+08:00 ] ::1 /zky/index.php/Home/Message/zhihu-css.css
ERR: 非法操作:zhihu-css.css

[ 2016-10-15T12:45:36+08:00 ] ::1 /zky/index.php/Home/Index/zhihu-css.css
ERR: 非法操作:zhihu-css.css

[ 2016-10-15T12:45:38+08:00 ] ::1 /zky/index.php/Home/Message/zhihu-css.css
ERR: 非法操作:zhihu-css.css

[ 2016-10-15T12:45:41+08:00 ] ::1 /zky/index.php/Home/Message/zhihu-css.css
ERR: 非法操作:zhihu-css.css

[ 2016-10-15T12:50:38+08:00 ] ::1 /zky/index.php/Home/Equipment/zhihu-css.css
ERR: 非法操作:zhihu-css.css

[ 2016-10-15T12:50:41+08:00 ] ::1 /zky/index.php/Home/Message/zhihu-css.css
ERR: 非法操作:zhihu-css.css

[ 2016-10-15T12:50:43+08:00 ] ::1 /zky/index.php/Home/Message/zhihu-css.css
ERR: 非法操作:zhihu-css.css

[ 2016-10-15T12:54:15+08:00 ] ::1 /zky/index.php/Home/Message/zhihu-css.css
ERR: 非法操作:zhihu-css.css

[ 2016-10-15T12:54:37+08:00 ] ::1 /zky/index.php/Home/Message/zhihu-css.css
ERR: 非法操作:zhihu-css.css

[ 2016-10-15T12:54:39+08:00 ] ::1 /zky/index.php/Home/Message/zhihu-css.css
ERR: 非法操作:zhihu-css.css

[ 2016-10-15T12:54:58+08:00 ] ::1 /zky/index.php/Home/Message/zhihu-css.css
ERR: 非法操作:zhihu-css.css

[ 2016-10-15T12:55:02+08:00 ] ::1 /zky/index.php/Home/Message/zhihu-css.css
ERR: 非法操作:zhihu-css.css

[ 2016-10-15T12:55:09+08:00 ] ::1 /zky/index.php/Home/File/zhihu-css.css
ERR: 非法操作:zhihu-css.css

[ 2016-10-15T12:55:11+08:00 ] ::1 /zky/index.php/Home/Regulation/zhihu-css.css
ERR: 非法操作:zhihu-css.css

[ 2016-10-15T12:55:12+08:00 ] ::1 /zky/index.php/Home/File/zhihu-css.css
ERR: 非法操作:zhihu-css.css

[ 2016-10-15T12:55:14+08:00 ] ::1 /zky/index.php/Home/Regulation/zhihu-css.css
ERR: 非法操作:zhihu-css.css

[ 2016-10-15T12:55:15+08:00 ] ::1 /zky/index.php/Home/Equipment/zhihu-css.css
ERR: 非法操作:zhihu-css.css

[ 2016-10-15T12:55:16+08:00 ] ::1 /zky/index.php/Home/Inform/zhihu-css.css
ERR: 非法操作:zhihu-css.css

[ 2016-10-15T12:55:18+08:00 ] ::1 /zky/index.php/Home/Index/zhihu-css.css
ERR: 非法操作:zhihu-css.css

[ 2016-10-15T12:55:19+08:00 ] ::1 /zky/index.php/Home/File/zhihu-css.css
ERR: 非法操作:zhihu-css.css

[ 2016-10-15T12:55:20+08:00 ] ::1 /zky/index.php/Home/Message/zhihu-css.css
ERR: 非法操作:zhihu-css.css

[ 2016-10-15T12:55:21+08:00 ] ::1 /zky/index.php/Home/Index/zhihu-css.css
ERR: 非法操作:zhihu-css.css

[ 2016-10-15T12:55:22+08:00 ] ::1 /zky/index.php/Home/Message/zhihu-css.css
ERR: 非法操作:zhihu-css.css

[ 2016-10-15T12:55:22+08:00 ] ::1 /zky/index.php/Home/Message/communication
ERR: 非法操作:communication

[ 2016-10-15T12:55:25+08:00 ] ::1 /zky/index.php/Home/Message/zhihu-css.css
ERR: 非法操作:zhihu-css.css

[ 2016-10-15T12:55:26+08:00 ] ::1 /zky/index.php/Home/Message/communication
ERR: 非法操作:communication

[ 2016-10-15T12:55:27+08:00 ] ::1 /zky/index.php/Home/Message/zhihu-css.css
ERR: 非法操作:zhihu-css.css

[ 2016-10-15T12:55:46+08:00 ] ::1 /zky/index.php/Home/Message/communication
ERR: 非法操作:communication

[ 2016-10-15T12:55:48+08:00 ] ::1 /zky/index.php/Home/Message/communication
ERR: 非法操作:communication

[ 2016-10-15T12:55:50+08:00 ] ::1 /zky/index.php/Home/Message/zhihu-css.css
ERR: 非法操作:zhihu-css.css

[ 2016-10-15T12:55:51+08:00 ] ::1 /zky/index.php/Home/Message/zhihu-css.css
ERR: 非法操作:zhihu-css.css

[ 2016-10-15T12:55:51+08:00 ] ::1 /zky/index.php/Home/Message/zhihu-css.css
ERR: 非法操作:zhihu-css.css

[ 2016-10-15T12:55:52+08:00 ] ::1 /zky/index.php/Home/Index/zhihu-css.css
ERR: 非法操作:zhihu-css.css

[ 2016-10-15T12:55:53+08:00 ] ::1 /zky/index.php/Home/Message/zhihu-css.css
ERR: 非法操作:zhihu-css.css

[ 2016-10-15T12:55:53+08:00 ] ::1 /zky/index.php/Home/File/zhihu-css.css
ERR: 非法操作:zhihu-css.css

[ 2016-10-15T12:55:54+08:00 ] ::1 /zky/index.php/Home/Regulation/zhihu-css.css
ERR: 非法操作:zhihu-css.css

[ 2016-10-15T12:55:54+08:00 ] ::1 /zky/index.php/Home/Equipment/zhihu-css.css
ERR: 非法操作:zhihu-css.css

[ 2016-10-15T12:55:55+08:00 ] ::1 /zky/index.php/Home/Inform/zhihu-css.css
ERR: 非法操作:zhihu-css.css

[ 2016-10-15T12:55:55+08:00 ] ::1 /zky/index.php/Home/Index/zhihu-css.css
ERR: 非法操作:zhihu-css.css

[ 2016-10-15T12:55:56+08:00 ] ::1 /zky/index.php/Home/Inform/zhihu-css.css
ERR: 非法操作:zhihu-css.css

[ 2016-10-15T12:55:56+08:00 ] ::1 /zky/index.php/Home/Equipment/zhihu-css.css
ERR: 非法操作:zhihu-css.css

[ 2016-10-15T12:55:57+08:00 ] ::1 /zky/index.php/Home/File/zhihu-css.css
ERR: 非法操作:zhihu-css.css

[ 2016-10-15T12:55:58+08:00 ] ::1 /zky/index.php/Home/Index/zhihu-css.css
ERR: 非法操作:zhihu-css.css

[ 2016-10-15T12:55:59+08:00 ] ::1 /zky/index.php/Home/Message/zhihu-css.css
ERR: 非法操作:zhihu-css.css

[ 2016-10-15T12:55:59+08:00 ] ::1 /zky/index.php/Home/File/zhihu-css.css
ERR: 非法操作:zhihu-css.css

[ 2016-10-15T12:55:59+08:00 ] ::1 /zky/index.php/Home/Regulation/zhihu-css.css
ERR: 非法操作:zhihu-css.css

[ 2016-10-15T12:56:00+08:00 ] ::1 /zky/index.php/Home/Equipment/zhihu-css.css
ERR: 非法操作:zhihu-css.css

[ 2016-10-15T12:56:00+08:00 ] ::1 /zky/index.php/Home/Inform/zhihu-css.css
ERR: 非法操作:zhihu-css.css

[ 2016-10-15T12:56:01+08:00 ] ::1 /zky/index.php/Home/Index/zhihu-css.css
ERR: 非法操作:zhihu-css.css

[ 2016-10-15T12:56:01+08:00 ] ::1 /zky/index.php/Home/Inform/zhihu-css.css
ERR: 非法操作:zhihu-css.css

[ 2016-10-15T12:56:02+08:00 ] ::1 /zky/index.php/Home/Regulation/zhihu-css.css
ERR: 非法操作:zhihu-css.css

[ 2016-10-15T12:56:03+08:00 ] ::1 /zky/index.php/Home/File/zhihu-css.css
ERR: 非法操作:zhihu-css.css

[ 2016-10-15T12:56:04+08:00 ] ::1 /zky/index.php/Home/Index/zhihu-css.css
ERR: 非法操作:zhihu-css.css

[ 2016-10-15T12:56:07+08:00 ] ::1 /zky/index.php/Home/Index/zhihu-css.css
ERR: 非法操作:zhihu-css.css

[ 2016-10-15T12:56:08+08:00 ] ::1 /zky/index.php/Home/Message/zhihu-css.css
ERR: 非法操作:zhihu-css.css

[ 2016-10-15T12:56:10+08:00 ] ::1 /zky/index.php/Home/File/zhihu-css.css
ERR: 非法操作:zhihu-css.css

[ 2016-10-15T12:56:10+08:00 ] ::1 /zky/index.php/Home/Index/zhihu-css.css
ERR: 非法操作:zhihu-css.css

[ 2016-10-15T12:56:12+08:00 ] ::1 /zky/index.php/Home/Message/zhihu-css.css
ERR: 非法操作:zhihu-css.css

[ 2016-10-15T12:56:12+08:00 ] ::1 /zky/index.php/Home/File/zhihu-css.css
ERR: 非法操作:zhihu-css.css

[ 2016-10-15T12:56:13+08:00 ] ::1 /zky/index.php/Home/Regulation/zhihu-css.css
ERR: 非法操作:zhihu-css.css

[ 2016-10-15T12:56:14+08:00 ] ::1 /zky/index.php/Home/Equipment/zhihu-css.css
ERR: 非法操作:zhihu-css.css

[ 2016-10-15T12:56:15+08:00 ] ::1 /zky/index.php/Home/Inform/zhihu-css.css
ERR: 非法操作:zhihu-css.css

[ 2016-10-15T12:56:15+08:00 ] ::1 /zky/index.php/Home/Index/zhihu-css.css
ERR: 非法操作:zhihu-css.css

[ 2016-10-15T12:56:19+08:00 ] ::1 /zky/index.php/Home/Index/zhihu-css.css
ERR: 非法操作:zhihu-css.css

[ 2016-10-15T12:56:29+08:00 ] ::1 /zky/index.php/Home/Message/zhihu-css.css
ERR: 非法操作:zhihu-css.css

[ 2016-10-15T12:57:50+08:00 ] ::1 /zky/index.php/Home/Message/zhihu-css.css
ERR: 非法操作:zhihu-css.css

[ 2016-10-15T12:58:13+08:00 ] ::1 /zky/index.php/Home/Message/do_see/id/1
ERR: Think\Model:relation方法不存在！

[ 2016-10-15T12:58:34+08:00 ] ::1 /zky/index.php/Home/Message/zhihu-css.css
ERR: 非法操作:zhihu-css.css

[ 2016-10-15T12:58:36+08:00 ] ::1 /zky/index.php/Home/Message/zhihu-css.css
ERR: 非法操作:zhihu-css.css

[ 2016-10-15T12:58:39+08:00 ] ::1 /zky/index.php/Home/Message/zhihu-css.css
ERR: 非法操作:zhihu-css.css

[ 2016-10-15T12:59:59+08:00 ] ::1 /zky/index.php/Home/Message/zhihu-css.css
ERR: 非法操作:zhihu-css.css

[ 2016-10-15T13:00:00+08:00 ] ::1 /zky/index.php/Home/Message/zhihu-css.css
ERR: 非法操作:zhihu-css.css

[ 2016-10-15T13:00:50+08:00 ] ::1 /zky/index.php/Home/Message/zhihu-css.css
ERR: 非法操作:zhihu-css.css

[ 2016-10-15T13:03:36+08:00 ] ::1 /zky/index.php/Home/Message/zhihu-css.css
ERR: 非法操作:zhihu-css.css

[ 2016-10-15T13:06:37+08:00 ] ::1 /zky/index.php/Home/Message/zhihu-css.css
ERR: 非法操作:zhihu-css.css

[ 2016-10-15T13:06:54+08:00 ] ::1 /zky/index.php/Home/Message/zhihu-css.css
ERR: 非法操作:zhihu-css.css

[ 2016-10-15T13:07:25+08:00 ] ::1 /zky/index.php/Home/Message/zhihu-css.css
ERR: 非法操作:zhihu-css.css

[ 2016-10-15T13:11:44+08:00 ] ::1 /zky/index.php/Home/Index/zhihu-css.css
ERR: 非法操作:zhihu-css.css

[ 2016-10-15T13:11:45+08:00 ] ::1 /zky/index.php/Home/Message/zhihu-css.css
ERR: 非法操作:zhihu-css.css

[ 2016-10-15T13:12:12+08:00 ] ::1 /zky/index.php/Home/Message/zhihu-css.css
ERR: 非法操作:zhihu-css.css

[ 2016-10-15T13:14:39+08:00 ] ::1 /zky/index.php/Home/File/zhihu-css.css
ERR: 非法操作:zhihu-css.css

[ 2016-10-15T13:14:40+08:00 ] ::1 /zky/index.php/Home/Message/zhihu-css.css
ERR: 非法操作:zhihu-css.css

[ 2016-10-15T13:14:48+08:00 ] ::1 /zky/index.php/Home/Message/zhihu-css.css
ERR: 非法操作:zhihu-css.css

[ 2016-10-15T13:22:12+08:00 ] ::1 /zky/index.php/Home/Message/zhihu-css.css
ERR: 非法操作:zhihu-css.css

[ 2016-10-15T13:25:17+08:00 ] ::1 /zky/index.php/Home/Message/zhihu-css.css
ERR: 非法操作:zhihu-css.css

[ 2016-10-15T13:25:21+08:00 ] ::1 /zky/index.php/Home/Message/zhihu-css.css
ERR: 非法操作:zhihu-css.css

[ 2016-10-15T13:25:23+08:00 ] ::1 /zky/index.php/Home/Message/zhihu-css.css
ERR: 非法操作:zhihu-css.css

[ 2016-10-15T13:25:26+08:00 ] ::1 /zky/index.php/Home/Message/zhihu-css.css
ERR: 非法操作:zhihu-css.css

[ 2016-10-15T13:25:31+08:00 ] ::1 /zky/index.php/Home/Message/zhihu-css.css
ERR: 非法操作:zhihu-css.css

[ 2016-10-15T13:25:37+08:00 ] ::1 /zky/index.php/Home/Message/zhihu-css.css
ERR: 非法操作:zhihu-css.css

[ 2016-10-15T13:25:41+08:00 ] ::1 /zky/index.php/Home/Message/zhihu-css.css
ERR: 非法操作:zhihu-css.css

[ 2016-10-15T13:26:24+08:00 ] ::1 /zky/index.php/Home/Message/zhihu-css.css
ERR: 非法操作:zhihu-css.css

[ 2016-10-15T13:26:27+08:00 ] ::1 /zky/index.php/Home/Message/zhihu-css.css
ERR: 非法操作:zhihu-css.css

[ 2016-10-15T13:26:32+08:00 ] ::1 /zky/index.php/Home/Message/zhihu-css.css
ERR: 非法操作:zhihu-css.css

[ 2016-10-15T13:26:42+08:00 ] ::1 /zky/index.php/Home/Message/zhihu-css.css
ERR: 非法操作:zhihu-css.css

[ 2016-10-15T13:26:45+08:00 ] ::1 /zky/index.php/Home/Message/zhihu-css.css
ERR: 非法操作:zhihu-css.css

[ 2016-10-15T13:27:50+08:00 ] ::1 /zky/index.php/Home/Index/zhihu-css.css
ERR: 非法操作:zhihu-css.css

[ 2016-10-15T13:27:51+08:00 ] ::1 /zky/index.php/Home/Message/zhihu-css.css
ERR: 非法操作:zhihu-css.css

[ 2016-10-15T13:28:54+08:00 ] ::1 /zky/index.php/Home/Message/zhihu-css.css
ERR: 非法操作:zhihu-css.css

[ 2016-10-15T13:30:09+08:00 ] ::1 /zky/index.php/Home/Message/zhihu-css.css
ERR: 非法操作:zhihu-css.css

[ 2016-10-15T13:30:12+08:00 ] ::1 /zky/index.php/Home/Message/zhihu-css.css
ERR: 非法操作:zhihu-css.css

[ 2016-10-15T13:30:15+08:00 ] ::1 /zky/index.php/Home/Message/zhihu-css.css
ERR: 非法操作:zhihu-css.css

[ 2016-10-15T13:30:19+08:00 ] ::1 /zky/index.php/Home/Message/zhihu-css.css
ERR: 非法操作:zhihu-css.css

[ 2016-10-15T13:34:25+08:00 ] ::1 /zky/index.php/Home/Message/zhihu-css.css
ERR: 非法操作:zhihu-css.css

[ 2016-10-15T13:48:21+08:00 ] ::1 /zky/index.php/Home/Message/zhihu-css.css
ERR: 非法操作:zhihu-css.css

[ 2016-10-15T13:48:31+08:00 ] ::1 /zky/index.php/Home/Message/zhihu-css.css
ERR: 非法操作:zhihu-css.css

[ 2016-10-15T13:49:02+08:00 ] ::1 /zky/index.php/Home/Message/zhihu-css.css
ERR: 非法操作:zhihu-css.css

[ 2016-10-15T13:49:09+08:00 ] ::1 /zky/index.php/Home/Message/zhihu-css.css
ERR: 非法操作:zhihu-css.css

[ 2016-10-15T13:51:22+08:00 ] ::1 /zky/index.php/Home/Message/zhihu-css.css
ERR: 非法操作:zhihu-css.css

[ 2016-10-15T13:51:24+08:00 ] ::1 /zky/index.php/Home/Message/zhihu-css.css
ERR: 非法操作:zhihu-css.css

[ 2016-10-15T13:51:25+08:00 ] ::1 /zky/index.php/Home/Message/zhihu-css.css
ERR: 非法操作:zhihu-css.css

[ 2016-10-15T13:51:29+08:00 ] ::1 /zky/index.php/Home/Message/zhihu-css.css
ERR: 非法操作:zhihu-css.css

[ 2016-10-15T13:51:38+08:00 ] ::1 /zky/index.php/Home/Message/zhihu-css.css
ERR: 非法操作:zhihu-css.css

[ 2016-10-15T13:51:42+08:00 ] ::1 /zky/index.php/Home/Message/zhihu-css.css
ERR: 非法操作:zhihu-css.css

[ 2016-10-15T13:53:58+08:00 ] ::1 /zky/index.php/Home/Message/zhihu-css.css
ERR: 非法操作:zhihu-css.css

[ 2016-10-15T13:53:59+08:00 ] ::1 /zky/index.php/Home/Message/zhihu-css.css
ERR: 非法操作:zhihu-css.css

[ 2016-10-15T13:54:01+08:00 ] ::1 /zky/index.php/Home/Message/zhihu-css.css
ERR: 非法操作:zhihu-css.css

[ 2016-10-15T13:54:02+08:00 ] ::1 /zky/index.php/Home/Message/zhihu-css.css
ERR: 非法操作:zhihu-css.css

[ 2016-10-15T13:54:04+08:00 ] ::1 /zky/index.php/Home/Index/zhihu-css.css
ERR: 非法操作:zhihu-css.css

[ 2016-10-15T13:54:04+08:00 ] ::1 /zky/index.php/Home/Message/zhihu-css.css
ERR: 非法操作:zhihu-css.css

[ 2016-10-15T13:54:05+08:00 ] ::1 /zky/index.php/Home/File/zhihu-css.css
ERR: 非法操作:zhihu-css.css

[ 2016-10-15T13:54:08+08:00 ] ::1 /zky/index.php/Home/Regulation/zhihu-css.css
ERR: 非法操作:zhihu-css.css

[ 2016-10-15T13:54:09+08:00 ] ::1 /zky/index.php/Home/Equipment/zhihu-css.css
ERR: 非法操作:zhihu-css.css

[ 2016-10-15T13:54:10+08:00 ] ::1 /zky/index.php/Home/Inform/zhihu-css.css
ERR: 非法操作:zhihu-css.css

[ 2016-10-15T13:54:11+08:00 ] ::1 /zky/index.php/Home/Index/zhihu-css.css
ERR: 非法操作:zhihu-css.css

[ 2016-10-15T13:54:13+08:00 ] ::1 /zky/index.php/Home/Inform/zhihu-css.css
ERR: 非法操作:zhihu-css.css

[ 2016-10-15T13:54:13+08:00 ] ::1 /zky/index.php/Home/Equipment/zhihu-css.css
ERR: 非法操作:zhihu-css.css

[ 2016-10-15T13:54:13+08:00 ] ::1 /zky/index.php/Home/Regulation/zhihu-css.css
ERR: 非法操作:zhihu-css.css

[ 2016-10-15T13:54:14+08:00 ] ::1 /zky/index.php/Home/File/zhihu-css.css
ERR: 非法操作:zhihu-css.css

[ 2016-10-15T13:54:15+08:00 ] ::1 /zky/index.php/Home/File/zhihu-css.css
ERR: 非法操作:zhihu-css.css

[ 2016-10-15T13:54:15+08:00 ] ::1 /zky/index.php/Home/Inform/zhihu-css.css
ERR: 非法操作:zhihu-css.css

[ 2016-10-15T13:54:17+08:00 ] ::1 /zky/index.php/Home/Inform/zhihu-css.css
ERR: 非法操作:zhihu-css.css

[ 2016-10-15T13:54:18+08:00 ] ::1 /zky/index.php/Home/File/zhihu-css.css
ERR: 非法操作:zhihu-css.css

[ 2016-10-15T13:54:18+08:00 ] ::1 /zky/index.php/Home/Message/zhihu-css.css
ERR: 非法操作:zhihu-css.css

[ 2016-10-15T13:54:19+08:00 ] ::1 /zky/index.php/Home/File/zhihu-css.css
ERR: 非法操作:zhihu-css.css

[ 2016-10-15T13:54:20+08:00 ] ::1 /zky/index.php/Home/Inform/zhihu-css.css
ERR: 非法操作:zhihu-css.css

[ 2016-10-15T13:54:21+08:00 ] ::1 /zky/index.php/Home/File/zhihu-css.css
ERR: 非法操作:zhihu-css.css

[ 2016-10-15T13:54:21+08:00 ] ::1 /zky/index.php/Home/Message/zhihu-css.css
ERR: 非法操作:zhihu-css.css

[ 2016-10-15T13:54:22+08:00 ] ::1 /zky/index.php/Home/File/zhihu-css.css
ERR: 非法操作:zhihu-css.css

[ 2016-10-15T13:54:23+08:00 ] ::1 /zky/index.php/Home/Regulation/zhihu-css.css
ERR: 非法操作:zhihu-css.css

[ 2016-10-15T13:54:23+08:00 ] ::1 /zky/index.php/Home/Message/zhihu-css.css
ERR: 非法操作:zhihu-css.css

[ 2016-10-15T13:54:24+08:00 ] ::1 /zky/index.php/Home/File/zhihu-css.css
ERR: 非法操作:zhihu-css.css

[ 2016-10-15T13:54:35+08:00 ] ::1 /zky/index.php/Home/File/zhihu-css.css
ERR: 非法操作:zhihu-css.css

[ 2016-10-15T14:28:27+08:00 ] ::1 /zky/index.php/Home/File/zhihu-css.css
ERR: 非法操作:zhihu-css.css

[ 2016-10-15T14:28:28+08:00 ] ::1 /zky/index.php/Home/Message/zhihu-css.css
ERR: 非法操作:zhihu-css.css

[ 2016-10-15T14:28:29+08:00 ] ::1 /zky/index.php/Home/File/zhihu-css.css
ERR: 非法操作:zhihu-css.css

[ 2016-10-15T14:28:30+08:00 ] ::1 /zky/index.php/Home/Message/zhihu-css.css
ERR: 非法操作:zhihu-css.css

[ 2016-10-15T14:28:34+08:00 ] ::1 /zky/index.php/Home/Message/zhihu-css.css
ERR: 非法操作:zhihu-css.css

[ 2016-10-15T14:28:35+08:00 ] ::1 /zky/index.php/Home/Message/zhihu-css.css
ERR: 非法操作:zhihu-css.css

[ 2016-10-15T14:28:36+08:00 ] ::1 /zky/index.php/Home/Message/zhihu-css.css
ERR: 非法操作:zhihu-css.css

[ 2016-10-15T14:28:40+08:00 ] ::1 /zky/index.php/Home/Message/zhihu-css.css
ERR: 非法操作:zhihu-css.css

[ 2016-10-15T14:29:29+08:00 ] ::1 /zky/index.php/Home/Equipment/zhihu-css.css
ERR: 非法操作:zhihu-css.css

[ 2016-10-15T14:29:30+08:00 ] ::1 /zky/index.php/Home/Inform/zhihu-css.css
ERR: 非法操作:zhihu-css.css

[ 2016-10-15T14:29:31+08:00 ] ::1 /zky/index.php/Home/Index/zhihu-css.css
ERR: 非法操作:zhihu-css.css

[ 2016-10-15T14:29:32+08:00 ] ::1 /zky/index.php/Home/Inform/zhihu-css.css
ERR: 非法操作:zhihu-css.css

[ 2016-10-15T14:29:32+08:00 ] ::1 /zky/index.php/Home/Equipment/zhihu-css.css
ERR: 非法操作:zhihu-css.css

[ 2016-10-15T14:29:33+08:00 ] ::1 /zky/index.php/Home/Index/zhihu-css.css
ERR: 非法操作:zhihu-css.css

[ 2016-10-15T14:29:34+08:00 ] ::1 /zky/index.php/Home/Index/@!@!
ERR: 非法操作:@!@!

[ 2016-10-15T14:29:35+08:00 ] ::1 /zky/index.php/Home/Index/zhihu-css.css
ERR: 非法操作:zhihu-css.css

[ 2016-10-15T14:29:37+08:00 ] ::1 /zky/index.php/Home/Inform/zhihu-css.css
ERR: 非法操作:zhihu-css.css

[ 2016-10-15T14:33:26+08:00 ] ::1 /zky/index.php/Home/Inform/zhihu-css.css
ERR: 非法操作:zhihu-css.css

[ 2016-10-15T14:33:32+08:00 ] ::1 /zky/index.php/Home/Index/zhihu-css.css
ERR: 非法操作:zhihu-css.css

[ 2016-10-15T14:34:04+08:00 ] ::1 /zky/index.php/Home/Index/zhihu-css.css
ERR: 非法操作:zhihu-css.css

[ 2016-10-15T14:34:05+08:00 ] ::1 /zky/index.php/Home/Index/zhihu-css.css
ERR: 非法操作:zhihu-css.css

[ 2016-10-15T14:34:06+08:00 ] ::1 /zky/index.php/Home/Inform/zhihu-css.css
ERR: 非法操作:zhihu-css.css

[ 2016-10-15T14:34:10+08:00 ] ::1 /zky/index.php/Home/Inform/zhihu-css.css
ERR: 非法操作:zhihu-css.css

[ 2016-10-15T14:34:12+08:00 ] ::1 /zky/index.php/Home/Index/zhihu-css.css
ERR: 非法操作:zhihu-css.css

[ 2016-10-15T14:34:14+08:00 ] ::1 /zky/index.php/Home/Inform/zhihu-css.css
ERR: 非法操作:zhihu-css.css

[ 2016-10-15T14:34:17+08:00 ] ::1 /zky/index.php/Home/Inform/zhihu-css.css
ERR: 非法操作:zhihu-css.css

[ 2016-10-15T14:34:20+08:00 ] ::1 /zky/index.php/Home/Inform/zhihu-css.css
ERR: 非法操作:zhihu-css.css

[ 2016-10-15T14:34:28+08:00 ] ::1 /zky/index.php/Home/Equipment/zhihu-css.css
ERR: 非法操作:zhihu-css.css

[ 2016-10-15T14:34:30+08:00 ] ::1 /zky/index.php/Home/Regulation/zhihu-css.css
ERR: 非法操作:zhihu-css.css

[ 2016-10-15T14:34:33+08:00 ] ::1 /zky/index.php/Home/Regulation/zhihu-css.css
ERR: 非法操作:zhihu-css.css

[ 2016-10-15T14:34:35+08:00 ] ::1 /zky/index.php/Home/Regulation/zhihu-css.css
ERR: 非法操作:zhihu-css.css

[ 2016-10-15T14:34:36+08:00 ] ::1 /zky/index.php/Home/Regulation/zhihu-css.css
ERR: 非法操作:zhihu-css.css

[ 2016-10-15T14:34:36+08:00 ] ::1 /zky/index.php/Home/Equipment/zhihu-css.css
ERR: 非法操作:zhihu-css.css

[ 2016-10-15T14:34:37+08:00 ] ::1 /zky/index.php/Home/Equipment/zhihu-css.css
ERR: 非法操作:zhihu-css.css

[ 2016-10-15T14:35:47+08:00 ] ::1 /zky/index.php/Home/Index/zhihu-css.css
ERR: 非法操作:zhihu-css.css

[ 2016-10-15T14:35:49+08:00 ] ::1 /zky/index.php/Home/Inform/zhihu-css.css
ERR: 非法操作:zhihu-css.css

[ 2016-10-15T14:35:50+08:00 ] ::1 /zky/index.php/Home/Index/zhihu-css.css
ERR: 非法操作:zhihu-css.css

[ 2016-10-15T14:35:52+08:00 ] ::1 /zky/index.php/Home/Inform/zhihu-css.css
ERR: 非法操作:zhihu-css.css

[ 2016-10-15T14:35:54+08:00 ] ::1 /zky/index.php/Home/Inform/zhihu-css.css
ERR: 非法操作:zhihu-css.css

[ 2016-10-15T14:35:55+08:00 ] ::1 /zky/index.php/Home/Index/zhihu-css.css
ERR: 非法操作:zhihu-css.css

[ 2016-10-15T14:35:56+08:00 ] ::1 /zky/index.php/Home/Inform/zhihu-css.css
ERR: 非法操作:zhihu-css.css

[ 2016-10-15T14:35:58+08:00 ] ::1 /zky/index.php/Home/Index/zhihu-css.css
ERR: 非法操作:zhihu-css.css

[ 2016-10-15T14:35:59+08:00 ] ::1 /zky/index.php/Home/Inform/zhihu-css.css
ERR: 非法操作:zhihu-css.css

[ 2016-10-15T14:36:03+08:00 ] ::1 /zky/index.php/Home/Inform/zhihu-css.css
ERR: 非法操作:zhihu-css.css

[ 2016-10-15T14:36:05+08:00 ] ::1 /zky/index.php/Home/Inform/zhihu-css.css
ERR: 非法操作:zhihu-css.css

[ 2016-10-15T14:36:32+08:00 ] ::1 /zky/index.php/Home/Inform/zhihu-css.css
ERR: 非法操作:zhihu-css.css

[ 2016-10-15T14:36:34+08:00 ] ::1 /zky/index.php/Home/Inform/zhihu-css.css
ERR: 非法操作:zhihu-css.css

[ 2016-10-15T14:36:37+08:00 ] ::1 /zky/index.php/Home/Inform/zhihu-css.css
ERR: 非法操作:zhihu-css.css

[ 2016-10-15T14:36:38+08:00 ] ::1 /zky/index.php/Home/Equipment/zhihu-css.css
ERR: 非法操作:zhihu-css.css

[ 2016-10-15T14:36:39+08:00 ] ::1 /zky/index.php/Home/Index/zhihu-css.css
ERR: 非法操作:zhihu-css.css

[ 2016-10-15T14:36:40+08:00 ] ::1 /zky/index.php/Home/Equipment/zhihu-css.css
ERR: 非法操作:zhihu-css.css

[ 2016-10-15T14:36:42+08:00 ] ::1 /zky/index.php/Home/Index/zhihu-css.css
ERR: 非法操作:zhihu-css.css

[ 2016-10-15T14:36:43+08:00 ] ::1 /zky/index.php/Home/Equipment/zhihu-css.css
ERR: 非法操作:zhihu-css.css

[ 2016-10-15T14:36:46+08:00 ] ::1 /zky/index.php/Home/Index/zhihu-css.css
ERR: 非法操作:zhihu-css.css

[ 2016-10-15T14:36:47+08:00 ] ::1 /zky/index.php/Home/Regulation/zhihu-css.css
ERR: 非法操作:zhihu-css.css

[ 2016-10-15T14:36:48+08:00 ] ::1 /zky/index.php/Home/Regulation/zhihu-css.css
ERR: 非法操作:zhihu-css.css

[ 2016-10-15T14:36:50+08:00 ] ::1 /zky/index.php/Home/Regulation/zhihu-css.css
ERR: 非法操作:zhihu-css.css

[ 2016-10-15T14:36:50+08:00 ] ::1 /zky/index.php/Home/Regulation/zhihu-css.css
ERR: 非法操作:zhihu-css.css

[ 2016-10-15T14:37:03+08:00 ] ::1 /zky/index.php/Home/Regulation/zhihu-css.css
ERR: 非法操作:zhihu-css.css

[ 2016-10-15T14:37:05+08:00 ] ::1 /zky/index.php/Home/Regulation/zhihu-css.css
ERR: 非法操作:zhihu-css.css

[ 2016-10-15T14:37:06+08:00 ] ::1 /zky/index.php/Home/Index/zhihu-css.css
ERR: 非法操作:zhihu-css.css

[ 2016-10-15T14:37:07+08:00 ] ::1 /zky/index.php/Home/Regulation/zhihu-css.css
ERR: 非法操作:zhihu-css.css

[ 2016-10-15T14:37:09+08:00 ] ::1 /zky/index.php/Home/Index/zhihu-css.css
ERR: 非法操作:zhihu-css.css

[ 2016-10-15T14:37:10+08:00 ] ::1 /zky/index.php/Home/File/zhihu-css.css
ERR: 非法操作:zhihu-css.css

[ 2016-10-15T14:37:12+08:00 ] ::1 /zky/index.php/Home/Index/zhihu-css.css
ERR: 非法操作:zhihu-css.css

[ 2016-10-15T14:37:14+08:00 ] ::1 /zky/index.php/Home/File/zhihu-css.css
ERR: 非法操作:zhihu-css.css

[ 2016-10-15T14:37:14+08:00 ] ::1 /zky/index.php/Home/Message/zhihu-css.css
ERR: 非法操作:zhihu-css.css

[ 2016-10-15T14:37:16+08:00 ] ::1 /zky/index.php/Home/Index/zhihu-css.css
ERR: 非法操作:zhihu-css.css

[ 2016-10-15T14:37:17+08:00 ] ::1 /zky/index.php/Home/Message/zhihu-css.css
ERR: 非法操作:zhihu-css.css

[ 2016-10-15T14:37:18+08:00 ] ::1 /zky/index.php/Home/Index/zhihu-css.css
ERR: 非法操作:zhihu-css.css

[ 2016-10-15T14:37:18+08:00 ] ::1 /zky/index.php/Home/Message/zhihu-css.css
ERR: 非法操作:zhihu-css.css

[ 2016-10-15T14:37:38+08:00 ] ::1 /zky/index.php/Home/Message/zhihu-css.css
ERR: 非法操作:zhihu-css.css

[ 2016-10-15T14:38:17+08:00 ] ::1 /zky/index.php/Home/Message/zhihu-css.css
ERR: 非法操作:zhihu-css.css

[ 2016-10-15T14:39:29+08:00 ] ::1 /zky/index.php/Home/Message/zhihu-css.css
ERR: 非法操作:zhihu-css.css

[ 2016-10-15T14:40:16+08:00 ] ::1 /zky/index.php/Home/Message/zhihu-css.css
ERR: 非法操作:zhihu-css.css

[ 2016-10-15T14:40:30+08:00 ] ::1 /zky/index.php/Home/Message/zhihu-css.css
ERR: 非法操作:zhihu-css.css

[ 2016-10-15T14:41:04+08:00 ] ::1 /zky/index.php/Home/Message/zhihu-css.css
ERR: 非法操作:zhihu-css.css

[ 2016-10-15T14:45:42+08:00 ] ::1 /zky/index.php/Home/Message/do_addanswer/id/1
ERR: Think\Controller:goback方法不存在！

[ 2016-10-15T14:56:57+08:00 ] ::1 /zky/index.php/Home/Message/zhihu-css.css
ERR: 非法操作:zhihu-css.css

[ 2016-10-15T14:57:06+08:00 ] ::1 /zky/index.php/Home/Message/zhihu-css.css
ERR: 非法操作:zhihu-css.css

[ 2016-10-15T14:57:15+08:00 ] ::1 /zky/index.php/Home/Message/zhihu-css.css
ERR: 非法操作:zhihu-css.css

[ 2016-10-15T14:57:19+08:00 ] ::1 /zky/index.php/Home/Message/zhihu-css.css
ERR: 非法操作:zhihu-css.css

[ 2016-10-15T14:57:47+08:00 ] ::1 /zky/index.php/Home/Message/zhihu-css.css
ERR: 非法操作:zhihu-css.css

[ 2016-10-15T15:01:10+08:00 ] ::1 /zky/index.php/Home/Message/zhihu-css.css
ERR: 非法操作:zhihu-css.css

[ 2016-10-15T15:01:11+08:00 ] ::1 /zky/index.php/Home/Message/zhihu-css.css
ERR: 非法操作:zhihu-css.css

[ 2016-10-15T15:01:19+08:00 ] ::1 /zky/index.php/Home/Message/zhihu-css.css
ERR: 非法操作:zhihu-css.css

[ 2016-10-15T15:01:23+08:00 ] ::1 /zky/index.php/Home/Message/zhihu-css.css
ERR: 非法操作:zhihu-css.css

[ 2016-10-15T15:04:07+08:00 ] ::1 /zky/index.php/Home/Message/zhihu-css.css
ERR: 非法操作:zhihu-css.css

[ 2016-10-15T15:04:09+08:00 ] ::1 /zky/index.php/Home/Message/zhihu-css.css
ERR: 非法操作:zhihu-css.css

[ 2016-10-15T15:10:13+08:00 ] ::1 /zky/index.php/Home/Message/zhihu-css.css
ERR: 非法操作:zhihu-css.css

[ 2016-10-15T15:10:14+08:00 ] ::1 /zky/index.php/Home/Message/zhihu-css.css
ERR: 非法操作:zhihu-css.css

[ 2016-10-15T15:14:04+08:00 ] ::1 /zky/index.php/Home/Message/zhihu-css.css
ERR: 非法操作:zhihu-css.css

[ 2016-10-15T15:14:10+08:00 ] ::1 /zky/index.php/Home/Message/zhihu-css.css
ERR: 非法操作:zhihu-css.css

[ 2016-10-15T15:14:25+08:00 ] ::1 /zky/index.php/Home/Message/zhihu-css.css
ERR: 非法操作:zhihu-css.css

[ 2016-10-15T15:14:26+08:00 ] ::1 /zky/index.php/Home/Message/zhihu-css.css
ERR: 非法操作:zhihu-css.css

[ 2016-10-15T15:14:29+08:00 ] ::1 /zky/index.php/Home/Message/zhihu-css.css
ERR: 非法操作:zhihu-css.css

[ 2016-10-15T15:14:33+08:00 ] ::1 /zky/index.php/Home/Message/zhihu-css.css
ERR: 非法操作:zhihu-css.css

[ 2016-10-15T15:16:09+08:00 ] ::1 /zky/index.php/Home/Message/zhihu-css.css
ERR: 非法操作:zhihu-css.css

[ 2016-10-15T15:16:12+08:00 ] ::1 /zky/index.php/Home/Message/zhihu-css.css
ERR: 非法操作:zhihu-css.css

[ 2016-10-15T15:16:34+08:00 ] ::1 /zky/index.php/Home/Message/zhihu-css.css
ERR: 非法操作:zhihu-css.css

[ 2016-10-15T15:16:37+08:00 ] ::1 /zky/index.php/Home/Message/zhihu-css.css
ERR: 非法操作:zhihu-css.css

[ 2016-10-15T15:16:38+08:00 ] ::1 /zky/index.php/Home/Message/zhihu-css.css
ERR: 非法操作:zhihu-css.css

[ 2016-10-15T15:16:39+08:00 ] ::1 /zky/index.php/Home/Message/zhihu-css.css
ERR: 非法操作:zhihu-css.css

[ 2016-10-15T15:16:40+08:00 ] ::1 /zky/index.php/Home/Message/zhihu-css.css
ERR: 非法操作:zhihu-css.css

[ 2016-10-15T15:16:44+08:00 ] ::1 /zky/index.php/Home/Message/zhihu-css.css
ERR: 非法操作:zhihu-css.css

[ 2016-10-15T15:16:47+08:00 ] ::1 /zky/index.php/Home/Message/zhihu-css.css
ERR: 非法操作:zhihu-css.css

[ 2016-10-15T15:16:49+08:00 ] ::1 /zky/index.php/Home/Message/zhihu-css.css
ERR: 非法操作:zhihu-css.css

[ 2016-10-15T15:16:52+08:00 ] ::1 /zky/index.php/Home/Message/zhihu-css.css
ERR: 非法操作:zhihu-css.css

[ 2016-10-15T15:16:55+08:00 ] ::1 /zky/index.php/Home/Message/zhihu-css.css
ERR: 非法操作:zhihu-css.css

[ 2016-10-15T15:16:58+08:00 ] ::1 /zky/index.php/Home/Message/zhihu-css.css
ERR: 非法操作:zhihu-css.css

[ 2016-10-15T15:17:01+08:00 ] ::1 /zky/index.php/Home/Message/zhihu-css.css
ERR: 非法操作:zhihu-css.css

[ 2016-10-15T15:17:12+08:00 ] ::1 /zky/index.php/Home/Message/zhihu-css.css
ERR: 非法操作:zhihu-css.css

[ 2016-10-15T15:17:20+08:00 ] ::1 /zky/index.php/Home/Message/zhihu-css.css
ERR: 非法操作:zhihu-css.css

[ 2016-10-15T15:17:20+08:00 ] ::1 /zky/index.php/Home/Message/zhihu-css.css
ERR: 非法操作:zhihu-css.css

[ 2016-10-15T15:17:23+08:00 ] ::1 /zky/index.php/Home/Message/zhihu-css.css
ERR: 非法操作:zhihu-css.css

[ 2016-10-15T15:17:25+08:00 ] ::1 /zky/index.php/Home/Message/zhihu-css.css
ERR: 非法操作:zhihu-css.css

[ 2016-10-15T15:18:22+08:00 ] ::1 /zky/index.php/Home/Message/zhihu-css.css
ERR: 非法操作:zhihu-css.css

[ 2016-10-15T15:18:50+08:00 ] ::1 /zky/index.php/Home/Message/zhihu-css.css
ERR: 非法操作:zhihu-css.css

[ 2016-10-15T15:19:19+08:00 ] ::1 /zky/index.php/Home/Message/zhihu-css.css
ERR: 非法操作:zhihu-css.css

[ 2016-10-15T15:19:21+08:00 ] ::1 /zky/index.php/Home/Message/zhihu-css.css
ERR: 非法操作:zhihu-css.css

[ 2016-10-15T15:19:25+08:00 ] ::1 /zky/index.php/Home/Message/zhihu-css.css
ERR: 非法操作:zhihu-css.css

[ 2016-10-15T15:19:26+08:00 ] ::1 /zky/index.php/Home/Message/zhihu-css.css
ERR: 非法操作:zhihu-css.css

[ 2016-10-15T15:34:02+08:00 ] ::1 /zky/index.php/Home/Message/zhihu-css.css
ERR: 非法操作:zhihu-css.css

[ 2016-10-15T15:36:16+08:00 ] ::1 /zky/index.php/Home/Message/zhihu-css.css
ERR: 非法操作:zhihu-css.css

[ 2016-10-15T15:37:31+08:00 ] ::1 /zky/index.php/Home/Message/zhihu-css.css
ERR: 非法操作:zhihu-css.css

[ 2016-10-15T15:37:32+08:00 ] ::1 /zky/index.php/Home/Message/zhihu-css.css
ERR: 非法操作:zhihu-css.css

[ 2016-10-15T15:37:36+08:00 ] ::1 /zky/index.php/Home/Message/zhihu-css.css
ERR: 非法操作:zhihu-css.css

[ 2016-10-15T15:37:52+08:00 ] ::1 /zky/index.php/Home/Message/zhihu-css.css
ERR: 非法操作:zhihu-css.css

[ 2016-10-15T15:38:51+08:00 ] ::1 /zky/index.php/Home/Message/zhihu-css.css
ERR: 非法操作:zhihu-css.css

[ 2016-10-15T15:38:53+08:00 ] ::1 /zky/index.php/Home/Message/zhihu-css.css
ERR: 非法操作:zhihu-css.css

[ 2016-10-15T15:38:54+08:00 ] ::1 /zky/index.php/Home/Index/zhihu-css.css
ERR: 非法操作:zhihu-css.css

[ 2016-10-15T15:38:54+08:00 ] ::1 /zky/index.php/Home/Inform/zhihu-css.css
ERR: 非法操作:zhihu-css.css

[ 2016-10-15T15:38:55+08:00 ] ::1 /zky/index.php/Home/Equipment/zhihu-css.css
ERR: 非法操作:zhihu-css.css

[ 2016-10-15T15:38:56+08:00 ] ::1 /zky/index.php/Home/Regulation/zhihu-css.css
ERR: 非法操作:zhihu-css.css

[ 2016-10-15T15:38:57+08:00 ] ::1 /zky/index.php/Home/File/zhihu-css.css
ERR: 非法操作:zhihu-css.css

[ 2016-10-15T15:38:58+08:00 ] ::1 /zky/index.php/Home/Message/zhihu-css.css
ERR: 非法操作:zhihu-css.css

[ 2016-10-15T15:39:07+08:00 ] ::1 /zky/index.php/Home/Message/zhihu-css.css
ERR: 非法操作:zhihu-css.css

[ 2016-10-15T15:40:18+08:00 ] ::1 /zky/index.php/Home/Message/zhihu-css.css
ERR: 非法操作:zhihu-css.css

[ 2016-10-15T15:41:10+08:00 ] ::1 /zky/index.php/Home/Message/communication
ERR: 非法操作:communication

[ 2016-10-15T15:41:16+08:00 ] ::1 /zky/index.php/Home/Message/zhihu-css.css
ERR: 非法操作:zhihu-css.css

[ 2016-10-15T15:41:18+08:00 ] ::1 /zky/index.php/Home/Message/zhihu-css.css
ERR: 非法操作:zhihu-css.css

[ 2016-10-15T15:41:18+08:00 ] ::1 /zky/index.php/Home/Message/zhihu-css.css
ERR: 非法操作:zhihu-css.css

[ 2016-10-15T15:41:19+08:00 ] ::1 /zky/index.php/Home/File/zhihu-css.css
ERR: 非法操作:zhihu-css.css

[ 2016-10-15T15:41:20+08:00 ] ::1 /zky/index.php/Home/Message/zhihu-css.css
ERR: 非法操作:zhihu-css.css

[ 2016-10-15T15:41:20+08:00 ] ::1 /zky/index.php/Home/Index/zhihu-css.css
ERR: 非法操作:zhihu-css.css

[ 2016-10-15T15:41:21+08:00 ] ::1 /zky/index.php/Home/Message/zhihu-css.css
ERR: 非法操作:zhihu-css.css

[ 2016-10-15T15:41:21+08:00 ] ::1 /zky/index.php/Home/File/zhihu-css.css
ERR: 非法操作:zhihu-css.css

[ 2016-10-15T15:41:22+08:00 ] ::1 /zky/index.php/Home/Message/zhihu-css.css
ERR: 非法操作:zhihu-css.css

[ 2016-10-15T15:41:22+08:00 ] ::1 /zky/index.php/Home/Message/zhihu-css.css
ERR: 非法操作:zhihu-css.css

[ 2016-10-15T15:41:23+08:00 ] ::1 /zky/index.php/Home/Index/zhihu-css.css
ERR: 非法操作:zhihu-css.css

[ 2016-10-15T15:41:23+08:00 ] ::1 /zky/index.php/Home/Index/zhihu-css.css
ERR: 非法操作:zhihu-css.css

[ 2016-10-15T15:41:24+08:00 ] ::1 /zky/index.php/Home/Message/zhihu-css.css
ERR: 非法操作:zhihu-css.css

[ 2016-10-15T15:41:25+08:00 ] ::1 /zky/index.php/Home/File/zhihu-css.css
ERR: 非法操作:zhihu-css.css

[ 2016-10-15T15:41:25+08:00 ] ::1 /zky/index.php/Home/Regulation/zhihu-css.css
ERR: 非法操作:zhihu-css.css

[ 2016-10-15T15:41:26+08:00 ] ::1 /zky/index.php/Home/Equipment/zhihu-css.css
ERR: 非法操作:zhihu-css.css

[ 2016-10-15T15:41:26+08:00 ] ::1 /zky/index.php/Home/Inform/zhihu-css.css
ERR: 非法操作:zhihu-css.css

[ 2016-10-15T15:41:27+08:00 ] ::1 /zky/index.php/Home/Index/zhihu-css.css
ERR: 非法操作:zhihu-css.css

[ 2016-10-15T15:41:28+08:00 ] ::1 /zky/index.php/Home/Message/zhihu-css.css
ERR: 非法操作:zhihu-css.css

[ 2016-10-15T15:41:29+08:00 ] ::1 /zky/index.php/Home/Message/zhihu-css.css
ERR: 非法操作:zhihu-css.css

[ 2016-10-15T15:41:59+08:00 ] ::1 /zky/index.php/Home/Message/zhihu-css.css
ERR: 非法操作:zhihu-css.css

[ 2016-10-15T15:43:01+08:00 ] ::1 /zky/index.php/Home/Message/zhihu-css.css
ERR: 非法操作:zhihu-css.css

[ 2016-10-15T15:43:06+08:00 ] ::1 /zky/index.php/Home/Message/zhihu-css.css
ERR: 非法操作:zhihu-css.css

[ 2016-10-15T15:43:13+08:00 ] ::1 /zky/index.php/Home/Message/zhihu-css.css
ERR: 非法操作:zhihu-css.css

[ 2016-10-15T15:43:36+08:00 ] ::1 /zky/index.php/Home/Message/zhihu-css.css
ERR: 非法操作:zhihu-css.css

[ 2016-10-15T15:43:41+08:00 ] ::1 /zky/index.php/Home/Message/zhihu-css.css
ERR: 非法操作:zhihu-css.css

[ 2016-10-15T15:43:45+08:00 ] ::1 /zky/index.php/Home/Message/zhihu-css.css
ERR: 非法操作:zhihu-css.css

[ 2016-10-15T15:43:48+08:00 ] ::1 /zky/index.php/Home/Message/zhihu-css.css
ERR: 非法操作:zhihu-css.css

[ 2016-10-15T15:44:41+08:00 ] ::1 /zky/index.php/Home/Message/zhihu-css.css
ERR: 非法操作:zhihu-css.css

[ 2016-10-15T15:48:17+08:00 ] ::1 /zky/index.php/Home/Message/zhihu-css.css
ERR: 非法操作:zhihu-css.css

[ 2016-10-15T15:49:46+08:00 ] ::1 /zky/index.php/Home/Message/zhihu-css.css
ERR: 非法操作:zhihu-css.css

[ 2016-10-15T15:50:06+08:00 ] ::1 /zky/index.php/Home/Message/zhihu-css.css
ERR: 非法操作:zhihu-css.css

[ 2016-10-15T15:50:10+08:00 ] ::1 /zky/index.php/Home/Message/zhihu-css.css
ERR: 非法操作:zhihu-css.css

[ 2016-10-15T15:50:13+08:00 ] ::1 /zky/index.php/Home/Message/zhihu-css.css
ERR: 非法操作:zhihu-css.css

[ 2016-10-15T15:50:17+08:00 ] ::1 /zky/index.php/Home/Message/zhihu-css.css
ERR: 非法操作:zhihu-css.css

[ 2016-10-15T15:52:50+08:00 ] ::1 /zky/index.php/Home/Message/zhihu-css.css
ERR: 非法操作:zhihu-css.css

[ 2016-10-15T15:54:27+08:00 ] ::1 /zky/index.php/Home/Message/zhihu-css.css
ERR: 非法操作:zhihu-css.css

[ 2016-10-15T15:54:34+08:00 ] ::1 /zky/index.php/Home/Message/zhihu-css.css
ERR: 非法操作:zhihu-css.css

[ 2016-10-15T15:54:39+08:00 ] ::1 /zky/index.php/Home/Message/zhihu-css.css
ERR: 非法操作:zhihu-css.css

[ 2016-10-15T15:54:44+08:00 ] ::1 /zky/index.php/Home/Message/zhihu-css.css
ERR: 非法操作:zhihu-css.css

[ 2016-10-15T16:02:09+08:00 ] ::1 /zky/index.php/Home/Message/zhihu-css.css
ERR: 非法操作:zhihu-css.css

[ 2016-10-15T16:02:14+08:00 ] ::1 /zky/index.php/Home/Message/add_answer&id%20=%204&address=/zky/index.php/Home/Message/do_see/id/4
ERR: 非法操作:add_answer&id = 4&address=

[ 2016-10-15T16:02:17+08:00 ] ::1 /zky/index.php/Home/Message/add_answer&id%20=%204&address=/zky/index.php/Home/Message/do_see/id/4
ERR: 非法操作:add_answer&id = 4&address=

[ 2016-10-15T16:02:39+08:00 ] ::1 /zky/index.php/Home/Message/zhihu-css.css
ERR: 非法操作:zhihu-css.css

[ 2016-10-15T16:02:48+08:00 ] ::1 /zky/index.php/Home/Message/zhihu-css.css
ERR: 非法操作:zhihu-css.css

[ 2016-10-15T16:04:18+08:00 ] ::1 /zky/index.php/Home/Message/zhihu-css.css
ERR: 非法操作:zhihu-css.css

[ 2016-10-15T16:04:21+08:00 ] ::1 /zky/index.php/Home/Message/zhihu-css.css
ERR: 非法操作:zhihu-css.css

[ 2016-10-15T16:05:19+08:00 ] ::1 /zky/index.php/Home/Message/zhihu-css.css
ERR: 非法操作:zhihu-css.css

[ 2016-10-15T16:06:06+08:00 ] ::1 /zky/index.php/Home/Message/zhihu-css.css
ERR: 非法操作:zhihu-css.css

[ 2016-10-15T16:06:08+08:00 ] ::1 /zky/index.php/Home/Message/zhihu-css.css
ERR: 非法操作:zhihu-css.css

[ 2016-10-15T16:06:28+08:00 ] ::1 /zky/index.php/Home/Regulation/zhihu-css.css
ERR: 非法操作:zhihu-css.css

[ 2016-10-15T16:06:28+08:00 ] ::1 /zky/index.php/Home/File/zhihu-css.css
ERR: 非法操作:zhihu-css.css

[ 2016-10-15T16:06:29+08:00 ] ::1 /zky/index.php/Home/Message/zhihu-css.css
ERR: 非法操作:zhihu-css.css

[ 2016-10-15T16:07:26+08:00 ] ::1 /zky/index.php/Home/Equipment/zhihu-css.css
ERR: 非法操作:zhihu-css.css

[ 2016-10-15T16:07:26+08:00 ] ::1 /zky/index.php/Home/Message/zhihu-css.css
ERR: 非法操作:zhihu-css.css

[ 2016-10-15T16:10:15+08:00 ] ::1 /zky/index.php/Home/Message/communication
ERR: 非法操作:communication

[ 2016-10-15T16:10:19+08:00 ] ::1 /zky/index.php/Home/Message/communication
ERR: 非法操作:communication

[ 2016-10-15T16:10:21+08:00 ] ::1 /zky/index.php/Home/Message/communication
ERR: 非法操作:communication

[ 2016-10-15T16:10:25+08:00 ] ::1 /zky/index.php/Home/Message/communication
ERR: 非法操作:communication

[ 2016-10-15T16:10:31+08:00 ] ::1 /zky/index.php/Home/Message/zhihu-css.css
ERR: 非法操作:zhihu-css.css

[ 2016-10-15T16:12:24+08:00 ] ::1 /zky/index.php/Home/Message/communication
ERR: 非法操作:communication

[ 2016-10-15T16:12:27+08:00 ] ::1 /zky/index.php/Home/Message/communication
ERR: 非法操作:communication

[ 2016-10-15T16:13:24+08:00 ] ::1 /zky/index.php/Home/Message/communication
ERR: 非法操作:communication

[ 2016-10-15T16:13:25+08:00 ] ::1 /zky/index.php/Home/Message/communication
ERR: 非法操作:communication

[ 2016-10-15T16:13:27+08:00 ] ::1 /zky/index.php/Home/Message/communication
ERR: 非法操作:communication

[ 2016-10-15T16:13:55+08:00 ] ::1 /zky/index.php/Home/Index/zhihu-css.css
ERR: 非法操作:zhihu-css.css

[ 2016-10-15T16:13:56+08:00 ] ::1 /zky/index.php/Home/Inform/zhihu-css.css
ERR: 非法操作:zhihu-css.css

[ 2016-10-15T16:13:57+08:00 ] ::1 /zky/index.php/Home/Equipment/zhihu-css.css
ERR: 非法操作:zhihu-css.css

[ 2016-10-15T16:13:57+08:00 ] ::1 /zky/index.php/Home/Regulation/zhihu-css.css
ERR: 非法操作:zhihu-css.css

[ 2016-10-15T16:13:58+08:00 ] ::1 /zky/index.php/Home/File/zhihu-css.css
ERR: 非法操作:zhihu-css.css

[ 2016-10-15T16:13:58+08:00 ] ::1 /zky/index.php/Home/Message/zhihu-css.css
ERR: 非法操作:zhihu-css.css

[ 2016-10-15T16:14:00+08:00 ] ::1 /zky/index.php/Home/Message/zhihu-css.css
ERR: 非法操作:zhihu-css.css

[ 2016-10-15T16:14:01+08:00 ] ::1 /zky/index.php/Home/Message/zhihu-css.css
ERR: 非法操作:zhihu-css.css

[ 2016-10-15T16:14:01+08:00 ] ::1 /zky/index.php/Home/Message/zhihu-css.css
ERR: 非法操作:zhihu-css.css

[ 2016-10-15T16:14:02+08:00 ] ::1 /zky/index.php/Home/Index/zhihu-css.css
ERR: 非法操作:zhihu-css.css

[ 2016-10-15T16:14:02+08:00 ] ::1 /zky/index.php/Home/Message/zhihu-css.css
ERR: 非法操作:zhihu-css.css

[ 2016-10-15T16:14:03+08:00 ] ::1 /zky/index.php/Home/Index/zhihu-css.css
ERR: 非法操作:zhihu-css.css

[ 2016-10-15T16:14:03+08:00 ] ::1 /zky/index.php/Home/Message/zhihu-css.css
ERR: 非法操作:zhihu-css.css

[ 2016-10-15T16:14:03+08:00 ] ::1 /zky/index.php/Home/File/zhihu-css.css
ERR: 非法操作:zhihu-css.css

[ 2016-10-15T16:14:04+08:00 ] ::1 /zky/index.php/Home/Message/zhihu-css.css
ERR: 非法操作:zhihu-css.css

[ 2016-10-15T16:14:04+08:00 ] ::1 /zky/index.php/Home/Index/zhihu-css.css
ERR: 非法操作:zhihu-css.css

[ 2016-10-15T16:14:04+08:00 ] ::1 /zky/index.php/Home/Message/zhihu-css.css
ERR: 非法操作:zhihu-css.css

[ 2016-10-15T16:14:05+08:00 ] ::1 /zky/index.php/Home/Regulation/zhihu-css.css
ERR: 非法操作:zhihu-css.css

[ 2016-10-15T16:14:05+08:00 ] ::1 /zky/index.php/Home/Equipment/zhihu-css.css
ERR: 非法操作:zhihu-css.css

[ 2016-10-15T16:14:06+08:00 ] ::1 /zky/index.php/Home/Inform/zhihu-css.css
ERR: 非法操作:zhihu-css.css

[ 2016-10-15T16:14:06+08:00 ] ::1 /zky/index.php/Home/Index/zhihu-css.css
ERR: 非法操作:zhihu-css.css

[ 2016-10-15T16:14:06+08:00 ] ::1 /zky/index.php/Home/Inform/zhihu-css.css
ERR: 非法操作:zhihu-css.css

[ 2016-10-15T16:14:07+08:00 ] ::1 /zky/index.php/Home/Regulation/zhihu-css.css
ERR: 非法操作:zhihu-css.css

[ 2016-10-15T16:14:23+08:00 ] ::1 /zky/index.php/Home/Message/zhihu-css.css
ERR: 非法操作:zhihu-css.css

[ 2016-10-15T16:16:50+08:00 ] ::1 /zky/index.php/Home/Message/zhihu-css.css
ERR: 非法操作:zhihu-css.css

[ 2016-10-15T16:16:56+08:00 ] ::1 /zky/index.php/Home/Message/zhihu-css.css
ERR: 非法操作:zhihu-css.css

[ 2016-10-15T16:18:00+08:00 ] ::1 /zky/index.php/Home/File/zhihu-css.css
ERR: 非法操作:zhihu-css.css

[ 2016-10-15T16:18:00+08:00 ] ::1 /zky/index.php/Home/Message/zhihu-css.css
ERR: 非法操作:zhihu-css.css

[ 2016-10-15T16:19:30+08:00 ] ::1 /zky/index.php/Home/File/zhihu-css.css
ERR: 非法操作:zhihu-css.css

[ 2016-10-15T16:19:31+08:00 ] ::1 /zky/index.php/Home/Message/zhihu-css.css
ERR: 非法操作:zhihu-css.css

[ 2016-10-15T16:20:48+08:00 ] ::1 /zky/index.php/Home/Message/zhihu-css.css
ERR: 非法操作:zhihu-css.css

[ 2016-10-15T16:20:49+08:00 ] ::1 /zky/index.php/Home/File/zhihu-css.css
ERR: 非法操作:zhihu-css.css

[ 2016-10-15T16:20:50+08:00 ] ::1 /zky/index.php/Home/Inform/zhihu-css.css
ERR: 非法操作:zhihu-css.css

[ 2016-10-15T16:20:50+08:00 ] ::1 /zky/index.php/Home/Index/zhihu-css.css
ERR: 非法操作:zhihu-css.css

[ 2016-10-15T16:20:51+08:00 ] ::1 /zky/index.php/Home/Message/zhihu-css.css
ERR: 非法操作:zhihu-css.css

[ 2016-10-15T16:20:53+08:00 ] ::1 /zky/index.php/Home/Message/zhihu-css.css
ERR: 非法操作:zhihu-css.css

[ 2016-10-15T16:20:55+08:00 ] ::1 /zky/index.php/Home/Message/zhihu-css.css
ERR: 非法操作:zhihu-css.css

[ 2016-10-15T16:21:10+08:00 ] ::1 /zky/index.php/Home/Index/zhihu-css.css
ERR: 非法操作:zhihu-css.css

[ 2016-10-15T16:21:11+08:00 ] ::1 /zky/index.php/Home/Message/zhihu-css.css
ERR: 非法操作:zhihu-css.css

[ 2016-10-15T16:22:54+08:00 ] ::1 /zky/index.php/Home/File/zhihu-css.css
ERR: 非法操作:zhihu-css.css

[ 2016-10-15T16:22:55+08:00 ] ::1 /zky/index.php/Home/Message/zhihu-css.css
ERR: 非法操作:zhihu-css.css

[ 2016-10-15T16:23:14+08:00 ] ::1 /zky/index.php/Home/Message/zhihu-css.css
ERR: 非法操作:zhihu-css.css

[ 2016-10-15T16:26:44+08:00 ] ::1 /zky/index.php/Home/File/zhihu-css.css
ERR: 非法操作:zhihu-css.css

[ 2016-10-15T16:26:44+08:00 ] ::1 /zky/index.php/Home/Regulation/zhihu-css.css
ERR: 非法操作:zhihu-css.css

[ 2016-10-15T16:26:45+08:00 ] ::1 /zky/index.php/Home/Message/zhihu-css.css
ERR: 非法操作:zhihu-css.css

[ 2016-10-15T16:26:52+08:00 ] ::1 /zky/index.php/Home/Message/zhihu-css.css
ERR: 非法操作:zhihu-css.css

[ 2016-10-15T16:27:01+08:00 ] ::1 /zky/index.php/Home/Message/zhihu-css.css
ERR: 非法操作:zhihu-css.css

[ 2016-10-15T16:27:06+08:00 ] ::1 /zky/index.php/Home/Message/zhihu-css.css
ERR: 非法操作:zhihu-css.css

[ 2016-10-15T16:27:17+08:00 ] ::1 /zky/index.php/Home/Message/zhihu-css.css
ERR: 非法操作:zhihu-css.css

[ 2016-10-15T16:27:18+08:00 ] ::1 /zky/index.php/Home/Index/zhihu-css.css
ERR: 非法操作:zhihu-css.css

[ 2016-10-15T16:27:20+08:00 ] ::1 /zky/index.php/Home/Inform/zhihu-css.css
ERR: 非法操作:zhihu-css.css

[ 2016-10-15T16:27:20+08:00 ] ::1 /zky/index.php/Home/Equipment/zhihu-css.css
ERR: 非法操作:zhihu-css.css

[ 2016-10-15T16:27:21+08:00 ] ::1 /zky/index.php/Home/Regulation/zhihu-css.css
ERR: 非法操作:zhihu-css.css

[ 2016-10-15T16:27:21+08:00 ] ::1 /zky/index.php/Home/File/zhihu-css.css
ERR: 非法操作:zhihu-css.css

[ 2016-10-15T16:27:21+08:00 ] ::1 /zky/index.php/Home/Message/zhihu-css.css
ERR: 非法操作:zhihu-css.css

[ 2016-10-15T16:27:33+08:00 ] ::1 /zky/index.php/Home/Message/zhihu-css.css
ERR: 非法操作:zhihu-css.css

[ 2016-10-15T16:27:35+08:00 ] ::1 /zky/index.php/Home/Index/zhihu-css.css
ERR: 非法操作:zhihu-css.css

[ 2016-10-15T16:27:35+08:00 ] ::1 /zky/index.php/Home/Message/zhihu-css.css
ERR: 非法操作:zhihu-css.css

[ 2016-10-15T16:27:36+08:00 ] ::1 /zky/index.php/Home/File/zhihu-css.css
ERR: 非法操作:zhihu-css.css

[ 2016-10-15T16:27:36+08:00 ] ::1 /zky/index.php/Home/Regulation/zhihu-css.css
ERR: 非法操作:zhihu-css.css

[ 2016-10-15T16:27:40+08:00 ] ::1 /zky/index.php/Home/Index/zhihu-css.css
ERR: 非法操作:zhihu-css.css

[ 2016-10-15T16:28:32+08:00 ] ::1 /zky/index.php/Home/Index/zhihu-css.css
ERR: 非法操作:zhihu-css.css

[ 2016-10-15T16:32:47+08:00 ] ::1 /zky/index.php/Home/Index/zhihu-css.css
ERR: 非法操作:zhihu-css.css

[ 2016-10-15T16:32:48+08:00 ] ::1 /zky/index.php/Home/Inform/zhihu-css.css
ERR: 非法操作:zhihu-css.css

[ 2016-10-15T16:32:49+08:00 ] ::1 /zky/index.php/Home/Equipment/zhihu-css.css
ERR: 非法操作:zhihu-css.css

[ 2016-10-15T16:32:50+08:00 ] ::1 /zky/index.php/Home/Regulation/zhihu-css.css
ERR: 非法操作:zhihu-css.css

[ 2016-10-15T16:32:51+08:00 ] ::1 /zky/index.php/Home/File/zhihu-css.css
ERR: 非法操作:zhihu-css.css

[ 2016-10-15T16:32:52+08:00 ] ::1 /zky/index.php/Home/Message/zhihu-css.css
ERR: 非法操作:zhihu-css.css

[ 2016-10-15T16:32:53+08:00 ] ::1 /zky/index.php/Home/Message/zhihu-css.css
ERR: 非法操作:zhihu-css.css

[ 2016-10-15T16:32:55+08:00 ] ::1 /zky/index.php/Home/Index/zhihu-css.css
ERR: 非法操作:zhihu-css.css

[ 2016-10-15T16:32:57+08:00 ] ::1 /zky/index.php/Admin/Index/admin.php
ERR: 非法操作:admin.php

[ 2016-10-15T16:35:26+08:00 ] ::1 /zky/index.php/Home/Index/zhihu-css.css
ERR: 非法操作:zhihu-css.css

[ 2016-10-15T16:35:28+08:00 ] ::1 /zky/index.php/Home/Index/zhihu-css.css
ERR: 非法操作:zhihu-css.css

[ 2016-10-15T16:35:29+08:00 ] ::1 /zky/index.php/Home/Inform/zhihu-css.css
ERR: 非法操作:zhihu-css.css

[ 2016-10-15T16:35:29+08:00 ] ::1 /zky/index.php/Home/Equipment/zhihu-css.css
ERR: 非法操作:zhihu-css.css

[ 2016-10-15T16:35:30+08:00 ] ::1 /zky/index.php/Home/Regulation/zhihu-css.css
ERR: 非法操作:zhihu-css.css

[ 2016-10-15T16:35:31+08:00 ] ::1 /zky/index.php/Home/File/zhihu-css.css
ERR: 非法操作:zhihu-css.css

[ 2016-10-15T16:35:32+08:00 ] ::1 /zky/index.php/Home/Index/zhihu-css.css
ERR: 非法操作:zhihu-css.css

[ 2016-10-15T16:35:32+08:00 ] ::1 /zky/index.php/Home/Index/zhihu-css.css
ERR: 非法操作:zhihu-css.css

[ 2016-10-15T16:35:33+08:00 ] ::1 /zky/index.php/Home/Message/zhihu-css.css
ERR: 非法操作:zhihu-css.css

[ 2016-10-15T16:35:33+08:00 ] ::1 /zky/index.php/Home/File/zhihu-css.css
ERR: 非法操作:zhihu-css.css

[ 2016-10-15T16:35:34+08:00 ] ::1 /zky/index.php/Home/Regulation/zhihu-css.css
ERR: 非法操作:zhihu-css.css

[ 2016-10-15T16:35:34+08:00 ] ::1 /zky/index.php/Home/Equipment/zhihu-css.css
ERR: 非法操作:zhihu-css.css

[ 2016-10-15T16:35:35+08:00 ] ::1 /zky/index.php/Home/Inform/zhihu-css.css
ERR: 非法操作:zhihu-css.css

[ 2016-10-15T16:35:35+08:00 ] ::1 /zky/index.php/Home/Index/zhihu-css.css
ERR: 非法操作:zhihu-css.css

[ 2016-10-15T16:35:40+08:00 ] ::1 /zky/index.php/Home/Index/zhihu-css.css
ERR: 非法操作:zhihu-css.css

[ 2016-10-15T16:35:46+08:00 ] ::1 /zky/index.php/Home/Inform/zhihu-css.css
ERR: 非法操作:zhihu-css.css

[ 2016-10-15T16:35:49+08:00 ] ::1 /zky/index.php/Home/Inform/zhihu-css.css
ERR: 非法操作:zhihu-css.css

[ 2016-10-15T16:35:49+08:00 ] ::1 /zky/index.php/Home/Equipment/zhihu-css.css
ERR: 非法操作:zhihu-css.css

[ 2016-10-15T16:35:52+08:00 ] ::1 /zky/index.php/Home/Equipment/zhihu-css.css
ERR: 非法操作:zhihu-css.css

[ 2016-10-15T16:35:53+08:00 ] ::1 /zky/index.php/Home/Regulation/zhihu-css.css
ERR: 非法操作:zhihu-css.css

[ 2016-10-15T16:35:56+08:00 ] ::1 /zky/index.php/Home/Regulation/zhihu-css.css
ERR: 非法操作:zhihu-css.css

[ 2016-10-15T16:35:57+08:00 ] ::1 /zky/index.php/Home/Message/zhihu-css.css
ERR: 非法操作:zhihu-css.css

[ 2016-10-15T16:36:00+08:00 ] ::1 /zky/index.php/Home/Message/zhihu-css.css
ERR: 非法操作:zhihu-css.css

[ 2016-10-15T16:36:01+08:00 ] ::1 /zky/index.php/Home/File/zhihu-css.css
ERR: 非法操作:zhihu-css.css

[ 2016-10-15T16:36:06+08:00 ] ::1 /zky/index.php/Home/File/zhihu-css.css
ERR: 非法操作:zhihu-css.css

[ 2016-10-15T16:36:07+08:00 ] ::1 /zky/index.php/Home/Message/zhihu-css.css
ERR: 非法操作:zhihu-css.css

[ 2016-10-15T16:36:11+08:00 ] ::1 /zky/index.php/Home/Message/zhihu-css.css
ERR: 非法操作:zhihu-css.css

[ 2016-10-15T16:36:12+08:00 ] ::1 /zky/index.php/Home/Index/zhihu-css.css
ERR: 非法操作:zhihu-css.css

[ 2016-10-15T16:36:15+08:00 ] ::1 /zky/index.php/Home/Index/zhihu-css.css
ERR: 非法操作:zhihu-css.css

[ 2016-10-15T16:36:19+08:00 ] ::1 /zky/index.php/Admin/Index/videoQuery.html
ERR: 非法操作:videoquery

[ 2016-10-15T16:36:21+08:00 ] ::1 /zky/index.php/Admin/Index/videoQuery.html
ERR: 非法操作:videoquery

[ 2016-10-15T16:36:27+08:00 ] ::1 /zky/index.php/Admin/Index/documentQuery.html
ERR: 非法操作:documentquery

[ 2016-10-15T16:36:29+08:00 ] ::1 /zky/index.php/Admin/Index/classQuery.html
ERR: 非法操作:classquery

[ 2016-10-15T16:36:31+08:00 ] ::1 /zky/index.php/Admin/Index/studentQuery.html
ERR: 非法操作:studentquery

[ 2016-10-15T16:36:32+08:00 ] ::1 /zky/index.php/Admin/Index/studentQuery.html
ERR: 非法操作:studentquery

[ 2016-10-15T16:36:33+08:00 ] ::1 /zky/index.php/Admin/Index/studentQuery.html
ERR: 非法操作:studentquery

[ 2016-10-15T16:36:36+08:00 ] ::1 /zky/index.php/Admin/Index/deletecomment.html
ERR: 非法操作:deletecomment

[ 2016-10-15T16:36:37+08:00 ] ::1 /zky/index.php/Admin/Index/useredit.html
ERR: 非法操作:useredit

[ 2016-10-15T16:36:39+08:00 ] ::1 /zky/index.php/Admin/Index/afficheQuery.html
ERR: 非法操作:affichequery

[ 2016-10-15T16:36:39+08:00 ] ::1 /zky/index.php/Admin/Index/afficheAdd.html
ERR: 非法操作:afficheadd

[ 2016-10-15T16:36:43+08:00 ] ::1 /zky/index.php/Admin/Index/afficheAdd.html
ERR: 非法操作:afficheadd

[ 2016-10-15T16:36:43+08:00 ] ::1 /zky/index.php/Admin/Index/afficheQuery.html
ERR: 非法操作:affichequery

[ 2016-10-15T16:36:46+08:00 ] ::1 /zky/index.php/Admin/Index/login.html
ERR: 非法操作:login

[ 2016-10-15T16:36:48+08:00 ] ::1 /zky/index.php/Admin/Index/afficheQuery.html
ERR: 非法操作:affichequery

