[ 2016-12-05T16:09:52+08:00 ] ::1 /zky/index.php/Home/Register/do_register
INFO: [ app_begin ] --START--
INFO: Run Behavior\ReadHtmlCache [ RunTime:0.001704s ]
INFO: [ app_begin ] --END-- [ RunTime:0.002834s ]
NOTIC: [8192] mysql_connect(): The mysql extension is deprecated and will be removed in the future: use mysqli or PDO instead D:\wamp\www\zky\ThinkPHP\Library\Think\Db\Driver\Mysql.class.php 第 52 行.
SQL: SHOW COLUMNS FROM `tp_user` [ RunTime:0.012383s ]

[ 2016-12-05T16:10:21+08:00 ] ::1 /zky/index.php/Home/Register/do_register
INFO: [ app_begin ] --START--
INFO: Run Behavior\ReadHtmlCache [ RunTime:0.000895s ]
INFO: [ app_begin ] --END-- [ RunTime:0.002131s ]
NOTIC: [8192] mysql_connect(): The mysql extension is deprecated and will be removed in the future: use mysqli or PDO instead D:\wamp\www\zky\ThinkPHP\Library\Think\Db\Driver\Mysql.class.php 第 52 行.
SQL: SHOW COLUMNS FROM `tp_user` [ RunTime:0.008381s ]
SQL: SELECT COUNT(*) AS tp_count FROM `tp_user` WHERE ( `username` = '17607183215' ) AND ( `isTeacher` = 0 ) LIMIT 1   [ RunTime:0.002834s ]
SQL: INSERT INTO `tp_user` (`username`,`password`,`isTeacher`,`say`,`name`,`time`) VALUES ('17607183215','963',0,0,'程天赐','2016-12-05 16:10:21') [ RunTime:0.007487s ]

[ 2016-12-05T16:10:56+08:00 ] ::1 /zky/index.php/Home/Login/do_login
INFO: [ app_begin ] --START--
INFO: Run Behavior\ReadHtmlCache [ RunTime:0.000805s ]
INFO: [ app_begin ] --END-- [ RunTime:0.001449s ]
NOTIC: [8192] mysql_connect(): The mysql extension is deprecated and will be removed in the future: use mysqli or PDO instead D:\wamp\www\zky\ThinkPHP\Library\Think\Db\Driver\Mysql.class.php 第 52 行.
SQL: SHOW COLUMNS FROM `tp_user` [ RunTime:0.010949s ]
SQL: SELECT * FROM `tp_user` WHERE ( username=17607183215 ) LIMIT 1   [ RunTime:0.001043s ]
SQL: SELECT `password` FROM `tp_user` WHERE ( username = 17607183215 ) LIMIT 1   [ RunTime:0.000616s ]
SQL: SELECT `name` FROM `tp_user` WHERE ( username = 17607183215 ) LIMIT 1   [ RunTime:0.000443s ]
SQL: SELECT `id` FROM `tp_user` WHERE ( username = 17607183215 ) LIMIT 1   [ RunTime:0.000309s ]
SQL: SELECT `say` FROM `tp_user` WHERE ( username = 17607183215 ) LIMIT 1   [ RunTime:0.000261s ]

[ 2016-12-05T16:14:51+08:00 ] ::1 /zky/index.php/Home/Register/do_register
INFO: [ app_begin ] --START--
INFO: Run Behavior\ReadHtmlCache [ RunTime:0.000483s ]
INFO: [ app_begin ] --END-- [ RunTime:0.000958s ]
NOTIC: [8192] mysql_connect(): The mysql extension is deprecated and will be removed in the future: use mysqli or PDO instead D:\wamp\www\zky\ThinkPHP\Library\Think\Db\Driver\Mysql.class.php 第 52 行.
SQL: SHOW COLUMNS FROM `tp_user` [ RunTime:0.006174s ]
SQL: SELECT COUNT(*) AS tp_count FROM `tp_user` WHERE ( `username` = 'zhuchuanbo' ) AND ( `isTeacher` = 0 ) LIMIT 1   [ RunTime:0.001099s ]

[ 2016-12-05T16:15:01+08:00 ] ::1 /zky/index.php/Home/Register/do_register
INFO: [ app_begin ] --START--
INFO: Run Behavior\ReadHtmlCache [ RunTime:0.001049s ]
INFO: [ app_begin ] --END-- [ RunTime:0.002010s ]
NOTIC: [8192] mysql_connect(): The mysql extension is deprecated and will be removed in the future: use mysqli or PDO instead D:\wamp\www\zky\ThinkPHP\Library\Think\Db\Driver\Mysql.class.php 第 52 行.
SQL: SHOW COLUMNS FROM `tp_user` [ RunTime:0.009490s ]

[ 2016-12-05T16:15:15+08:00 ] ::1 /zky/index.php/Home/Register/do_register
INFO: [ app_begin ] --START--
INFO: Run Behavior\ReadHtmlCache [ RunTime:0.001088s ]
INFO: [ app_begin ] --END-- [ RunTime:0.001853s ]
NOTIC: [8192] mysql_connect(): The mysql extension is deprecated and will be removed in the future: use mysqli or PDO instead D:\wamp\www\zky\ThinkPHP\Library\Think\Db\Driver\Mysql.class.php 第 52 行.
SQL: SHOW COLUMNS FROM `tp_user` [ RunTime:0.007445s ]
SQL: SELECT COUNT(*) AS tp_count FROM `tp_user` WHERE ( `username` = 'DOUBIBOBOLALALA2' ) AND ( `isTeacher` = 0 ) LIMIT 1   [ RunTime:0.001268s ]
SQL: INSERT INTO `tp_user` (`username`,`password`,`isTeacher`,`say`,`name`,`time`) VALUES ('DOUBIBOBOLALALA2','456',0,0,'华中农业大学','2016-12-05 16:15:15') [ RunTime:0.000668s ]

[ 2016-12-05T16:15:33+08:00 ] ::1 /zky/index.php/Home/Login/do_login
INFO: [ app_begin ] --START--
INFO: Run Behavior\ReadHtmlCache [ RunTime:0.001134s ]
INFO: [ app_begin ] --END-- [ RunTime:0.002341s ]
NOTIC: [8192] mysql_connect(): The mysql extension is deprecated and will be removed in the future: use mysqli or PDO instead D:\wamp\www\zky\ThinkPHP\Library\Think\Db\Driver\Mysql.class.php 第 52 行.
SQL: SHOW COLUMNS FROM `tp_user` [ RunTime:0.007863s ]
SQL: SELECT * FROM `tp_user` WHERE ( username=DOUBIBOBOLALALA2 ) LIMIT 1   [ RunTime:0.000451s ]
ERR: 1054:Champ 'DOUBIBOBOLALALA2' inconnu dans where clause
 [ SQL语句 ] : SELECT * FROM `tp_user` WHERE ( username=DOUBIBOBOLALALA2 ) LIMIT 1  

[ 2016-12-05T16:16:30+08:00 ] ::1 /zky/index.php/Home/Login/do_login
INFO: [ app_begin ] --START--
INFO: Run Behavior\ReadHtmlCache [ RunTime:0.001568s ]
INFO: [ app_begin ] --END-- [ RunTime:0.002717s ]
NOTIC: [8192] mysql_connect(): The mysql extension is deprecated and will be removed in the future: use mysqli or PDO instead D:\wamp\www\zky\ThinkPHP\Library\Think\Db\Driver\Mysql.class.php 第 52 行.
SQL: SHOW COLUMNS FROM `tp_user` [ RunTime:0.008919s ]
SQL: SELECT * FROM `tp_user` WHERE ( username=DOUBIBOBOLALALA2 ) LIMIT 1   [ RunTime:0.000599s ]
ERR: 1054:Champ 'DOUBIBOBOLALALA2' inconnu dans where clause
 [ SQL语句 ] : SELECT * FROM `tp_user` WHERE ( username=DOUBIBOBOLALALA2 ) LIMIT 1  

[ 2016-12-05T16:16:42+08:00 ] ::1 /zky/index.php/Home/Login/do_login
INFO: [ app_begin ] --START--
INFO: Run Behavior\ReadHtmlCache [ RunTime:0.003077s ]
INFO: [ app_begin ] --END-- [ RunTime:0.005141s ]
NOTIC: [8192] mysql_connect(): The mysql extension is deprecated and will be removed in the future: use mysqli or PDO instead D:\wamp\www\zky\ThinkPHP\Library\Think\Db\Driver\Mysql.class.php 第 52 行.
SQL: SHOW COLUMNS FROM `tp_user` [ RunTime:0.010643s ]
SQL: SELECT * FROM `tp_user` WHERE ( username=DOUBIBOBOLALALA2 ) LIMIT 1   [ RunTime:0.000251s ]
ERR: 1054:Champ 'DOUBIBOBOLALALA2' inconnu dans where clause
 [ SQL语句 ] : SELECT * FROM `tp_user` WHERE ( username=DOUBIBOBOLALALA2 ) LIMIT 1  

[ 2016-12-05T16:16:58+08:00 ] ::1 /zky/index.php/Home/Login/do_login
INFO: [ app_begin ] --START--
INFO: Run Behavior\ReadHtmlCache [ RunTime:0.000724s ]
INFO: [ app_begin ] --END-- [ RunTime:0.001647s ]
NOTIC: [8192] mysql_connect(): The mysql extension is deprecated and will be removed in the future: use mysqli or PDO instead D:\wamp\www\zky\ThinkPHP\Library\Think\Db\Driver\Mysql.class.php 第 52 行.
SQL: SHOW COLUMNS FROM `tp_user` [ RunTime:0.006952s ]
SQL: SELECT * FROM `tp_user` WHERE ( username=DOUBIBOBOLALALA2 ) LIMIT 1   [ RunTime:0.000310s ]
ERR: 1054:Champ 'DOUBIBOBOLALALA2' inconnu dans where clause
 [ SQL语句 ] : SELECT * FROM `tp_user` WHERE ( username=DOUBIBOBOLALALA2 ) LIMIT 1  

[ 2016-12-05T16:17:13+08:00 ] ::1 /zky/index.php/Admin/Login/do_login
INFO: [ app_begin ] --START--
INFO: Run Behavior\ReadHtmlCache [ RunTime:0.001364s ]
INFO: [ app_begin ] --END-- [ RunTime:0.002607s ]
NOTIC: [8192] mysql_connect(): The mysql extension is deprecated and will be removed in the future: use mysqli or PDO instead D:\wamp\www\zky\ThinkPHP\Library\Think\Db\Driver\Mysql.class.php 第 52 行.
SQL: SHOW COLUMNS FROM `tp_user` [ RunTime:0.010256s ]
SQL: SELECT COUNT(*) AS tp_count FROM `tp_user` WHERE ( username = 2015317200402 ) LIMIT 1   [ RunTime:0.000807s ]
SQL: SELECT `isTeacher` FROM `tp_user` WHERE ( username = 2015317200402 ) LIMIT 1   [ RunTime:0.000446s ]
SQL: SELECT `password` FROM `tp_user` WHERE ( username = 2015317200402 ) LIMIT 1   [ RunTime:0.000376s ]
SQL: SELECT `name` FROM `tp_user` WHERE ( username = 2015317200402 ) LIMIT 1   [ RunTime:0.000274s ]
SQL: SELECT `id` FROM `tp_user` WHERE ( username = 2015317200402 ) LIMIT 1   [ RunTime:0.000269s ]
SQL: SELECT `username` FROM `tp_user` WHERE ( username = 2015317200402 ) LIMIT 1   [ RunTime:0.000249s ]

[ 2016-12-05T16:18:34+08:00 ] ::1 /zky/index.php/Admin/Inform/do_show
INFO: [ app_begin ] --START--
INFO: Run Behavior\ReadHtmlCache [ RunTime:0.000925s ]
INFO: [ app_begin ] --END-- [ RunTime:0.001629s ]
NOTIC: [8192] mysql_connect(): The mysql extension is deprecated and will be removed in the future: use mysqli or PDO instead D:\wamp\www\zky\ThinkPHP\Library\Think\Db\Driver\Mysql.class.php 第 52 行.
SQL: SHOW COLUMNS FROM `tp_information` [ RunTime:0.006723s ]
SQL: INSERT INTO `tp_information` (`title`,`content`,`date`,`userid`) VALUES ('华中农业大学保卫处','&lt;p style=&quot;text-align: center;&quot;&gt;&lt;img src=&quot;./ueditor/php/upload/image/20161205/1480925901118423.jpg&quot; title=&quot;1480925901118423.jpg&quot; alt=&quot;2.jpg&quot;/&gt;&lt;/p&gt;','2016-12-05',6) [ RunTime:0.000675s ]
INFO: [ app_end ] --START--
INFO: Run Behavior\ShowPageTrace [ RunTime:0.001767s ]
INFO: [ app_end ] --END-- [ RunTime:0.001931s ]

[ 2016-12-05T16:19:02+08:00 ] ::1 /zky/index.php/Admin/File/Css/bootstrap-responsive.css
ERR: 非法操作:css

[ 2016-12-05T16:19:02+08:00 ] ::1 /zky/index.php/Admin/File/Css/bootstrap.css
ERR: 非法操作:css

[ 2016-12-05T16:19:03+08:00 ] ::1 /zky/index.php/Admin/File/Js/ckform.js
ERR: 非法操作:js

[ 2016-12-05T16:19:03+08:00 ] ::1 /zky/index.php/Admin/File/Js/bootstrap.js
ERR: 非法操作:js

[ 2016-12-05T16:19:03+08:00 ] ::1 /zky/index.php/Admin/File/Js/jquery2.sorted.js
ERR: 非法操作:js

[ 2016-12-05T16:19:03+08:00 ] ::1 /zky/index.php/Admin/File/Css/style.css
ERR: 非法操作:css

[ 2016-12-05T16:19:03+08:00 ] ::1 /zky/index.php/Admin/File/Js/common.js
ERR: 非法操作:js

[ 2016-12-05T16:19:03+08:00 ] ::1 /zky/index.php/Admin/File/Js/jquery2.js
ERR: 非法操作:js

[ 2016-12-05T16:19:05+08:00 ] ::1 /zky/index.php/Admin/Message/Css/style.css
ERR: 非法操作:css

[ 2016-12-05T16:19:05+08:00 ] ::1 /zky/index.php/Admin/Message/Js/ckform.js
ERR: 非法操作:js

[ 2016-12-05T16:19:05+08:00 ] ::1 /zky/index.php/Admin/Message/Js/jquery2.js
ERR: 非法操作:js

[ 2016-12-05T16:19:05+08:00 ] ::1 /zky/index.php/Admin/Message/Css/bootstrap.css
ERR: 非法操作:css

[ 2016-12-05T16:19:05+08:00 ] ::1 /zky/index.php/Admin/Message/Css/bootstrap-responsive.css
ERR: 非法操作:css

[ 2016-12-05T16:19:05+08:00 ] ::1 /zky/index.php/Admin/Message/Js/bootstrap.js
ERR: 非法操作:js

[ 2016-12-05T16:19:05+08:00 ] ::1 /zky/index.php/Admin/Message/Js/jquery2.sorted.js
ERR: 非法操作:js

[ 2016-12-05T16:19:05+08:00 ] ::1 /zky/index.php/Admin/Message/Js/common.js
ERR: 非法操作:js

[ 2016-12-05T16:19:07+08:00 ] ::1 /zky/index.php/Admin/Message/Css/style.css
ERR: 非法操作:css

[ 2016-12-05T16:19:07+08:00 ] ::1 /zky/index.php/Admin/Message/Js/common.js
ERR: 非法操作:js

[ 2016-12-05T16:19:07+08:00 ] ::1 /zky/index.php/Admin/Message/Js/ckform.js
ERR: 非法操作:js

[ 2016-12-05T16:19:07+08:00 ] ::1 /zky/index.php/Admin/Message/Js/bootstrap.js
ERR: 非法操作:js

[ 2016-12-05T16:19:07+08:00 ] ::1 /zky/index.php/Admin/Message/Css/bootstrap.css
ERR: 非法操作:css

[ 2016-12-05T16:19:07+08:00 ] ::1 /zky/index.php/Admin/Message/Css/bootstrap-responsive.css
ERR: 非法操作:css

[ 2016-12-05T16:19:07+08:00 ] ::1 /zky/index.php/Admin/Message/Js/jquery2.js
ERR: 非法操作:js

[ 2016-12-05T16:19:07+08:00 ] ::1 /zky/index.php/Admin/Message/Js/jquery2.sorted.js
ERR: 非法操作:js

[ 2016-12-05T16:19:50+08:00 ] ::1 /zky/index.php/Home/Login/do_login
INFO: [ app_begin ] --START--
INFO: Run Behavior\ReadHtmlCache [ RunTime:0.001126s ]
INFO: [ app_begin ] --END-- [ RunTime:0.002723s ]
NOTIC: [8192] mysql_connect(): The mysql extension is deprecated and will be removed in the future: use mysqli or PDO instead D:\wamp\www\zky\ThinkPHP\Library\Think\Db\Driver\Mysql.class.php 第 52 行.
SQL: SHOW COLUMNS FROM `tp_user` [ RunTime:0.010213s ]
SQL: SELECT * FROM `tp_user` WHERE ( username=DOUBIBOBOLALALA2 ) LIMIT 1   [ RunTime:0.000857s ]
ERR: 1054:Champ 'DOUBIBOBOLALALA2' inconnu dans where clause
 [ SQL语句 ] : SELECT * FROM `tp_user` WHERE ( username=DOUBIBOBOLALALA2 ) LIMIT 1  

[ 2016-12-05T16:20:19+08:00 ] ::1 /zky/index.php/Home/Login/do_login
INFO: [ app_begin ] --START--
INFO: Run Behavior\ReadHtmlCache [ RunTime:0.000620s ]
INFO: [ app_begin ] --END-- [ RunTime:0.001220s ]
NOTIC: [8192] mysql_connect(): The mysql extension is deprecated and will be removed in the future: use mysqli or PDO instead D:\wamp\www\zky\ThinkPHP\Library\Think\Db\Driver\Mysql.class.php 第 52 行.
SQL: SHOW COLUMNS FROM `tp_user` [ RunTime:0.009232s ]
SQL: SELECT * FROM `tp_user` WHERE ( username=华中农业大学 ) LIMIT 1   [ RunTime:0.000420s ]
ERR: 1054:Champ '华中农业大学' inconnu dans where clause
 [ SQL语句 ] : SELECT * FROM `tp_user` WHERE ( username=华中农业大学 ) LIMIT 1  

[ 2016-12-05T16:20:20+08:00 ] ::1 /zky/index.php/Home/Login/do_login
INFO: [ app_begin ] --START--
INFO: Run Behavior\ReadHtmlCache [ RunTime:0.001046s ]
INFO: [ app_begin ] --END-- [ RunTime:0.002051s ]
NOTIC: [8192] mysql_connect(): The mysql extension is deprecated and will be removed in the future: use mysqli or PDO instead D:\wamp\www\zky\ThinkPHP\Library\Think\Db\Driver\Mysql.class.php 第 52 行.
SQL: SHOW COLUMNS FROM `tp_user` [ RunTime:0.010000s ]
SQL: SELECT * FROM `tp_user` WHERE ( username=华中农业大学 ) LIMIT 1   [ RunTime:0.000247s ]
ERR: 1054:Champ '华中农业大学' inconnu dans where clause
 [ SQL语句 ] : SELECT * FROM `tp_user` WHERE ( username=华中农业大学 ) LIMIT 1  

[ 2016-12-05T16:20:29+08:00 ] ::1 /zky/index.php/Home/Login/do_login
INFO: [ app_begin ] --START--
INFO: Run Behavior\ReadHtmlCache [ RunTime:0.000930s ]
INFO: [ app_begin ] --END-- [ RunTime:0.001413s ]
NOTIC: [8192] mysql_connect(): The mysql extension is deprecated and will be removed in the future: use mysqli or PDO instead D:\wamp\www\zky\ThinkPHP\Library\Think\Db\Driver\Mysql.class.php 第 52 行.
SQL: SHOW COLUMNS FROM `tp_user` [ RunTime:0.052915s ]
SQL: SELECT * FROM `tp_user` WHERE ( username=华中农业大学 ) LIMIT 1   [ RunTime:0.000546s ]
ERR: 1054:Champ '华中农业大学' inconnu dans where clause
 [ SQL语句 ] : SELECT * FROM `tp_user` WHERE ( username=华中农业大学 ) LIMIT 1  

[ 2016-12-05T16:20:29+08:00 ] ::1 /zky/index.php/Home/Login/do_login
INFO: [ app_begin ] --START--
INFO: Run Behavior\ReadHtmlCache [ RunTime:0.000868s ]
INFO: [ app_begin ] --END-- [ RunTime:0.001381s ]
NOTIC: [8192] mysql_connect(): The mysql extension is deprecated and will be removed in the future: use mysqli or PDO instead D:\wamp\www\zky\ThinkPHP\Library\Think\Db\Driver\Mysql.class.php 第 52 行.
SQL: SHOW COLUMNS FROM `tp_user` [ RunTime:0.023513s ]
SQL: SELECT * FROM `tp_user` WHERE ( username=华中农业大学 ) LIMIT 1   [ RunTime:0.000315s ]
ERR: 1054:Champ '华中农业大学' inconnu dans where clause
 [ SQL语句 ] : SELECT * FROM `tp_user` WHERE ( username=华中农业大学 ) LIMIT 1  

[ 2016-12-05T16:25:48+08:00 ] ::1 /zky/index.php/Admin/Inform/do_show
INFO: [ app_begin ] --START--
INFO: Run Behavior\ReadHtmlCache [ RunTime:0.000812s ]
INFO: [ app_begin ] --END-- [ RunTime:0.001389s ]
NOTIC: [8192] mysql_connect(): The mysql extension is deprecated and will be removed in the future: use mysqli or PDO instead D:\wamp\www\zky\ThinkPHP\Library\Think\Db\Driver\Mysql.class.php 第 52 行.
SQL: SHOW COLUMNS FROM `tp_information` [ RunTime:0.088702s ]
SQL: INSERT INTO `tp_information` (`title`,`content`,`date`,`userid`) VALUES ('插件的使用','&lt;p style=&quot;text-align: center;&quot;&gt;&lt;span style=&quot;text-decoration: underline;&quot;&gt;&lt;em&gt;&lt;strong&gt;&lt;span style=&quot;text-decoration: underline; font-size: 18px;&quot;&gt;这里显示的是插件的使用方法&lt;/span&gt;&lt;/strong&gt;&lt;/em&gt;&lt;/span&gt;&lt;/p&gt;&lt;p&gt;&lt;span style=&quot;text-decoration: underline;&quot;&gt;&lt;em&gt;&lt;strong&gt;&lt;span style=&quot;text-decoration: underline; font-size: 18px;&quot;&gt;&lt;br/&gt;&lt;/span&gt;&lt;/strong&gt;&lt;/em&gt;&lt;/span&gt;&lt;/p&gt;&lt;p style=&quot;text-align: center;&quot;&gt;&lt;span style=&quot;text-decoration: underline;&quot;&gt;&lt;em&gt;&lt;strong&gt;&lt;span style=&quot;text-decoration: underline; font-size: 18px;&quot;&gt;&lt;/span&gt;&lt;/strong&gt;&lt;/em&gt;&lt;/span&gt;&lt;/p&gt;&lt;p style=&quot;line-height: 16px; text-align: center;&quot;&gt;&lt;img style=&quot;vertical-align: middle; margin-right: 2px;&quot; src=&quot;http://localhost/zky/Uploads/Ueditor/dialogs/attachment/fileTypeImages/icon_doc.gif&quot;/&gt;&lt;a style=&quot;font-size:12px; color:#0066cc;&quot; href=&quot;/ueditor/php/upload/file/20161205/1480926265657353.doc&quot; title=&quot;C语言程序设计习题集及答案.doc&quot;&gt;C语言程序设计习题集及答案.doc&lt;/a&gt;&lt;/p&gt;&lt;p style=&quot;line-height: 16px; text-align: center;&quot;&gt;&lt;img src=&quot;./ueditor/php/upload/image/20161205/1480926285885594.jpg&quot; title=&quot;1480926285885594.jpg&quot; alt=&quot;0ff41bd5ad6eddc40bf0f61b3fdbb6fd5266333e.jpg&quot;/&gt;&lt;/p&gt;&lt;p style=&quot;text-align: center;&quot;&gt;&lt;span style=&quot;text-decoration: underline;&quot;&gt;&lt;em&gt;&lt;strong&gt;&lt;span style=&quot;text-decoration: underline; font-size: 18px;&quot;&gt;&lt;/span&gt;&lt;/strong&gt;&lt;/em&gt;&lt;/span&gt;&lt;br/&gt;&lt;/p&gt;','2016-12-05',6) [ RunTime:0.000727s ]
INFO: [ app_end ] --START--
INFO: Run Behavior\ShowPageTrace [ RunTime:0.001215s ]
INFO: [ app_end ] --END-- [ RunTime:0.001373s ]

[ 2016-12-05T16:41:13+08:00 ] ::1 /zky/index.php/Home/Register/do_register
INFO: [ app_begin ] --START--
INFO: Run Behavior\ReadHtmlCache [ RunTime:0.001337s ]
INFO: [ app_begin ] --END-- [ RunTime:0.002073s ]
NOTIC: [8192] mysql_connect(): The mysql extension is deprecated and will be removed in the future: use mysqli or PDO instead D:\wamp\www\zky\ThinkPHP\Library\Think\Db\Driver\Mysql.class.php 第 52 行.
SQL: SHOW COLUMNS FROM `tp_user` [ RunTime:0.009534s ]
SQL: SELECT COUNT(*) AS tp_count FROM `tp_user` WHERE ( `username` = 'zhu' ) AND ( `isTeacher` = 0 ) LIMIT 1   [ RunTime:0.000493s ]

[ 2016-12-05T16:41:26+08:00 ] ::1 /zky/index.php/Home/Register/do_register
INFO: [ app_begin ] --START--
INFO: Run Behavior\ReadHtmlCache [ RunTime:0.002412s ]
INFO: [ app_begin ] --END-- [ RunTime:0.004829s ]
NOTIC: [8192] mysql_connect(): The mysql extension is deprecated and will be removed in the future: use mysqli or PDO instead D:\wamp\www\zky\ThinkPHP\Library\Think\Db\Driver\Mysql.class.php 第 52 行.
SQL: SHOW COLUMNS FROM `tp_user` [ RunTime:0.010217s ]

[ 2016-12-05T16:41:40+08:00 ] ::1 /zky/index.php/Home/Register/do_register
INFO: [ app_begin ] --START--
INFO: Run Behavior\ReadHtmlCache [ RunTime:0.000926s ]
INFO: [ app_begin ] --END-- [ RunTime:0.001581s ]
NOTIC: [8192] mysql_connect(): The mysql extension is deprecated and will be removed in the future: use mysqli or PDO instead D:\wamp\www\zky\ThinkPHP\Library\Think\Db\Driver\Mysql.class.php 第 52 行.
SQL: SHOW COLUMNS FROM `tp_user` [ RunTime:0.010464s ]

[ 2016-12-05T16:41:42+08:00 ] ::1 /zky/index.php/Home/Register/do_register
INFO: [ app_begin ] --START--
INFO: Run Behavior\ReadHtmlCache [ RunTime:0.000931s ]
INFO: [ app_begin ] --END-- [ RunTime:0.001710s ]
NOTIC: [8192] mysql_connect(): The mysql extension is deprecated and will be removed in the future: use mysqli or PDO instead D:\wamp\www\zky\ThinkPHP\Library\Think\Db\Driver\Mysql.class.php 第 52 行.
SQL: SHOW COLUMNS FROM `tp_user` [ RunTime:0.006746s ]

[ 2016-12-05T16:41:58+08:00 ] ::1 /zky/index.php/Home/Register/do_register
INFO: [ app_begin ] --START--
INFO: Run Behavior\ReadHtmlCache [ RunTime:0.001342s ]
INFO: [ app_begin ] --END-- [ RunTime:0.002035s ]
NOTIC: [8192] mysql_connect(): The mysql extension is deprecated and will be removed in the future: use mysqli or PDO instead D:\wamp\www\zky\ThinkPHP\Library\Think\Db\Driver\Mysql.class.php 第 52 行.
SQL: SHOW COLUMNS FROM `tp_user` [ RunTime:0.010379s ]
SQL: SELECT COUNT(*) AS tp_count FROM `tp_user` WHERE ( `username` = 'bobobobob' ) AND ( `isTeacher` = 0 ) LIMIT 1   [ RunTime:0.000492s ]
SQL: INSERT INTO `tp_user` (`username`,`password`,`isTeacher`,`say`,`name`,`time`) VALUES ('bobobobob','789',0,0,'波波','2016-12-05 16:41:58') [ RunTime:0.000468s ]

[ 2016-12-05T16:42:23+08:00 ] ::1 /zky/index.php/Home/Login/do_login
INFO: [ app_begin ] --START--
INFO: Run Behavior\ReadHtmlCache [ RunTime:0.002011s ]
INFO: [ app_begin ] --END-- [ RunTime:0.004689s ]
NOTIC: [8192] mysql_connect(): The mysql extension is deprecated and will be removed in the future: use mysqli or PDO instead D:\wamp\www\zky\ThinkPHP\Library\Think\Db\Driver\Mysql.class.php 第 52 行.
SQL: SHOW COLUMNS FROM `tp_user` [ RunTime:0.010580s ]
SQL: SELECT * FROM `tp_user` WHERE ( username=bobobobob ) LIMIT 1   [ RunTime:0.000492s ]
ERR: 1054:Champ 'bobobobob' inconnu dans where clause
 [ SQL语句 ] : SELECT * FROM `tp_user` WHERE ( username=bobobobob ) LIMIT 1  

[ 2016-12-05T16:42:33+08:00 ] ::1 /zky/index.php/Home/Login/do_login
INFO: [ app_begin ] --START--
INFO: Run Behavior\ReadHtmlCache [ RunTime:0.000937s ]
INFO: [ app_begin ] --END-- [ RunTime:0.001661s ]
NOTIC: [8192] mysql_connect(): The mysql extension is deprecated and will be removed in the future: use mysqli or PDO instead D:\wamp\www\zky\ThinkPHP\Library\Think\Db\Driver\Mysql.class.php 第 52 行.
SQL: SHOW COLUMNS FROM `tp_user` [ RunTime:0.011191s ]
SQL: SELECT * FROM `tp_user` WHERE ( username=bobobobob ) LIMIT 1   [ RunTime:0.000348s ]
ERR: 1054:Champ 'bobobobob' inconnu dans where clause
 [ SQL语句 ] : SELECT * FROM `tp_user` WHERE ( username=bobobobob ) LIMIT 1  

[ 2016-12-05T16:49:33+08:00 ] ::1 /zky/index.php/Home/Login/do_login
INFO: [ app_begin ] --START--
INFO: Run Behavior\ReadHtmlCache [ RunTime:0.001372s ]
INFO: [ app_begin ] --END-- [ RunTime:0.002511s ]
NOTIC: [8192] mysql_connect(): The mysql extension is deprecated and will be removed in the future: use mysqli or PDO instead D:\wamp\www\zky\ThinkPHP\Library\Think\Db\Driver\Mysql.class.php 第 52 行.
SQL: SHOW COLUMNS FROM `tp_user` [ RunTime:0.006188s ]
SQL: SELECT * FROM `tp_user` WHERE ( username=2015317200402 ) LIMIT 1   [ RunTime:0.000411s ]
SQL: SELECT `password` FROM `tp_user` WHERE ( username = 2015317200402 ) LIMIT 1   [ RunTime:0.000299s ]
SQL: SELECT `name` FROM `tp_user` WHERE ( username = 2015317200402 ) LIMIT 1   [ RunTime:0.000281s ]
SQL: SELECT `id` FROM `tp_user` WHERE ( username = 2015317200402 ) LIMIT 1   [ RunTime:0.000283s ]
SQL: SELECT `say` FROM `tp_user` WHERE ( username = 2015317200402 ) LIMIT 1   [ RunTime:0.000323s ]

[ 2016-12-05T16:55:03+08:00 ] ::1 /zky/index.php/Admin/Login/do_login
INFO: [ app_begin ] --START--
INFO: Run Behavior\ReadHtmlCache [ RunTime:0.001504s ]
INFO: [ app_begin ] --END-- [ RunTime:0.003212s ]
NOTIC: [8192] mysql_connect(): The mysql extension is deprecated and will be removed in the future: use mysqli or PDO instead D:\wamp\www\zky\ThinkPHP\Library\Think\Db\Driver\Mysql.class.php 第 52 行.
SQL: SHOW COLUMNS FROM `tp_user` [ RunTime:0.008444s ]
SQL: SELECT COUNT(*) AS tp_count FROM `tp_user` WHERE ( username = 2015317200402 ) LIMIT 1   [ RunTime:0.000423s ]
SQL: SELECT `isTeacher` FROM `tp_user` WHERE ( username = 2015317200402 ) LIMIT 1   [ RunTime:0.000299s ]
SQL: SELECT `password` FROM `tp_user` WHERE ( username = 2015317200402 ) LIMIT 1   [ RunTime:0.000302s ]
SQL: SELECT `name` FROM `tp_user` WHERE ( username = 2015317200402 ) LIMIT 1   [ RunTime:0.000297s ]
SQL: SELECT `id` FROM `tp_user` WHERE ( username = 2015317200402 ) LIMIT 1   [ RunTime:0.000273s ]
SQL: SELECT `username` FROM `tp_user` WHERE ( username = 2015317200402 ) LIMIT 1   [ RunTime:0.000516s ]

[ 2016-12-05T17:03:34+08:00 ] ::1 /zky/index.php/Admin/Login/do_login
INFO: [ app_begin ] --START--
INFO: Run Behavior\ReadHtmlCache [ RunTime:0.001407s ]
INFO: [ app_begin ] --END-- [ RunTime:0.003057s ]
NOTIC: [8192] mysql_connect(): The mysql extension is deprecated and will be removed in the future: use mysqli or PDO instead D:\wamp\www\zky\ThinkPHP\Library\Think\Db\Driver\Mysql.class.php 第 52 行.
SQL: SHOW COLUMNS FROM `tp_user` [ RunTime:0.011585s ]
SQL: SELECT COUNT(*) AS tp_count FROM `tp_user` WHERE ( username = 2015317200402 ) LIMIT 1   [ RunTime:0.000375s ]
SQL: SELECT `isTeacher` FROM `tp_user` WHERE ( username = 2015317200402 ) LIMIT 1   [ RunTime:0.000226s ]
SQL: SELECT `password` FROM `tp_user` WHERE ( username = 2015317200402 ) LIMIT 1   [ RunTime:0.000192s ]
SQL: SELECT `name` FROM `tp_user` WHERE ( username = 2015317200402 ) LIMIT 1   [ RunTime:0.000215s ]
SQL: SELECT `id` FROM `tp_user` WHERE ( username = 2015317200402 ) LIMIT 1   [ RunTime:0.000174s ]
SQL: SELECT `username` FROM `tp_user` WHERE ( username = 2015317200402 ) LIMIT 1   [ RunTime:0.000173s ]

[ 2016-12-05T17:07:08+08:00 ] ::1 /zky/index.php/Admin/Index/index_link
ERR: Think\Model:findField方法不存在！

[ 2016-12-05T17:07:27+08:00 ] ::1 /zky/index.php/Admin/Index/index_link
ERR: Think\Model:findFeild方法不存在！

[ 2016-12-05T17:07:27+08:00 ] ::1 /zky/index.php/Admin/Index/index_link
ERR: Think\Model:findFeild方法不存在！

[ 2016-12-05T17:24:22+08:00 ] ::1 /zky/index.php/Admin/Message/Css/bootstrap.css
ERR: 非法操作:css

[ 2016-12-05T17:24:22+08:00 ] ::1 /zky/index.php/Admin/Message/Css/bootstrap-responsive.css
ERR: 非法操作:css

[ 2016-12-05T17:24:22+08:00 ] ::1 /zky/index.php/Admin/Message/Css/style.css
ERR: 非法操作:css

[ 2016-12-05T17:24:22+08:00 ] ::1 /zky/index.php/Admin/Message/Js/jquery2.js
ERR: 非法操作:js

[ 2016-12-05T17:24:22+08:00 ] ::1 /zky/index.php/Admin/Message/Js/bootstrap.js
ERR: 非法操作:js

[ 2016-12-05T17:24:22+08:00 ] ::1 /zky/index.php/Admin/Message/Js/jquery2.sorted.js
ERR: 非法操作:js

[ 2016-12-05T17:24:22+08:00 ] ::1 /zky/index.php/Admin/Message/Js/common.js
ERR: 非法操作:js

[ 2016-12-05T17:24:22+08:00 ] ::1 /zky/index.php/Admin/Message/Js/ckform.js
ERR: 非法操作:js

[ 2016-12-05T17:24:27+08:00 ] ::1 /zky/index.php/Admin/Message/Css/bootstrap-responsive.css
ERR: 非法操作:css

[ 2016-12-05T17:24:27+08:00 ] ::1 /zky/index.php/Admin/Message/Js/ckform.js
ERR: 非法操作:js

[ 2016-12-05T17:24:27+08:00 ] ::1 /zky/index.php/Admin/Message/Css/style.css
ERR: 非法操作:css

[ 2016-12-05T17:24:27+08:00 ] ::1 /zky/index.php/Admin/Message/Js/bootstrap.js
ERR: 非法操作:js

[ 2016-12-05T17:24:27+08:00 ] ::1 /zky/index.php/Admin/Message/Js/jquery2.sorted.js
ERR: 非法操作:js

[ 2016-12-05T17:24:27+08:00 ] ::1 /zky/index.php/Admin/Message/Js/common.js
ERR: 非法操作:js

[ 2016-12-05T17:24:27+08:00 ] ::1 /zky/index.php/Admin/Message/Css/bootstrap.css
ERR: 非法操作:css

[ 2016-12-05T17:24:27+08:00 ] ::1 /zky/index.php/Admin/Message/Js/jquery2.js
ERR: 非法操作:js

[ 2016-12-05T17:24:37+08:00 ] ::1 /zky/index.php/Admin/File/Css/bootstrap-responsive.css
ERR: 非法操作:css

[ 2016-12-05T17:24:37+08:00 ] ::1 /zky/index.php/Admin/File/Js/common.js
ERR: 非法操作:js

[ 2016-12-05T17:24:37+08:00 ] ::1 /zky/index.php/Admin/File/Js/ckform.js
ERR: 非法操作:js

[ 2016-12-05T17:24:37+08:00 ] ::1 /zky/index.php/Admin/File/Css/bootstrap.css
ERR: 非法操作:css

[ 2016-12-05T17:24:37+08:00 ] ::1 /zky/index.php/Admin/File/Js/jquery2.js
ERR: 非法操作:js

[ 2016-12-05T17:24:37+08:00 ] ::1 /zky/index.php/Admin/File/Js/bootstrap.js
ERR: 非法操作:js

[ 2016-12-05T17:24:37+08:00 ] ::1 /zky/index.php/Admin/File/Js/jquery2.sorted.js
ERR: 非法操作:js

[ 2016-12-05T17:24:37+08:00 ] ::1 /zky/index.php/Admin/File/Css/style.css
ERR: 非法操作:css

[ 2016-12-05T17:24:38+08:00 ] ::1 /zky/index.php/Admin/Regulation/Js/jquery2.js
ERR: 非法操作:js

[ 2016-12-05T17:24:38+08:00 ] ::1 /zky/index.php/Admin/Regulation/Js/ckform.js
ERR: 非法操作:js

[ 2016-12-05T17:24:39+08:00 ] ::1 /zky/index.php/Admin/Regulation/Css/bootstrap-responsive.css
ERR: 非法操作:css

[ 2016-12-05T17:24:39+08:00 ] ::1 /zky/index.php/Admin/Regulation/Js/common.js
ERR: 非法操作:js

[ 2016-12-05T17:24:39+08:00 ] ::1 /zky/index.php/Admin/Regulation/Js/jquery2.sorted.js
ERR: 非法操作:js

[ 2016-12-05T17:24:39+08:00 ] ::1 /zky/index.php/Admin/Regulation/Css/style.css
ERR: 非法操作:css

[ 2016-12-05T17:24:39+08:00 ] ::1 /zky/index.php/Admin/Regulation/Css/bootstrap.css
ERR: 非法操作:css

[ 2016-12-05T17:24:39+08:00 ] ::1 /zky/index.php/Admin/Regulation/Js/bootstrap.js
ERR: 非法操作:js

[ 2016-12-05T17:33:08+08:00 ] ::1 /zky/index.php/Admin/Index/index_admin
ERR: 非法操作:index_admin

[ 2016-12-05T17:33:09+08:00 ] ::1 /zky/index.php/Admin/Index/index_admin
ERR: 非法操作:index_admin

