[ 2016-10-31T06:41:45+08:00 ] ::1 /zky/index.php/Admin/Index/main
INFO: [ app_begin ] --START--
INFO: Run Behavior\ReadHtmlCache [ RunTime:0.000549s ]
INFO: [ app_begin ] --END-- [ RunTime:0.001102s ]

[ 2016-10-31T06:41:45+08:00 ] ::1 /zky/index.php/Admin/Login/index.html
INFO: [ app_begin ] --START--
INFO: Run Behavior\ReadHtmlCache [ RunTime:0.000879s ]
INFO: [ app_begin ] --END-- [ RunTime:0.001755s ]
INFO: [ view_parse ] --START--
INFO: [ template_filter ] --START--
INFO: Run Behavior\ContentReplace [ RunTime:0.000095s ]
INFO: [ template_filter ] --END-- [ RunTime:0.000264s ]
INFO: Run Behavior\ParseTemplate [ RunTime:0.022409s ]
INFO: [ view_parse ] --END-- [ RunTime:0.022606s ]
INFO: [ view_filter ] --START--
INFO: Run Behavior\WriteHtmlCache [ RunTime:0.000355s ]
INFO: [ view_filter ] --END-- [ RunTime:0.000510s ]
INFO: [ app_end ] --START--
INFO: Run Behavior\ShowPageTrace [ RunTime:0.000548s ]
INFO: [ app_end ] --END-- [ RunTime:0.000704s ]

[ 2016-10-31T06:41:47+08:00 ] ::1 /zky/index.php/Admin/Index/main
INFO: [ app_begin ] --START--
INFO: Run Behavior\ReadHtmlCache [ RunTime:0.000774s ]
INFO: [ app_begin ] --END-- [ RunTime:0.003042s ]

[ 2016-10-31T06:41:47+08:00 ] ::1 /zky/index.php/Admin/Login/index.html
INFO: [ app_begin ] --START--
INFO: Run Behavior\ReadHtmlCache [ RunTime:0.000489s ]
INFO: [ app_begin ] --END-- [ RunTime:0.000967s ]
INFO: [ view_parse ] --START--
INFO: [ template_filter ] --START--
INFO: Run Behavior\ContentReplace [ RunTime:0.000079s ]
INFO: [ template_filter ] --END-- [ RunTime:0.000223s ]
INFO: Run Behavior\ParseTemplate [ RunTime:0.006738s ]
INFO: [ view_parse ] --END-- [ RunTime:0.006958s ]
INFO: [ view_filter ] --START--
INFO: Run Behavior\WriteHtmlCache [ RunTime:0.000467s ]
INFO: [ view_filter ] --END-- [ RunTime:0.000703s ]
INFO: [ app_end ] --START--
INFO: Run Behavior\ShowPageTrace [ RunTime:0.000741s ]
INFO: [ app_end ] --END-- [ RunTime:0.000973s ]

[ 2016-10-31T06:43:43+08:00 ] ::1 /zky/index.php/Admin/Index/main
INFO: [ app_begin ] --START--
INFO: Run Behavior\ReadHtmlCache [ RunTime:0.001113s ]
INFO: [ app_begin ] --END-- [ RunTime:0.002066s ]

[ 2016-10-31T06:43:43+08:00 ] ::1 /zky/index.php/Admin/Login/index.html
INFO: [ app_begin ] --START--
INFO: Run Behavior\ReadHtmlCache [ RunTime:0.000746s ]
INFO: [ app_begin ] --END-- [ RunTime:0.001514s ]
INFO: [ view_parse ] --START--
INFO: [ template_filter ] --START--
INFO: Run Behavior\ContentReplace [ RunTime:0.000090s ]
INFO: [ template_filter ] --END-- [ RunTime:0.000253s ]
INFO: Run Behavior\ParseTemplate [ RunTime:0.011626s ]
INFO: [ view_parse ] --END-- [ RunTime:0.011866s ]
INFO: [ view_filter ] --START--
INFO: Run Behavior\WriteHtmlCache [ RunTime:0.000414s ]
INFO: [ view_filter ] --END-- [ RunTime:0.000540s ]
INFO: [ app_end ] --START--
INFO: Run Behavior\ShowPageTrace [ RunTime:0.000566s ]
INFO: [ app_end ] --END-- [ RunTime:0.000691s ]

[ 2016-10-31T06:43:44+08:00 ] ::1 /zky/index.php/Admin/Index/main
INFO: [ app_begin ] --START--
INFO: Run Behavior\ReadHtmlCache [ RunTime:0.000935s ]
INFO: [ app_begin ] --END-- [ RunTime:0.001866s ]

[ 2016-10-31T06:43:44+08:00 ] ::1 /zky/index.php/Admin/Index/main
INFO: [ app_begin ] --START--
INFO: Run Behavior\ReadHtmlCache [ RunTime:0.000662s ]
INFO: [ app_begin ] --END-- [ RunTime:0.001267s ]

[ 2016-10-31T06:43:44+08:00 ] ::1 /zky/index.php/Admin/Login/index.html
INFO: [ app_begin ] --START--
INFO: Run Behavior\ReadHtmlCache [ RunTime:0.000841s ]
INFO: [ app_begin ] --END-- [ RunTime:0.001663s ]
INFO: [ view_parse ] --START--
INFO: [ template_filter ] --START--
INFO: Run Behavior\ContentReplace [ RunTime:0.000138s ]
INFO: [ template_filter ] --END-- [ RunTime:0.000408s ]
INFO: Run Behavior\ParseTemplate [ RunTime:0.009640s ]
INFO: [ view_parse ] --END-- [ RunTime:0.009950s ]
INFO: [ view_filter ] --START--
INFO: Run Behavior\WriteHtmlCache [ RunTime:0.000462s ]
INFO: [ view_filter ] --END-- [ RunTime:0.000686s ]
INFO: [ app_end ] --START--
INFO: Run Behavior\ShowPageTrace [ RunTime:0.001056s ]
INFO: [ app_end ] --END-- [ RunTime:0.001323s ]

[ 2016-10-31T06:43:44+08:00 ] ::1 /zky/index.php/Admin/Login/index.html
INFO: [ app_begin ] --START--
INFO: Run Behavior\ReadHtmlCache [ RunTime:0.000498s ]
INFO: [ app_begin ] --END-- [ RunTime:0.000986s ]
INFO: [ view_parse ] --START--
INFO: [ template_filter ] --START--
INFO: Run Behavior\ContentReplace [ RunTime:0.000147s ]
INFO: [ template_filter ] --END-- [ RunTime:0.000421s ]
INFO: Run Behavior\ParseTemplate [ RunTime:0.012317s ]
INFO: [ view_parse ] --END-- [ RunTime:0.012632s ]
INFO: [ view_filter ] --START--
INFO: Run Behavior\WriteHtmlCache [ RunTime:0.000778s ]
INFO: [ view_filter ] --END-- [ RunTime:0.001039s ]
INFO: [ app_end ] --START--
INFO: Run Behavior\ShowPageTrace [ RunTime:0.001083s ]
INFO: [ app_end ] --END-- [ RunTime:0.001369s ]

[ 2016-10-31T06:43:45+08:00 ] ::1 /zky/index.php/Admin/Index/main
INFO: [ app_begin ] --START--
INFO: Run Behavior\ReadHtmlCache [ RunTime:0.000749s ]
INFO: [ app_begin ] --END-- [ RunTime:0.001562s ]

[ 2016-10-31T06:43:45+08:00 ] ::1 /zky/index.php/Admin/Index/main
INFO: [ app_begin ] --START--
INFO: Run Behavior\ReadHtmlCache [ RunTime:0.001501s ]
INFO: [ app_begin ] --END-- [ RunTime:0.002659s ]

[ 2016-10-31T06:43:45+08:00 ] ::1 /zky/index.php/Admin/Login/index.html
INFO: [ app_begin ] --START--
INFO: Run Behavior\ReadHtmlCache [ RunTime:0.000739s ]
INFO: [ app_begin ] --END-- [ RunTime:0.001459s ]
INFO: [ view_parse ] --START--
INFO: [ template_filter ] --START--
INFO: Run Behavior\ContentReplace [ RunTime:0.000208s ]
INFO: [ template_filter ] --END-- [ RunTime:0.000572s ]
INFO: Run Behavior\ParseTemplate [ RunTime:0.008108s ]
INFO: [ view_parse ] --END-- [ RunTime:0.008376s ]
INFO: [ view_filter ] --START--
INFO: Run Behavior\WriteHtmlCache [ RunTime:0.000324s ]
INFO: [ view_filter ] --END-- [ RunTime:0.000494s ]
INFO: [ app_end ] --START--
INFO: Run Behavior\ShowPageTrace [ RunTime:0.000527s ]
INFO: [ app_end ] --END-- [ RunTime:0.000702s ]

[ 2016-10-31T06:43:45+08:00 ] ::1 /zky/index.php/Admin/Login/index.html
INFO: [ app_begin ] --START--
INFO: Run Behavior\ReadHtmlCache [ RunTime:0.001042s ]
INFO: [ app_begin ] --END-- [ RunTime:0.001763s ]
INFO: [ view_parse ] --START--
INFO: [ template_filter ] --START--
INFO: Run Behavior\ContentReplace [ RunTime:0.000087s ]
INFO: [ template_filter ] --END-- [ RunTime:0.000243s ]
INFO: Run Behavior\ParseTemplate [ RunTime:0.007578s ]
INFO: [ view_parse ] --END-- [ RunTime:0.007848s ]
INFO: [ view_filter ] --START--
INFO: Run Behavior\WriteHtmlCache [ RunTime:0.000368s ]
INFO: [ view_filter ] --END-- [ RunTime:0.000504s ]
INFO: [ app_end ] --START--
INFO: Run Behavior\ShowPageTrace [ RunTime:0.000606s ]
INFO: [ app_end ] --END-- [ RunTime:0.000787s ]

[ 2016-10-31T06:43:45+08:00 ] ::1 /zky/index.php/Admin/Index/main
INFO: [ app_begin ] --START--
INFO: Run Behavior\ReadHtmlCache [ RunTime:0.000763s ]
INFO: [ app_begin ] --END-- [ RunTime:0.001662s ]

[ 2016-10-31T06:43:45+08:00 ] ::1 /zky/index.php/Admin/Login/index.html
INFO: [ app_begin ] --START--
INFO: Run Behavior\ReadHtmlCache [ RunTime:0.000554s ]
INFO: [ app_begin ] --END-- [ RunTime:0.001061s ]
INFO: [ view_parse ] --START--
INFO: [ template_filter ] --START--
INFO: Run Behavior\ContentReplace [ RunTime:0.000183s ]
INFO: [ template_filter ] --END-- [ RunTime:0.000668s ]
INFO: Run Behavior\ParseTemplate [ RunTime:0.008068s ]
INFO: [ view_parse ] --END-- [ RunTime:0.008314s ]
INFO: [ view_filter ] --START--
INFO: Run Behavior\WriteHtmlCache [ RunTime:0.000528s ]
INFO: [ view_filter ] --END-- [ RunTime:0.000801s ]
INFO: [ app_end ] --START--
INFO: Run Behavior\ShowPageTrace [ RunTime:0.000818s ]
INFO: [ app_end ] --END-- [ RunTime:0.001103s ]

[ 2016-10-31T06:43:46+08:00 ] ::1 /zky/index.php/Admin/Index/main
INFO: [ app_begin ] --START--
INFO: Run Behavior\ReadHtmlCache [ RunTime:0.000828s ]
INFO: [ app_begin ] --END-- [ RunTime:0.001700s ]

[ 2016-10-31T06:43:46+08:00 ] ::1 /zky/index.php/Admin/Login/index.html
INFO: [ app_begin ] --START--
INFO: Run Behavior\ReadHtmlCache [ RunTime:0.000770s ]
INFO: [ app_begin ] --END-- [ RunTime:0.001492s ]
INFO: [ view_parse ] --START--
INFO: [ template_filter ] --START--
INFO: Run Behavior\ContentReplace [ RunTime:0.000126s ]
INFO: [ template_filter ] --END-- [ RunTime:0.000361s ]
INFO: Run Behavior\ParseTemplate [ RunTime:0.010122s ]
INFO: [ view_parse ] --END-- [ RunTime:0.010378s ]
INFO: [ view_filter ] --START--
INFO: Run Behavior\WriteHtmlCache [ RunTime:0.000756s ]
INFO: [ view_filter ] --END-- [ RunTime:0.001142s ]
INFO: [ app_end ] --START--
INFO: Run Behavior\ShowPageTrace [ RunTime:0.001284s ]
INFO: [ app_end ] --END-- [ RunTime:0.001604s ]

[ 2016-10-31T06:43:47+08:00 ] ::1 /zky/index.php/Admin/Index/main
INFO: [ app_begin ] --START--
INFO: Run Behavior\ReadHtmlCache [ RunTime:0.001537s ]
INFO: [ app_begin ] --END-- [ RunTime:0.003032s ]

[ 2016-10-31T06:43:47+08:00 ] ::1 /zky/index.php/Admin/Login/index.html
INFO: [ app_begin ] --START--
INFO: Run Behavior\ReadHtmlCache [ RunTime:0.000947s ]
INFO: [ app_begin ] --END-- [ RunTime:0.001837s ]
INFO: [ view_parse ] --START--
INFO: [ template_filter ] --START--
INFO: Run Behavior\ContentReplace [ RunTime:0.000136s ]
INFO: [ template_filter ] --END-- [ RunTime:0.000388s ]
INFO: Run Behavior\ParseTemplate [ RunTime:0.009116s ]
INFO: [ view_parse ] --END-- [ RunTime:0.009471s ]
INFO: [ view_filter ] --START--
INFO: Run Behavior\WriteHtmlCache [ RunTime:0.000446s ]
INFO: [ view_filter ] --END-- [ RunTime:0.000672s ]
INFO: [ app_end ] --START--
INFO: Run Behavior\ShowPageTrace [ RunTime:0.000748s ]
INFO: [ app_end ] --END-- [ RunTime:0.000988s ]

[ 2016-10-31T06:43:47+08:00 ] ::1 /zky/index.php/Admin/Index/main
INFO: [ app_begin ] --START--
INFO: Run Behavior\ReadHtmlCache [ RunTime:0.000854s ]
INFO: [ app_begin ] --END-- [ RunTime:0.001669s ]

[ 2016-10-31T06:43:47+08:00 ] ::1 /zky/index.php/Admin/Login/index.html
INFO: [ app_begin ] --START--
INFO: Run Behavior\ReadHtmlCache [ RunTime:0.000855s ]
INFO: [ app_begin ] --END-- [ RunTime:0.001817s ]
INFO: [ view_parse ] --START--
INFO: [ template_filter ] --START--
INFO: Run Behavior\ContentReplace [ RunTime:0.000136s ]
INFO: [ template_filter ] --END-- [ RunTime:0.000416s ]
INFO: Run Behavior\ParseTemplate [ RunTime:0.009839s ]
INFO: [ view_parse ] --END-- [ RunTime:0.010084s ]
INFO: [ view_filter ] --START--
INFO: Run Behavior\WriteHtmlCache [ RunTime:0.000457s ]
INFO: [ view_filter ] --END-- [ RunTime:0.000663s ]
INFO: [ app_end ] --START--
INFO: Run Behavior\ShowPageTrace [ RunTime:0.000760s ]
INFO: [ app_end ] --END-- [ RunTime:0.000981s ]

[ 2016-10-31T06:47:27+08:00 ] ::1 /zky/index.php/Home/Login/do_login
INFO: [ app_begin ] --START--
INFO: Run Behavior\ReadHtmlCache [ RunTime:0.000973s ]
INFO: [ app_begin ] --END-- [ RunTime:0.001827s ]
NOTIC: [8192] mysql_connect(): The mysql extension is deprecated and will be removed in the future: use mysqli or PDO instead D:\wamp\www\zky\ThinkPHP\Library\Think\Db\Driver\Mysql.class.php 第 52 行.
SQL: SHOW COLUMNS FROM `tp_user` [ RunTime:0.017709s ]
SQL: SELECT * FROM `tp_user` WHERE ( username = 2015317200402 ) LIMIT 1   [ RunTime:0.000568s ]
SQL: SELECT `password` FROM `tp_user` WHERE ( username = 2015317200402 ) LIMIT 1   [ RunTime:0.000435s ]
SQL: SELECT `name` FROM `tp_user` WHERE ( username = 2015317200402 ) LIMIT 1   [ RunTime:0.000319s ]
SQL: SELECT `id` FROM `tp_user` WHERE ( username = 2015317200402 ) LIMIT 1   [ RunTime:0.000318s ]
SQL: SELECT `say` FROM `tp_user` WHERE ( username = 2015317200402 ) LIMIT 1   [ RunTime:0.000340s ]

[ 2016-10-31T06:47:47+08:00 ] ::1 /zky/index.php/Admin/Login/do_login
INFO: [ app_begin ] --START--
INFO: Run Behavior\ReadHtmlCache [ RunTime:0.001148s ]
INFO: [ app_begin ] --END-- [ RunTime:0.002402s ]

[ 2016-10-31T06:47:48+08:00 ] ::1 /zky/index.php/Admin/Login/do_login
INFO: [ app_begin ] --START--
INFO: Run Behavior\ReadHtmlCache [ RunTime:0.000958s ]
INFO: [ app_begin ] --END-- [ RunTime:0.001831s ]

[ 2016-10-31T06:51:06+08:00 ] ::1 /zky/index.php/Admin/Login/do_login
INFO: [ app_begin ] --START--
INFO: Run Behavior\ReadHtmlCache [ RunTime:0.000687s ]
INFO: [ app_begin ] --END-- [ RunTime:0.001468s ]

[ 2016-10-31T06:51:07+08:00 ] ::1 /zky/index.php/Admin/Login/do_login
INFO: [ app_begin ] --START--
INFO: Run Behavior\ReadHtmlCache [ RunTime:0.001405s ]
INFO: [ app_begin ] --END-- [ RunTime:0.002780s ]

[ 2016-10-31T06:51:08+08:00 ] ::1 /zky/index.php/Admin/Login/do_login
INFO: [ app_begin ] --START--
INFO: Run Behavior\ReadHtmlCache [ RunTime:0.001346s ]
INFO: [ app_begin ] --END-- [ RunTime:0.002408s ]

[ 2016-10-31T06:51:08+08:00 ] ::1 /zky/index.php/Admin/Login/do_login
INFO: [ app_begin ] --START--
INFO: Run Behavior\ReadHtmlCache [ RunTime:0.000878s ]
INFO: [ app_begin ] --END-- [ RunTime:0.001697s ]

[ 2016-10-31T06:51:08+08:00 ] ::1 /zky/index.php/Admin/Login/do_login
INFO: [ app_begin ] --START--
INFO: Run Behavior\ReadHtmlCache [ RunTime:0.000839s ]
INFO: [ app_begin ] --END-- [ RunTime:0.001680s ]

[ 2016-10-31T06:51:09+08:00 ] ::1 /zky/index.php/Admin/Login/do_login
INFO: [ app_begin ] --START--
INFO: Run Behavior\ReadHtmlCache [ RunTime:0.001186s ]
INFO: [ app_begin ] --END-- [ RunTime:0.002134s ]

[ 2016-10-31T06:51:09+08:00 ] ::1 /zky/index.php/Admin/Login/do_login
INFO: [ app_begin ] --START--
INFO: Run Behavior\ReadHtmlCache [ RunTime:0.001986s ]
INFO: [ app_begin ] --END-- [ RunTime:0.003257s ]

[ 2016-10-31T06:51:09+08:00 ] ::1 /zky/index.php/Admin/Login/do_login
INFO: [ app_begin ] --START--
INFO: Run Behavior\ReadHtmlCache [ RunTime:0.001859s ]
INFO: [ app_begin ] --END-- [ RunTime:0.004612s ]

[ 2016-10-31T06:51:22+08:00 ] ::1 /zky/index.php/Admin/Login/do_login
INFO: [ app_begin ] --START--
INFO: Run Behavior\ReadHtmlCache [ RunTime:0.001676s ]
INFO: [ app_begin ] --END-- [ RunTime:0.003335s ]

[ 2016-10-31T06:51:22+08:00 ] ::1 /zky/index.php/Admin/Login/do_login
INFO: [ app_begin ] --START--
INFO: Run Behavior\ReadHtmlCache [ RunTime:0.000628s ]
INFO: [ app_begin ] --END-- [ RunTime:0.001600s ]

[ 2016-10-31T06:51:22+08:00 ] ::1 /zky/index.php/Admin/Login/do_login
INFO: [ app_begin ] --START--
INFO: Run Behavior\ReadHtmlCache [ RunTime:0.000492s ]
INFO: [ app_begin ] --END-- [ RunTime:0.001007s ]

[ 2016-10-31T06:51:22+08:00 ] ::1 /zky/index.php/Admin/Login/do_login
INFO: [ app_begin ] --START--
INFO: Run Behavior\ReadHtmlCache [ RunTime:0.001412s ]
INFO: [ app_begin ] --END-- [ RunTime:0.002894s ]

[ 2016-10-31T06:51:23+08:00 ] ::1 /zky/index.php/Admin/Login/do_login
INFO: [ app_begin ] --START--
INFO: Run Behavior\ReadHtmlCache [ RunTime:0.003371s ]
INFO: [ app_begin ] --END-- [ RunTime:0.007164s ]

[ 2016-10-31T06:51:25+08:00 ] ::1 /zky/index.php/Admin/Login/do_login
INFO: [ app_begin ] --START--
INFO: Run Behavior\ReadHtmlCache [ RunTime:0.002202s ]
INFO: [ app_begin ] --END-- [ RunTime:0.004884s ]

[ 2016-10-31T06:53:08+08:00 ] ::1 /zky/index.php/Admin/Login/do_login
INFO: [ app_begin ] --START--
INFO: Run Behavior\ReadHtmlCache [ RunTime:0.000821s ]
INFO: [ app_begin ] --END-- [ RunTime:0.001678s ]
NOTIC: [8192] mysql_connect(): The mysql extension is deprecated and will be removed in the future: use mysqli or PDO instead D:\wamp\www\zky\ThinkPHP\Library\Think\Db\Driver\Mysql.class.php 第 52 行.
SQL: SHOW COLUMNS FROM `tp_user` [ RunTime:0.018532s ]
SQL: SELECT COUNT(*) AS tp_count FROM `tp_user` WHERE ( username = 2015317200402 ) LIMIT 1   [ RunTime:0.000789s ]
SQL: SELECT `isTeacher` FROM `tp_user` WHERE ( username = 2015317200402 ) LIMIT 1   [ RunTime:0.001126s ]
SQL: SELECT `password` FROM `tp_user` WHERE ( username = 2015317200402 ) LIMIT 1   [ RunTime:0.000421s ]
SQL: SELECT `name` FROM `tp_user` WHERE ( username = 2015317200402 ) LIMIT 1   [ RunTime:0.000379s ]
SQL: SELECT `id` FROM `tp_user` WHERE ( username = 2015317200402 ) LIMIT 1   [ RunTime:0.000433s ]
SQL: SELECT `username` FROM `tp_user` WHERE ( username = 2015317200402 ) LIMIT 1   [ RunTime:0.000398s ]

[ 2016-10-31T06:53:21+08:00 ] ::1 /zky/index.php/Admin/File/Css/bootstrap.css
ERR: 非法操作:css

[ 2016-10-31T06:53:21+08:00 ] ::1 /zky/index.php/Admin/File/Css/bootstrap-responsive.css
ERR: 非法操作:css

[ 2016-10-31T06:53:21+08:00 ] ::1 /zky/index.php/Admin/File/Js/jquery2.sorted.js
ERR: 非法操作:js

[ 2016-10-31T06:53:21+08:00 ] ::1 /zky/index.php/Admin/File/Css/style.css
ERR: 非法操作:css

[ 2016-10-31T06:53:21+08:00 ] ::1 /zky/index.php/Admin/File/Js/jquery2.js
ERR: 非法操作:js

[ 2016-10-31T06:53:21+08:00 ] ::1 /zky/index.php/Admin/File/Js/bootstrap.js
ERR: 非法操作:js

[ 2016-10-31T06:53:21+08:00 ] ::1 /zky/index.php/Admin/File/Js/ckform.js
ERR: 非法操作:js

[ 2016-10-31T06:53:21+08:00 ] ::1 /zky/index.php/Admin/File/Js/common.js
ERR: 非法操作:js

[ 2016-10-31T06:53:21+08:00 ] ::1 /zky/index.php/Admin/File/Js/jquery2.sorted.js
ERR: 非法操作:js

[ 2016-10-31T06:53:22+08:00 ] ::1 /zky/index.php/Admin/File/Js/bootstrap.js
ERR: 非法操作:js

[ 2016-10-31T06:53:22+08:00 ] ::1 /zky/index.php/Admin/File/Js/ckform.js
ERR: 非法操作:js

[ 2016-10-31T06:53:22+08:00 ] ::1 /zky/index.php/Admin/File/Js/common.js
ERR: 非法操作:js

[ 2016-10-31T06:54:48+08:00 ] ::1 /zky/index.php/Admin/Login/do_login
INFO: [ app_begin ] --START--
INFO: Run Behavior\ReadHtmlCache [ RunTime:0.000506s ]
INFO: [ app_begin ] --END-- [ RunTime:0.000999s ]
NOTIC: [8192] mysql_connect(): The mysql extension is deprecated and will be removed in the future: use mysqli or PDO instead D:\wamp\www\zky\ThinkPHP\Library\Think\Db\Driver\Mysql.class.php 第 52 行.
SQL: SHOW COLUMNS FROM `tp_user` [ RunTime:0.024601s ]
SQL: SELECT COUNT(*) AS tp_count FROM `tp_user` WHERE ( username = 2015317200402 ) LIMIT 1   [ RunTime:0.000362s ]
SQL: SELECT `isTeacher` FROM `tp_user` WHERE ( username = 2015317200402 ) LIMIT 1   [ RunTime:0.000267s ]
SQL: SELECT `password` FROM `tp_user` WHERE ( username = 2015317200402 ) LIMIT 1   [ RunTime:0.000241s ]
SQL: SELECT `name` FROM `tp_user` WHERE ( username = 2015317200402 ) LIMIT 1   [ RunTime:0.000245s ]
SQL: SELECT `id` FROM `tp_user` WHERE ( username = 2015317200402 ) LIMIT 1   [ RunTime:0.000251s ]
SQL: SELECT `username` FROM `tp_user` WHERE ( username = 2015317200402 ) LIMIT 1   [ RunTime:0.000249s ]

[ 2016-10-31T06:55:24+08:00 ] ::1 /zky/index.php/Admin/Login/do_login
INFO: [ app_begin ] --START--
INFO: Run Behavior\ReadHtmlCache [ RunTime:0.001546s ]
INFO: [ app_begin ] --END-- [ RunTime:0.002619s ]
NOTIC: [8192] mysql_connect(): The mysql extension is deprecated and will be removed in the future: use mysqli or PDO instead D:\wamp\www\zky\ThinkPHP\Library\Think\Db\Driver\Mysql.class.php 第 52 行.
SQL: SHOW COLUMNS FROM `tp_user` [ RunTime:0.029172s ]
SQL: SELECT COUNT(*) AS tp_count FROM `tp_user` WHERE ( username = 2015317200409 ) LIMIT 1   [ RunTime:0.000864s ]
SQL: SELECT `isTeacher` FROM `tp_user` WHERE ( username = 2015317200409 ) LIMIT 1   [ RunTime:0.000825s ]

[ 2016-10-31T06:55:25+08:00 ] ::1 /zky/index.php/Admin/Login/do_login
INFO: [ app_begin ] --START--
INFO: Run Behavior\ReadHtmlCache [ RunTime:0.001656s ]
INFO: [ app_begin ] --END-- [ RunTime:0.003200s ]
NOTIC: [8192] mysql_connect(): The mysql extension is deprecated and will be removed in the future: use mysqli or PDO instead D:\wamp\www\zky\ThinkPHP\Library\Think\Db\Driver\Mysql.class.php 第 52 行.
SQL: SHOW COLUMNS FROM `tp_user` [ RunTime:0.029086s ]
SQL: SELECT COUNT(*) AS tp_count FROM `tp_user` WHERE ( username = 2015317200409 ) LIMIT 1   [ RunTime:0.000536s ]
SQL: SELECT `isTeacher` FROM `tp_user` WHERE ( username = 2015317200409 ) LIMIT 1   [ RunTime:0.000445s ]

[ 2016-10-31T06:56:18+08:00 ] ::1 /zky/index.php/Admin/Login/do_login
INFO: [ app_begin ] --START--
INFO: Run Behavior\ReadHtmlCache [ RunTime:0.002132s ]
INFO: [ app_begin ] --END-- [ RunTime:0.004425s ]
NOTIC: [8192] mysql_connect(): The mysql extension is deprecated and will be removed in the future: use mysqli or PDO instead D:\wamp\www\zky\ThinkPHP\Library\Think\Db\Driver\Mysql.class.php 第 52 行.
SQL: SHOW COLUMNS FROM `tp_user` [ RunTime:0.021741s ]
SQL: SELECT COUNT(*) AS tp_count FROM `tp_user` WHERE ( username = 2015317200409 ) LIMIT 1   [ RunTime:0.001006s ]
SQL: SELECT `isTeacher` FROM `tp_user` WHERE ( username = 2015317200409 ) LIMIT 1   [ RunTime:0.000530s ]

[ 2016-10-31T06:56:24+08:00 ] ::1 /zky/index.php/Admin/Login/do_login
INFO: [ app_begin ] --START--
INFO: Run Behavior\ReadHtmlCache [ RunTime:0.001815s ]
INFO: [ app_begin ] --END-- [ RunTime:0.003757s ]
NOTIC: [8192] mysql_connect(): The mysql extension is deprecated and will be removed in the future: use mysqli or PDO instead D:\wamp\www\zky\ThinkPHP\Library\Think\Db\Driver\Mysql.class.php 第 52 行.
SQL: SHOW COLUMNS FROM `tp_user` [ RunTime:0.017840s ]
SQL: SELECT COUNT(*) AS tp_count FROM `tp_user` WHERE ( username = 2015317200409 ) LIMIT 1   [ RunTime:0.000361s ]
SQL: SELECT `isTeacher` FROM `tp_user` WHERE ( username = 2015317200409 ) LIMIT 1   [ RunTime:0.000332s ]

[ 2016-10-31T06:58:15+08:00 ] ::1 /zky/index.php/Admin/Login/do_login
INFO: [ app_begin ] --START--
INFO: Run Behavior\ReadHtmlCache [ RunTime:0.001219s ]
INFO: [ app_begin ] --END-- [ RunTime:0.002082s ]
NOTIC: [8192] mysql_connect(): The mysql extension is deprecated and will be removed in the future: use mysqli or PDO instead D:\wamp\www\zky\ThinkPHP\Library\Think\Db\Driver\Mysql.class.php 第 52 行.
SQL: SHOW COLUMNS FROM `tp_user` [ RunTime:0.012956s ]
SQL: SELECT COUNT(*) AS tp_count FROM `tp_user` WHERE ( username = 2015317200409 ) LIMIT 1   [ RunTime:0.000355s ]
SQL: SELECT `isTeacher` FROM `tp_user` WHERE ( username = 2015317200409 ) LIMIT 1   [ RunTime:0.000253s ]

[ 2016-10-31T06:58:36+08:00 ] ::1 /zky/index.php/Admin/Login/do_login
INFO: [ app_begin ] --START--
INFO: Run Behavior\ReadHtmlCache [ RunTime:0.001458s ]
INFO: [ app_begin ] --END-- [ RunTime:0.002914s ]
NOTIC: [8192] mysql_connect(): The mysql extension is deprecated and will be removed in the future: use mysqli or PDO instead D:\wamp\www\zky\ThinkPHP\Library\Think\Db\Driver\Mysql.class.php 第 52 行.
SQL: SHOW COLUMNS FROM `tp_user` [ RunTime:0.031677s ]
SQL: SELECT COUNT(*) AS tp_count FROM `tp_user` WHERE ( username = 2015317200409 ) LIMIT 1   [ RunTime:0.000389s ]
SQL: SELECT `isTeacher` FROM `tp_user` WHERE ( username = 2015317200409 ) LIMIT 1   [ RunTime:0.000319s ]

[ 2016-10-31T06:58:40+08:00 ] ::1 /zky/index.php/Admin/Login/do_login
INFO: [ app_begin ] --START--
INFO: Run Behavior\ReadHtmlCache [ RunTime:0.002805s ]
INFO: [ app_begin ] --END-- [ RunTime:0.004774s ]
NOTIC: [8192] mysql_connect(): The mysql extension is deprecated and will be removed in the future: use mysqli or PDO instead D:\wamp\www\zky\ThinkPHP\Library\Think\Db\Driver\Mysql.class.php 第 52 行.
SQL: SHOW COLUMNS FROM `tp_user` [ RunTime:0.063228s ]
SQL: SELECT COUNT(*) AS tp_count FROM `tp_user` WHERE ( username = 2015317200409 ) LIMIT 1   [ RunTime:0.000631s ]
SQL: SELECT `isTeacher` FROM `tp_user` WHERE ( username = 2015317200409 ) LIMIT 1   [ RunTime:0.000546s ]

[ 2016-10-31T06:58:41+08:00 ] ::1 /zky/index.php/Admin/Login/do_login
INFO: [ app_begin ] --START--
INFO: Run Behavior\ReadHtmlCache [ RunTime:0.001737s ]
INFO: [ app_begin ] --END-- [ RunTime:0.003054s ]
NOTIC: [8192] mysql_connect(): The mysql extension is deprecated and will be removed in the future: use mysqli or PDO instead D:\wamp\www\zky\ThinkPHP\Library\Think\Db\Driver\Mysql.class.php 第 52 行.
SQL: SHOW COLUMNS FROM `tp_user` [ RunTime:0.022025s ]
SQL: SELECT COUNT(*) AS tp_count FROM `tp_user` WHERE ( username = 2015317200409 ) LIMIT 1   [ RunTime:0.000368s ]
SQL: SELECT `isTeacher` FROM `tp_user` WHERE ( username = 2015317200409 ) LIMIT 1   [ RunTime:0.000319s ]

[ 2016-10-31T06:59:39+08:00 ] ::1 /zky/index.php/Home/Login/do_login
INFO: [ app_begin ] --START--
INFO: Run Behavior\ReadHtmlCache [ RunTime:0.005284s ]
INFO: [ app_begin ] --END-- [ RunTime:0.007870s ]
NOTIC: [8192] mysql_connect(): The mysql extension is deprecated and will be removed in the future: use mysqli or PDO instead D:\wamp\www\zky\ThinkPHP\Library\Think\Db\Driver\Mysql.class.php 第 52 行.
SQL: SHOW COLUMNS FROM `tp_user` [ RunTime:0.059405s ]
SQL: SELECT * FROM `tp_user` WHERE ( username = 2015317200402 ) LIMIT 1   [ RunTime:0.000875s ]
SQL: SELECT `password` FROM `tp_user` WHERE ( username = 2015317200402 ) LIMIT 1   [ RunTime:0.000646s ]
SQL: SELECT `name` FROM `tp_user` WHERE ( username = 2015317200402 ) LIMIT 1   [ RunTime:0.000697s ]
SQL: SELECT `id` FROM `tp_user` WHERE ( username = 2015317200402 ) LIMIT 1   [ RunTime:0.000627s ]
SQL: SELECT `say` FROM `tp_user` WHERE ( username = 2015317200402 ) LIMIT 1   [ RunTime:0.000513s ]

[ 2016-10-31T06:59:56+08:00 ] ::1 /zky/index.php/Home/Login/do_login
INFO: [ app_begin ] --START--
INFO: Run Behavior\ReadHtmlCache [ RunTime:0.001085s ]
INFO: [ app_begin ] --END-- [ RunTime:0.001975s ]
NOTIC: [8192] mysql_connect(): The mysql extension is deprecated and will be removed in the future: use mysqli or PDO instead D:\wamp\www\zky\ThinkPHP\Library\Think\Db\Driver\Mysql.class.php 第 52 行.
SQL: SHOW COLUMNS FROM `tp_user` [ RunTime:0.015123s ]
SQL: SELECT * FROM `tp_user` WHERE ( username = 2015317200402 ) LIMIT 1   [ RunTime:0.000399s ]
SQL: SELECT `password` FROM `tp_user` WHERE ( username = 2015317200402 ) LIMIT 1   [ RunTime:0.000282s ]

[ 2016-10-31T07:01:23+08:00 ] ::1 /zky/index.php/Admin/Login/do_login
INFO: [ app_begin ] --START--
INFO: Run Behavior\ReadHtmlCache [ RunTime:0.004414s ]
INFO: [ app_begin ] --END-- [ RunTime:0.007171s ]
NOTIC: [8192] mysql_connect(): The mysql extension is deprecated and will be removed in the future: use mysqli or PDO instead D:\wamp\www\zky\ThinkPHP\Library\Think\Db\Driver\Mysql.class.php 第 52 行.
SQL: SHOW COLUMNS FROM `tp_user` [ RunTime:0.046144s ]
SQL: SELECT COUNT(*) AS tp_count FROM `tp_user` WHERE ( username = 2015317200402 ) LIMIT 1   [ RunTime:0.000594s ]
SQL: SELECT `isTeacher` FROM `tp_user` WHERE ( username = 2015317200402 ) LIMIT 1   [ RunTime:0.000447s ]
SQL: SELECT `password` FROM `tp_user` WHERE ( username = 2015317200402 ) LIMIT 1   [ RunTime:0.000448s ]

[ 2016-10-31T07:01:26+08:00 ] ::1 /zky/index.php/Admin/Login/do_login
INFO: [ app_begin ] --START--
INFO: Run Behavior\ReadHtmlCache [ RunTime:0.001010s ]
INFO: [ app_begin ] --END-- [ RunTime:0.001907s ]
NOTIC: [8192] mysql_connect(): The mysql extension is deprecated and will be removed in the future: use mysqli or PDO instead D:\wamp\www\zky\ThinkPHP\Library\Think\Db\Driver\Mysql.class.php 第 52 行.
SQL: SHOW COLUMNS FROM `tp_user` [ RunTime:0.023108s ]
SQL: SELECT COUNT(*) AS tp_count FROM `tp_user` WHERE ( username = 2015317200402 ) LIMIT 1   [ RunTime:0.000500s ]
SQL: SELECT `isTeacher` FROM `tp_user` WHERE ( username = 2015317200402 ) LIMIT 1   [ RunTime:0.000440s ]
SQL: SELECT `password` FROM `tp_user` WHERE ( username = 2015317200402 ) LIMIT 1   [ RunTime:0.000448s ]

