[ 2016-10-29T09:04:05+08:00 ] ::1 /equipment/index.php/Home/Index/login
ERR: 非法操作:login

[ 2016-10-29T09:04:07+08:00 ] ::1 /equipment/index.php/Home/Index/login
ERR: 非法操作:login

[ 2016-10-29T09:04:17+08:00 ] ::1 /equipment/index.php/Home/Login/do_login
INFO: [ app_begin ] --START--
INFO: Run Behavior\ReadHtmlCache [ RunTime:0.000997s ]
INFO: [ app_begin ] --END-- [ RunTime:0.001670s ]
NOTIC: [8192] mysql_connect(): The mysql extension is deprecated and will be removed in the future: use mysqli or PDO instead D:\wamp\www\equipment\ThinkPHP\Library\Think\Db\Driver\Mysql.class.php 第 52 行.
SQL: SHOW COLUMNS FROM `tp_user` [ RunTime:0.000683s ]
INFO: [ app_end ] --START--
INFO: Run Behavior\ShowPageTrace [ RunTime:0.000504s ]
INFO: [ app_end ] --END-- [ RunTime:0.000617s ]

[ 2016-10-29T09:04:37+08:00 ] ::1 /equipment/index.php/Home/Login/do_login
INFO: [ app_begin ] --START--
INFO: Run Behavior\ReadHtmlCache [ RunTime:0.000385s ]
INFO: [ app_begin ] --END-- [ RunTime:0.000756s ]
NOTIC: [8192] mysql_connect(): The mysql extension is deprecated and will be removed in the future: use mysqli or PDO instead D:\wamp\www\equipment\ThinkPHP\Library\Think\Db\Driver\Mysql.class.php 第 52 行.
SQL: SHOW COLUMNS FROM `tp_user` [ RunTime:0.000624s ]
SQL: SELECT * FROM `tp_user` WHERE ( username = 2015317200402 ) LIMIT 1   [ RunTime:0.000342s ]
SQL: SELECT `password` FROM `tp_user` WHERE ( username = 2015317200402 ) LIMIT 1   [ RunTime:0.000145s ]
SQL: SELECT `name` FROM `tp_user` WHERE ( username = 2015317200402 ) LIMIT 1   [ RunTime:0.000150s ]
SQL: SELECT `id` FROM `tp_user` WHERE ( username = 2015317200402 ) LIMIT 1   [ RunTime:0.000176s ]
SQL: SELECT `say` FROM `tp_user` WHERE ( username = 2015317200402 ) LIMIT 1   [ RunTime:0.000140s ]
ERR: 1054:Unknown column 'say' in 'field list'
 [ SQL语句 ] : SELECT `say` FROM `tp_user` WHERE ( username = 2015317200402 ) LIMIT 1  

[ 2016-10-29T09:05:04+08:00 ] ::1 /equipment/index.php/Home/Login/do_login
INFO: [ app_begin ] --START--
INFO: Run Behavior\ReadHtmlCache [ RunTime:0.000458s ]
INFO: [ app_begin ] --END-- [ RunTime:0.000861s ]
NOTIC: [8192] mysql_connect(): The mysql extension is deprecated and will be removed in the future: use mysqli or PDO instead D:\wamp\www\equipment\ThinkPHP\Library\Think\Db\Driver\Mysql.class.php 第 52 行.
SQL: SHOW COLUMNS FROM `tp_user` [ RunTime:0.000827s ]
SQL: SELECT * FROM `tp_user` WHERE ( username = 2015317200407 ) LIMIT 1   [ RunTime:0.000177s ]

[ 2016-10-29T09:05:10+08:00 ] ::1 /equipment/index.php/Home/Login/do_login
INFO: [ app_begin ] --START--
INFO: Run Behavior\ReadHtmlCache [ RunTime:0.000386s ]
INFO: [ app_begin ] --END-- [ RunTime:0.000767s ]
NOTIC: [8192] mysql_connect(): The mysql extension is deprecated and will be removed in the future: use mysqli or PDO instead D:\wamp\www\equipment\ThinkPHP\Library\Think\Db\Driver\Mysql.class.php 第 52 行.
SQL: SHOW COLUMNS FROM `tp_user` [ RunTime:0.000594s ]
SQL: SELECT * FROM `tp_user` WHERE ( username = 2015317200404 ) LIMIT 1   [ RunTime:0.000185s ]

[ 2016-10-29T09:05:11+08:00 ] ::1 /equipment/index.php/Home/Login/do_login
INFO: [ app_begin ] --START--
INFO: Run Behavior\ReadHtmlCache [ RunTime:0.000378s ]
INFO: [ app_begin ] --END-- [ RunTime:0.000745s ]
NOTIC: [8192] mysql_connect(): The mysql extension is deprecated and will be removed in the future: use mysqli or PDO instead D:\wamp\www\equipment\ThinkPHP\Library\Think\Db\Driver\Mysql.class.php 第 52 行.
SQL: SHOW COLUMNS FROM `tp_user` [ RunTime:0.000675s ]
SQL: SELECT * FROM `tp_user` WHERE ( username = 2015317200404 ) LIMIT 1   [ RunTime:0.000223s ]

[ 2016-10-29T09:05:11+08:00 ] ::1 /equipment/index.php/Home/Login/do_login
INFO: [ app_begin ] --START--
INFO: Run Behavior\ReadHtmlCache [ RunTime:0.000487s ]
INFO: [ app_begin ] --END-- [ RunTime:0.000894s ]
NOTIC: [8192] mysql_connect(): The mysql extension is deprecated and will be removed in the future: use mysqli or PDO instead D:\wamp\www\equipment\ThinkPHP\Library\Think\Db\Driver\Mysql.class.php 第 52 行.
SQL: SHOW COLUMNS FROM `tp_user` [ RunTime:0.000611s ]
SQL: SELECT * FROM `tp_user` WHERE ( username = 2015317200404 ) LIMIT 1   [ RunTime:0.000186s ]

[ 2016-10-29T09:05:52+08:00 ] ::1 /equipment/index.php/Home/Login/do_login
INFO: [ app_begin ] --START--
INFO: Run Behavior\ReadHtmlCache [ RunTime:0.000384s ]
INFO: [ app_begin ] --END-- [ RunTime:0.000761s ]
NOTIC: [8192] mysql_connect(): The mysql extension is deprecated and will be removed in the future: use mysqli or PDO instead D:\wamp\www\equipment\ThinkPHP\Library\Think\Db\Driver\Mysql.class.php 第 52 行.
SQL: SHOW COLUMNS FROM `tp_user` [ RunTime:0.000642s ]
SQL: SELECT * FROM `tp_user` WHERE ( username = 2015317200402 ) LIMIT 1   [ RunTime:0.000198s ]
SQL: SELECT `password` FROM `tp_user` WHERE ( username = 2015317200402 ) LIMIT 1   [ RunTime:0.000163s ]
SQL: SELECT `name` FROM `tp_user` WHERE ( username = 2015317200402 ) LIMIT 1   [ RunTime:0.000163s ]
SQL: SELECT `id` FROM `tp_user` WHERE ( username = 2015317200402 ) LIMIT 1   [ RunTime:0.000142s ]
SQL: SELECT `say` FROM `tp_user` WHERE ( username = 2015317200402 ) LIMIT 1   [ RunTime:0.000105s ]
ERR: 1054:Unknown column 'say' in 'field list'
 [ SQL语句 ] : SELECT `say` FROM `tp_user` WHERE ( username = 2015317200402 ) LIMIT 1  

[ 2016-10-29T09:09:30+08:00 ] ::1 /equipment/index.php/Home/Login/zhihu-css.css
ERR: 非法操作:zhihu-css.css

[ 2016-10-29T09:34:15+08:00 ] ::1 /equipment/index.php/Home/Login/zhihu-css.css
ERR: 非法操作:zhihu-css.css

[ 2016-10-29T09:50:55+08:00 ] ::1 /equipment/index.php/Home/Login/do_login
INFO: [ app_begin ] --START--
INFO: Run Behavior\ReadHtmlCache [ RunTime:0.000369s ]
INFO: [ app_begin ] --END-- [ RunTime:0.000752s ]
NOTIC: [8192] mysql_connect(): The mysql extension is deprecated and will be removed in the future: use mysqli or PDO instead D:\wamp\www\equipment\ThinkPHP\Library\Think\Db\Driver\Mysql.class.php 第 52 行.
SQL: SHOW COLUMNS FROM `tp_user` [ RunTime:0.000635s ]
INFO: [ app_end ] --START--
INFO: Run Behavior\ShowPageTrace [ RunTime:0.000450s ]
INFO: [ app_end ] --END-- [ RunTime:0.000559s ]

[ 2016-10-29T10:35:09+08:00 ] ::1 /equipment/index.php/Admin/Login/login
ERR: 非法操作:login

[ 2016-10-29T10:35:17+08:00 ] ::1 /equipment/index.php/Admin/Login/register
ERR: 非法操作:register

[ 2016-10-29T10:35:44+08:00 ] ::1 /equipment/index.php/Admin/Login/register
ERR: 非法操作:register

[ 2016-10-29T10:35:47+08:00 ] ::1 /equipment/index.php/Admin/Login/login
ERR: 非法操作:login

[ 2016-10-29T10:35:56+08:00 ] ::1 /equipment/index.php/Admin/Login/login
ERR: 非法操作:login

[ 2016-10-29T10:36:07+08:00 ] ::1 /equipment/index.php/Home/Index/login
ERR: 非法操作:login

[ 2016-10-29T10:38:05+08:00 ] ::1 /equipment/index.php/Admin/Equipment/Css/bootstrap.css
ERR: 非法操作:css

[ 2016-10-29T10:38:05+08:00 ] ::1 /equipment/index.php/Admin/Equipment/Js/jquery2.sorted.js
ERR: 非法操作:js

[ 2016-10-29T10:38:05+08:00 ] ::1 /equipment/index.php/Admin/Equipment/Css/bootstrap-responsive.css
ERR: 非法操作:css

[ 2016-10-29T10:38:05+08:00 ] ::1 /equipment/index.php/Admin/Equipment/Js/bootstrap.js
ERR: 非法操作:js

[ 2016-10-29T10:38:05+08:00 ] ::1 /equipment/index.php/Admin/Equipment/Js/ckform.js
ERR: 非法操作:js

[ 2016-10-29T10:38:05+08:00 ] ::1 /equipment/index.php/Admin/Equipment/Js/jquery2.js
ERR: 非法操作:js

[ 2016-10-29T10:38:05+08:00 ] ::1 /equipment/index.php/Admin/Equipment/Css/style.css
ERR: 非法操作:css

[ 2016-10-29T10:38:05+08:00 ] ::1 /equipment/index.php/Admin/Equipment/Js/common.js
ERR: 非法操作:js

[ 2016-10-29T10:38:05+08:00 ] ::1 /equipment/index.php/Admin/Equipment/Js/jquery2.sorted.js
ERR: 非法操作:js

[ 2016-10-29T10:38:05+08:00 ] ::1 /equipment/index.php/Admin/Equipment/Js/bootstrap.js
ERR: 非法操作:js

[ 2016-10-29T10:38:05+08:00 ] ::1 /equipment/index.php/Admin/Equipment/Js/ckform.js
ERR: 非法操作:js

[ 2016-10-29T10:38:05+08:00 ] ::1 /equipment/index.php/Admin/Equipment/Js/common.js
ERR: 非法操作:js

[ 2016-10-29T10:38:05+08:00 ] ::1 /equipment/index.php/Admin/Equipment/Css/bootstrap.css
ERR: 非法操作:css

[ 2016-10-29T10:38:05+08:00 ] ::1 /equipment/index.php/Admin/Equipment/Css/style.css
ERR: 非法操作:css

[ 2016-10-29T10:38:05+08:00 ] ::1 /equipment/index.php/Admin/Equipment/Css/bootstrap-responsive.css
ERR: 非法操作:css

[ 2016-10-29T10:38:05+08:00 ] ::1 /equipment/index.php/Admin/Equipment/Js/jquery2.sorted.js
ERR: 非法操作:js

[ 2016-10-29T10:38:05+08:00 ] ::1 /equipment/index.php/Admin/Equipment/Js/jquery2.js
ERR: 非法操作:js

[ 2016-10-29T10:38:05+08:00 ] ::1 /equipment/index.php/Admin/Equipment/Js/bootstrap.js
ERR: 非法操作:js

[ 2016-10-29T10:38:05+08:00 ] ::1 /equipment/index.php/Admin/Equipment/Js/ckform.js
ERR: 非法操作:js

[ 2016-10-29T10:38:05+08:00 ] ::1 /equipment/index.php/Admin/Equipment/Js/common.js
ERR: 非法操作:js

[ 2016-10-29T10:38:05+08:00 ] ::1 /equipment/index.php/Admin/Equipment/Js/jquery2.sorted.js
ERR: 非法操作:js

[ 2016-10-29T10:38:05+08:00 ] ::1 /equipment/index.php/Admin/Equipment/Js/bootstrap.js
ERR: 非法操作:js

[ 2016-10-29T10:38:05+08:00 ] ::1 /equipment/index.php/Admin/Equipment/Js/ckform.js
ERR: 非法操作:js

[ 2016-10-29T10:38:05+08:00 ] ::1 /equipment/index.php/Admin/Equipment/Js/common.js
ERR: 非法操作:js

[ 2016-10-29T10:39:13+08:00 ] ::1 /equipment/index.php/Home/Login/zhihu-css.css
ERR: 非法操作:zhihu-css.css

[ 2016-10-29T10:57:49+08:00 ] ::1 /equipment/index.php/Admin/Equipment/Css/bootstrap.css
ERR: 非法操作:css

[ 2016-10-29T10:57:49+08:00 ] ::1 /equipment/index.php/Admin/Equipment/Js/jquery2.js
ERR: 非法操作:js

[ 2016-10-29T10:57:49+08:00 ] ::1 /equipment/index.php/Admin/Equipment/Js/jquery2.sorted.js
ERR: 非法操作:js

[ 2016-10-29T10:57:49+08:00 ] ::1 /equipment/index.php/Admin/Equipment/Js/bootstrap.js
ERR: 非法操作:js

[ 2016-10-29T10:57:49+08:00 ] ::1 /equipment/index.php/Admin/Equipment/Css/style.css
ERR: 非法操作:css

[ 2016-10-29T10:57:49+08:00 ] ::1 /equipment/index.php/Admin/Equipment/Css/bootstrap-responsive.css
ERR: 非法操作:css

[ 2016-10-29T10:57:49+08:00 ] ::1 /equipment/index.php/Admin/Equipment/Js/ckform.js
ERR: 非法操作:js

[ 2016-10-29T10:57:49+08:00 ] ::1 /equipment/index.php/Admin/Equipment/Js/common.js
ERR: 非法操作:js

[ 2016-10-29T11:18:04+08:00 ] ::1 /equipment/index.php/Admin/Equipment/Css/bootstrap.css
ERR: 非法操作:css

[ 2016-10-29T11:18:04+08:00 ] ::1 /equipment/index.php/Admin/Equipment/Css/bootstrap-responsive.css
ERR: 非法操作:css

[ 2016-10-29T11:18:04+08:00 ] ::1 /equipment/index.php/Admin/Equipment/Css/style.css
ERR: 非法操作:css

[ 2016-10-29T11:18:04+08:00 ] ::1 /equipment/index.php/Admin/Equipment/Js/jquery2.sorted.js
ERR: 非法操作:js

[ 2016-10-29T11:18:04+08:00 ] ::1 /equipment/index.php/Admin/Equipment/Js/bootstrap.js
ERR: 非法操作:js

[ 2016-10-29T11:18:04+08:00 ] ::1 /equipment/index.php/Admin/Equipment/Js/jquery2.js
ERR: 非法操作:js

[ 2016-10-29T11:18:04+08:00 ] ::1 /equipment/index.php/Admin/Equipment/Js/ckform.js
ERR: 非法操作:js

[ 2016-10-29T11:18:04+08:00 ] ::1 /equipment/index.php/Admin/Equipment/Js/common.js
ERR: 非法操作:js

[ 2016-10-29T11:18:04+08:00 ] ::1 /equipment/index.php/Admin/Equipment/Js/jquery2.sorted.js
ERR: 非法操作:js

[ 2016-10-29T11:18:04+08:00 ] ::1 /equipment/index.php/Admin/Equipment/Js/bootstrap.js
ERR: 非法操作:js

[ 2016-10-29T11:18:04+08:00 ] ::1 /equipment/index.php/Admin/Equipment/Js/ckform.js
ERR: 非法操作:js

[ 2016-10-29T11:18:04+08:00 ] ::1 /equipment/index.php/Admin/Equipment/Js/common.js
ERR: 非法操作:js

[ 2016-10-29T11:52:24+08:00 ] ::1 /equipment/index.php/Admin/Regulation/Css/bootstrap.css
ERR: 非法操作:css

[ 2016-10-29T11:52:24+08:00 ] ::1 /equipment/index.php/Admin/Regulation/Css/bootstrap-responsive.css
ERR: 非法操作:css

[ 2016-10-29T11:52:24+08:00 ] ::1 /equipment/index.php/Admin/Regulation/Css/style.css
ERR: 非法操作:css

[ 2016-10-29T11:52:24+08:00 ] ::1 /equipment/index.php/Admin/Regulation/Js/jquery2.js
ERR: 非法操作:js

[ 2016-10-29T11:52:24+08:00 ] ::1 /equipment/index.php/Admin/Regulation/Js/jquery2.sorted.js
ERR: 非法操作:js

[ 2016-10-29T11:52:24+08:00 ] ::1 /equipment/index.php/Admin/Regulation/Js/bootstrap.js
ERR: 非法操作:js

[ 2016-10-29T11:52:24+08:00 ] ::1 /equipment/index.php/Admin/Regulation/Js/ckform.js
ERR: 非法操作:js

[ 2016-10-29T11:52:24+08:00 ] ::1 /equipment/index.php/Admin/Regulation/Js/common.js
ERR: 非法操作:js

[ 2016-10-29T11:52:27+08:00 ] ::1 /equipment/index.php/Admin/File/Css/bootstrap.css
ERR: 非法操作:css

[ 2016-10-29T11:52:27+08:00 ] ::1 /equipment/index.php/Admin/File/Css/bootstrap-responsive.css
ERR: 非法操作:css

[ 2016-10-29T11:52:27+08:00 ] ::1 /equipment/index.php/Admin/File/Css/style.css
ERR: 非法操作:css

[ 2016-10-29T11:52:27+08:00 ] ::1 /equipment/index.php/Admin/File/Js/jquery2.js
ERR: 非法操作:js

[ 2016-10-29T11:52:27+08:00 ] ::1 /equipment/index.php/Admin/File/Js/bootstrap.js
ERR: 非法操作:js

[ 2016-10-29T11:52:27+08:00 ] ::1 /equipment/index.php/Admin/File/Js/jquery2.sorted.js
ERR: 非法操作:js

[ 2016-10-29T11:52:27+08:00 ] ::1 /equipment/index.php/Admin/File/Js/ckform.js
ERR: 非法操作:js

[ 2016-10-29T11:52:27+08:00 ] ::1 /equipment/index.php/Admin/File/Js/common.js
ERR: 非法操作:js

[ 2016-10-29T11:52:27+08:00 ] ::1 /equipment/index.php/Admin/File/Js/bootstrap.js
ERR: 非法操作:js

[ 2016-10-29T11:52:27+08:00 ] ::1 /equipment/index.php/Admin/File/Js/ckform.js
ERR: 非法操作:js

[ 2016-10-29T11:52:27+08:00 ] ::1 /equipment/index.php/Admin/File/Js/common.js
ERR: 非法操作:js

[ 2016-10-29T11:52:38+08:00 ] ::1 /equipment/index.php/Admin/Message/Css/bootstrap.css
ERR: 非法操作:css

[ 2016-10-29T11:52:38+08:00 ] ::1 /equipment/index.php/Admin/Message/Css/bootstrap-responsive.css
ERR: 非法操作:css

[ 2016-10-29T11:52:38+08:00 ] ::1 /equipment/index.php/Admin/Message/Css/style.css
ERR: 非法操作:css

[ 2016-10-29T11:52:38+08:00 ] ::1 /equipment/index.php/Admin/Message/Js/jquery2.sorted.js
ERR: 非法操作:js

[ 2016-10-29T11:52:38+08:00 ] ::1 /equipment/index.php/Admin/Message/Js/jquery2.js
ERR: 非法操作:js

[ 2016-10-29T11:52:38+08:00 ] ::1 /equipment/index.php/Admin/Message/Js/bootstrap.js
ERR: 非法操作:js

[ 2016-10-29T11:52:38+08:00 ] ::1 /equipment/index.php/Admin/Message/Js/ckform.js
ERR: 非法操作:js

[ 2016-10-29T11:52:38+08:00 ] ::1 /equipment/index.php/Admin/Message/Js/common.js
ERR: 非法操作:js

[ 2016-10-29T11:52:38+08:00 ] ::1 /equipment/index.php/Admin/Message/Js/jquery2.sorted.js
ERR: 非法操作:js

[ 2016-10-29T11:52:38+08:00 ] ::1 /equipment/index.php/Admin/Message/Js/bootstrap.js
ERR: 非法操作:js

[ 2016-10-29T11:52:38+08:00 ] ::1 /equipment/index.php/Admin/Message/Js/ckform.js
ERR: 非法操作:js

[ 2016-10-29T11:52:38+08:00 ] ::1 /equipment/index.php/Admin/Message/Js/common.js
ERR: 非法操作:js

[ 2016-10-29T11:52:40+08:00 ] ::1 /equipment/index.php/Admin/Message/Css/bootstrap-responsive.css
ERR: 非法操作:css

[ 2016-10-29T11:52:40+08:00 ] ::1 /equipment/index.php/Admin/Message/Js/jquery2.js
ERR: 非法操作:js

[ 2016-10-29T11:52:40+08:00 ] ::1 /equipment/index.php/Admin/Message/Js/bootstrap.js
ERR: 非法操作:js

[ 2016-10-29T11:52:40+08:00 ] ::1 /equipment/index.php/Admin/Message/Js/jquery2.sorted.js
ERR: 非法操作:js

[ 2016-10-29T11:52:40+08:00 ] ::1 /equipment/index.php/Admin/Message/Css/style.css
ERR: 非法操作:css

[ 2016-10-29T11:52:40+08:00 ] ::1 /equipment/index.php/Admin/Message/Css/bootstrap.css
ERR: 非法操作:css

[ 2016-10-29T11:52:40+08:00 ] ::1 /equipment/index.php/Admin/Message/Js/ckform.js
ERR: 非法操作:js

[ 2016-10-29T11:52:40+08:00 ] ::1 /equipment/index.php/Admin/Message/Js/common.js
ERR: 非法操作:js

[ 2016-10-29T11:52:40+08:00 ] ::1 /equipment/index.php/Admin/Message/Js/bootstrap.js
ERR: 非法操作:js

[ 2016-10-29T11:52:40+08:00 ] ::1 /equipment/index.php/Admin/Message/Js/ckform.js
ERR: 非法操作:js

[ 2016-10-29T11:52:40+08:00 ] ::1 /equipment/index.php/Admin/Message/Js/common.js
ERR: 非法操作:js

