[ 2016-10-23T14:54:03+08:00 ] ::1 /zky/index.php/Admin/Index/Js/jquery2.js
ERR: 非法操作:js

[ 2016-10-23T14:54:03+08:00 ] ::1 /zky/index.php/Admin/Index/Css/bootstrap.css
ERR: 非法操作:css

[ 2016-10-23T14:54:03+08:00 ] ::1 /zky/index.php/Admin/Index/Css/bootstrap-responsive.css
ERR: 非法操作:css

[ 2016-10-23T14:54:03+08:00 ] ::1 /zky/index.php/Admin/Index/Js/bootstrap.js
ERR: 非法操作:js

[ 2016-10-23T14:54:03+08:00 ] ::1 /zky/index.php/Admin/Index/Js/jquery2.sorted.js
ERR: 非法操作:js

[ 2016-10-23T14:54:03+08:00 ] ::1 /zky/index.php/Admin/Index/Css/style.css
ERR: 非法操作:css

[ 2016-10-23T14:54:03+08:00 ] ::1 /zky/index.php/Admin/Index/Js/ckform.js
ERR: 非法操作:js

[ 2016-10-23T14:54:03+08:00 ] ::1 /zky/index.php/Admin/Index/Js/common.js
ERR: 非法操作:js

[ 2016-10-23T14:54:03+08:00 ] ::1 /zky/index.php/Admin/Index/Js/bootstrap.js
ERR: 非法操作:js

[ 2016-10-23T14:54:03+08:00 ] ::1 /zky/index.php/Admin/Index/Js/ckform.js
ERR: 非法操作:js

[ 2016-10-23T14:54:03+08:00 ] ::1 /zky/index.php/Admin/Index/Js/common.js
ERR: 非法操作:js

[ 2016-10-23T14:54:05+08:00 ] ::1 /zky/index.php/Admin/Inform/Css/style.css
ERR: 非法操作:css

[ 2016-10-23T14:54:05+08:00 ] ::1 /zky/index.php/Admin/Inform/Js/jquery2.sorted.js
ERR: 非法操作:js

[ 2016-10-23T14:54:05+08:00 ] ::1 /zky/index.php/Admin/Inform/Css/bootstrap-responsive.css
ERR: 非法操作:css

[ 2016-10-23T14:54:05+08:00 ] ::1 /zky/index.php/Admin/Inform/Js/jquery2.js
ERR: 非法操作:js

[ 2016-10-23T14:54:05+08:00 ] ::1 /zky/index.php/Admin/Inform/Js/bootstrap.js
ERR: 非法操作:js

[ 2016-10-23T14:54:05+08:00 ] ::1 /zky/index.php/Admin/Inform/Js/ckform.js
ERR: 非法操作:js

[ 2016-10-23T14:54:05+08:00 ] ::1 /zky/index.php/Admin/Inform/Css/bootstrap.css
ERR: 非法操作:css

[ 2016-10-23T14:54:05+08:00 ] ::1 /zky/index.php/Admin/Inform/Js/common.js
ERR: 非法操作:js

[ 2016-10-23T14:54:05+08:00 ] ::1 /zky/index.php/Admin/Inform/Js/jquery2.sorted.js
ERR: 非法操作:js

[ 2016-10-23T14:54:05+08:00 ] ::1 /zky/index.php/Admin/Inform/Js/bootstrap.js
ERR: 非法操作:js

[ 2016-10-23T14:54:05+08:00 ] ::1 /zky/index.php/Admin/Inform/Js/ckform.js
ERR: 非法操作:js

[ 2016-10-23T14:54:05+08:00 ] ::1 /zky/index.php/Admin/Inform/Js/common.js
ERR: 非法操作:js

[ 2016-10-23T14:54:09+08:00 ] ::1 /zky/index.php/Admin/Equipment/Css/bootstrap.css
ERR: 非法操作:css

[ 2016-10-23T14:54:09+08:00 ] ::1 /zky/index.php/Admin/Equipment/Css/bootstrap-responsive.css
ERR: 非法操作:css

[ 2016-10-23T14:54:09+08:00 ] ::1 /zky/index.php/Admin/Equipment/Js/jquery2.sorted.js
ERR: 非法操作:js

[ 2016-10-23T14:54:09+08:00 ] ::1 /zky/index.php/Admin/Equipment/Js/jquery2.js
ERR: 非法操作:js

[ 2016-10-23T14:54:09+08:00 ] ::1 /zky/index.php/Admin/Equipment/Css/style.css
ERR: 非法操作:css

[ 2016-10-23T14:54:09+08:00 ] ::1 /zky/index.php/Admin/Equipment/Js/bootstrap.js
ERR: 非法操作:js

[ 2016-10-23T14:54:09+08:00 ] ::1 /zky/index.php/Admin/Equipment/Js/ckform.js
ERR: 非法操作:js

[ 2016-10-23T14:54:09+08:00 ] ::1 /zky/index.php/Admin/Equipment/Js/common.js
ERR: 非法操作:js

[ 2016-10-23T14:54:09+08:00 ] ::1 /zky/index.php/Admin/Equipment/Js/jquery2.sorted.js
ERR: 非法操作:js

[ 2016-10-23T14:54:09+08:00 ] ::1 /zky/index.php/Admin/Equipment/Js/bootstrap.js
ERR: 非法操作:js

[ 2016-10-23T14:54:09+08:00 ] ::1 /zky/index.php/Admin/Equipment/Js/ckform.js
ERR: 非法操作:js

[ 2016-10-23T14:54:09+08:00 ] ::1 /zky/index.php/Admin/Equipment/Js/common.js
ERR: 非法操作:js

[ 2016-10-23T14:54:36+08:00 ] ::1 /zky/index.php/Home/Index/__APP__/Home/Login/do_login
INFO: [ app_begin ] --START--
INFO: Run Behavior\ReadHtmlCache [ RunTime:0.001044s ]
INFO: [ app_begin ] --END-- [ RunTime:0.001779s ]
ERR: 非法操作:__app__

[ 2016-10-23T14:54:38+08:00 ] ::1 /zky/index.php/Home/Message/__APP__/Home/Login/do_login
INFO: [ app_begin ] --START--
INFO: Run Behavior\ReadHtmlCache [ RunTime:0.001035s ]
INFO: [ app_begin ] --END-- [ RunTime:0.001784s ]
NOTIC: [8192] mysql_connect(): The mysql extension is deprecated and will be removed in the future: use mysqli or PDO instead D:\wamp\www\zky\ThinkPHP\Library\Think\Db\Driver\Mysql.class.php 第 52 行.
SQL: SHOW COLUMNS FROM `tp_user` [ RunTime:0.008627s ]
SQL: SELECT `say` FROM `tp_user` WHERE ( id = 6  ) LIMIT 1   [ RunTime:0.000374s ]
ERR: 非法操作:__app__

[ 2016-10-23T14:54:42+08:00 ] ::1 /zky/index.php/Home/Message/__APP__/Home/Login/do_login
INFO: [ app_begin ] --START--
INFO: Run Behavior\ReadHtmlCache [ RunTime:0.000943s ]
INFO: [ app_begin ] --END-- [ RunTime:0.002224s ]
NOTIC: [8192] mysql_connect(): The mysql extension is deprecated and will be removed in the future: use mysqli or PDO instead D:\wamp\www\zky\ThinkPHP\Library\Think\Db\Driver\Mysql.class.php 第 52 行.
SQL: SHOW COLUMNS FROM `tp_user` [ RunTime:0.007974s ]
SQL: SELECT `say` FROM `tp_user` WHERE ( id = 6  ) LIMIT 1   [ RunTime:0.000630s ]
ERR: 非法操作:__app__

[ 2016-10-23T14:54:44+08:00 ] ::1 /zky/index.php/Home/Message/__APP__/Home/Login/do_login
INFO: [ app_begin ] --START--
INFO: Run Behavior\ReadHtmlCache [ RunTime:0.000892s ]
INFO: [ app_begin ] --END-- [ RunTime:0.001751s ]
NOTIC: [8192] mysql_connect(): The mysql extension is deprecated and will be removed in the future: use mysqli or PDO instead D:\wamp\www\zky\ThinkPHP\Library\Think\Db\Driver\Mysql.class.php 第 52 行.
SQL: SHOW COLUMNS FROM `tp_user` [ RunTime:0.024247s ]
SQL: SELECT `say` FROM `tp_user` WHERE ( id = 6  ) LIMIT 1   [ RunTime:0.000486s ]
ERR: 非法操作:__app__

[ 2016-10-23T14:54:46+08:00 ] ::1 /zky/index.php/Home/Message/__APP__/Home/Login/do_login
INFO: [ app_begin ] --START--
INFO: Run Behavior\ReadHtmlCache [ RunTime:0.000831s ]
INFO: [ app_begin ] --END-- [ RunTime:0.001691s ]
NOTIC: [8192] mysql_connect(): The mysql extension is deprecated and will be removed in the future: use mysqli or PDO instead D:\wamp\www\zky\ThinkPHP\Library\Think\Db\Driver\Mysql.class.php 第 52 行.
SQL: SHOW COLUMNS FROM `tp_user` [ RunTime:0.017525s ]
SQL: SELECT `say` FROM `tp_user` WHERE ( id = 6  ) LIMIT 1   [ RunTime:0.000309s ]
ERR: 非法操作:__app__

[ 2016-10-23T14:55:06+08:00 ] ::1 /zky/index.php/Home/Message/__APP__/Home/Login/do_login
INFO: [ app_begin ] --START--
INFO: Run Behavior\ReadHtmlCache [ RunTime:0.001049s ]
INFO: [ app_begin ] --END-- [ RunTime:0.002101s ]
NOTIC: [8192] mysql_connect(): The mysql extension is deprecated and will be removed in the future: use mysqli or PDO instead D:\wamp\www\zky\ThinkPHP\Library\Think\Db\Driver\Mysql.class.php 第 52 行.
SQL: SHOW COLUMNS FROM `tp_user` [ RunTime:0.015907s ]
SQL: SELECT `say` FROM `tp_user` WHERE ( id = 6  ) LIMIT 1   [ RunTime:0.000314s ]
ERR: 非法操作:__app__

[ 2016-10-23T14:56:35+08:00 ] ::1 /zky/index.php/Home/Message/__APP__/Home/Login/do_login
INFO: [ app_begin ] --START--
INFO: Run Behavior\ReadHtmlCache [ RunTime:0.000851s ]
INFO: [ app_begin ] --END-- [ RunTime:0.001646s ]
NOTIC: [8192] mysql_connect(): The mysql extension is deprecated and will be removed in the future: use mysqli or PDO instead D:\wamp\www\zky\ThinkPHP\Library\Think\Db\Driver\Mysql.class.php 第 52 行.
SQL: SHOW COLUMNS FROM `tp_user` [ RunTime:0.016552s ]
SQL: SELECT `say` FROM `tp_user` WHERE ( id = 6  ) LIMIT 1   [ RunTime:0.000344s ]
ERR: 非法操作:__app__

[ 2016-10-23T14:56:38+08:00 ] ::1 /zky/index.php/Home/Message/__APP__/Home/Login/do_login
INFO: [ app_begin ] --START--
INFO: Run Behavior\ReadHtmlCache [ RunTime:0.000667s ]
INFO: [ app_begin ] --END-- [ RunTime:0.001343s ]
NOTIC: [8192] mysql_connect(): The mysql extension is deprecated and will be removed in the future: use mysqli or PDO instead D:\wamp\www\zky\ThinkPHP\Library\Think\Db\Driver\Mysql.class.php 第 52 行.
SQL: SHOW COLUMNS FROM `tp_user` [ RunTime:0.012815s ]
SQL: SELECT `say` FROM `tp_user` WHERE ( id = 6  ) LIMIT 1   [ RunTime:0.000317s ]
ERR: 非法操作:__app__

[ 2016-10-23T14:56:42+08:00 ] ::1 /zky/index.php/Home/Message/do_see/id/__APP__/Home/Login/do_login
INFO: [ app_begin ] --START--
INFO: Run Behavior\ReadHtmlCache [ RunTime:0.000983s ]
INFO: [ app_begin ] --END-- [ RunTime:0.001732s ]
NOTIC: [8192] mysql_connect(): The mysql extension is deprecated and will be removed in the future: use mysqli or PDO instead D:\wamp\www\zky\ThinkPHP\Library\Think\Db\Driver\Mysql.class.php 第 52 行.
SQL: SHOW COLUMNS FROM `tp_user` [ RunTime:0.018859s ]
SQL: SELECT `say` FROM `tp_user` WHERE ( id = 6  ) LIMIT 1   [ RunTime:0.000345s ]
SQL: SHOW COLUMNS FROM `tp_answer` [ RunTime:0.008672s ]
SQL: SELECT COUNT(*) AS tp_count FROM `tp_answer` WHERE ( messageid = __APP__ ) LIMIT 1   [ RunTime:0.000260s ]
ERR: 1054:Champ '__APP__' inconnu dans where clause
 [ SQL语句 ] : SELECT COUNT(*) AS tp_count FROM `tp_answer` WHERE ( messageid = __APP__ ) LIMIT 1  
SQL: SHOW COLUMNS FROM `tp_message` [ RunTime:0.010284s ]
SQL: SELECT * FROM `tp_message` WHERE ( id = __APP__ ) LIMIT 1   [ RunTime:0.000251s ]
ERR: 1054:Champ '__APP__' inconnu dans where clause
 [ SQL语句 ] : SELECT * FROM `tp_message` WHERE ( id = __APP__ ) LIMIT 1  
SQL: SELECT * FROM `tp_answer` WHERE ( messageid = __APP__ ) LIMIT 0,5   [ RunTime:0.000345s ]
ERR: 1054:Champ '__APP__' inconnu dans where clause
 [ SQL语句 ] : SELECT * FROM `tp_answer` WHERE ( messageid = __APP__ ) LIMIT 0,5  
INFO: [ view_parse ] --START--
INFO: [ template_filter ] --START--
INFO: Run Behavior\ContentReplace [ RunTime:0.000096s ]
INFO: [ template_filter ] --END-- [ RunTime:0.000249s ]
INFO: Run Behavior\ParseTemplate [ RunTime:0.046471s ]
INFO: [ view_parse ] --END-- [ RunTime:0.046626s ]
INFO: [ view_filter ] --START--
INFO: Run Behavior\WriteHtmlCache [ RunTime:0.000286s ]
INFO: [ view_filter ] --END-- [ RunTime:0.000418s ]
INFO: [ app_end ] --START--
INFO: Run Behavior\ShowPageTrace [ RunTime:0.000425s ]
INFO: [ app_end ] --END-- [ RunTime:0.000590s ]

[ 2016-10-23T14:56:47+08:00 ] ::1 /zky/index.php/Home/Message/do_see/id/__APP__/Home/Login/do_login
INFO: [ app_begin ] --START--
INFO: Run Behavior\ReadHtmlCache [ RunTime:0.000850s ]
INFO: [ app_begin ] --END-- [ RunTime:0.001604s ]
NOTIC: [8192] mysql_connect(): The mysql extension is deprecated and will be removed in the future: use mysqli or PDO instead D:\wamp\www\zky\ThinkPHP\Library\Think\Db\Driver\Mysql.class.php 第 52 行.
SQL: SHOW COLUMNS FROM `tp_user` [ RunTime:0.006785s ]
SQL: SELECT `say` FROM `tp_user` WHERE ( id = 6  ) LIMIT 1   [ RunTime:0.000310s ]
SQL: SHOW COLUMNS FROM `tp_answer` [ RunTime:0.009227s ]
SQL: SELECT COUNT(*) AS tp_count FROM `tp_answer` WHERE ( messageid = __APP__ ) LIMIT 1   [ RunTime:0.000229s ]
ERR: 1054:Champ '__APP__' inconnu dans where clause
 [ SQL语句 ] : SELECT COUNT(*) AS tp_count FROM `tp_answer` WHERE ( messageid = __APP__ ) LIMIT 1  
SQL: SHOW COLUMNS FROM `tp_message` [ RunTime:0.008554s ]
SQL: SELECT * FROM `tp_message` WHERE ( id = __APP__ ) LIMIT 1   [ RunTime:0.000232s ]
ERR: 1054:Champ '__APP__' inconnu dans where clause
 [ SQL语句 ] : SELECT * FROM `tp_message` WHERE ( id = __APP__ ) LIMIT 1  
SQL: SELECT * FROM `tp_answer` WHERE ( messageid = __APP__ ) LIMIT 0,5   [ RunTime:0.000242s ]
ERR: 1054:Champ '__APP__' inconnu dans where clause
 [ SQL语句 ] : SELECT * FROM `tp_answer` WHERE ( messageid = __APP__ ) LIMIT 0,5  
INFO: [ view_parse ] --START--
INFO: [ template_filter ] --START--
INFO: Run Behavior\ContentReplace [ RunTime:0.000131s ]
INFO: [ template_filter ] --END-- [ RunTime:0.000325s ]
INFO: Run Behavior\ParseTemplate [ RunTime:0.010593s ]
INFO: [ view_parse ] --END-- [ RunTime:0.010748s ]
INFO: [ view_filter ] --START--
INFO: Run Behavior\WriteHtmlCache [ RunTime:0.000299s ]
INFO: [ view_filter ] --END-- [ RunTime:0.000431s ]
INFO: [ app_end ] --START--
INFO: Run Behavior\ShowPageTrace [ RunTime:0.000472s ]
INFO: [ app_end ] --END-- [ RunTime:0.000592s ]

[ 2016-10-23T14:56:48+08:00 ] ::1 /zky/index.php/Home/Message/do_see/id/__APP__/Home/Login/do_login
INFO: [ app_begin ] --START--
INFO: Run Behavior\ReadHtmlCache [ RunTime:0.000776s ]
INFO: [ app_begin ] --END-- [ RunTime:0.001623s ]
NOTIC: [8192] mysql_connect(): The mysql extension is deprecated and will be removed in the future: use mysqli or PDO instead D:\wamp\www\zky\ThinkPHP\Library\Think\Db\Driver\Mysql.class.php 第 52 行.
SQL: SHOW COLUMNS FROM `tp_user` [ RunTime:0.011122s ]
SQL: SELECT `say` FROM `tp_user` WHERE ( id = 6  ) LIMIT 1   [ RunTime:0.000939s ]
SQL: SHOW COLUMNS FROM `tp_answer` [ RunTime:0.006410s ]
SQL: SELECT COUNT(*) AS tp_count FROM `tp_answer` WHERE ( messageid = __APP__ ) LIMIT 1   [ RunTime:0.000315s ]
ERR: 1054:Champ '__APP__' inconnu dans where clause
 [ SQL语句 ] : SELECT COUNT(*) AS tp_count FROM `tp_answer` WHERE ( messageid = __APP__ ) LIMIT 1  
SQL: SHOW COLUMNS FROM `tp_message` [ RunTime:0.006573s ]
SQL: SELECT * FROM `tp_message` WHERE ( id = __APP__ ) LIMIT 1   [ RunTime:0.000248s ]
ERR: 1054:Champ '__APP__' inconnu dans where clause
 [ SQL语句 ] : SELECT * FROM `tp_message` WHERE ( id = __APP__ ) LIMIT 1  
SQL: SELECT * FROM `tp_answer` WHERE ( messageid = __APP__ ) LIMIT 0,5   [ RunTime:0.000249s ]
ERR: 1054:Champ '__APP__' inconnu dans where clause
 [ SQL语句 ] : SELECT * FROM `tp_answer` WHERE ( messageid = __APP__ ) LIMIT 0,5  
INFO: [ view_parse ] --START--
INFO: [ template_filter ] --START--
INFO: Run Behavior\ContentReplace [ RunTime:0.000087s ]
INFO: [ template_filter ] --END-- [ RunTime:0.000217s ]
INFO: Run Behavior\ParseTemplate [ RunTime:0.030789s ]
INFO: [ view_parse ] --END-- [ RunTime:0.030939s ]
INFO: [ view_filter ] --START--
INFO: Run Behavior\WriteHtmlCache [ RunTime:0.000275s ]
INFO: [ view_filter ] --END-- [ RunTime:0.000397s ]
INFO: [ app_end ] --START--
INFO: Run Behavior\ShowPageTrace [ RunTime:0.000442s ]
INFO: [ app_end ] --END-- [ RunTime:0.000575s ]

[ 2016-10-23T14:56:50+08:00 ] ::1 /zky/index.php/Home/Message/do_see/id/__APP__/Home/Login/do_login
INFO: [ app_begin ] --START--
INFO: Run Behavior\ReadHtmlCache [ RunTime:0.000502s ]
INFO: [ app_begin ] --END-- [ RunTime:0.001030s ]
NOTIC: [8192] mysql_connect(): The mysql extension is deprecated and will be removed in the future: use mysqli or PDO instead D:\wamp\www\zky\ThinkPHP\Library\Think\Db\Driver\Mysql.class.php 第 52 行.
SQL: SHOW COLUMNS FROM `tp_user` [ RunTime:0.006848s ]
SQL: SELECT `say` FROM `tp_user` WHERE ( id = 6  ) LIMIT 1   [ RunTime:0.000334s ]
SQL: SHOW COLUMNS FROM `tp_answer` [ RunTime:0.010474s ]
SQL: SELECT COUNT(*) AS tp_count FROM `tp_answer` WHERE ( messageid = __APP__ ) LIMIT 1   [ RunTime:0.000252s ]
ERR: 1054:Champ '__APP__' inconnu dans where clause
 [ SQL语句 ] : SELECT COUNT(*) AS tp_count FROM `tp_answer` WHERE ( messageid = __APP__ ) LIMIT 1  
SQL: SHOW COLUMNS FROM `tp_message` [ RunTime:0.008391s ]
SQL: SELECT * FROM `tp_message` WHERE ( id = __APP__ ) LIMIT 1   [ RunTime:0.000234s ]
ERR: 1054:Champ '__APP__' inconnu dans where clause
 [ SQL语句 ] : SELECT * FROM `tp_message` WHERE ( id = __APP__ ) LIMIT 1  
SQL: SELECT * FROM `tp_answer` WHERE ( messageid = __APP__ ) LIMIT 0,5   [ RunTime:0.000242s ]
ERR: 1054:Champ '__APP__' inconnu dans where clause
 [ SQL语句 ] : SELECT * FROM `tp_answer` WHERE ( messageid = __APP__ ) LIMIT 0,5  
INFO: [ view_parse ] --START--
INFO: [ template_filter ] --START--
INFO: Run Behavior\ContentReplace [ RunTime:0.000088s ]
INFO: [ template_filter ] --END-- [ RunTime:0.000218s ]
INFO: Run Behavior\ParseTemplate [ RunTime:0.010269s ]
INFO: [ view_parse ] --END-- [ RunTime:0.010430s ]
INFO: [ view_filter ] --START--
INFO: Run Behavior\WriteHtmlCache [ RunTime:0.000302s ]
INFO: [ view_filter ] --END-- [ RunTime:0.000418s ]
INFO: [ app_end ] --START--
INFO: Run Behavior\ShowPageTrace [ RunTime:0.000425s ]
INFO: [ app_end ] --END-- [ RunTime:0.000597s ]

[ 2016-10-23T14:56:51+08:00 ] ::1 /zky/index.php/Home/Message/do_see/id/__APP__/Home/Login/do_login
INFO: [ app_begin ] --START--
INFO: Run Behavior\ReadHtmlCache [ RunTime:0.000503s ]
INFO: [ app_begin ] --END-- [ RunTime:0.001031s ]
NOTIC: [8192] mysql_connect(): The mysql extension is deprecated and will be removed in the future: use mysqli or PDO instead D:\wamp\www\zky\ThinkPHP\Library\Think\Db\Driver\Mysql.class.php 第 52 行.
SQL: SHOW COLUMNS FROM `tp_user` [ RunTime:0.008482s ]
SQL: SELECT `say` FROM `tp_user` WHERE ( id = 6  ) LIMIT 1   [ RunTime:0.002050s ]
SQL: SHOW COLUMNS FROM `tp_answer` [ RunTime:0.006802s ]
SQL: SELECT COUNT(*) AS tp_count FROM `tp_answer` WHERE ( messageid = __APP__ ) LIMIT 1   [ RunTime:0.000240s ]
ERR: 1054:Champ '__APP__' inconnu dans where clause
 [ SQL语句 ] : SELECT COUNT(*) AS tp_count FROM `tp_answer` WHERE ( messageid = __APP__ ) LIMIT 1  
SQL: SHOW COLUMNS FROM `tp_message` [ RunTime:0.008823s ]
SQL: SELECT * FROM `tp_message` WHERE ( id = __APP__ ) LIMIT 1   [ RunTime:0.000240s ]
ERR: 1054:Champ '__APP__' inconnu dans where clause
 [ SQL语句 ] : SELECT * FROM `tp_message` WHERE ( id = __APP__ ) LIMIT 1  
SQL: SELECT * FROM `tp_answer` WHERE ( messageid = __APP__ ) LIMIT 0,5   [ RunTime:0.000246s ]
ERR: 1054:Champ '__APP__' inconnu dans where clause
 [ SQL语句 ] : SELECT * FROM `tp_answer` WHERE ( messageid = __APP__ ) LIMIT 0,5  
INFO: [ view_parse ] --START--
INFO: [ template_filter ] --START--
INFO: Run Behavior\ContentReplace [ RunTime:0.000088s ]
INFO: [ template_filter ] --END-- [ RunTime:0.000236s ]
INFO: Run Behavior\ParseTemplate [ RunTime:0.010295s ]
INFO: [ view_parse ] --END-- [ RunTime:0.010433s ]
INFO: [ view_filter ] --START--
INFO: Run Behavior\WriteHtmlCache [ RunTime:0.000293s ]
INFO: [ view_filter ] --END-- [ RunTime:0.000411s ]
INFO: [ app_end ] --START--
INFO: Run Behavior\ShowPageTrace [ RunTime:0.000450s ]
INFO: [ app_end ] --END-- [ RunTime:0.000570s ]

[ 2016-10-23T14:56:53+08:00 ] ::1 /zky/index.php/Home/Message/__APP__/Home/Login/do_login
INFO: [ app_begin ] --START--
INFO: Run Behavior\ReadHtmlCache [ RunTime:0.000447s ]
INFO: [ app_begin ] --END-- [ RunTime:0.000882s ]
NOTIC: [8192] mysql_connect(): The mysql extension is deprecated and will be removed in the future: use mysqli or PDO instead D:\wamp\www\zky\ThinkPHP\Library\Think\Db\Driver\Mysql.class.php 第 52 行.
SQL: SHOW COLUMNS FROM `tp_user` [ RunTime:0.006799s ]
SQL: SELECT `say` FROM `tp_user` WHERE ( id = 6  ) LIMIT 1   [ RunTime:0.000312s ]
ERR: 非法操作:__app__

[ 2016-10-23T14:56:55+08:00 ] ::1 /zky/index.php/Home/Message/__APP__/Home/Login/do_login
INFO: [ app_begin ] --START--
INFO: Run Behavior\ReadHtmlCache [ RunTime:0.001047s ]
INFO: [ app_begin ] --END-- [ RunTime:0.001887s ]
NOTIC: [8192] mysql_connect(): The mysql extension is deprecated and will be removed in the future: use mysqli or PDO instead D:\wamp\www\zky\ThinkPHP\Library\Think\Db\Driver\Mysql.class.php 第 52 行.
SQL: SHOW COLUMNS FROM `tp_user` [ RunTime:0.014317s ]
SQL: SELECT `say` FROM `tp_user` WHERE ( id = 6  ) LIMIT 1   [ RunTime:0.000441s ]
ERR: 非法操作:__app__

