[ 2016-10-28T08:24:13+08:00 ] ::1 /zky/index.php/Home/Login/do_login
INFO: [ app_begin ] --START--
INFO: Run Behavior\ReadHtmlCache [ RunTime:0.000649s ]
INFO: [ app_begin ] --END-- [ RunTime:0.001360s ]
NOTIC: [8192] mysql_connect(): The mysql extension is deprecated and will be removed in the future: use mysqli or PDO instead D:\wamp\www\zky\ThinkPHP\Library\Think\Db\Driver\Mysql.class.php 第 52 行.
SQL: SHOW COLUMNS FROM `tp_user` [ RunTime:0.011922s ]
SQL: SELECT * FROM `tp_user` WHERE ( username = 2015317200402 ) LIMIT 1   [ RunTime:0.019602s ]
SQL: SELECT `password` FROM `tp_user` WHERE ( username = 2015317200402 ) LIMIT 1   [ RunTime:0.000360s ]
SQL: SELECT `name` FROM `tp_user` WHERE ( username = 2015317200402 ) LIMIT 1   [ RunTime:0.000298s ]
SQL: SELECT `id` FROM `tp_user` WHERE ( username = 2015317200402 ) LIMIT 1   [ RunTime:0.000268s ]
SQL: SELECT `say` FROM `tp_user` WHERE ( username = 2015317200402 ) LIMIT 1   [ RunTime:0.000264s ]

[ 2016-10-28T08:27:04+08:00 ] ::1 /zky/index.php/Home/Login/do_login
INFO: [ app_begin ] --START--
INFO: Run Behavior\ReadHtmlCache [ RunTime:0.000428s ]
INFO: [ app_begin ] --END-- [ RunTime:0.000838s ]
NOTIC: [8192] mysql_connect(): The mysql extension is deprecated and will be removed in the future: use mysqli or PDO instead D:\wamp\www\zky\ThinkPHP\Library\Think\Db\Driver\Mysql.class.php 第 52 行.
SQL: SHOW COLUMNS FROM `tp_user` [ RunTime:0.011420s ]
SQL: SELECT * FROM `tp_user` WHERE ( username = 2015317200402 ) LIMIT 1   [ RunTime:0.001511s ]
SQL: SELECT `password` FROM `tp_user` WHERE ( username = 2015317200402 ) LIMIT 1   [ RunTime:0.000294s ]
SQL: SELECT `name` FROM `tp_user` WHERE ( username = 2015317200402 ) LIMIT 1   [ RunTime:0.000288s ]
SQL: SELECT `id` FROM `tp_user` WHERE ( username = 2015317200402 ) LIMIT 1   [ RunTime:0.000262s ]
SQL: SELECT `say` FROM `tp_user` WHERE ( username = 2015317200402 ) LIMIT 1   [ RunTime:0.000253s ]

[ 2016-10-28T08:27:40+08:00 ] ::1 /zky/index.php/Home/Login/do_login
INFO: [ app_begin ] --START--
INFO: Run Behavior\ReadHtmlCache [ RunTime:0.000436s ]
INFO: [ app_begin ] --END-- [ RunTime:0.000904s ]
NOTIC: [8192] mysql_connect(): The mysql extension is deprecated and will be removed in the future: use mysqli or PDO instead D:\wamp\www\zky\ThinkPHP\Library\Think\Db\Driver\Mysql.class.php 第 52 行.
SQL: SHOW COLUMNS FROM `tp_user` [ RunTime:0.014277s ]
SQL: SELECT * FROM `tp_user` WHERE ( username = 2015317200402 ) LIMIT 1   [ RunTime:0.000373s ]
SQL: SELECT `password` FROM `tp_user` WHERE ( username = 2015317200402 ) LIMIT 1   [ RunTime:0.000270s ]

[ 2016-10-28T08:27:48+08:00 ] ::1 /zky/index.php/Home/Login/do_login
INFO: [ app_begin ] --START--
INFO: Run Behavior\ReadHtmlCache [ RunTime:0.000819s ]
INFO: [ app_begin ] --END-- [ RunTime:0.001280s ]
NOTIC: [8192] mysql_connect(): The mysql extension is deprecated and will be removed in the future: use mysqli or PDO instead D:\wamp\www\zky\ThinkPHP\Library\Think\Db\Driver\Mysql.class.php 第 52 行.
SQL: SHOW COLUMNS FROM `tp_user` [ RunTime:0.012828s ]
INFO: [ app_end ] --START--
INFO: Run Behavior\ShowPageTrace [ RunTime:0.000698s ]
INFO: [ app_end ] --END-- [ RunTime:0.000837s ]

[ 2016-10-28T08:27:50+08:00 ] ::1 /zky/index.php/Home/Login/do_login
INFO: [ app_begin ] --START--
INFO: Run Behavior\ReadHtmlCache [ RunTime:0.000451s ]
INFO: [ app_begin ] --END-- [ RunTime:0.000882s ]
NOTIC: [8192] mysql_connect(): The mysql extension is deprecated and will be removed in the future: use mysqli or PDO instead D:\wamp\www\zky\ThinkPHP\Library\Think\Db\Driver\Mysql.class.php 第 52 行.
SQL: SHOW COLUMNS FROM `tp_user` [ RunTime:0.011561s ]
INFO: [ app_end ] --START--
INFO: Run Behavior\ShowPageTrace [ RunTime:0.000562s ]
INFO: [ app_end ] --END-- [ RunTime:0.000722s ]

[ 2016-10-28T08:27:50+08:00 ] ::1 /zky/index.php/Home/Login/do_login
INFO: [ app_begin ] --START--
INFO: Run Behavior\ReadHtmlCache [ RunTime:0.000469s ]
INFO: [ app_begin ] --END-- [ RunTime:0.000880s ]
NOTIC: [8192] mysql_connect(): The mysql extension is deprecated and will be removed in the future: use mysqli or PDO instead D:\wamp\www\zky\ThinkPHP\Library\Think\Db\Driver\Mysql.class.php 第 52 行.
SQL: SHOW COLUMNS FROM `tp_user` [ RunTime:0.007124s ]
INFO: [ app_end ] --START--
INFO: Run Behavior\ShowPageTrace [ RunTime:0.000582s ]
INFO: [ app_end ] --END-- [ RunTime:0.000720s ]

[ 2016-10-28T08:27:51+08:00 ] ::1 /zky/index.php/Home/Login/do_login
INFO: [ app_begin ] --START--
INFO: Run Behavior\ReadHtmlCache [ RunTime:0.000520s ]
INFO: [ app_begin ] --END-- [ RunTime:0.001419s ]
NOTIC: [8192] mysql_connect(): The mysql extension is deprecated and will be removed in the future: use mysqli or PDO instead D:\wamp\www\zky\ThinkPHP\Library\Think\Db\Driver\Mysql.class.php 第 52 行.
SQL: SHOW COLUMNS FROM `tp_user` [ RunTime:0.013209s ]
INFO: [ app_end ] --START--
INFO: Run Behavior\ShowPageTrace [ RunTime:0.000549s ]
INFO: [ app_end ] --END-- [ RunTime:0.000687s ]

[ 2016-10-28T08:27:53+08:00 ] ::1 /zky/index.php/Home/Login/do_login
INFO: [ app_begin ] --START--
INFO: Run Behavior\ReadHtmlCache [ RunTime:0.000441s ]
INFO: [ app_begin ] --END-- [ RunTime:0.000854s ]
NOTIC: [8192] mysql_connect(): The mysql extension is deprecated and will be removed in the future: use mysqli or PDO instead D:\wamp\www\zky\ThinkPHP\Library\Think\Db\Driver\Mysql.class.php 第 52 行.
SQL: SHOW COLUMNS FROM `tp_user` [ RunTime:0.013471s ]
INFO: [ app_end ] --START--
INFO: Run Behavior\ShowPageTrace [ RunTime:0.000589s ]
INFO: [ app_end ] --END-- [ RunTime:0.000743s ]

[ 2016-10-28T08:27:53+08:00 ] ::1 /zky/index.php/Home/Login/do_login
INFO: [ app_begin ] --START--
INFO: Run Behavior\ReadHtmlCache [ RunTime:0.000438s ]
INFO: [ app_begin ] --END-- [ RunTime:0.000869s ]
NOTIC: [8192] mysql_connect(): The mysql extension is deprecated and will be removed in the future: use mysqli or PDO instead D:\wamp\www\zky\ThinkPHP\Library\Think\Db\Driver\Mysql.class.php 第 52 行.
SQL: SHOW COLUMNS FROM `tp_user` [ RunTime:0.006791s ]
INFO: [ app_end ] --START--
INFO: Run Behavior\ShowPageTrace [ RunTime:0.000545s ]
INFO: [ app_end ] --END-- [ RunTime:0.000694s ]

[ 2016-10-28T08:27:53+08:00 ] ::1 /zky/index.php/Home/Login/do_login
INFO: [ app_begin ] --START--
INFO: Run Behavior\ReadHtmlCache [ RunTime:0.000428s ]
INFO: [ app_begin ] --END-- [ RunTime:0.000846s ]
NOTIC: [8192] mysql_connect(): The mysql extension is deprecated and will be removed in the future: use mysqli or PDO instead D:\wamp\www\zky\ThinkPHP\Library\Think\Db\Driver\Mysql.class.php 第 52 行.
SQL: SHOW COLUMNS FROM `tp_user` [ RunTime:0.006842s ]
INFO: [ app_end ] --START--
INFO: Run Behavior\ShowPageTrace [ RunTime:0.000606s ]
INFO: [ app_end ] --END-- [ RunTime:0.000753s ]

[ 2016-10-28T08:27:53+08:00 ] ::1 /zky/index.php/Home/Login/do_login
INFO: [ app_begin ] --START--
INFO: Run Behavior\ReadHtmlCache [ RunTime:0.000439s ]
INFO: [ app_begin ] --END-- [ RunTime:0.000868s ]
NOTIC: [8192] mysql_connect(): The mysql extension is deprecated and will be removed in the future: use mysqli or PDO instead D:\wamp\www\zky\ThinkPHP\Library\Think\Db\Driver\Mysql.class.php 第 52 行.
SQL: SHOW COLUMNS FROM `tp_user` [ RunTime:0.007063s ]
INFO: [ app_end ] --START--
INFO: Run Behavior\ShowPageTrace [ RunTime:0.000626s ]
INFO: [ app_end ] --END-- [ RunTime:0.000788s ]

[ 2016-10-28T08:27:53+08:00 ] ::1 /zky/index.php/Home/Login/do_login
INFO: [ app_begin ] --START--
INFO: Run Behavior\ReadHtmlCache [ RunTime:0.000459s ]
INFO: [ app_begin ] --END-- [ RunTime:0.000914s ]
NOTIC: [8192] mysql_connect(): The mysql extension is deprecated and will be removed in the future: use mysqli or PDO instead D:\wamp\www\zky\ThinkPHP\Library\Think\Db\Driver\Mysql.class.php 第 52 行.
SQL: SHOW COLUMNS FROM `tp_user` [ RunTime:0.006982s ]
INFO: [ app_end ] --START--
INFO: Run Behavior\ShowPageTrace [ RunTime:0.000674s ]
INFO: [ app_end ] --END-- [ RunTime:0.000821s ]

[ 2016-10-28T08:27:54+08:00 ] ::1 /zky/index.php/Home/Login/do_login
INFO: [ app_begin ] --START--
INFO: Run Behavior\ReadHtmlCache [ RunTime:0.000428s ]
INFO: [ app_begin ] --END-- [ RunTime:0.000884s ]
NOTIC: [8192] mysql_connect(): The mysql extension is deprecated and will be removed in the future: use mysqli or PDO instead D:\wamp\www\zky\ThinkPHP\Library\Think\Db\Driver\Mysql.class.php 第 52 行.
SQL: SHOW COLUMNS FROM `tp_user` [ RunTime:0.011290s ]
INFO: [ app_end ] --START--
INFO: Run Behavior\ShowPageTrace [ RunTime:0.000536s ]
INFO: [ app_end ] --END-- [ RunTime:0.000682s ]

[ 2016-10-28T08:27:54+08:00 ] ::1 /zky/index.php/Home/Login/do_login
INFO: [ app_begin ] --START--
INFO: Run Behavior\ReadHtmlCache [ RunTime:0.000449s ]
INFO: [ app_begin ] --END-- [ RunTime:0.000846s ]
NOTIC: [8192] mysql_connect(): The mysql extension is deprecated and will be removed in the future: use mysqli or PDO instead D:\wamp\www\zky\ThinkPHP\Library\Think\Db\Driver\Mysql.class.php 第 52 行.
SQL: SHOW COLUMNS FROM `tp_user` [ RunTime:0.006715s ]
INFO: [ app_end ] --START--
INFO: Run Behavior\ShowPageTrace [ RunTime:0.000559s ]
INFO: [ app_end ] --END-- [ RunTime:0.000692s ]

[ 2016-10-28T08:27:58+08:00 ] ::1 /zky/index.php/Home/Login/do_login
INFO: [ app_begin ] --START--
INFO: Run Behavior\ReadHtmlCache [ RunTime:0.000577s ]
INFO: [ app_begin ] --END-- [ RunTime:0.001151s ]
NOTIC: [8192] mysql_connect(): The mysql extension is deprecated and will be removed in the future: use mysqli or PDO instead D:\wamp\www\zky\ThinkPHP\Library\Think\Db\Driver\Mysql.class.php 第 52 行.
SQL: SHOW COLUMNS FROM `tp_user` [ RunTime:0.013657s ]
SQL: SELECT * FROM `tp_user` WHERE ( username = 2015317200402 ) LIMIT 1   [ RunTime:0.000419s ]
SQL: SELECT `password` FROM `tp_user` WHERE ( username = 2015317200402 ) LIMIT 1   [ RunTime:0.000343s ]
SQL: SELECT `name` FROM `tp_user` WHERE ( username = 2015317200402 ) LIMIT 1   [ RunTime:0.000277s ]
SQL: SELECT `id` FROM `tp_user` WHERE ( username = 2015317200402 ) LIMIT 1   [ RunTime:0.000272s ]
SQL: SELECT `say` FROM `tp_user` WHERE ( username = 2015317200402 ) LIMIT 1   [ RunTime:0.000266s ]

[ 2016-10-28T08:28:26+08:00 ] ::1 /zky/index.php/Home/Login/do_login
INFO: [ app_begin ] --START--
INFO: Run Behavior\ReadHtmlCache [ RunTime:0.000431s ]
INFO: [ app_begin ] --END-- [ RunTime:0.000861s ]
NOTIC: [8192] mysql_connect(): The mysql extension is deprecated and will be removed in the future: use mysqli or PDO instead D:\wamp\www\zky\ThinkPHP\Library\Think\Db\Driver\Mysql.class.php 第 52 行.
SQL: SHOW COLUMNS FROM `tp_user` [ RunTime:0.014211s ]
SQL: SELECT * FROM `tp_user` WHERE ( username = 2015317200402 ) LIMIT 1   [ RunTime:0.000463s ]
SQL: SELECT `password` FROM `tp_user` WHERE ( username = 2015317200402 ) LIMIT 1   [ RunTime:0.000304s ]
SQL: SELECT `name` FROM `tp_user` WHERE ( username = 2015317200402 ) LIMIT 1   [ RunTime:0.000263s ]
SQL: SELECT `id` FROM `tp_user` WHERE ( username = 2015317200402 ) LIMIT 1   [ RunTime:0.000264s ]
SQL: SELECT `say` FROM `tp_user` WHERE ( username = 2015317200402 ) LIMIT 1   [ RunTime:0.000282s ]

[ 2016-10-28T08:29:56+08:00 ] ::1 /zky/index.php/Home/Login/do_login
INFO: [ app_begin ] --START--
INFO: Run Behavior\ReadHtmlCache [ RunTime:0.000486s ]
INFO: [ app_begin ] --END-- [ RunTime:0.001312s ]
NOTIC: [8192] mysql_connect(): The mysql extension is deprecated and will be removed in the future: use mysqli or PDO instead D:\wamp\www\zky\ThinkPHP\Library\Think\Db\Driver\Mysql.class.php 第 52 行.
SQL: SHOW COLUMNS FROM `tp_user` [ RunTime:0.013370s ]
SQL: SELECT * FROM `tp_user` WHERE ( username = 2015317200402 ) LIMIT 1   [ RunTime:0.000386s ]
SQL: SELECT `password` FROM `tp_user` WHERE ( username = 2015317200402 ) LIMIT 1   [ RunTime:0.000281s ]
SQL: SELECT `name` FROM `tp_user` WHERE ( username = 2015317200402 ) LIMIT 1   [ RunTime:0.000285s ]
SQL: SELECT `id` FROM `tp_user` WHERE ( username = 2015317200402 ) LIMIT 1   [ RunTime:0.000287s ]
SQL: SELECT `say` FROM `tp_user` WHERE ( username = 2015317200402 ) LIMIT 1   [ RunTime:0.000318s ]

[ 2016-10-28T08:30:01+08:00 ] ::1 /zky/index.php/Home/Login/do_login
INFO: [ app_begin ] --START--
INFO: Run Behavior\ReadHtmlCache [ RunTime:0.001112s ]
INFO: [ app_begin ] --END-- [ RunTime:0.002043s ]
NOTIC: [8192] mysql_connect(): The mysql extension is deprecated and will be removed in the future: use mysqli or PDO instead D:\wamp\www\zky\ThinkPHP\Library\Think\Db\Driver\Mysql.class.php 第 52 行.
SQL: SHOW COLUMNS FROM `tp_user` [ RunTime:0.017949s ]
SQL: SELECT * FROM `tp_user` WHERE ( username = 2015317200402 ) LIMIT 1   [ RunTime:0.001669s ]
SQL: SELECT `password` FROM `tp_user` WHERE ( username = 2015317200402 ) LIMIT 1   [ RunTime:0.000420s ]
SQL: SELECT `name` FROM `tp_user` WHERE ( username = 2015317200402 ) LIMIT 1   [ RunTime:0.000665s ]
SQL: SELECT `id` FROM `tp_user` WHERE ( username = 2015317200402 ) LIMIT 1   [ RunTime:0.000626s ]
SQL: SELECT `say` FROM `tp_user` WHERE ( username = 2015317200402 ) LIMIT 1   [ RunTime:0.000509s ]

[ 2016-10-28T08:33:15+08:00 ] ::1 /zky/index.php/Home/Login/do_login
INFO: [ app_begin ] --START--
INFO: Run Behavior\ReadHtmlCache [ RunTime:0.000706s ]
INFO: [ app_begin ] --END-- [ RunTime:0.001453s ]
NOTIC: [8192] mysql_connect(): The mysql extension is deprecated and will be removed in the future: use mysqli or PDO instead D:\wamp\www\zky\ThinkPHP\Library\Think\Db\Driver\Mysql.class.php 第 52 行.
SQL: SHOW COLUMNS FROM `tp_user` [ RunTime:0.214842s ]
SQL: SELECT * FROM `tp_user` WHERE ( username = 2015317200402 ) LIMIT 1   [ RunTime:0.000948s ]
SQL: SELECT `password` FROM `tp_user` WHERE ( username = 2015317200402 ) LIMIT 1   [ RunTime:0.000625s ]
SQL: SELECT `name` FROM `tp_user` WHERE ( username = 2015317200402 ) LIMIT 1   [ RunTime:0.000635s ]
SQL: SELECT `id` FROM `tp_user` WHERE ( username = 2015317200402 ) LIMIT 1   [ RunTime:0.000653s ]
SQL: SELECT `say` FROM `tp_user` WHERE ( username = 2015317200402 ) LIMIT 1   [ RunTime:0.001684s ]

[ 2016-10-28T08:36:30+08:00 ] ::1 /zky/index.php/Home/Login/do_login
INFO: [ app_begin ] --START--
INFO: Run Behavior\ReadHtmlCache [ RunTime:0.000446s ]
INFO: [ app_begin ] --END-- [ RunTime:0.001008s ]
NOTIC: [8192] mysql_connect(): The mysql extension is deprecated and will be removed in the future: use mysqli or PDO instead D:\wamp\www\zky\ThinkPHP\Library\Think\Db\Driver\Mysql.class.php 第 52 行.
SQL: SHOW COLUMNS FROM `tp_user` [ RunTime:0.019225s ]
SQL: SELECT * FROM `tp_user` WHERE ( username = 2015317200402 ) LIMIT 1   [ RunTime:0.000556s ]
SQL: SELECT `password` FROM `tp_user` WHERE ( username = 2015317200402 ) LIMIT 1   [ RunTime:0.000332s ]
SQL: SELECT `name` FROM `tp_user` WHERE ( username = 2015317200402 ) LIMIT 1   [ RunTime:0.000295s ]
SQL: SELECT `id` FROM `tp_user` WHERE ( username = 2015317200402 ) LIMIT 1   [ RunTime:0.000283s ]
SQL: SELECT `say` FROM `tp_user` WHERE ( username = 2015317200402 ) LIMIT 1   [ RunTime:0.000284s ]

[ 2016-10-28T08:41:38+08:00 ] ::1 /zky/index.php/Home/Login/do_login
INFO: [ app_begin ] --START--
INFO: Run Behavior\ReadHtmlCache [ RunTime:0.001465s ]
INFO: [ app_begin ] --END-- [ RunTime:0.002647s ]
NOTIC: [8192] mysql_connect(): The mysql extension is deprecated and will be removed in the future: use mysqli or PDO instead D:\wamp\www\zky\ThinkPHP\Library\Think\Db\Driver\Mysql.class.php 第 52 行.
SQL: SHOW COLUMNS FROM `tp_user` [ RunTime:0.022079s ]
SQL: SELECT * FROM `tp_user` WHERE ( username = 2015317200402 ) LIMIT 1   [ RunTime:0.000499s ]
SQL: SELECT `password` FROM `tp_user` WHERE ( username = 2015317200402 ) LIMIT 1   [ RunTime:0.000368s ]
SQL: SELECT `name` FROM `tp_user` WHERE ( username = 2015317200402 ) LIMIT 1   [ RunTime:0.000332s ]
SQL: SELECT `id` FROM `tp_user` WHERE ( username = 2015317200402 ) LIMIT 1   [ RunTime:0.000329s ]
SQL: SELECT `say` FROM `tp_user` WHERE ( username = 2015317200402 ) LIMIT 1   [ RunTime:0.000316s ]

[ 2016-10-28T08:42:49+08:00 ] ::1 /zky/index.php/Home/Login/do_login
INFO: [ app_begin ] --START--
INFO: Run Behavior\ReadHtmlCache [ RunTime:0.000663s ]
INFO: [ app_begin ] --END-- [ RunTime:0.001189s ]
NOTIC: [8192] mysql_connect(): The mysql extension is deprecated and will be removed in the future: use mysqli or PDO instead D:\wamp\www\zky\ThinkPHP\Library\Think\Db\Driver\Mysql.class.php 第 52 行.
SQL: SHOW COLUMNS FROM `tp_user` [ RunTime:0.016648s ]
SQL: SELECT * FROM `tp_user` WHERE ( username = 2015317200402 ) LIMIT 1   [ RunTime:0.000428s ]
SQL: SELECT `password` FROM `tp_user` WHERE ( username = 2015317200402 ) LIMIT 1   [ RunTime:0.000300s ]
SQL: SELECT `name` FROM `tp_user` WHERE ( username = 2015317200402 ) LIMIT 1   [ RunTime:0.001122s ]
SQL: SELECT `id` FROM `tp_user` WHERE ( username = 2015317200402 ) LIMIT 1   [ RunTime:0.001130s ]
SQL: SELECT `say` FROM `tp_user` WHERE ( username = 2015317200402 ) LIMIT 1   [ RunTime:0.000384s ]

[ 2016-10-28T08:44:57+08:00 ] ::1 /zky/index.php/Home/Login/do_login
INFO: [ app_begin ] --START--
INFO: Run Behavior\ReadHtmlCache [ RunTime:0.002943s ]
INFO: [ app_begin ] --END-- [ RunTime:0.004882s ]
NOTIC: [8192] mysql_connect(): The mysql extension is deprecated and will be removed in the future: use mysqli or PDO instead D:\wamp\www\zky\ThinkPHP\Library\Think\Db\Driver\Mysql.class.php 第 52 行.
SQL: SHOW COLUMNS FROM `tp_user` [ RunTime:0.015786s ]
SQL: SELECT * FROM `tp_user` WHERE ( username = 2015317200402 ) LIMIT 1   [ RunTime:0.000393s ]
SQL: SELECT `password` FROM `tp_user` WHERE ( username = 2015317200402 ) LIMIT 1   [ RunTime:0.000288s ]
SQL: SELECT `name` FROM `tp_user` WHERE ( username = 2015317200402 ) LIMIT 1   [ RunTime:0.000514s ]
SQL: SELECT `id` FROM `tp_user` WHERE ( username = 2015317200402 ) LIMIT 1   [ RunTime:0.001184s ]
SQL: SELECT `say` FROM `tp_user` WHERE ( username = 2015317200402 ) LIMIT 1   [ RunTime:0.000330s ]

[ 2016-10-28T08:47:50+08:00 ] ::1 /zky/index.php/Home/Login/do_login
INFO: [ app_begin ] --START--
INFO: Run Behavior\ReadHtmlCache [ RunTime:0.000674s ]
INFO: [ app_begin ] --END-- [ RunTime:0.001492s ]
NOTIC: [8192] mysql_connect(): The mysql extension is deprecated and will be removed in the future: use mysqli or PDO instead D:\wamp\www\zky\ThinkPHP\Library\Think\Db\Driver\Mysql.class.php 第 52 行.
SQL: SHOW COLUMNS FROM `tp_user` [ RunTime:0.029485s ]
SQL: SELECT * FROM `tp_user` WHERE ( username = 2015317200402 ) LIMIT 1   [ RunTime:0.000791s ]
SQL: SELECT `password` FROM `tp_user` WHERE ( username = 2015317200402 ) LIMIT 1   [ RunTime:0.000796s ]
SQL: SELECT `name` FROM `tp_user` WHERE ( username = 2015317200402 ) LIMIT 1   [ RunTime:0.000567s ]
SQL: SELECT `id` FROM `tp_user` WHERE ( username = 2015317200402 ) LIMIT 1   [ RunTime:0.000325s ]
SQL: SELECT `say` FROM `tp_user` WHERE ( username = 2015317200402 ) LIMIT 1   [ RunTime:0.000282s ]

[ 2016-10-28T08:48:02+08:00 ] ::1 /zky/index.php/Home/Login/do_login
INFO: [ app_begin ] --START--
INFO: Run Behavior\ReadHtmlCache [ RunTime:0.000462s ]
INFO: [ app_begin ] --END-- [ RunTime:0.000862s ]
NOTIC: [8192] mysql_connect(): The mysql extension is deprecated and will be removed in the future: use mysqli or PDO instead D:\wamp\www\zky\ThinkPHP\Library\Think\Db\Driver\Mysql.class.php 第 52 行.
SQL: SHOW COLUMNS FROM `tp_user` [ RunTime:0.012867s ]
SQL: SELECT * FROM `tp_user` WHERE ( username = 2015317200402 ) LIMIT 1   [ RunTime:0.000376s ]
SQL: SELECT `password` FROM `tp_user` WHERE ( username = 2015317200402 ) LIMIT 1   [ RunTime:0.000264s ]
SQL: SELECT `name` FROM `tp_user` WHERE ( username = 2015317200402 ) LIMIT 1   [ RunTime:0.000267s ]
SQL: SELECT `id` FROM `tp_user` WHERE ( username = 2015317200402 ) LIMIT 1   [ RunTime:0.000253s ]
SQL: SELECT `say` FROM `tp_user` WHERE ( username = 2015317200402 ) LIMIT 1   [ RunTime:0.000272s ]

[ 2016-10-28T08:48:15+08:00 ] ::1 /zky/index.php/Home/Login/do_login
INFO: [ app_begin ] --START--
INFO: Run Behavior\ReadHtmlCache [ RunTime:0.000451s ]
INFO: [ app_begin ] --END-- [ RunTime:0.000898s ]
NOTIC: [8192] mysql_connect(): The mysql extension is deprecated and will be removed in the future: use mysqli or PDO instead D:\wamp\www\zky\ThinkPHP\Library\Think\Db\Driver\Mysql.class.php 第 52 行.
SQL: SHOW COLUMNS FROM `tp_user` [ RunTime:0.017200s ]
SQL: SELECT * FROM `tp_user` WHERE ( username = 2015317200402 ) LIMIT 1   [ RunTime:0.000436s ]
SQL: SELECT `password` FROM `tp_user` WHERE ( username = 2015317200402 ) LIMIT 1   [ RunTime:0.000305s ]
SQL: SELECT `name` FROM `tp_user` WHERE ( username = 2015317200402 ) LIMIT 1   [ RunTime:0.000272s ]
SQL: SELECT `id` FROM `tp_user` WHERE ( username = 2015317200402 ) LIMIT 1   [ RunTime:0.000285s ]
SQL: SELECT `say` FROM `tp_user` WHERE ( username = 2015317200402 ) LIMIT 1   [ RunTime:0.000276s ]

[ 2016-10-28T08:48:27+08:00 ] ::1 /zky/index.php/Home/Login/do_login
INFO: [ app_begin ] --START--
INFO: Run Behavior\ReadHtmlCache [ RunTime:0.000421s ]
INFO: [ app_begin ] --END-- [ RunTime:0.000828s ]
NOTIC: [8192] mysql_connect(): The mysql extension is deprecated and will be removed in the future: use mysqli or PDO instead D:\wamp\www\zky\ThinkPHP\Library\Think\Db\Driver\Mysql.class.php 第 52 行.
SQL: SHOW COLUMNS FROM `tp_user` [ RunTime:0.016121s ]
SQL: SELECT * FROM `tp_user` WHERE ( username = 2015317200402 ) LIMIT 1   [ RunTime:0.000408s ]
SQL: SELECT `password` FROM `tp_user` WHERE ( username = 2015317200402 ) LIMIT 1   [ RunTime:0.000268s ]
SQL: SELECT `name` FROM `tp_user` WHERE ( username = 2015317200402 ) LIMIT 1   [ RunTime:0.000288s ]
SQL: SELECT `id` FROM `tp_user` WHERE ( username = 2015317200402 ) LIMIT 1   [ RunTime:0.000272s ]
SQL: SELECT `say` FROM `tp_user` WHERE ( username = 2015317200402 ) LIMIT 1   [ RunTime:0.000282s ]

[ 2016-10-28T08:48:42+08:00 ] ::1 /zky/index.php/Home/Login/do_login
INFO: [ app_begin ] --START--
INFO: Run Behavior\ReadHtmlCache [ RunTime:0.000450s ]
INFO: [ app_begin ] --END-- [ RunTime:0.000872s ]
NOTIC: [8192] mysql_connect(): The mysql extension is deprecated and will be removed in the future: use mysqli or PDO instead D:\wamp\www\zky\ThinkPHP\Library\Think\Db\Driver\Mysql.class.php 第 52 行.
SQL: SHOW COLUMNS FROM `tp_user` [ RunTime:0.015850s ]
SQL: SELECT * FROM `tp_user` WHERE ( username = 2015317200402 ) LIMIT 1   [ RunTime:0.000432s ]
SQL: SELECT `password` FROM `tp_user` WHERE ( username = 2015317200402 ) LIMIT 1   [ RunTime:0.000301s ]
SQL: SELECT `name` FROM `tp_user` WHERE ( username = 2015317200402 ) LIMIT 1   [ RunTime:0.000290s ]
SQL: SELECT `id` FROM `tp_user` WHERE ( username = 2015317200402 ) LIMIT 1   [ RunTime:0.000291s ]
SQL: SELECT `say` FROM `tp_user` WHERE ( username = 2015317200402 ) LIMIT 1   [ RunTime:0.000300s ]

[ 2016-10-28T08:48:55+08:00 ] ::1 /zky/index.php/Home/Login/do_login
INFO: [ app_begin ] --START--
INFO: Run Behavior\ReadHtmlCache [ RunTime:0.000663s ]
INFO: [ app_begin ] --END-- [ RunTime:0.002448s ]
NOTIC: [8192] mysql_connect(): The mysql extension is deprecated and will be removed in the future: use mysqli or PDO instead D:\wamp\www\zky\ThinkPHP\Library\Think\Db\Driver\Mysql.class.php 第 52 行.
SQL: SHOW COLUMNS FROM `tp_user` [ RunTime:0.017986s ]
SQL: SELECT * FROM `tp_user` WHERE ( username = 2015317200402 ) LIMIT 1   [ RunTime:0.000457s ]
SQL: SELECT `password` FROM `tp_user` WHERE ( username = 2015317200402 ) LIMIT 1   [ RunTime:0.000304s ]
SQL: SELECT `name` FROM `tp_user` WHERE ( username = 2015317200402 ) LIMIT 1   [ RunTime:0.000304s ]
SQL: SELECT `id` FROM `tp_user` WHERE ( username = 2015317200402 ) LIMIT 1   [ RunTime:0.000299s ]
SQL: SELECT `say` FROM `tp_user` WHERE ( username = 2015317200402 ) LIMIT 1   [ RunTime:0.000282s ]

[ 2016-10-28T08:49:28+08:00 ] ::1 /zky/index.php/Home/Login/do_login
INFO: [ app_begin ] --START--
INFO: Run Behavior\ReadHtmlCache [ RunTime:0.000458s ]
INFO: [ app_begin ] --END-- [ RunTime:0.000936s ]
NOTIC: [8192] mysql_connect(): The mysql extension is deprecated and will be removed in the future: use mysqli or PDO instead D:\wamp\www\zky\ThinkPHP\Library\Think\Db\Driver\Mysql.class.php 第 52 行.
SQL: SHOW COLUMNS FROM `tp_user` [ RunTime:0.015600s ]
SQL: SELECT * FROM `tp_user` WHERE ( username = 2015317200402 ) LIMIT 1   [ RunTime:0.000426s ]
SQL: SELECT `password` FROM `tp_user` WHERE ( username = 2015317200402 ) LIMIT 1   [ RunTime:0.000331s ]
SQL: SELECT `name` FROM `tp_user` WHERE ( username = 2015317200402 ) LIMIT 1   [ RunTime:0.000327s ]
SQL: SELECT `id` FROM `tp_user` WHERE ( username = 2015317200402 ) LIMIT 1   [ RunTime:0.000258s ]
SQL: SELECT `say` FROM `tp_user` WHERE ( username = 2015317200402 ) LIMIT 1   [ RunTime:0.000260s ]

[ 2016-10-28T08:54:22+08:00 ] ::1 /zky/index.php/Home/Login/do_login
INFO: [ app_begin ] --START--
INFO: Run Behavior\ReadHtmlCache [ RunTime:0.000442s ]
INFO: [ app_begin ] --END-- [ RunTime:0.000872s ]
NOTIC: [8192] mysql_connect(): The mysql extension is deprecated and will be removed in the future: use mysqli or PDO instead D:\wamp\www\zky\ThinkPHP\Library\Think\Db\Driver\Mysql.class.php 第 52 行.
SQL: SHOW COLUMNS FROM `tp_user` [ RunTime:0.018175s ]
SQL: SELECT * FROM `tp_user` WHERE ( username = 2015317200402 ) LIMIT 1   [ RunTime:0.000412s ]
SQL: SELECT `password` FROM `tp_user` WHERE ( username = 2015317200402 ) LIMIT 1   [ RunTime:0.000293s ]
SQL: SELECT `name` FROM `tp_user` WHERE ( username = 2015317200402 ) LIMIT 1   [ RunTime:0.000295s ]
SQL: SELECT `id` FROM `tp_user` WHERE ( username = 2015317200402 ) LIMIT 1   [ RunTime:0.000282s ]
SQL: SELECT `say` FROM `tp_user` WHERE ( username = 2015317200402 ) LIMIT 1   [ RunTime:0.000270s ]

[ 2016-10-28T08:56:32+08:00 ] ::1 /zky/index.php/Home/Login/do_login
INFO: [ app_begin ] --START--
INFO: Run Behavior\ReadHtmlCache [ RunTime:0.000912s ]
INFO: [ app_begin ] --END-- [ RunTime:0.001623s ]
NOTIC: [8192] mysql_connect(): The mysql extension is deprecated and will be removed in the future: use mysqli or PDO instead D:\wamp\www\zky\ThinkPHP\Library\Think\Db\Driver\Mysql.class.php 第 52 行.
SQL: SHOW COLUMNS FROM `tp_user` [ RunTime:0.014785s ]
INFO: [ app_end ] --START--
INFO: Run Behavior\ShowPageTrace [ RunTime:0.000676s ]
INFO: [ app_end ] --END-- [ RunTime:0.000831s ]

[ 2016-10-28T08:56:35+08:00 ] ::1 /zky/index.php/Home/Login/do_login
INFO: [ app_begin ] --START--
INFO: Run Behavior\ReadHtmlCache [ RunTime:0.000516s ]
INFO: [ app_begin ] --END-- [ RunTime:0.001042s ]
NOTIC: [8192] mysql_connect(): The mysql extension is deprecated and will be removed in the future: use mysqli or PDO instead D:\wamp\www\zky\ThinkPHP\Library\Think\Db\Driver\Mysql.class.php 第 52 行.
SQL: SHOW COLUMNS FROM `tp_user` [ RunTime:0.012461s ]
INFO: [ app_end ] --START--
INFO: Run Behavior\ShowPageTrace [ RunTime:0.000677s ]
INFO: [ app_end ] --END-- [ RunTime:0.000878s ]

[ 2016-10-28T08:58:22+08:00 ] ::1 /zky/index.php/Home/Login/do_login
INFO: [ app_begin ] --START--
INFO: Run Behavior\ReadHtmlCache [ RunTime:0.000662s ]
INFO: [ app_begin ] --END-- [ RunTime:0.001269s ]
NOTIC: [8192] mysql_connect(): The mysql extension is deprecated and will be removed in the future: use mysqli or PDO instead D:\wamp\www\zky\ThinkPHP\Library\Think\Db\Driver\Mysql.class.php 第 52 行.
SQL: SHOW COLUMNS FROM `tp_user` [ RunTime:0.037951s ]
INFO: [ app_end ] --START--
INFO: Run Behavior\ShowPageTrace [ RunTime:0.000534s ]
INFO: [ app_end ] --END-- [ RunTime:0.000660s ]

[ 2016-10-28T08:58:37+08:00 ] ::1 /zky/index.php/Home/Login/do_login
INFO: [ app_begin ] --START--
INFO: Run Behavior\ReadHtmlCache [ RunTime:0.000545s ]
INFO: [ app_begin ] --END-- [ RunTime:0.001165s ]
NOTIC: [8192] mysql_connect(): The mysql extension is deprecated and will be removed in the future: use mysqli or PDO instead D:\wamp\www\zky\ThinkPHP\Library\Think\Db\Driver\Mysql.class.php 第 52 行.
SQL: SHOW COLUMNS FROM `tp_user` [ RunTime:0.015739s ]
INFO: [ app_end ] --START--
INFO: Run Behavior\ShowPageTrace [ RunTime:0.000878s ]
INFO: [ app_end ] --END-- [ RunTime:0.001080s ]

[ 2016-10-28T08:59:23+08:00 ] ::1 /zky/index.php/Admin/Equipment/Css/style.css
ERR: 非法操作:css

[ 2016-10-28T08:59:23+08:00 ] ::1 /zky/index.php/Admin/Equipment/Js/bootstrap.js
ERR: 非法操作:js

[ 2016-10-28T08:59:23+08:00 ] ::1 /zky/index.php/Admin/Equipment/Js/jquery2.sorted.js
ERR: 非法操作:js

[ 2016-10-28T08:59:23+08:00 ] ::1 /zky/index.php/Admin/Equipment/Css/bootstrap.css
ERR: 非法操作:css

[ 2016-10-28T08:59:23+08:00 ] ::1 /zky/index.php/Admin/Equipment/Js/jquery2.js
ERR: 非法操作:js

[ 2016-10-28T08:59:23+08:00 ] ::1 /zky/index.php/Admin/Equipment/Css/bootstrap-responsive.css
ERR: 非法操作:css

[ 2016-10-28T08:59:23+08:00 ] ::1 /zky/index.php/Admin/Equipment/Js/ckform.js
ERR: 非法操作:js

[ 2016-10-28T08:59:23+08:00 ] ::1 /zky/index.php/Admin/Equipment/Js/common.js
ERR: 非法操作:js

[ 2016-10-28T08:59:23+08:00 ] ::1 /zky/index.php/Admin/Equipment/Js/jquery2.sorted.js
ERR: 非法操作:js

[ 2016-10-28T08:59:23+08:00 ] ::1 /zky/index.php/Admin/Equipment/Js/bootstrap.js
ERR: 非法操作:js

[ 2016-10-28T08:59:23+08:00 ] ::1 /zky/index.php/Admin/Equipment/Js/ckform.js
ERR: 非法操作:js

[ 2016-10-28T08:59:23+08:00 ] ::1 /zky/index.php/Admin/Equipment/Js/common.js
ERR: 非法操作:js

[ 2016-10-28T08:59:30+08:00 ] ::1 /zky/index.php/Admin/Equipment/Css/bootstrap.css
ERR: 非法操作:css

[ 2016-10-28T08:59:30+08:00 ] ::1 /zky/index.php/Admin/Equipment/Css/style.css
ERR: 非法操作:css

[ 2016-10-28T08:59:30+08:00 ] ::1 /zky/index.php/Admin/Equipment/Css/bootstrap-responsive.css
ERR: 非法操作:css

[ 2016-10-28T08:59:30+08:00 ] ::1 /zky/index.php/Admin/Equipment/Js/jquery2.sorted.js
ERR: 非法操作:js

[ 2016-10-28T08:59:30+08:00 ] ::1 /zky/index.php/Admin/Equipment/Js/bootstrap.js
ERR: 非法操作:js

[ 2016-10-28T08:59:30+08:00 ] ::1 /zky/index.php/Admin/Equipment/Js/jquery2.js
ERR: 非法操作:js

[ 2016-10-28T08:59:30+08:00 ] ::1 /zky/index.php/Admin/Equipment/Js/ckform.js
ERR: 非法操作:js

[ 2016-10-28T08:59:30+08:00 ] ::1 /zky/index.php/Admin/Equipment/Js/common.js
ERR: 非法操作:js

[ 2016-10-28T08:59:30+08:00 ] ::1 /zky/index.php/Admin/Equipment/Js/jquery2.sorted.js
ERR: 非法操作:js

[ 2016-10-28T08:59:30+08:00 ] ::1 /zky/index.php/Admin/Equipment/Js/bootstrap.js
ERR: 非法操作:js

[ 2016-10-28T08:59:30+08:00 ] ::1 /zky/index.php/Admin/Equipment/Js/ckform.js
ERR: 非法操作:js

[ 2016-10-28T08:59:30+08:00 ] ::1 /zky/index.php/Admin/Equipment/Js/common.js
ERR: 非法操作:js

[ 2016-10-28T08:59:33+08:00 ] ::1 /zky/index.php/Admin/Regulation/Css/bootstrap.css
ERR: 非法操作:css

[ 2016-10-28T08:59:33+08:00 ] ::1 /zky/index.php/Admin/Regulation/Css/bootstrap-responsive.css
ERR: 非法操作:css

[ 2016-10-28T08:59:33+08:00 ] ::1 /zky/index.php/Admin/Regulation/Css/style.css
ERR: 非法操作:css

[ 2016-10-28T08:59:33+08:00 ] ::1 /zky/index.php/Admin/Regulation/Js/jquery2.js
ERR: 非法操作:js

[ 2016-10-28T08:59:33+08:00 ] ::1 /zky/index.php/Admin/Regulation/Js/bootstrap.js
ERR: 非法操作:js

[ 2016-10-28T08:59:33+08:00 ] ::1 /zky/index.php/Admin/Regulation/Js/jquery2.sorted.js
ERR: 非法操作:js

[ 2016-10-28T08:59:33+08:00 ] ::1 /zky/index.php/Admin/Regulation/Js/ckform.js
ERR: 非法操作:js

[ 2016-10-28T08:59:33+08:00 ] ::1 /zky/index.php/Admin/Regulation/Js/common.js
ERR: 非法操作:js

[ 2016-10-28T08:59:33+08:00 ] ::1 /zky/index.php/Admin/Regulation/Js/bootstrap.js
ERR: 非法操作:js

[ 2016-10-28T08:59:33+08:00 ] ::1 /zky/index.php/Admin/Regulation/Js/ckform.js
ERR: 非法操作:js

[ 2016-10-28T08:59:33+08:00 ] ::1 /zky/index.php/Admin/Regulation/Js/common.js
ERR: 非法操作:js

[ 2016-10-28T08:59:40+08:00 ] ::1 /zky/index.php/Admin/File/Css/bootstrap.css
ERR: 非法操作:css

[ 2016-10-28T08:59:40+08:00 ] ::1 /zky/index.php/Admin/File/Js/jquery2.js
ERR: 非法操作:js

[ 2016-10-28T08:59:40+08:00 ] ::1 /zky/index.php/Admin/File/Js/bootstrap.js
ERR: 非法操作:js

[ 2016-10-28T08:59:40+08:00 ] ::1 /zky/index.php/Admin/File/Js/jquery2.sorted.js
ERR: 非法操作:js

[ 2016-10-28T08:59:40+08:00 ] ::1 /zky/index.php/Admin/File/Js/ckform.js
ERR: 非法操作:js

[ 2016-10-28T08:59:40+08:00 ] ::1 /zky/index.php/Admin/File/Css/style.css
ERR: 非法操作:css

[ 2016-10-28T08:59:40+08:00 ] ::1 /zky/index.php/Admin/File/Css/bootstrap-responsive.css
ERR: 非法操作:css

[ 2016-10-28T08:59:40+08:00 ] ::1 /zky/index.php/Admin/File/Js/common.js
ERR: 非法操作:js

[ 2016-10-28T08:59:40+08:00 ] ::1 /zky/index.php/Admin/File/Js/jquery2.sorted.js
ERR: 非法操作:js

[ 2016-10-28T08:59:40+08:00 ] ::1 /zky/index.php/Admin/File/Js/bootstrap.js
ERR: 非法操作:js

[ 2016-10-28T08:59:40+08:00 ] ::1 /zky/index.php/Admin/File/Js/ckform.js
ERR: 非法操作:js

[ 2016-10-28T08:59:40+08:00 ] ::1 /zky/index.php/Admin/File/Js/common.js
ERR: 非法操作:js

[ 2016-10-28T08:59:47+08:00 ] ::1 /zky/index.php/Admin/Message/Css/bootstrap-responsive.css
ERR: 非法操作:css

[ 2016-10-28T08:59:47+08:00 ] ::1 /zky/index.php/Admin/Message/Js/jquery2.sorted.js
ERR: 非法操作:js

[ 2016-10-28T08:59:47+08:00 ] ::1 /zky/index.php/Admin/Message/Css/style.css
ERR: 非法操作:css

[ 2016-10-28T08:59:47+08:00 ] ::1 /zky/index.php/Admin/Message/Js/bootstrap.js
ERR: 非法操作:js

[ 2016-10-28T08:59:47+08:00 ] ::1 /zky/index.php/Admin/Message/Js/ckform.js
ERR: 非法操作:js

[ 2016-10-28T08:59:47+08:00 ] ::1 /zky/index.php/Admin/Message/Js/jquery2.js
ERR: 非法操作:js

[ 2016-10-28T08:59:47+08:00 ] ::1 /zky/index.php/Admin/Message/Css/bootstrap.css
ERR: 非法操作:css

[ 2016-10-28T08:59:47+08:00 ] ::1 /zky/index.php/Admin/Message/Js/common.js
ERR: 非法操作:js

[ 2016-10-28T08:59:47+08:00 ] ::1 /zky/index.php/Admin/Message/Js/jquery2.sorted.js
ERR: 非法操作:js

[ 2016-10-28T08:59:47+08:00 ] ::1 /zky/index.php/Admin/Message/Js/bootstrap.js
ERR: 非法操作:js

[ 2016-10-28T08:59:47+08:00 ] ::1 /zky/index.php/Admin/Message/Js/ckform.js
ERR: 非法操作:js

[ 2016-10-28T08:59:47+08:00 ] ::1 /zky/index.php/Admin/Message/Js/common.js
ERR: 非法操作:js

[ 2016-10-28T08:59:48+08:00 ] ::1 /zky/index.php/Admin/Message/Css/style.css
ERR: 非法操作:css

[ 2016-10-28T08:59:48+08:00 ] ::1 /zky/index.php/Admin/Message/Css/bootstrap-responsive.css
ERR: 非法操作:css

[ 2016-10-28T08:59:48+08:00 ] ::1 /zky/index.php/Admin/Message/Css/bootstrap.css
ERR: 非法操作:css

[ 2016-10-28T08:59:48+08:00 ] ::1 /zky/index.php/Admin/Message/Js/jquery2.sorted.js
ERR: 非法操作:js

[ 2016-10-28T08:59:48+08:00 ] ::1 /zky/index.php/Admin/Message/Js/bootstrap.js
ERR: 非法操作:js

[ 2016-10-28T08:59:48+08:00 ] ::1 /zky/index.php/Admin/Message/Js/jquery2.js
ERR: 非法操作:js

[ 2016-10-28T08:59:48+08:00 ] ::1 /zky/index.php/Admin/Message/Js/ckform.js
ERR: 非法操作:js

[ 2016-10-28T08:59:48+08:00 ] ::1 /zky/index.php/Admin/Message/Js/common.js
ERR: 非法操作:js

[ 2016-10-28T08:59:48+08:00 ] ::1 /zky/index.php/Admin/Message/Js/jquery2.sorted.js
ERR: 非法操作:js

[ 2016-10-28T08:59:48+08:00 ] ::1 /zky/index.php/Admin/Message/Js/bootstrap.js
ERR: 非法操作:js

[ 2016-10-28T08:59:48+08:00 ] ::1 /zky/index.php/Admin/Message/Js/ckform.js
ERR: 非法操作:js

[ 2016-10-28T08:59:48+08:00 ] ::1 /zky/index.php/Admin/Message/Js/common.js
ERR: 非法操作:js

[ 2016-10-28T08:59:51+08:00 ] ::1 /zky/index.php/Admin/Message/Js/jquery2.sorted.js
ERR: 非法操作:js

[ 2016-10-28T08:59:51+08:00 ] ::1 /zky/index.php/Admin/Message/Js/bootstrap.js
ERR: 非法操作:js

[ 2016-10-28T08:59:51+08:00 ] ::1 /zky/index.php/Admin/Message/Css/bootstrap.css
ERR: 非法操作:css

[ 2016-10-28T08:59:51+08:00 ] ::1 /zky/index.php/Admin/Message/Js/ckform.js
ERR: 非法操作:js

[ 2016-10-28T08:59:51+08:00 ] ::1 /zky/index.php/Admin/Message/Css/style.css
ERR: 非法操作:css

[ 2016-10-28T08:59:51+08:00 ] ::1 /zky/index.php/Admin/Message/Css/bootstrap-responsive.css
ERR: 非法操作:css

[ 2016-10-28T08:59:51+08:00 ] ::1 /zky/index.php/Admin/Message/Js/jquery2.js
ERR: 非法操作:js

[ 2016-10-28T08:59:51+08:00 ] ::1 /zky/index.php/Admin/Message/Js/common.js
ERR: 非法操作:js

[ 2016-10-28T08:59:51+08:00 ] ::1 /zky/index.php/Admin/Message/Js/jquery2.sorted.js
ERR: 非法操作:js

[ 2016-10-28T08:59:51+08:00 ] ::1 /zky/index.php/Admin/Message/Js/bootstrap.js
ERR: 非法操作:js

[ 2016-10-28T08:59:51+08:00 ] ::1 /zky/index.php/Admin/Message/Js/ckform.js
ERR: 非法操作:js

[ 2016-10-28T08:59:51+08:00 ] ::1 /zky/index.php/Admin/Message/Js/common.js
ERR: 非法操作:js

[ 2016-10-28T08:59:52+08:00 ] ::1 /zky/index.php/Admin/Message/Css/bootstrap.css
ERR: 非法操作:css

[ 2016-10-28T08:59:52+08:00 ] ::1 /zky/index.php/Admin/Message/Css/bootstrap-responsive.css
ERR: 非法操作:css

[ 2016-10-28T08:59:52+08:00 ] ::1 /zky/index.php/Admin/Message/Js/bootstrap.js
ERR: 非法操作:js

[ 2016-10-28T08:59:52+08:00 ] ::1 /zky/index.php/Admin/Message/Js/ckform.js
ERR: 非法操作:js

[ 2016-10-28T08:59:52+08:00 ] ::1 /zky/index.php/Admin/Message/Css/style.css
ERR: 非法操作:css

[ 2016-10-28T08:59:52+08:00 ] ::1 /zky/index.php/Admin/Message/Js/jquery2.sorted.js
ERR: 非法操作:js

[ 2016-10-28T08:59:52+08:00 ] ::1 /zky/index.php/Admin/Message/Js/jquery2.js
ERR: 非法操作:js

[ 2016-10-28T08:59:52+08:00 ] ::1 /zky/index.php/Admin/Message/Js/common.js
ERR: 非法操作:js

[ 2016-10-28T08:59:52+08:00 ] ::1 /zky/index.php/Admin/Message/Js/jquery2.sorted.js
ERR: 非法操作:js

[ 2016-10-28T08:59:52+08:00 ] ::1 /zky/index.php/Admin/Message/Js/bootstrap.js
ERR: 非法操作:js

[ 2016-10-28T08:59:52+08:00 ] ::1 /zky/index.php/Admin/Message/Js/ckform.js
ERR: 非法操作:js

[ 2016-10-28T08:59:52+08:00 ] ::1 /zky/index.php/Admin/Message/Js/common.js
ERR: 非法操作:js

[ 2016-10-28T08:59:54+08:00 ] ::1 /zky/index.php/Admin/Message/Css/bootstrap.css
ERR: 非法操作:css

[ 2016-10-28T08:59:54+08:00 ] ::1 /zky/index.php/Admin/Message/Css/bootstrap-responsive.css
ERR: 非法操作:css

[ 2016-10-28T08:59:54+08:00 ] ::1 /zky/index.php/Admin/Message/Js/bootstrap.js
ERR: 非法操作:js

[ 2016-10-28T08:59:54+08:00 ] ::1 /zky/index.php/Admin/Message/Css/style.css
ERR: 非法操作:css

[ 2016-10-28T08:59:54+08:00 ] ::1 /zky/index.php/Admin/Message/Js/ckform.js
ERR: 非法操作:js

[ 2016-10-28T08:59:54+08:00 ] ::1 /zky/index.php/Admin/Message/Js/jquery2.sorted.js
ERR: 非法操作:js

[ 2016-10-28T08:59:54+08:00 ] ::1 /zky/index.php/Admin/Message/Js/jquery2.js
ERR: 非法操作:js

[ 2016-10-28T08:59:54+08:00 ] ::1 /zky/index.php/Admin/Message/Js/common.js
ERR: 非法操作:js

[ 2016-10-28T08:59:54+08:00 ] ::1 /zky/index.php/Admin/Message/Js/jquery2.sorted.js
ERR: 非法操作:js

[ 2016-10-28T08:59:54+08:00 ] ::1 /zky/index.php/Admin/Message/Js/bootstrap.js
ERR: 非法操作:js

[ 2016-10-28T08:59:54+08:00 ] ::1 /zky/index.php/Admin/Message/Js/ckform.js
ERR: 非法操作:js

[ 2016-10-28T08:59:54+08:00 ] ::1 /zky/index.php/Admin/Message/Js/common.js
ERR: 非法操作:js

[ 2016-10-28T08:59:55+08:00 ] ::1 /zky/index.php/Admin/Message/Css/bootstrap.css
ERR: 非法操作:css

[ 2016-10-28T08:59:55+08:00 ] ::1 /zky/index.php/Admin/Message/Js/bootstrap.js
ERR: 非法操作:js

[ 2016-10-28T08:59:55+08:00 ] ::1 /zky/index.php/Admin/Message/Css/bootstrap-responsive.css
ERR: 非法操作:css

[ 2016-10-28T08:59:55+08:00 ] ::1 /zky/index.php/Admin/Message/Css/style.css
ERR: 非法操作:css

[ 2016-10-28T08:59:55+08:00 ] ::1 /zky/index.php/Admin/Message/Js/jquery2.js
ERR: 非法操作:js

[ 2016-10-28T08:59:55+08:00 ] ::1 /zky/index.php/Admin/Message/Js/jquery2.sorted.js
ERR: 非法操作:js

[ 2016-10-28T08:59:55+08:00 ] ::1 /zky/index.php/Admin/Message/Js/ckform.js
ERR: 非法操作:js

[ 2016-10-28T08:59:55+08:00 ] ::1 /zky/index.php/Admin/Message/Js/common.js
ERR: 非法操作:js

[ 2016-10-28T08:59:55+08:00 ] ::1 /zky/index.php/Admin/Message/Js/bootstrap.js
ERR: 非法操作:js

[ 2016-10-28T08:59:55+08:00 ] ::1 /zky/index.php/Admin/Message/Js/ckform.js
ERR: 非法操作:js

[ 2016-10-28T08:59:55+08:00 ] ::1 /zky/index.php/Admin/Message/Js/common.js
ERR: 非法操作:js

[ 2016-10-28T08:59:57+08:00 ] ::1 /zky/index.php/Admin/Message/Css/bootstrap-responsive.css
ERR: 非法操作:css

[ 2016-10-28T08:59:57+08:00 ] ::1 /zky/index.php/Admin/Message/Css/bootstrap.css
ERR: 非法操作:css

[ 2016-10-28T08:59:57+08:00 ] ::1 /zky/index.php/Admin/Message/Js/jquery2.js
ERR: 非法操作:js

[ 2016-10-28T08:59:57+08:00 ] ::1 /zky/index.php/Admin/Message/Css/style.css
ERR: 非法操作:css

[ 2016-10-28T08:59:57+08:00 ] ::1 /zky/index.php/Admin/Message/Js/bootstrap.js
ERR: 非法操作:js

[ 2016-10-28T08:59:57+08:00 ] ::1 /zky/index.php/Admin/Message/Js/jquery2.sorted.js
ERR: 非法操作:js

[ 2016-10-28T08:59:57+08:00 ] ::1 /zky/index.php/Admin/Message/Js/ckform.js
ERR: 非法操作:js

[ 2016-10-28T08:59:57+08:00 ] ::1 /zky/index.php/Admin/Message/Js/common.js
ERR: 非法操作:js

[ 2016-10-28T08:59:57+08:00 ] ::1 /zky/index.php/Admin/Message/Js/jquery2.sorted.js
ERR: 非法操作:js

[ 2016-10-28T08:59:57+08:00 ] ::1 /zky/index.php/Admin/Message/Js/bootstrap.js
ERR: 非法操作:js

[ 2016-10-28T08:59:57+08:00 ] ::1 /zky/index.php/Admin/Message/Js/ckform.js
ERR: 非法操作:js

[ 2016-10-28T08:59:57+08:00 ] ::1 /zky/index.php/Admin/Message/Js/common.js
ERR: 非法操作:js

[ 2016-10-28T08:59:59+08:00 ] ::1 /zky/index.php/Admin/Message/Css/bootstrap.css
ERR: 非法操作:css

[ 2016-10-28T08:59:59+08:00 ] ::1 /zky/index.php/Admin/Message/Css/bootstrap-responsive.css
ERR: 非法操作:css

[ 2016-10-28T08:59:59+08:00 ] ::1 /zky/index.php/Admin/Message/Js/jquery2.js
ERR: 非法操作:js

[ 2016-10-28T08:59:59+08:00 ] ::1 /zky/index.php/Admin/Message/Css/style.css
ERR: 非法操作:css

[ 2016-10-28T08:59:59+08:00 ] ::1 /zky/index.php/Admin/Message/Js/bootstrap.js
ERR: 非法操作:js

[ 2016-10-28T08:59:59+08:00 ] ::1 /zky/index.php/Admin/Message/Js/jquery2.sorted.js
ERR: 非法操作:js

[ 2016-10-28T08:59:59+08:00 ] ::1 /zky/index.php/Admin/Message/Js/ckform.js
ERR: 非法操作:js

[ 2016-10-28T09:00:00+08:00 ] ::1 /zky/index.php/Admin/Message/Js/common.js
ERR: 非法操作:js

[ 2016-10-28T09:00:00+08:00 ] ::1 /zky/index.php/Admin/Message/Js/jquery2.sorted.js
ERR: 非法操作:js

[ 2016-10-28T09:00:00+08:00 ] ::1 /zky/index.php/Admin/Message/Js/bootstrap.js
ERR: 非法操作:js

[ 2016-10-28T09:00:00+08:00 ] ::1 /zky/index.php/Admin/Message/Js/ckform.js
ERR: 非法操作:js

[ 2016-10-28T09:00:00+08:00 ] ::1 /zky/index.php/Admin/Message/Js/common.js
ERR: 非法操作:js

[ 2016-10-28T09:01:22+08:00 ] ::1 /zky/
ERR: 非法操作:index

[ 2016-10-28T09:02:03+08:00 ] ::1 /zky/index.php/Home/Login/do_login
INFO: [ app_begin ] --START--
INFO: Run Behavior\ReadHtmlCache [ RunTime:0.000531s ]
INFO: [ app_begin ] --END-- [ RunTime:0.001162s ]
NOTIC: [8192] mysql_connect(): The mysql extension is deprecated and will be removed in the future: use mysqli or PDO instead D:\wamp\www\zky\ThinkPHP\Library\Think\Db\Driver\Mysql.class.php 第 52 行.
SQL: SHOW COLUMNS FROM `tp_user` [ RunTime:0.013563s ]
SQL: SELECT * FROM `tp_user` WHERE ( username = 2015317200409 ) LIMIT 1   [ RunTime:0.000391s ]
SQL: SELECT `password` FROM `tp_user` WHERE ( username = 2015317200409 ) LIMIT 1   [ RunTime:0.000269s ]
SQL: SELECT `name` FROM `tp_user` WHERE ( username = 2015317200409 ) LIMIT 1   [ RunTime:0.000286s ]
SQL: SELECT `id` FROM `tp_user` WHERE ( username = 2015317200409 ) LIMIT 1   [ RunTime:0.000300s ]
SQL: SELECT `say` FROM `tp_user` WHERE ( username = 2015317200409 ) LIMIT 1   [ RunTime:0.000304s ]

[ 2016-10-28T09:02:23+08:00 ] ::1 /zky/index.php/Admin/Message/Css/bootstrap.css
ERR: 非法操作:css

[ 2016-10-28T09:02:23+08:00 ] ::1 /zky/index.php/Admin/Message/Css/style.css
ERR: 非法操作:css

[ 2016-10-28T09:02:23+08:00 ] ::1 /zky/index.php/Admin/Message/Css/bootstrap-responsive.css
ERR: 非法操作:css

[ 2016-10-28T09:02:23+08:00 ] ::1 /zky/index.php/Admin/Message/Js/jquery2.js
ERR: 非法操作:js

[ 2016-10-28T09:02:23+08:00 ] ::1 /zky/index.php/Admin/Message/Js/jquery2.sorted.js
ERR: 非法操作:js

[ 2016-10-28T09:02:23+08:00 ] ::1 /zky/index.php/Admin/Message/Js/ckform.js
ERR: 非法操作:js

[ 2016-10-28T09:02:23+08:00 ] ::1 /zky/index.php/Admin/Message/Js/bootstrap.js
ERR: 非法操作:js

[ 2016-10-28T09:02:23+08:00 ] ::1 /zky/index.php/Admin/Message/Js/common.js
ERR: 非法操作:js

[ 2016-10-28T09:02:23+08:00 ] ::1 /zky/index.php/Admin/Message/Js/ckform.js
ERR: 非法操作:js

[ 2016-10-28T09:02:23+08:00 ] ::1 /zky/index.php/Admin/Message/Js/common.js
ERR: 非法操作:js

[ 2016-10-28T09:02:45+08:00 ] ::1 /zky/index.php/Admin/Message/Css/bootstrap.css
ERR: 非法操作:css

[ 2016-10-28T09:02:45+08:00 ] ::1 /zky/index.php/Admin/Message/Css/style.css
ERR: 非法操作:css

[ 2016-10-28T09:02:45+08:00 ] ::1 /zky/index.php/Admin/Message/Js/jquery2.sorted.js
ERR: 非法操作:js

[ 2016-10-28T09:02:45+08:00 ] ::1 /zky/index.php/Admin/Message/Js/bootstrap.js
ERR: 非法操作:js

[ 2016-10-28T09:02:45+08:00 ] ::1 /zky/index.php/Admin/Message/Js/ckform.js
ERR: 非法操作:js

[ 2016-10-28T09:02:45+08:00 ] ::1 /zky/index.php/Admin/Message/Js/common.js
ERR: 非法操作:js

[ 2016-10-28T09:02:45+08:00 ] ::1 /zky/index.php/Admin/Message/Css/bootstrap-responsive.css
ERR: 非法操作:css

[ 2016-10-28T09:02:45+08:00 ] ::1 /zky/index.php/Admin/Message/Js/jquery2.js
ERR: 非法操作:js

[ 2016-10-28T09:02:45+08:00 ] ::1 /zky/index.php/Admin/Message/Js/jquery2.sorted.js
ERR: 非法操作:js

[ 2016-10-28T09:02:45+08:00 ] ::1 /zky/index.php/Admin/Message/Js/bootstrap.js
ERR: 非法操作:js

[ 2016-10-28T09:02:45+08:00 ] ::1 /zky/index.php/Admin/Message/Js/ckform.js
ERR: 非法操作:js

[ 2016-10-28T09:02:45+08:00 ] ::1 /zky/index.php/Admin/Message/Js/common.js
ERR: 非法操作:js

[ 2016-10-28T09:02:47+08:00 ] ::1 /zky/index.php/Admin/Message/Css/bootstrap-responsive.css
ERR: 非法操作:css

[ 2016-10-28T09:02:47+08:00 ] ::1 /zky/index.php/Admin/Message/Css/style.css
ERR: 非法操作:css

[ 2016-10-28T09:02:47+08:00 ] ::1 /zky/index.php/Admin/Message/Js/jquery2.js
ERR: 非法操作:js

[ 2016-10-28T09:02:47+08:00 ] ::1 /zky/index.php/Admin/Message/Js/ckform.js
ERR: 非法操作:js

[ 2016-10-28T09:02:47+08:00 ] ::1 /zky/index.php/Admin/Message/Js/bootstrap.js
ERR: 非法操作:js

[ 2016-10-28T09:02:47+08:00 ] ::1 /zky/index.php/Admin/Message/Js/jquery2.sorted.js
ERR: 非法操作:js

[ 2016-10-28T09:02:47+08:00 ] ::1 /zky/index.php/Admin/Message/Css/bootstrap.css
ERR: 非法操作:css

[ 2016-10-28T09:02:47+08:00 ] ::1 /zky/index.php/Admin/Message/Js/common.js
ERR: 非法操作:js

[ 2016-10-28T09:02:47+08:00 ] ::1 /zky/index.php/Admin/Message/Js/jquery2.sorted.js
ERR: 非法操作:js

[ 2016-10-28T09:02:47+08:00 ] ::1 /zky/index.php/Admin/Message/Js/bootstrap.js
ERR: 非法操作:js

[ 2016-10-28T09:02:47+08:00 ] ::1 /zky/index.php/Admin/Message/Js/ckform.js
ERR: 非法操作:js

[ 2016-10-28T09:02:47+08:00 ] ::1 /zky/index.php/Admin/Message/Js/common.js
ERR: 非法操作:js

