[ 2016-10-11T17:10:16+08:00 ] ::1 /zky/index.php/Home/Message/do_add
ERR: 非法操作:do_add

[ 2016-10-11T19:16:04+08:00 ] ::1 /zky/admin.php/Admin/File/%E5%95%A6%E5%95%A6%E5%95%A6
ERR: 非法操作:啦啦啦

[ 2016-10-11T19:16:07+08:00 ] ::1 /zky/admin.php/Admin/File/%E5%95%A6%E5%95%A6%E5%95%A6
ERR: 非法操作:啦啦啦

[ 2016-10-11T19:16:09+08:00 ] ::1 /zky/admin.php/Admin/File/File/2016-10-11/
ERR: 非法操作:file

[ 2016-10-11T19:16:12+08:00 ] ::1 /zky/admin.php/Admin/File/File/2016-10-11/
ERR: 非法操作:file

[ 2016-10-11T19:16:14+08:00 ] ::1 /zky/admin.php/Admin/File/%E5%95%A6%E5%95%A6%E5%95%A6
ERR: 非法操作:啦啦啦

[ 2016-10-11T19:16:16+08:00 ] ::1 /zky/admin.php/Admin/File/File/2016-10-11/
ERR: 非法操作:file

[ 2016-10-11T19:16:18+08:00 ] ::1 /zky/admin.php/Admin/File/File/2016-10-11/
ERR: 非法操作:file

[ 2016-10-11T20:19:56+08:00 ] ::1 /zky/admin.php/Admin/File/delete
ERR: 非法操作:delete

[ 2016-10-11T20:20:09+08:00 ] ::1 /zky/admin.php/Admin/File/delete
ERR: 非法操作:delete

[ 2016-10-11T20:20:46+08:00 ] ::1 /zky/admin.php/Admin/File/delete
ERR: 非法操作:delete

[ 2016-10-11T20:37:10+08:00 ] ::1 /zky/admin.php/Admin/Inform/showitems
ERR: 非法操作:showitems

[ 2016-10-11T20:38:39+08:00 ] ::1 /zky/admin.php/Admin/Inform/showitems/id/6
ERR: 非法操作:showitems

[ 2016-10-11T21:24:24+08:00 ] ::1 /zky/admin.php/Admin/Equipment/Equipment/index.html
ERR: 非法操作:equipment

[ 2016-10-11T21:24:50+08:00 ] ::1 /zky/admin.php/Admin/Equipment/Equipment/index.html
ERR: 非法操作:equipment

[ 2016-10-11T21:24:51+08:00 ] ::1 /zky/admin.php/Admin/Equipment/Equipment/index.html
ERR: 非法操作:equipment

