[ 2016-10-24T18:59:01+08:00 ] ::1 /equipment/index.php/Admin/Index/Css/bootstrap-responsive.css
ERR: 非法操作:css

[ 2016-10-24T18:59:01+08:00 ] ::1 /equipment/index.php/Admin/Index/Css/bootstrap.css
ERR: 非法操作:css

[ 2016-10-24T18:59:01+08:00 ] ::1 /equipment/index.php/Admin/Index/Js/jquery2.sorted.js
ERR: 非法操作:js

[ 2016-10-24T18:59:01+08:00 ] ::1 /equipment/index.php/Admin/Index/Css/style.css
ERR: 非法操作:css

[ 2016-10-24T18:59:01+08:00 ] ::1 /equipment/index.php/Admin/Index/Js/jquery2.js
ERR: 非法操作:js

[ 2016-10-24T18:59:01+08:00 ] ::1 /equipment/index.php/Admin/Index/Js/bootstrap.js
ERR: 非法操作:js

[ 2016-10-24T18:59:01+08:00 ] ::1 /equipment/index.php/Admin/Index/Js/ckform.js
ERR: 非法操作:js

[ 2016-10-24T18:59:01+08:00 ] ::1 /equipment/index.php/Admin/Index/Js/common.js
ERR: 非法操作:js

[ 2016-10-24T18:59:01+08:00 ] ::1 /equipment/index.php/Admin/Index/Js/jquery2.sorted.js
ERR: 非法操作:js

[ 2016-10-24T18:59:01+08:00 ] ::1 /equipment/index.php/Admin/Index/Js/bootstrap.js
ERR: 非法操作:js

[ 2016-10-24T18:59:01+08:00 ] ::1 /equipment/index.php/Admin/Index/Js/ckform.js
ERR: 非法操作:js

[ 2016-10-24T18:59:01+08:00 ] ::1 /equipment/index.php/Admin/Index/Js/common.js
ERR: 非法操作:js

