[ 2016-10-12T16:18:17+08:00 ] ::1 /equipment/index.php/Home/Index/zhihu-css.css
ERR: 非法操作:zhihu-css.css

[ 2016-10-12T16:19:28+08:00 ] ::1 /equipment/index.php/Home/Index/zhihu-css.css
ERR: 非法操作:zhihu-css.css

[ 2016-10-12T16:24:58+08:00 ] ::1 /equipment/index.php/Admin/Index/admin
ERR: 无法加载控制器:Index

[ 2016-10-12T16:26:10+08:00 ] ::1 /equipment/index.php/Admin/Index/admin
ERR: 无法加载控制器:Index

[ 2016-10-12T16:26:11+08:00 ] ::1 /equipment/index.php/Admin/Index/admin
ERR: 无法加载控制器:Index

[ 2016-10-12T16:26:11+08:00 ] ::1 /equipment/index.php/Admin/Index/admin
ERR: 无法加载控制器:Index

[ 2016-10-12T16:26:11+08:00 ] ::1 /equipment/index.php/Admin/Index/admin
ERR: 无法加载控制器:Index

[ 2016-10-12T16:26:11+08:00 ] ::1 /equipment/index.php/Admin/Index/admin
ERR: 无法加载控制器:Index

[ 2016-10-12T16:27:08+08:00 ] ::1 /equipment/index.php/Admin/Index/admin
ERR: 无法加载控制器:Index

[ 2016-10-12T16:27:09+08:00 ] ::1 /equipment/index.php/Admin/Index/admin
ERR: 无法加载控制器:Index

[ 2016-10-12T16:27:13+08:00 ] ::1 /equipment/index.php/Admin/Index/idnex
ERR: 无法加载控制器:Index

[ 2016-10-12T16:50:53+08:00 ] ::1 /equipment/index.php/Admin/Index/idnex
ERR: 无法加载控制器:Index

[ 2016-10-12T16:50:54+08:00 ] ::1 /equipment/index.php/Admin/Index/idnex
ERR: 无法加载控制器:Index

[ 2016-10-12T16:50:54+08:00 ] ::1 /equipment/index.php/Admin/Index/idnex
ERR: 无法加载控制器:Index

[ 2016-10-12T16:50:54+08:00 ] ::1 /equipment/index.php/Admin/Index/idnex
ERR: 无法加载控制器:Index

[ 2016-10-12T16:50:54+08:00 ] ::1 /equipment/index.php/Admin/Index/idnex
ERR: 无法加载控制器:Index

[ 2016-10-12T16:50:55+08:00 ] ::1 /equipment/index.php/Admin/Index/idnex
ERR: 无法加载控制器:Index

[ 2016-10-12T16:50:55+08:00 ] ::1 /equipment/index.php/Admin/Index/idnex
ERR: 无法加载控制器:Index

[ 2016-10-12T16:50:55+08:00 ] ::1 /equipment/index.php/Admin/Index/idnex
ERR: 无法加载控制器:Index

[ 2016-10-12T16:50:56+08:00 ] ::1 /equipment/index.php/Admin/Index/idnex
ERR: 无法加载控制器:Index

[ 2016-10-12T16:50:56+08:00 ] ::1 /equipment/index.php/Admin/Index/idnex
ERR: 无法加载控制器:Index

[ 2016-10-12T16:52:59+08:00 ] ::1 /equipment/index.php/Admin/Index/idnex
ERR: 无法加载控制器:Index

[ 2016-10-12T16:52:59+08:00 ] ::1 /equipment/index.php/Admin/Index/idnex
ERR: 无法加载控制器:Index

[ 2016-10-12T16:52:59+08:00 ] ::1 /equipment/index.php/Admin/Index/idnex
ERR: 无法加载控制器:Index

[ 2016-10-12T16:53:00+08:00 ] ::1 /equipment/index.php/Admin/Index/idnex
ERR: 无法加载控制器:Index

[ 2016-10-12T16:53:00+08:00 ] ::1 /equipment/index.php/Admin/Index/idnex
ERR: 无法加载控制器:Index

[ 2016-10-12T16:53:00+08:00 ] ::1 /equipment/index.php/Admin/Index/idnex
ERR: 无法加载控制器:Index

[ 2016-10-12T16:53:01+08:00 ] ::1 /equipment/index.php/Admin/Index/idnex
ERR: 无法加载控制器:Index

[ 2016-10-12T16:53:02+08:00 ] ::1 /equipment/index.php/Admin/Index/idnex
ERR: 无法加载控制器:Index

[ 2016-10-12T17:09:40+08:00 ] ::1 /equipment/index.php/Admin/Index/idnex
ERR: 无法加载控制器:Index

[ 2016-10-12T17:09:41+08:00 ] ::1 /equipment/index.php/Admin/Index/idnex
ERR: 无法加载控制器:Index

[ 2016-10-12T17:09:41+08:00 ] ::1 /equipment/index.php/Admin/Index/idnex
ERR: 无法加载控制器:Index

[ 2016-10-12T17:09:42+08:00 ] ::1 /equipment/index.php/Admin/Index/idnex
ERR: 无法加载控制器:Index

[ 2016-10-12T17:10:03+08:00 ] ::1 /equipment/index.php/Admin/Index/idnex
ERR: 无法加载控制器:Index

[ 2016-10-12T17:10:04+08:00 ] ::1 /equipment/index.php/Admin/Index/idnex
ERR: 无法加载控制器:Index

[ 2016-10-12T17:10:04+08:00 ] ::1 /equipment/index.php/Admin/Index/idnex
ERR: 无法加载控制器:Index

[ 2016-10-12T17:10:04+08:00 ] ::1 /equipment/index.php/Admin/Index/idnex
ERR: 无法加载控制器:Index

[ 2016-10-12T17:10:04+08:00 ] ::1 /equipment/index.php/Admin/Index/idnex
ERR: 无法加载控制器:Index

[ 2016-10-12T17:10:23+08:00 ] ::1 /equipment/index.php/Admin/Index/idnex
ERR: 无法加载控制器:Index

[ 2016-10-12T17:10:24+08:00 ] ::1 /equipment/index.php/Admin/Index/idnex
ERR: 无法加载控制器:Index

[ 2016-10-12T17:10:24+08:00 ] ::1 /equipment/index.php/Admin/Index/idnex
ERR: 无法加载控制器:Index

[ 2016-10-12T17:10:24+08:00 ] ::1 /equipment/index.php/Admin/Index/idnex
ERR: 无法加载控制器:Index

[ 2016-10-12T17:13:22+08:00 ] ::1 /equipment/index.php/Admin/Index/idnex
ERR: 无法加载控制器:Index

[ 2016-10-12T17:13:23+08:00 ] ::1 /equipment/index.php/Admin/Index/idnex
ERR: 无法加载控制器:Index

[ 2016-10-12T17:13:23+08:00 ] ::1 /equipment/index.php/Admin/Index/idnex
ERR: 无法加载控制器:Index

[ 2016-10-12T17:13:23+08:00 ] ::1 /equipment/index.php/Admin/Index/idnex
ERR: 无法加载控制器:Index

[ 2016-10-12T17:13:23+08:00 ] ::1 /equipment/index.php/Admin/Index/idnex
ERR: 无法加载控制器:Index

[ 2016-10-12T17:13:24+08:00 ] ::1 /equipment/index.php/Admin/Index/idnex
ERR: 无法加载控制器:Index

[ 2016-10-12T17:17:50+08:00 ] ::1 /equipment/index.php/Admin/Index/idnex
ERR: 非法操作:idnex

[ 2016-10-12T17:17:51+08:00 ] ::1 /equipment/index.php/Admin/Index/idnex
ERR: 非法操作:idnex

[ 2016-10-12T17:18:04+08:00 ] ::1 /equipment/index.php/Admin/Index/idnex
ERR: 无法加载控制器:Index

[ 2016-10-12T17:20:57+08:00 ] ::1 /equipment/index.php/Home/Index/idnex
ERR: 非法操作:idnex

[ 2016-10-12T17:21:05+08:00 ] ::1 /equipment/index.php/Home/Index/zhihu-css.css
ERR: 非法操作:zhihu-css.css

[ 2016-10-12T17:21:14+08:00 ] ::1 /equipment/index.php/Admin/Index/main
ERR: 无法加载控制器:Index

[ 2016-10-12T17:23:57+08:00 ] ::1 /equipment/index.php/Admin/Index/main
ERR: 无法加载控制器:Index

[ 2016-10-12T17:23:57+08:00 ] ::1 /equipment/index.php/Admin/Index/main
ERR: 无法加载控制器:Index

[ 2016-10-12T17:23:58+08:00 ] ::1 /equipment/index.php/Admin/Index/main
ERR: 无法加载控制器:Index

[ 2016-10-12T17:23:58+08:00 ] ::1 /equipment/index.php/Admin/Index/main
ERR: 无法加载控制器:Index

[ 2016-10-12T17:23:58+08:00 ] ::1 /equipment/index.php/Admin/Index/main
ERR: 无法加载控制器:Index

[ 2016-10-12T17:23:58+08:00 ] ::1 /equipment/index.php/Admin/Index/main
ERR: 无法加载控制器:Index

[ 2016-10-12T17:23:58+08:00 ] ::1 /equipment/index.php/Admin/Index/main
ERR: 无法加载控制器:Index

[ 2016-10-12T17:23:59+08:00 ] ::1 /equipment/index.php/Admin/Index/main
ERR: 无法加载控制器:Index

[ 2016-10-12T17:23:59+08:00 ] ::1 /equipment/index.php/Admin/Index/main
ERR: 无法加载控制器:Index

[ 2016-10-12T17:23:59+08:00 ] ::1 /equipment/index.php/Admin/Index/main
ERR: 无法加载控制器:Index

[ 2016-10-12T17:23:59+08:00 ] ::1 /equipment/index.php/Admin/Index/main
ERR: 无法加载控制器:Index

[ 2016-10-12T17:23:59+08:00 ] ::1 /equipment/index.php/Admin/Index/main
ERR: 无法加载控制器:Index

[ 2016-10-12T17:24:00+08:00 ] ::1 /equipment/index.php/Admin/Index/main
ERR: 无法加载控制器:Index

[ 2016-10-12T17:24:00+08:00 ] ::1 /equipment/index.php/Admin/Index/main
ERR: 无法加载控制器:Index

[ 2016-10-12T17:24:49+08:00 ] ::1 /equipment/index.php/Admin/Index/main
ERR: 非法操作:main

[ 2016-10-12T17:24:50+08:00 ] ::1 /equipment/index.php/Admin/Index/main
ERR: 非法操作:main

[ 2016-10-12T17:24:50+08:00 ] ::1 /equipment/index.php/Admin/Index/main
ERR: 非法操作:main

[ 2016-10-12T17:24:55+08:00 ] ::1 /equipment/index.php/Admin/Index/index
ERR: Unknown database 'zky'

[ 2016-10-12T17:26:18+08:00 ] ::1 /equipment/index.php/Admin/Index/index
ERR: 没有定义数据库配置

[ 2016-10-12T17:26:18+08:00 ] ::1 /equipment/index.php/Admin/Index/index
ERR: 没有定义数据库配置

[ 2016-10-12T17:26:19+08:00 ] ::1 /equipment/index.php/Admin/Index/index
ERR: 没有定义数据库配置

[ 2016-10-12T17:26:19+08:00 ] ::1 /equipment/index.php/Admin/Index/index
ERR: 没有定义数据库配置

[ 2016-10-12T17:26:19+08:00 ] ::1 /equipment/index.php/Admin/Index/index
ERR: 没有定义数据库配置

[ 2016-10-12T17:26:32+08:00 ] ::1 /equipment/index.php/Admin/Index/index
ERR: Unknown database 'zky'

[ 2016-10-12T17:26:32+08:00 ] ::1 /equipment/index.php/Admin/Index/index
ERR: Unknown database 'zky'

[ 2016-10-12T17:26:32+08:00 ] ::1 /equipment/index.php/Admin/Index/index
ERR: Unknown database 'zky'

[ 2016-10-12T17:27:33+08:00 ] ::1 /equipment/index.php/Admin/Index/index
ERR: Unknown database 'zky'

[ 2016-10-12T17:27:33+08:00 ] ::1 /equipment/index.php/Admin/Index/index
ERR: Unknown database 'zky'

[ 2016-10-12T17:55:57+08:00 ] ::1 /equipment/index.php/Home/Index/zhihu-css.css
ERR: 非法操作:zhihu-css.css

[ 2016-10-12T17:57:19+08:00 ] ::1 /equipment/index.php/Home/Index/zhihu-css.css
ERR: 非法操作:zhihu-css.css

[ 2016-10-12T17:58:08+08:00 ] ::1 /equipment/index.php/Home/Index/zhihu-css.css
ERR: 非法操作:zhihu-css.css

[ 2016-10-12T17:58:09+08:00 ] ::1 /equipment/index.php/Home/Index/zhihu-css.css
ERR: 非法操作:zhihu-css.css

[ 2016-10-12T17:58:09+08:00 ] ::1 /equipment/index.php/Home/Index/zhihu-css.css
ERR: 非法操作:zhihu-css.css

[ 2016-10-12T17:58:10+08:00 ] ::1 /equipment/index.php/Home/Index/zhihu-css.css
ERR: 非法操作:zhihu-css.css

[ 2016-10-12T17:58:10+08:00 ] ::1 /equipment/index.php/Home/Index/zhihu-css.css
ERR: 非法操作:zhihu-css.css

[ 2016-10-12T17:58:16+08:00 ] ::1 /equipment/index.php/Home/Index/zhihu-css.css
ERR: 非法操作:zhihu-css.css

[ 2016-10-12T17:58:16+08:00 ] ::1 /equipment/index.php/Home/Index/zhihu-css.css
ERR: 非法操作:zhihu-css.css

[ 2016-10-12T17:58:17+08:00 ] ::1 /equipment/index.php/Home/Index/zhihu-css.css
ERR: 非法操作:zhihu-css.css

[ 2016-10-12T17:58:17+08:00 ] ::1 /equipment/index.php/Home/Index/zhihu-css.css
ERR: 非法操作:zhihu-css.css

[ 2016-10-12T17:58:17+08:00 ] ::1 /equipment/index.php/Home/Index/zhihu-css.css
ERR: 非法操作:zhihu-css.css

[ 2016-10-12T17:58:17+08:00 ] ::1 /equipment/index.php/Home/Index/zhihu-css.css
ERR: 非法操作:zhihu-css.css

[ 2016-10-12T17:58:18+08:00 ] ::1 /equipment/index.php/Home/Index/zhihu-css.css
ERR: 非法操作:zhihu-css.css

[ 2016-10-12T17:58:18+08:00 ] ::1 /equipment/index.php/Home/Index/zhihu-css.css
ERR: 非法操作:zhihu-css.css

[ 2016-10-12T17:59:20+08:00 ] ::1 /equipment/index.php/Home/Index/zhihu-css.css
ERR: 非法操作:zhihu-css.css

[ 2016-10-12T17:59:20+08:00 ] ::1 /equipment/index.php/Home/Index/zhihu-css.css
ERR: 非法操作:zhihu-css.css

[ 2016-10-12T17:59:20+08:00 ] ::1 /equipment/index.php/Home/Index/zhihu-css.css
ERR: 非法操作:zhihu-css.css

[ 2016-10-12T17:59:21+08:00 ] ::1 /equipment/index.php/Home/Index/zhihu-css.css
ERR: 非法操作:zhihu-css.css

[ 2016-10-12T17:59:21+08:00 ] ::1 /equipment/index.php/Home/Index/zhihu-css.css
ERR: 非法操作:zhihu-css.css

[ 2016-10-12T17:59:21+08:00 ] ::1 /equipment/index.php/Home/Index/zhihu-css.css
ERR: 非法操作:zhihu-css.css

[ 2016-10-12T17:59:21+08:00 ] ::1 /equipment/index.php/Home/Index/zhihu-css.css
ERR: 非法操作:zhihu-css.css

[ 2016-10-12T17:59:22+08:00 ] ::1 /equipment/index.php/Home/Index/zhihu-css.css
ERR: 非法操作:zhihu-css.css

[ 2016-10-12T17:59:27+08:00 ] ::1 /equipment/index.php/Home/Index/zhihu-css.css
ERR: 非法操作:zhihu-css.css

[ 2016-10-12T17:59:27+08:00 ] ::1 /equipment/index.php/Home/Index/zhihu-css.css
ERR: 非法操作:zhihu-css.css

[ 2016-10-12T17:59:28+08:00 ] ::1 /equipment/index.php/Home/Index/zhihu-css.css
ERR: 非法操作:zhihu-css.css

[ 2016-10-12T17:59:28+08:00 ] ::1 /equipment/index.php/Home/Index/zhihu-css.css
ERR: 非法操作:zhihu-css.css

[ 2016-10-12T17:59:28+08:00 ] ::1 /equipment/index.php/Home/Index/zhihu-css.css
ERR: 非法操作:zhihu-css.css

[ 2016-10-12T17:59:28+08:00 ] ::1 /equipment/index.php/Home/Index/zhihu-css.css
ERR: 非法操作:zhihu-css.css

[ 2016-10-12T17:59:28+08:00 ] ::1 /equipment/index.php/Home/Index/zhihu-css.css
ERR: 非法操作:zhihu-css.css

[ 2016-10-12T17:59:28+08:00 ] ::1 /equipment/index.php/Home/Index/zhihu-css.css
ERR: 非法操作:zhihu-css.css

[ 2016-10-12T17:59:29+08:00 ] ::1 /equipment/index.php/Home/Index/zhihu-css.css
ERR: 非法操作:zhihu-css.css

[ 2016-10-12T17:59:29+08:00 ] ::1 /equipment/index.php/Home/Index/zhihu-css.css
ERR: 非法操作:zhihu-css.css

[ 2016-10-12T17:59:29+08:00 ] ::1 /equipment/index.php/Home/Index/zhihu-css.css
ERR: 非法操作:zhihu-css.css

[ 2016-10-12T17:59:30+08:00 ] ::1 /equipment/index.php/Home/Index/zhihu-css.css
ERR: 非法操作:zhihu-css.css

[ 2016-10-12T18:00:12+08:00 ] ::1 /equipment/index.php/Home/Index/zhihu-css.css
ERR: 非法操作:zhihu-css.css

[ 2016-10-12T18:00:12+08:00 ] ::1 /equipment/index.php/Home/Index/zhihu-css.css
ERR: 非法操作:zhihu-css.css

[ 2016-10-12T18:00:13+08:00 ] ::1 /equipment/index.php/Home/Index/zhihu-css.css
ERR: 非法操作:zhihu-css.css

[ 2016-10-12T18:00:13+08:00 ] ::1 /equipment/index.php/Home/Index/zhihu-css.css
ERR: 非法操作:zhihu-css.css

[ 2016-10-12T18:01:24+08:00 ] ::1 /equipment/index.php/Home/Index/zhihu-css.css
ERR: 非法操作:zhihu-css.css

[ 2016-10-12T18:01:24+08:00 ] ::1 /equipment/index.php/Home/Index/zhihu-css.css
ERR: 非法操作:zhihu-css.css

[ 2016-10-12T18:01:24+08:00 ] ::1 /equipment/index.php/Home/Index/zhihu-css.css
ERR: 非法操作:zhihu-css.css

[ 2016-10-12T18:01:25+08:00 ] ::1 /equipment/index.php/Home/Index/zhihu-css.css
ERR: 非法操作:zhihu-css.css

[ 2016-10-12T18:01:25+08:00 ] ::1 /equipment/index.php/Home/Index/zhihu-css.css
ERR: 非法操作:zhihu-css.css

[ 2016-10-12T18:01:26+08:00 ] ::1 /equipment/index.php/Home/Index/zhihu-css.css
ERR: 非法操作:zhihu-css.css

[ 2016-10-12T18:01:31+08:00 ] ::1 /equipment/index.php/Home/Index/zhihu-css.css
ERR: 非法操作:zhihu-css.css

[ 2016-10-12T18:01:32+08:00 ] ::1 /equipment/index.php/Home/Index/zhihu-css.css
ERR: 非法操作:zhihu-css.css

[ 2016-10-12T18:01:32+08:00 ] ::1 /equipment/index.php/Home/Index/zhihu-css.css
ERR: 非法操作:zhihu-css.css

[ 2016-10-12T18:01:32+08:00 ] ::1 /equipment/index.php/Home/Index/zhihu-css.css
ERR: 非法操作:zhihu-css.css

[ 2016-10-12T18:01:55+08:00 ] ::1 /equipment/index.php/Home/Index/zhihu-css.css
ERR: 非法操作:zhihu-css.css

[ 2016-10-12T18:01:56+08:00 ] ::1 /equipment/index.php/Home/Index/zhihu-css.css
ERR: 非法操作:zhihu-css.css

[ 2016-10-12T18:01:56+08:00 ] ::1 /equipment/index.php/Home/Index/zhihu-css.css
ERR: 非法操作:zhihu-css.css

[ 2016-10-12T18:01:57+08:00 ] ::1 /equipment/index.php/Home/Index/zhihu-css.css
ERR: 非法操作:zhihu-css.css

[ 2016-10-12T18:01:58+08:00 ] ::1 /equipment/index.php/Home/Index/zhihu-css.css
ERR: 非法操作:zhihu-css.css

[ 2016-10-12T18:01:58+08:00 ] ::1 /equipment/index.php/Home/Index/zhihu-css.css
ERR: 非法操作:zhihu-css.css

[ 2016-10-12T18:01:58+08:00 ] ::1 /equipment/index.php/Home/Index/zhihu-css.css
ERR: 非法操作:zhihu-css.css

[ 2016-10-12T18:02:00+08:00 ] ::1 /equipment/index.php/Home/Index/zhihu-css.css
ERR: 非法操作:zhihu-css.css

[ 2016-10-12T18:02:01+08:00 ] ::1 /equipment/index.php/Home/Index/zhihu-css.css
ERR: 非法操作:zhihu-css.css

[ 2016-10-12T18:05:40+08:00 ] ::1 /equipment/index.php/Home/Index/zhihu-css.css
ERR: 非法操作:zhihu-css.css

[ 2016-10-12T18:05:47+08:00 ] ::1 /equipment/index.php/Home/Index/dolog
ERR: 非法操作:dolog

[ 2016-10-12T18:05:55+08:00 ] ::1 /equipment/index.php/Home/Index/zhihu-css.css
ERR: 非法操作:zhihu-css.css

[ 2016-10-12T18:12:20+08:00 ] ::1 /equipment/index.php/Home/Index/dolog
ERR: 非法操作:dolog

[ 2016-10-12T18:18:42+08:00 ] ::1 /equipment/index.php/Home/Index/zhihu-css.css
ERR: 非法操作:zhihu-css.css

