[ 2016-11-30T16:23:57+08:00 ] ::1 /zky/index.php/Admin/Login/do_login
INFO: [ app_begin ] --START--
INFO: Run Behavior\ReadHtmlCache [ RunTime:0.000567s ]
INFO: [ app_begin ] --END-- [ RunTime:0.001252s ]
NOTIC: [8192] mysql_connect(): The mysql extension is deprecated and will be removed in the future: use mysqli or PDO instead D:\wamp\www\zky\ThinkPHP\Library\Think\Db\Driver\Mysql.class.php 第 52 行.
SQL: SHOW COLUMNS FROM `tp_user` [ RunTime:0.008795s ]
SQL: SELECT COUNT(*) AS tp_count FROM `tp_user` WHERE ( username = 2015317200402 ) LIMIT 1   [ RunTime:0.000358s ]
SQL: SELECT `isTeacher` FROM `tp_user` WHERE ( username = 2015317200402 ) LIMIT 1   [ RunTime:0.000280s ]
SQL: SELECT `password` FROM `tp_user` WHERE ( username = 2015317200402 ) LIMIT 1   [ RunTime:0.000283s ]
SQL: SELECT `name` FROM `tp_user` WHERE ( username = 2015317200402 ) LIMIT 1   [ RunTime:0.000296s ]
SQL: SELECT `id` FROM `tp_user` WHERE ( username = 2015317200402 ) LIMIT 1   [ RunTime:0.000221s ]
SQL: SELECT `username` FROM `tp_user` WHERE ( username = 2015317200402 ) LIMIT 1   [ RunTime:0.000330s ]

[ 2016-11-30T16:24:04+08:00 ] ::1 /zky/index.php/Admin/Equipment/Css/bootstrap.css
ERR: 非法操作:css

[ 2016-11-30T16:24:04+08:00 ] ::1 /zky/index.php/Admin/Equipment/Css/bootstrap-responsive.css
ERR: 非法操作:css

[ 2016-11-30T16:24:04+08:00 ] ::1 /zky/index.php/Admin/Equipment/Js/bootstrap.js
ERR: 非法操作:js

[ 2016-11-30T16:24:04+08:00 ] ::1 /zky/index.php/Admin/Equipment/Js/ckform.js
ERR: 非法操作:js

[ 2016-11-30T16:24:04+08:00 ] ::1 /zky/index.php/Admin/Equipment/Js/jquery2.js
ERR: 非法操作:js

[ 2016-11-30T16:24:04+08:00 ] ::1 /zky/index.php/Admin/Equipment/Js/jquery2.sorted.js
ERR: 非法操作:js

[ 2016-11-30T16:24:04+08:00 ] ::1 /zky/index.php/Admin/Equipment/Js/common.js
ERR: 非法操作:js

[ 2016-11-30T16:24:04+08:00 ] ::1 /zky/index.php/Admin/Equipment/Css/style.css
ERR: 非法操作:css

[ 2016-11-30T16:33:30+08:00 ] ::1 /zky/index.php/Admin/Login/do_login
INFO: [ app_begin ] --START--
INFO: Run Behavior\ReadHtmlCache [ RunTime:0.000911s ]
INFO: [ app_begin ] --END-- [ RunTime:0.001800s ]
NOTIC: [8192] mysql_connect(): The mysql extension is deprecated and will be removed in the future: use mysqli or PDO instead D:\wamp\www\zky\ThinkPHP\Library\Think\Db\Driver\Mysql.class.php 第 52 行.
SQL: SHOW COLUMNS FROM `tp_user` [ RunTime:0.018046s ]
SQL: SELECT COUNT(*) AS tp_count FROM `tp_user` WHERE ( username = 2015317200402 ) LIMIT 1   [ RunTime:0.000458s ]
SQL: SELECT `isTeacher` FROM `tp_user` WHERE ( username = 2015317200402 ) LIMIT 1   [ RunTime:0.000323s ]
SQL: SELECT `password` FROM `tp_user` WHERE ( username = 2015317200402 ) LIMIT 1   [ RunTime:0.000248s ]
SQL: SELECT `name` FROM `tp_user` WHERE ( username = 2015317200402 ) LIMIT 1   [ RunTime:0.000210s ]
SQL: SELECT `id` FROM `tp_user` WHERE ( username = 2015317200402 ) LIMIT 1   [ RunTime:0.000942s ]
SQL: SELECT `username` FROM `tp_user` WHERE ( username = 2015317200402 ) LIMIT 1   [ RunTime:0.000650s ]

[ 2016-11-30T16:33:37+08:00 ] ::1 /zky/index.php/Admin/Equipment/Css/bootstrap.css
ERR: 非法操作:css

[ 2016-11-30T16:33:37+08:00 ] ::1 /zky/index.php/Admin/Equipment/Css/bootstrap-responsive.css
ERR: 非法操作:css

[ 2016-11-30T16:33:37+08:00 ] ::1 /zky/index.php/Admin/Equipment/Js/jquery2.js
ERR: 非法操作:js

[ 2016-11-30T16:33:37+08:00 ] ::1 /zky/index.php/Admin/Equipment/Css/style.css
ERR: 非法操作:css

[ 2016-11-30T16:33:37+08:00 ] ::1 /zky/index.php/Admin/Equipment/Js/jquery2.sorted.js
ERR: 非法操作:js

[ 2016-11-30T16:33:37+08:00 ] ::1 /zky/index.php/Admin/Equipment/Js/bootstrap.js
ERR: 非法操作:js

[ 2016-11-30T16:33:37+08:00 ] ::1 /zky/index.php/Admin/Equipment/Js/ckform.js
ERR: 非法操作:js

[ 2016-11-30T16:33:37+08:00 ] ::1 /zky/index.php/Admin/Equipment/Js/common.js
ERR: 非法操作:js

[ 2016-11-30T16:39:59+08:00 ] ::1 /zky/index.php/Admin/Message/Css/bootstrap-responsive.css
ERR: 非法操作:css

[ 2016-11-30T16:39:59+08:00 ] ::1 /zky/index.php/Admin/Message/Css/bootstrap.css
ERR: 非法操作:css

[ 2016-11-30T16:39:59+08:00 ] ::1 /zky/index.php/Admin/Message/Css/style.css
ERR: 非法操作:css

[ 2016-11-30T16:39:59+08:00 ] ::1 /zky/index.php/Admin/Message/Js/jquery2.js
ERR: 非法操作:js

[ 2016-11-30T16:39:59+08:00 ] ::1 /zky/index.php/Admin/Message/Js/jquery2.sorted.js
ERR: 非法操作:js

[ 2016-11-30T16:39:59+08:00 ] ::1 /zky/index.php/Admin/Message/Js/ckform.js
ERR: 非法操作:js

[ 2016-11-30T16:39:59+08:00 ] ::1 /zky/index.php/Admin/Message/Js/bootstrap.js
ERR: 非法操作:js

[ 2016-11-30T16:39:59+08:00 ] ::1 /zky/index.php/Admin/Message/Js/common.js
ERR: 非法操作:js

[ 2016-11-30T16:40:00+08:00 ] ::1 /zky/index.php/Admin/Message/Js/ckform.js
ERR: 非法操作:js

[ 2016-11-30T16:40:00+08:00 ] ::1 /zky/index.php/Admin/Message/Css/style.css
ERR: 非法操作:css

[ 2016-11-30T16:40:00+08:00 ] ::1 /zky/index.php/Admin/Message/Js/jquery2.sorted.js
ERR: 非法操作:js

[ 2016-11-30T16:40:00+08:00 ] ::1 /zky/index.php/Admin/Message/Js/jquery2.js
ERR: 非法操作:js

[ 2016-11-30T16:40:00+08:00 ] ::1 /zky/index.php/Admin/Message/Js/bootstrap.js
ERR: 非法操作:js

[ 2016-11-30T16:40:00+08:00 ] ::1 /zky/index.php/Admin/Message/Js/common.js
ERR: 非法操作:js

[ 2016-11-30T16:40:00+08:00 ] ::1 /zky/index.php/Admin/Message/Css/bootstrap.css
ERR: 非法操作:css

[ 2016-11-30T16:40:00+08:00 ] ::1 /zky/index.php/Admin/Message/Css/bootstrap-responsive.css
ERR: 非法操作:css

[ 2016-11-30T16:49:04+08:00 ] ::1 /zky/index.php/Admin/Index/Css/style.css
ERR: 非法操作:css

[ 2016-11-30T16:49:04+08:00 ] ::1 /zky/index.php/Admin/Index/Js/ckform.js
ERR: 非法操作:js

[ 2016-11-30T16:49:04+08:00 ] ::1 /zky/index.php/Admin/Index/Css/bootstrap.css
ERR: 非法操作:css

[ 2016-11-30T16:49:04+08:00 ] ::1 /zky/index.php/Admin/Index/Js/common.js
ERR: 非法操作:js

[ 2016-11-30T16:49:04+08:00 ] ::1 /zky/index.php/Admin/Index/Js/jquery2.js
ERR: 非法操作:js

[ 2016-11-30T16:49:04+08:00 ] ::1 /zky/index.php/Admin/Index/Js/jquery2.sorted.js
ERR: 非法操作:js

[ 2016-11-30T16:49:04+08:00 ] ::1 /zky/index.php/Admin/Index/Css/bootstrap-responsive.css
ERR: 非法操作:css

[ 2016-11-30T16:49:04+08:00 ] ::1 /zky/index.php/Admin/Index/Js/bootstrap.js
ERR: 非法操作:js

[ 2016-11-30T16:53:50+08:00 ] ::1 /zky/index.php/Admin/Login/do_login
INFO: [ app_begin ] --START--
INFO: Run Behavior\ReadHtmlCache [ RunTime:0.000899s ]
INFO: [ app_begin ] --END-- [ RunTime:0.001541s ]
NOTIC: [8192] mysql_connect(): The mysql extension is deprecated and will be removed in the future: use mysqli or PDO instead D:\wamp\www\zky\ThinkPHP\Library\Think\Db\Driver\Mysql.class.php 第 52 行.
SQL: SHOW COLUMNS FROM `tp_user` [ RunTime:0.010390s ]
SQL: SELECT COUNT(*) AS tp_count FROM `tp_user` WHERE ( username = 2015317200402 ) LIMIT 1   [ RunTime:0.000630s ]
SQL: SELECT `isTeacher` FROM `tp_user` WHERE ( username = 2015317200402 ) LIMIT 1   [ RunTime:0.000439s ]
SQL: SELECT `password` FROM `tp_user` WHERE ( username = 2015317200402 ) LIMIT 1   [ RunTime:0.000324s ]
SQL: SELECT `name` FROM `tp_user` WHERE ( username = 2015317200402 ) LIMIT 1   [ RunTime:0.000333s ]
SQL: SELECT `id` FROM `tp_user` WHERE ( username = 2015317200402 ) LIMIT 1   [ RunTime:0.000232s ]
SQL: SELECT `username` FROM `tp_user` WHERE ( username = 2015317200402 ) LIMIT 1   [ RunTime:0.000220s ]

[ 2016-11-30T17:07:32+08:00 ] ::1 /zky/index.php/Admin/Login/do_login
INFO: [ app_begin ] --START--
INFO: Run Behavior\ReadHtmlCache [ RunTime:0.001742s ]
INFO: [ app_begin ] --END-- [ RunTime:0.005504s ]
NOTIC: [8192] mysql_connect(): The mysql extension is deprecated and will be removed in the future: use mysqli or PDO instead D:\wamp\www\zky\ThinkPHP\Library\Think\Db\Driver\Mysql.class.php 第 52 行.
SQL: SHOW COLUMNS FROM `tp_user` [ RunTime:0.005993s ]
SQL: SELECT COUNT(*) AS tp_count FROM `tp_user` WHERE ( username = 2015317200409 ) LIMIT 1   [ RunTime:0.000927s ]
SQL: SELECT `isTeacher` FROM `tp_user` WHERE ( username = 2015317200409 ) LIMIT 1   [ RunTime:0.001307s ]

[ 2016-11-30T17:07:33+08:00 ] ::1 /zky/index.php/Admin/Login/do_login
INFO: [ app_begin ] --START--
INFO: Run Behavior\ReadHtmlCache [ RunTime:0.000810s ]
INFO: [ app_begin ] --END-- [ RunTime:0.001341s ]
NOTIC: [8192] mysql_connect(): The mysql extension is deprecated and will be removed in the future: use mysqli or PDO instead D:\wamp\www\zky\ThinkPHP\Library\Think\Db\Driver\Mysql.class.php 第 52 行.
SQL: SHOW COLUMNS FROM `tp_user` [ RunTime:0.006607s ]
SQL: SELECT COUNT(*) AS tp_count FROM `tp_user` WHERE ( username = 2015317200409 ) LIMIT 1   [ RunTime:0.000341s ]
SQL: SELECT `isTeacher` FROM `tp_user` WHERE ( username = 2015317200409 ) LIMIT 1   [ RunTime:0.000285s ]

[ 2016-11-30T17:44:38+08:00 ] ::1 /zky/index.php/Home/Register/do_register
INFO: [ app_begin ] --START--
INFO: Run Behavior\ReadHtmlCache [ RunTime:0.003626s ]
INFO: [ app_begin ] --END-- [ RunTime:0.005325s ]
NOTIC: [8192] mysql_connect(): The mysql extension is deprecated and will be removed in the future: use mysqli or PDO instead D:\wamp\www\zky\ThinkPHP\Library\Think\Db\Driver\Mysql.class.php 第 52 行.
SQL: SHOW COLUMNS FROM `tp_user` [ RunTime:0.018274s ]

[ 2016-11-30T17:53:55+08:00 ] ::1 /zky/index.php/Home/Register/do_register
INFO: [ app_begin ] --START--
INFO: Run Behavior\ReadHtmlCache [ RunTime:0.001277s ]
INFO: [ app_begin ] --END-- [ RunTime:0.002073s ]
NOTIC: [8192] mysql_connect(): The mysql extension is deprecated and will be removed in the future: use mysqli or PDO instead D:\wamp\www\zky\ThinkPHP\Library\Think\Db\Driver\Mysql.class.php 第 52 行.
SQL: SHOW COLUMNS FROM `tp_user` [ RunTime:0.007170s ]

[ 2016-11-30T17:53:57+08:00 ] ::1 /zky/index.php/Home/Register/do_register
INFO: [ app_begin ] --START--
INFO: Run Behavior\ReadHtmlCache [ RunTime:0.000898s ]
INFO: [ app_begin ] --END-- [ RunTime:0.001510s ]
NOTIC: [8192] mysql_connect(): The mysql extension is deprecated and will be removed in the future: use mysqli or PDO instead D:\wamp\www\zky\ThinkPHP\Library\Think\Db\Driver\Mysql.class.php 第 52 行.
SQL: SHOW COLUMNS FROM `tp_user` [ RunTime:0.006297s ]

[ 2016-11-30T17:54:28+08:00 ] ::1 /zky/index.php/Home/Register/do_register
INFO: [ app_begin ] --START--
INFO: Run Behavior\ReadHtmlCache [ RunTime:0.001919s ]
INFO: [ app_begin ] --END-- [ RunTime:0.003335s ]
NOTIC: [8192] mysql_connect(): The mysql extension is deprecated and will be removed in the future: use mysqli or PDO instead D:\wamp\www\zky\ThinkPHP\Library\Think\Db\Driver\Mysql.class.php 第 52 行.
SQL: SHOW COLUMNS FROM `tp_user` [ RunTime:0.006583s ]

[ 2016-11-30T17:54:30+08:00 ] ::1 /zky/index.php/Home/Register/do_register
INFO: [ app_begin ] --START--
INFO: Run Behavior\ReadHtmlCache [ RunTime:0.000847s ]
INFO: [ app_begin ] --END-- [ RunTime:0.001455s ]
NOTIC: [8192] mysql_connect(): The mysql extension is deprecated and will be removed in the future: use mysqli or PDO instead D:\wamp\www\zky\ThinkPHP\Library\Think\Db\Driver\Mysql.class.php 第 52 行.
SQL: SHOW COLUMNS FROM `tp_user` [ RunTime:0.008067s ]

[ 2016-11-30T17:54:30+08:00 ] ::1 /zky/index.php/Home/Register/do_register
INFO: [ app_begin ] --START--
INFO: Run Behavior\ReadHtmlCache [ RunTime:0.000877s ]
INFO: [ app_begin ] --END-- [ RunTime:0.001496s ]
NOTIC: [8192] mysql_connect(): The mysql extension is deprecated and will be removed in the future: use mysqli or PDO instead D:\wamp\www\zky\ThinkPHP\Library\Think\Db\Driver\Mysql.class.php 第 52 行.
SQL: SHOW COLUMNS FROM `tp_user` [ RunTime:0.015432s ]

[ 2016-11-30T17:54:30+08:00 ] ::1 /zky/index.php/Home/Register/do_register
INFO: [ app_begin ] --START--
INFO: Run Behavior\ReadHtmlCache [ RunTime:0.000922s ]
INFO: [ app_begin ] --END-- [ RunTime:0.001550s ]
NOTIC: [8192] mysql_connect(): The mysql extension is deprecated and will be removed in the future: use mysqli or PDO instead D:\wamp\www\zky\ThinkPHP\Library\Think\Db\Driver\Mysql.class.php 第 52 行.
SQL: SHOW COLUMNS FROM `tp_user` [ RunTime:0.009811s ]

[ 2016-11-30T17:54:31+08:00 ] ::1 /zky/index.php/Home/Register/do_register
INFO: [ app_begin ] --START--
INFO: Run Behavior\ReadHtmlCache [ RunTime:0.001205s ]
INFO: [ app_begin ] --END-- [ RunTime:0.001787s ]
NOTIC: [8192] mysql_connect(): The mysql extension is deprecated and will be removed in the future: use mysqli or PDO instead D:\wamp\www\zky\ThinkPHP\Library\Think\Db\Driver\Mysql.class.php 第 52 行.
SQL: SHOW COLUMNS FROM `tp_user` [ RunTime:0.016227s ]

[ 2016-11-30T17:54:31+08:00 ] ::1 /zky/index.php/Home/Register/do_register
INFO: [ app_begin ] --START--
INFO: Run Behavior\ReadHtmlCache [ RunTime:0.001878s ]
INFO: [ app_begin ] --END-- [ RunTime:0.002964s ]
NOTIC: [8192] mysql_connect(): The mysql extension is deprecated and will be removed in the future: use mysqli or PDO instead D:\wamp\www\zky\ThinkPHP\Library\Think\Db\Driver\Mysql.class.php 第 52 行.
SQL: SHOW COLUMNS FROM `tp_user` [ RunTime:0.011233s ]

[ 2016-11-30T17:56:04+08:00 ] ::1 /zky/index.php/Home/Register/do_register
INFO: [ app_begin ] --START--
INFO: Run Behavior\ReadHtmlCache [ RunTime:0.001443s ]
INFO: [ app_begin ] --END-- [ RunTime:0.002241s ]
NOTIC: [8192] mysql_connect(): The mysql extension is deprecated and will be removed in the future: use mysqli or PDO instead D:\wamp\www\zky\ThinkPHP\Library\Think\Db\Driver\Mysql.class.php 第 52 行.
SQL: SHOW COLUMNS FROM `tp_user` [ RunTime:0.010696s ]

[ 2016-11-30T17:56:05+08:00 ] ::1 /zky/index.php/Home/Register/do_register
INFO: [ app_begin ] --START--
INFO: Run Behavior\ReadHtmlCache [ RunTime:0.000989s ]
INFO: [ app_begin ] --END-- [ RunTime:0.001662s ]
NOTIC: [8192] mysql_connect(): The mysql extension is deprecated and will be removed in the future: use mysqli or PDO instead D:\wamp\www\zky\ThinkPHP\Library\Think\Db\Driver\Mysql.class.php 第 52 行.
SQL: SHOW COLUMNS FROM `tp_user` [ RunTime:0.011469s ]

[ 2016-11-30T18:00:32+08:00 ] ::1 /zky/index.php/Home/Register/do_register
INFO: [ app_begin ] --START--
INFO: Run Behavior\ReadHtmlCache [ RunTime:0.002190s ]
INFO: [ app_begin ] --END-- [ RunTime:0.003039s ]
NOTIC: [8192] mysql_connect(): The mysql extension is deprecated and will be removed in the future: use mysqli or PDO instead D:\wamp\www\zky\ThinkPHP\Library\Think\Db\Driver\Mysql.class.php 第 52 行.
SQL: SHOW COLUMNS FROM `tp_user` [ RunTime:0.019082s ]
NOTIC: [8] Undefined index: verify D:\wamp\www\zky\Application\Home\Controller\RegisterController.class.php 第 18 行.

[ 2016-11-30T18:05:11+08:00 ] ::1 /zky/index.php/Home/Register/do_register
INFO: [ app_begin ] --START--
INFO: Run Behavior\ReadHtmlCache [ RunTime:0.001385s ]
INFO: [ app_begin ] --END-- [ RunTime:0.002236s ]
NOTIC: [8192] mysql_connect(): The mysql extension is deprecated and will be removed in the future: use mysqli or PDO instead D:\wamp\www\zky\ThinkPHP\Library\Think\Db\Driver\Mysql.class.php 第 52 行.
SQL: SHOW COLUMNS FROM `tp_user` [ RunTime:0.007017s ]

[ 2016-11-30T18:10:50+08:00 ] ::1 /zky/index.php/Home/Register/do_register
INFO: [ app_begin ] --START--
INFO: Run Behavior\ReadHtmlCache [ RunTime:0.001184s ]
INFO: [ app_begin ] --END-- [ RunTime:0.001922s ]
NOTIC: [8192] mysql_connect(): The mysql extension is deprecated and will be removed in the future: use mysqli or PDO instead D:\wamp\www\zky\ThinkPHP\Library\Think\Db\Driver\Mysql.class.php 第 52 行.
SQL: SHOW COLUMNS FROM `tp_user` [ RunTime:0.010742s ]

[ 2016-11-30T18:11:22+08:00 ] ::1 /zky/index.php/Home/Register/do_register
INFO: [ app_begin ] --START--
INFO: Run Behavior\ReadHtmlCache [ RunTime:0.001429s ]
INFO: [ app_begin ] --END-- [ RunTime:0.002089s ]
NOTIC: [8192] mysql_connect(): The mysql extension is deprecated and will be removed in the future: use mysqli or PDO instead D:\wamp\www\zky\ThinkPHP\Library\Think\Db\Driver\Mysql.class.php 第 52 行.
SQL: SHOW COLUMNS FROM `tp_user` [ RunTime:0.012325s ]

[ 2016-11-30T18:13:59+08:00 ] ::1 /zky/index.php/Home/Register/do_register
INFO: [ app_begin ] --START--
INFO: Run Behavior\ReadHtmlCache [ RunTime:0.003755s ]
INFO: [ app_begin ] --END-- [ RunTime:0.004726s ]
NOTIC: [8192] mysql_connect(): The mysql extension is deprecated and will be removed in the future: use mysqli or PDO instead D:\wamp\www\zky\ThinkPHP\Library\Think\Db\Driver\Mysql.class.php 第 52 行.
SQL: SHOW COLUMNS FROM `tp_user` [ RunTime:0.006174s ]

[ 2016-11-30T18:16:11+08:00 ] ::1 /zky/index.php/Home/Register/do_register
INFO: [ app_begin ] --START--
INFO: Run Behavior\ReadHtmlCache [ RunTime:0.001123s ]
INFO: [ app_begin ] --END-- [ RunTime:0.001824s ]
NOTIC: [8192] mysql_connect(): The mysql extension is deprecated and will be removed in the future: use mysqli or PDO instead D:\wamp\www\zky\ThinkPHP\Library\Think\Db\Driver\Mysql.class.php 第 52 行.
SQL: SHOW COLUMNS FROM `tp_user` [ RunTime:0.007284s ]

[ 2016-11-30T18:17:03+08:00 ] ::1 /zky/index.php/Home/Register/do_register
INFO: [ app_begin ] --START--
INFO: Run Behavior\ReadHtmlCache [ RunTime:0.000853s ]
INFO: [ app_begin ] --END-- [ RunTime:0.001345s ]
NOTIC: [8192] mysql_connect(): The mysql extension is deprecated and will be removed in the future: use mysqli or PDO instead D:\wamp\www\zky\ThinkPHP\Library\Think\Db\Driver\Mysql.class.php 第 52 行.
SQL: SHOW COLUMNS FROM `tp_user` [ RunTime:0.014648s ]

[ 2016-11-30T18:25:29+08:00 ] ::1 /zky/index.php/Home/Register/do_register
INFO: [ app_begin ] --START--
INFO: Run Behavior\ReadHtmlCache [ RunTime:0.005051s ]
INFO: [ app_begin ] --END-- [ RunTime:0.007537s ]
NOTIC: [8192] mysql_connect(): The mysql extension is deprecated and will be removed in the future: use mysqli or PDO instead D:\wamp\www\zky\ThinkPHP\Library\Think\Db\Driver\Mysql.class.php 第 52 行.
SQL: SHOW COLUMNS FROM `tp_user` [ RunTime:0.007406s ]

[ 2016-11-30T18:25:32+08:00 ] ::1 /zky/index.php/Home/Register/do_register
INFO: [ app_begin ] --START--
INFO: Run Behavior\ReadHtmlCache [ RunTime:0.001701s ]
INFO: [ app_begin ] --END-- [ RunTime:0.002562s ]
NOTIC: [8192] mysql_connect(): The mysql extension is deprecated and will be removed in the future: use mysqli or PDO instead D:\wamp\www\zky\ThinkPHP\Library\Think\Db\Driver\Mysql.class.php 第 52 行.
SQL: SHOW COLUMNS FROM `tp_user` [ RunTime:0.011471s ]

[ 2016-11-30T18:25:43+08:00 ] ::1 /zky/index.php/Home/Register/do_register
INFO: [ app_begin ] --START--
INFO: Run Behavior\ReadHtmlCache [ RunTime:0.000944s ]
INFO: [ app_begin ] --END-- [ RunTime:0.001645s ]
NOTIC: [8192] mysql_connect(): The mysql extension is deprecated and will be removed in the future: use mysqli or PDO instead D:\wamp\www\zky\ThinkPHP\Library\Think\Db\Driver\Mysql.class.php 第 52 行.
SQL: SHOW COLUMNS FROM `tp_user` [ RunTime:0.009852s ]

[ 2016-11-30T18:25:58+08:00 ] ::1 /zky/index.php/Home/Register/do_register
INFO: [ app_begin ] --START--
INFO: Run Behavior\ReadHtmlCache [ RunTime:0.000958s ]
INFO: [ app_begin ] --END-- [ RunTime:0.001490s ]
NOTIC: [8192] mysql_connect(): The mysql extension is deprecated and will be removed in the future: use mysqli or PDO instead D:\wamp\www\zky\ThinkPHP\Library\Think\Db\Driver\Mysql.class.php 第 52 行.
SQL: SHOW COLUMNS FROM `tp_user` [ RunTime:0.008299s ]

[ 2016-11-30T18:27:11+08:00 ] ::1 /zky/index.php/Home/Register/do_register
INFO: [ app_begin ] --START--
INFO: Run Behavior\ReadHtmlCache [ RunTime:0.000937s ]
INFO: [ app_begin ] --END-- [ RunTime:0.001599s ]
NOTIC: [8192] mysql_connect(): The mysql extension is deprecated and will be removed in the future: use mysqli or PDO instead D:\wamp\www\zky\ThinkPHP\Library\Think\Db\Driver\Mysql.class.php 第 52 行.
SQL: SHOW COLUMNS FROM `tp_user` [ RunTime:0.006579s ]

[ 2016-11-30T18:27:18+08:00 ] ::1 /zky/index.php/Home/Register/do_register
INFO: [ app_begin ] --START--
INFO: Run Behavior\ReadHtmlCache [ RunTime:0.001227s ]
INFO: [ app_begin ] --END-- [ RunTime:0.002012s ]
NOTIC: [8192] mysql_connect(): The mysql extension is deprecated and will be removed in the future: use mysqli or PDO instead D:\wamp\www\zky\ThinkPHP\Library\Think\Db\Driver\Mysql.class.php 第 52 行.
SQL: SHOW COLUMNS FROM `tp_user` [ RunTime:0.011816s ]

[ 2016-11-30T18:27:42+08:00 ] ::1 /zky/index.php/Home/Register/do_register
INFO: [ app_begin ] --START--
INFO: Run Behavior\ReadHtmlCache [ RunTime:0.000993s ]
INFO: [ app_begin ] --END-- [ RunTime:0.001801s ]
NOTIC: [8192] mysql_connect(): The mysql extension is deprecated and will be removed in the future: use mysqli or PDO instead D:\wamp\www\zky\ThinkPHP\Library\Think\Db\Driver\Mysql.class.php 第 52 行.
SQL: SHOW COLUMNS FROM `tp_user` [ RunTime:0.010650s ]

[ 2016-11-30T18:28:20+08:00 ] ::1 /zky/index.php/Home/Register/do_register
INFO: [ app_begin ] --START--
INFO: Run Behavior\ReadHtmlCache [ RunTime:0.000790s ]
INFO: [ app_begin ] --END-- [ RunTime:0.001287s ]
NOTIC: [8192] mysql_connect(): The mysql extension is deprecated and will be removed in the future: use mysqli or PDO instead D:\wamp\www\zky\ThinkPHP\Library\Think\Db\Driver\Mysql.class.php 第 52 行.
SQL: SHOW COLUMNS FROM `tp_user` [ RunTime:0.006400s ]

[ 2016-11-30T18:28:55+08:00 ] ::1 /zky/index.php/Home/Register/do_register
INFO: [ app_begin ] --START--
INFO: Run Behavior\ReadHtmlCache [ RunTime:0.000987s ]
INFO: [ app_begin ] --END-- [ RunTime:0.001599s ]
NOTIC: [8192] mysql_connect(): The mysql extension is deprecated and will be removed in the future: use mysqli or PDO instead D:\wamp\www\zky\ThinkPHP\Library\Think\Db\Driver\Mysql.class.php 第 52 行.
SQL: SHOW COLUMNS FROM `tp_user` [ RunTime:0.013427s ]

[ 2016-11-30T18:29:09+08:00 ] ::1 /zky/index.php/Home/Register/do_register
INFO: [ app_begin ] --START--
INFO: Run Behavior\ReadHtmlCache [ RunTime:0.001142s ]
INFO: [ app_begin ] --END-- [ RunTime:0.001857s ]
NOTIC: [8192] mysql_connect(): The mysql extension is deprecated and will be removed in the future: use mysqli or PDO instead D:\wamp\www\zky\ThinkPHP\Library\Think\Db\Driver\Mysql.class.php 第 52 行.
SQL: SHOW COLUMNS FROM `tp_user` [ RunTime:0.006434s ]
SQL: SELECT COUNT(*) AS tp_count FROM `tp_user` WHERE ( `username` = '123' ) AND ( `isTeacher` = 0 ) LIMIT 1   [ RunTime:0.000393s ]

[ 2016-11-30T18:29:31+08:00 ] ::1 /zky/index.php/Home/Register/do_register
INFO: [ app_begin ] --START--
INFO: Run Behavior\ReadHtmlCache [ RunTime:0.001413s ]
INFO: [ app_begin ] --END-- [ RunTime:0.002073s ]
NOTIC: [8192] mysql_connect(): The mysql extension is deprecated and will be removed in the future: use mysqli or PDO instead D:\wamp\www\zky\ThinkPHP\Library\Think\Db\Driver\Mysql.class.php 第 52 行.
SQL: SHOW COLUMNS FROM `tp_user` [ RunTime:0.010885s ]
SQL: SELECT COUNT(*) AS tp_count FROM `tp_user` WHERE ( `username` = 'zhuchuanbo' ) AND ( `isTeacher` = 0 ) LIMIT 1   [ RunTime:0.000386s ]
SQL: INSERT INTO `tp_user` (`username`,`password`,`isTeacher`,`say`,`name`,`time`) VALUES ('zhuchuanbo','fe',0,0,'zhuchuanbo','2016-11-30 18:29:31') [ RunTime:0.003423s ]

[ 2016-11-30T18:29:53+08:00 ] ::1 /zky/index.php/Home/Register/do_register
INFO: [ app_begin ] --START--
INFO: Run Behavior\ReadHtmlCache [ RunTime:0.000933s ]
INFO: [ app_begin ] --END-- [ RunTime:0.001534s ]
NOTIC: [8192] mysql_connect(): The mysql extension is deprecated and will be removed in the future: use mysqli or PDO instead D:\wamp\www\zky\ThinkPHP\Library\Think\Db\Driver\Mysql.class.php 第 52 行.
SQL: SHOW COLUMNS FROM `tp_user` [ RunTime:0.008067s ]

[ 2016-11-30T18:30:09+08:00 ] ::1 /zky/index.php/Home/Register/do_register
INFO: [ app_begin ] --START--
INFO: Run Behavior\ReadHtmlCache [ RunTime:0.001020s ]
INFO: [ app_begin ] --END-- [ RunTime:0.001915s ]
NOTIC: [8192] mysql_connect(): The mysql extension is deprecated and will be removed in the future: use mysqli or PDO instead D:\wamp\www\zky\ThinkPHP\Library\Think\Db\Driver\Mysql.class.php 第 52 行.
SQL: SHOW COLUMNS FROM `tp_user` [ RunTime:0.016746s ]

[ 2016-11-30T18:30:11+08:00 ] ::1 /zky/index.php/Home/Register/do_register
INFO: [ app_begin ] --START--
INFO: Run Behavior\ReadHtmlCache [ RunTime:0.000966s ]
INFO: [ app_begin ] --END-- [ RunTime:0.001569s ]
NOTIC: [8192] mysql_connect(): The mysql extension is deprecated and will be removed in the future: use mysqli or PDO instead D:\wamp\www\zky\ThinkPHP\Library\Think\Db\Driver\Mysql.class.php 第 52 行.
SQL: SHOW COLUMNS FROM `tp_user` [ RunTime:0.017832s ]
SQL: SELECT COUNT(*) AS tp_count FROM `tp_user` WHERE ( `username` = '456' ) AND ( `isTeacher` = 0 ) LIMIT 1   [ RunTime:0.004653s ]
SQL: INSERT INTO `tp_user` (`username`,`password`,`isTeacher`,`say`,`name`,`time`) VALUES ('456','456',0,0,'456','2016-11-30 18:30:11') [ RunTime:0.000531s ]

[ 2016-11-30T18:30:41+08:00 ] ::1 /zky/index.php/Home/Register/do_register
INFO: [ app_begin ] --START--
INFO: Run Behavior\ReadHtmlCache [ RunTime:0.001013s ]
INFO: [ app_begin ] --END-- [ RunTime:0.001602s ]
NOTIC: [8192] mysql_connect(): The mysql extension is deprecated and will be removed in the future: use mysqli or PDO instead D:\wamp\www\zky\ThinkPHP\Library\Think\Db\Driver\Mysql.class.php 第 52 行.
SQL: SHOW COLUMNS FROM `tp_user` [ RunTime:0.011021s ]
SQL: SELECT COUNT(*) AS tp_count FROM `tp_user` WHERE ( `username` = 'DOUBIBOBO' ) AND ( `isTeacher` = 0 ) LIMIT 1   [ RunTime:0.000415s ]
SQL: INSERT INTO `tp_user` (`username`,`password`,`isTeacher`,`say`,`name`,`time`) VALUES ('DOUBIBOBO','HAHAHA',0,0,'HAHHA','2016-11-30 18:30:41') [ RunTime:0.000353s ]

[ 2016-11-30T18:30:57+08:00 ] ::1 /zky/index.php/Home/Register/do_register
INFO: [ app_begin ] --START--
INFO: Run Behavior\ReadHtmlCache [ RunTime:0.002037s ]
INFO: [ app_begin ] --END-- [ RunTime:0.007526s ]
NOTIC: [8192] mysql_connect(): The mysql extension is deprecated and will be removed in the future: use mysqli or PDO instead D:\wamp\www\zky\ThinkPHP\Library\Think\Db\Driver\Mysql.class.php 第 52 行.
SQL: SHOW COLUMNS FROM `tp_user` [ RunTime:0.008976s ]
SQL: SELECT COUNT(*) AS tp_count FROM `tp_user` WHERE ( `username` = 'bobo' ) AND ( `isTeacher` = 0 ) LIMIT 1   [ RunTime:0.000378s ]
SQL: INSERT INTO `tp_user` (`username`,`password`,`isTeacher`,`say`,`name`,`time`) VALUES ('bobo','456',0,0,'bobo','2016-11-30 18:30:57') [ RunTime:0.000334s ]

[ 2016-11-30T18:32:28+08:00 ] ::1 /zky/index.php/Home/Register/do_register
INFO: [ app_begin ] --START--
INFO: Run Behavior\ReadHtmlCache [ RunTime:0.013077s ]
INFO: [ app_begin ] --END-- [ RunTime:0.013828s ]
NOTIC: [8192] mysql_connect(): The mysql extension is deprecated and will be removed in the future: use mysqli or PDO instead D:\wamp\www\zky\ThinkPHP\Library\Think\Db\Driver\Mysql.class.php 第 52 行.
SQL: SHOW COLUMNS FROM `tp_user` [ RunTime:0.008087s ]
SQL: SELECT COUNT(*) AS tp_count FROM `tp_user` WHERE ( `username` = 'ZHUCHUANBO' ) AND ( `isTeacher` = 0 ) LIMIT 1   [ RunTime:0.000818s ]
SQL: INSERT INTO `tp_user` (`username`,`password`,`isTeacher`,`say`,`name`,`time`) VALUES ('ZHUCHUANBO','BOBO',0,0,'BOBO','2016-11-30 18:32:28') [ RunTime:0.001652s ]

[ 2016-11-30T18:33:10+08:00 ] ::1 /zky/index.php/Home/Register/do_register
INFO: [ app_begin ] --START--
INFO: Run Behavior\ReadHtmlCache [ RunTime:0.002686s ]
INFO: [ app_begin ] --END-- [ RunTime:0.003954s ]
NOTIC: [8192] mysql_connect(): The mysql extension is deprecated and will be removed in the future: use mysqli or PDO instead D:\wamp\www\zky\ThinkPHP\Library\Think\Db\Driver\Mysql.class.php 第 52 行.
SQL: SHOW COLUMNS FROM `tp_user` [ RunTime:0.008142s ]

[ 2016-11-30T18:33:31+08:00 ] ::1 /zky/index.php/Home/Register/do_register
INFO: [ app_begin ] --START--
INFO: Run Behavior\ReadHtmlCache [ RunTime:0.001217s ]
INFO: [ app_begin ] --END-- [ RunTime:0.001873s ]
NOTIC: [8192] mysql_connect(): The mysql extension is deprecated and will be removed in the future: use mysqli or PDO instead D:\wamp\www\zky\ThinkPHP\Library\Think\Db\Driver\Mysql.class.php 第 52 行.
SQL: SHOW COLUMNS FROM `tp_user` [ RunTime:0.010032s ]
SQL: SELECT COUNT(*) AS tp_count FROM `tp_user` WHERE ( `username` = 'ZHANPENG' ) AND ( `isTeacher` = 0 ) LIMIT 1   [ RunTime:0.000434s ]
SQL: INSERT INTO `tp_user` (`username`,`password`,`isTeacher`,`say`,`name`,`time`) VALUES ('ZHANPENG','ZCB',0,0,'TIANYAO','2016-11-30 18:33:31') [ RunTime:0.000337s ]

[ 2016-11-30T18:34:14+08:00 ] ::1 /zky/index.php/Home/Register/do_register
INFO: [ app_begin ] --START--
INFO: Run Behavior\ReadHtmlCache [ RunTime:0.001032s ]
INFO: [ app_begin ] --END-- [ RunTime:0.001730s ]
NOTIC: [8192] mysql_connect(): The mysql extension is deprecated and will be removed in the future: use mysqli or PDO instead D:\wamp\www\zky\ThinkPHP\Library\Think\Db\Driver\Mysql.class.php 第 52 行.
SQL: SHOW COLUMNS FROM `tp_user` [ RunTime:0.012991s ]
SQL: SELECT COUNT(*) AS tp_count FROM `tp_user` WHERE ( `username` = 'TIANCI' ) AND ( `isTeacher` = 0 ) LIMIT 1   [ RunTime:0.000405s ]
SQL: INSERT INTO `tp_user` (`username`,`password`,`isTeacher`,`say`,`name`,`time`) VALUES ('TIANCI','951',0,0,'TIANCI','2016-11-30 18:34:14') [ RunTime:0.000304s ]

[ 2016-11-30T18:34:45+08:00 ] ::1 /zky/index.php/Home/Register/do_register
INFO: [ app_begin ] --START--
INFO: Run Behavior\ReadHtmlCache [ RunTime:0.000814s ]
INFO: [ app_begin ] --END-- [ RunTime:0.001668s ]
NOTIC: [8192] mysql_connect(): The mysql extension is deprecated and will be removed in the future: use mysqli or PDO instead D:\wamp\www\zky\ThinkPHP\Library\Think\Db\Driver\Mysql.class.php 第 52 行.
SQL: SHOW COLUMNS FROM `tp_user` [ RunTime:0.009854s ]
SQL: SELECT COUNT(*) AS tp_count FROM `tp_user` WHERE ( `username` = 'JIANJIAN' ) AND ( `isTeacher` = 0 ) LIMIT 1   [ RunTime:0.000514s ]
SQL: INSERT INTO `tp_user` (`username`,`password`,`isTeacher`,`say`,`name`,`time`) VALUES ('JIANJIAN','JIANJIAN',0,0,'JIANJIAN','2016-11-30 18:34:45') [ RunTime:0.000519s ]

[ 2016-11-30T18:35:09+08:00 ] ::1 /zky/index.php/Home/Register/do_register
INFO: [ app_begin ] --START--
INFO: Run Behavior\ReadHtmlCache [ RunTime:0.000981s ]
INFO: [ app_begin ] --END-- [ RunTime:0.001930s ]
NOTIC: [8192] mysql_connect(): The mysql extension is deprecated and will be removed in the future: use mysqli or PDO instead D:\wamp\www\zky\ThinkPHP\Library\Think\Db\Driver\Mysql.class.php 第 52 行.
SQL: SHOW COLUMNS FROM `tp_user` [ RunTime:0.016354s ]

[ 2016-11-30T18:35:20+08:00 ] ::1 /zky/index.php/Home/Register/do_register
INFO: [ app_begin ] --START--
INFO: Run Behavior\ReadHtmlCache [ RunTime:0.000724s ]
INFO: [ app_begin ] --END-- [ RunTime:0.001297s ]
NOTIC: [8192] mysql_connect(): The mysql extension is deprecated and will be removed in the future: use mysqli or PDO instead D:\wamp\www\zky\ThinkPHP\Library\Think\Db\Driver\Mysql.class.php 第 52 行.
SQL: SHOW COLUMNS FROM `tp_user` [ RunTime:0.141460s ]

[ 2016-11-30T18:35:28+08:00 ] ::1 /zky/index.php/Home/Register/do_register
INFO: [ app_begin ] --START--
INFO: Run Behavior\ReadHtmlCache [ RunTime:0.000493s ]
INFO: [ app_begin ] --END-- [ RunTime:0.001109s ]
NOTIC: [8192] mysql_connect(): The mysql extension is deprecated and will be removed in the future: use mysqli or PDO instead D:\wamp\www\zky\ThinkPHP\Library\Think\Db\Driver\Mysql.class.php 第 52 行.
SQL: SHOW COLUMNS FROM `tp_user` [ RunTime:0.014590s ]

[ 2016-11-30T18:35:30+08:00 ] ::1 /zky/index.php/Home/Register/do_register
INFO: [ app_begin ] --START--
INFO: Run Behavior\ReadHtmlCache [ RunTime:0.000940s ]
INFO: [ app_begin ] --END-- [ RunTime:0.002338s ]
NOTIC: [8192] mysql_connect(): The mysql extension is deprecated and will be removed in the future: use mysqli or PDO instead D:\wamp\www\zky\ThinkPHP\Library\Think\Db\Driver\Mysql.class.php 第 52 行.
SQL: SHOW COLUMNS FROM `tp_user` [ RunTime:0.271014s ]

[ 2016-11-30T18:35:31+08:00 ] ::1 /zky/index.php/Home/Register/do_register
INFO: [ app_begin ] --START--
INFO: Run Behavior\ReadHtmlCache [ RunTime:0.000965s ]
INFO: [ app_begin ] --END-- [ RunTime:0.001848s ]
NOTIC: [8192] mysql_connect(): The mysql extension is deprecated and will be removed in the future: use mysqli or PDO instead D:\wamp\www\zky\ThinkPHP\Library\Think\Db\Driver\Mysql.class.php 第 52 行.
SQL: SHOW COLUMNS FROM `tp_user` [ RunTime:0.016187s ]

[ 2016-11-30T18:35:31+08:00 ] ::1 /zky/index.php/Home/Register/do_register
INFO: [ app_begin ] --START--
INFO: Run Behavior\ReadHtmlCache [ RunTime:0.001244s ]
INFO: [ app_begin ] --END-- [ RunTime:0.002232s ]
NOTIC: [8192] mysql_connect(): The mysql extension is deprecated and will be removed in the future: use mysqli or PDO instead D:\wamp\www\zky\ThinkPHP\Library\Think\Db\Driver\Mysql.class.php 第 52 行.
SQL: SHOW COLUMNS FROM `tp_user` [ RunTime:0.021514s ]

[ 2016-11-30T18:35:31+08:00 ] ::1 /zky/index.php/Home/Register/do_register
INFO: [ app_begin ] --START--
INFO: Run Behavior\ReadHtmlCache [ RunTime:0.000911s ]
INFO: [ app_begin ] --END-- [ RunTime:0.001891s ]
NOTIC: [8192] mysql_connect(): The mysql extension is deprecated and will be removed in the future: use mysqli or PDO instead D:\wamp\www\zky\ThinkPHP\Library\Think\Db\Driver\Mysql.class.php 第 52 行.
SQL: SHOW COLUMNS FROM `tp_user` [ RunTime:0.017455s ]

[ 2016-11-30T18:35:31+08:00 ] ::1 /zky/index.php/Home/Register/do_register
INFO: [ app_begin ] --START--
INFO: Run Behavior\ReadHtmlCache [ RunTime:0.000973s ]
INFO: [ app_begin ] --END-- [ RunTime:0.001902s ]
NOTIC: [8192] mysql_connect(): The mysql extension is deprecated and will be removed in the future: use mysqli or PDO instead D:\wamp\www\zky\ThinkPHP\Library\Think\Db\Driver\Mysql.class.php 第 52 行.
SQL: SHOW COLUMNS FROM `tp_user` [ RunTime:0.007379s ]

[ 2016-11-30T18:35:32+08:00 ] ::1 /zky/index.php/Home/Register/do_register
INFO: [ app_begin ] --START--
INFO: Run Behavior\ReadHtmlCache [ RunTime:0.000922s ]
INFO: [ app_begin ] --END-- [ RunTime:0.001837s ]
NOTIC: [8192] mysql_connect(): The mysql extension is deprecated and will be removed in the future: use mysqli or PDO instead D:\wamp\www\zky\ThinkPHP\Library\Think\Db\Driver\Mysql.class.php 第 52 行.
SQL: SHOW COLUMNS FROM `tp_user` [ RunTime:0.010455s ]

[ 2016-11-30T18:35:32+08:00 ] ::1 /zky/index.php/Home/Register/do_register
INFO: [ app_begin ] --START--
INFO: Run Behavior\ReadHtmlCache [ RunTime:0.001043s ]
INFO: [ app_begin ] --END-- [ RunTime:0.002203s ]
NOTIC: [8192] mysql_connect(): The mysql extension is deprecated and will be removed in the future: use mysqli or PDO instead D:\wamp\www\zky\ThinkPHP\Library\Think\Db\Driver\Mysql.class.php 第 52 行.
SQL: SHOW COLUMNS FROM `tp_user` [ RunTime:0.066836s ]

[ 2016-11-30T18:35:32+08:00 ] ::1 /zky/index.php/Home/Register/do_register
INFO: [ app_begin ] --START--
INFO: Run Behavior\ReadHtmlCache [ RunTime:0.000979s ]
INFO: [ app_begin ] --END-- [ RunTime:0.001924s ]
NOTIC: [8192] mysql_connect(): The mysql extension is deprecated and will be removed in the future: use mysqli or PDO instead D:\wamp\www\zky\ThinkPHP\Library\Think\Db\Driver\Mysql.class.php 第 52 行.
SQL: SHOW COLUMNS FROM `tp_user` [ RunTime:0.008080s ]

[ 2016-11-30T18:35:32+08:00 ] ::1 /zky/index.php/Home/Register/do_register
INFO: [ app_begin ] --START--
INFO: Run Behavior\ReadHtmlCache [ RunTime:0.001008s ]
INFO: [ app_begin ] --END-- [ RunTime:0.001987s ]
NOTIC: [8192] mysql_connect(): The mysql extension is deprecated and will be removed in the future: use mysqli or PDO instead D:\wamp\www\zky\ThinkPHP\Library\Think\Db\Driver\Mysql.class.php 第 52 行.
SQL: SHOW COLUMNS FROM `tp_user` [ RunTime:0.011799s ]

[ 2016-11-30T18:35:32+08:00 ] ::1 /zky/index.php/Home/Register/do_register
INFO: [ app_begin ] --START--
INFO: Run Behavior\ReadHtmlCache [ RunTime:0.001045s ]
INFO: [ app_begin ] --END-- [ RunTime:0.002334s ]
NOTIC: [8192] mysql_connect(): The mysql extension is deprecated and will be removed in the future: use mysqli or PDO instead D:\wamp\www\zky\ThinkPHP\Library\Think\Db\Driver\Mysql.class.php 第 52 行.
SQL: SHOW COLUMNS FROM `tp_user` [ RunTime:0.008218s ]

[ 2016-11-30T18:35:59+08:00 ] ::1 /zky/index.php/Home/Register/do_register
INFO: [ app_begin ] --START--
INFO: Run Behavior\ReadHtmlCache [ RunTime:0.001031s ]
INFO: [ app_begin ] --END-- [ RunTime:0.001699s ]
NOTIC: [8192] mysql_connect(): The mysql extension is deprecated and will be removed in the future: use mysqli or PDO instead D:\wamp\www\zky\ThinkPHP\Library\Think\Db\Driver\Mysql.class.php 第 52 行.
SQL: SHOW COLUMNS FROM `tp_user` [ RunTime:0.018732s ]
SQL: SELECT COUNT(*) AS tp_count FROM `tp_user` WHERE ( `username` = 'doubi' ) AND ( `isTeacher` = 0 ) LIMIT 1   [ RunTime:0.000399s ]
SQL: INSERT INTO `tp_user` (`username`,`password`,`isTeacher`,`say`,`name`,`time`) VALUES ('doubi','doubi',0,0,'doubi','2016-11-30 18:35:59') [ RunTime:0.000702s ]

[ 2016-11-30T18:36:29+08:00 ] ::1 /zky/index.php/Admin/Login/do_login
INFO: [ app_begin ] --START--
INFO: Run Behavior\ReadHtmlCache [ RunTime:0.001659s ]
INFO: [ app_begin ] --END-- [ RunTime:0.002808s ]
NOTIC: [8192] mysql_connect(): The mysql extension is deprecated and will be removed in the future: use mysqli or PDO instead D:\wamp\www\zky\ThinkPHP\Library\Think\Db\Driver\Mysql.class.php 第 52 行.
SQL: SHOW COLUMNS FROM `tp_user` [ RunTime:0.016173s ]
SQL: SELECT COUNT(*) AS tp_count FROM `tp_user` WHERE ( username = 2015317200402 ) LIMIT 1   [ RunTime:0.000794s ]
SQL: SELECT `isTeacher` FROM `tp_user` WHERE ( username = 2015317200402 ) LIMIT 1   [ RunTime:0.001094s ]
SQL: SELECT `password` FROM `tp_user` WHERE ( username = 2015317200402 ) LIMIT 1   [ RunTime:0.000602s ]
SQL: SELECT `name` FROM `tp_user` WHERE ( username = 2015317200402 ) LIMIT 1   [ RunTime:0.001257s ]
SQL: SELECT `id` FROM `tp_user` WHERE ( username = 2015317200402 ) LIMIT 1   [ RunTime:0.000464s ]
SQL: SELECT `username` FROM `tp_user` WHERE ( username = 2015317200402 ) LIMIT 1   [ RunTime:0.000392s ]

[ 2016-11-30T18:37:45+08:00 ] ::1 /zky/index.php/Admin/Message/Css/bootstrap.css
ERR: 非法操作:css

[ 2016-11-30T18:37:45+08:00 ] ::1 /zky/index.php/Admin/Message/Css/style.css
ERR: 非法操作:css

[ 2016-11-30T18:37:45+08:00 ] ::1 /zky/index.php/Admin/Message/Css/bootstrap-responsive.css
ERR: 非法操作:css

[ 2016-11-30T18:37:45+08:00 ] ::1 /zky/index.php/Admin/Message/Js/bootstrap.js
ERR: 非法操作:js

[ 2016-11-30T18:37:45+08:00 ] ::1 /zky/index.php/Admin/Message/Js/jquery2.js
ERR: 非法操作:js

[ 2016-11-30T18:37:45+08:00 ] ::1 /zky/index.php/Admin/Message/Js/jquery2.sorted.js
ERR: 非法操作:js

[ 2016-11-30T18:37:45+08:00 ] ::1 /zky/index.php/Admin/Message/Js/ckform.js
ERR: 非法操作:js

[ 2016-11-30T18:37:45+08:00 ] ::1 /zky/index.php/Admin/Message/Js/common.js
ERR: 非法操作:js

[ 2016-11-30T18:37:48+08:00 ] ::1 /zky/index.php/Admin/Message/Css/bootstrap-responsive.css
ERR: 非法操作:css

[ 2016-11-30T18:37:48+08:00 ] ::1 /zky/index.php/Admin/Message/Js/jquery2.sorted.js
ERR: 非法操作:js

[ 2016-11-30T18:37:48+08:00 ] ::1 /zky/index.php/Admin/Message/Css/bootstrap.css
ERR: 非法操作:css

[ 2016-11-30T18:37:48+08:00 ] ::1 /zky/index.php/Admin/Message/Js/common.js
ERR: 非法操作:js

[ 2016-11-30T18:37:48+08:00 ] ::1 /zky/index.php/Admin/Message/Js/bootstrap.js
ERR: 非法操作:js

[ 2016-11-30T18:37:48+08:00 ] ::1 /zky/index.php/Admin/Message/Js/ckform.js
ERR: 非法操作:js

[ 2016-11-30T18:37:48+08:00 ] ::1 /zky/index.php/Admin/Message/Css/style.css
ERR: 非法操作:css

[ 2016-11-30T18:37:48+08:00 ] ::1 /zky/index.php/Admin/Message/Js/jquery2.js
ERR: 非法操作:js

[ 2016-11-30T18:38:00+08:00 ] ::1 /zky/index.php/Admin/Equipment/Css/style.css
ERR: 非法操作:css

[ 2016-11-30T18:38:00+08:00 ] ::1 /zky/index.php/Admin/Equipment/Css/bootstrap.css
ERR: 非法操作:css

[ 2016-11-30T18:38:00+08:00 ] ::1 /zky/index.php/Admin/Equipment/Js/jquery2.js
ERR: 非法操作:js

[ 2016-11-30T18:38:00+08:00 ] ::1 /zky/index.php/Admin/Equipment/Css/bootstrap-responsive.css
ERR: 非法操作:css

[ 2016-11-30T18:38:00+08:00 ] ::1 /zky/index.php/Admin/Equipment/Js/jquery2.sorted.js
ERR: 非法操作:js

[ 2016-11-30T18:38:00+08:00 ] ::1 /zky/index.php/Admin/Equipment/Js/bootstrap.js
ERR: 非法操作:js

[ 2016-11-30T18:38:00+08:00 ] ::1 /zky/index.php/Admin/Equipment/Js/ckform.js
ERR: 非法操作:js

[ 2016-11-30T18:38:00+08:00 ] ::1 /zky/index.php/Admin/Equipment/Js/common.js
ERR: 非法操作:js

[ 2016-11-30T18:38:32+08:00 ] ::1 /zky/index.php/Admin/Inform/do_show
INFO: [ app_begin ] --START--
INFO: Run Behavior\ReadHtmlCache [ RunTime:0.000909s ]
INFO: [ app_begin ] --END-- [ RunTime:0.001507s ]
NOTIC: [8192] mysql_connect(): The mysql extension is deprecated and will be removed in the future: use mysqli or PDO instead D:\wamp\www\zky\ThinkPHP\Library\Think\Db\Driver\Mysql.class.php 第 52 行.
SQL: SHOW COLUMNS FROM `tp_information` [ RunTime:0.006754s ]
SQL: INSERT INTO `tp_information` (`title`,`content`,`date`,`userid`) VALUES ('HZAU','&lt;p&gt;年轻人，保重身体，少熬夜总是好的&lt;/p&gt;','2016-11-30',6) [ RunTime:0.001413s ]
INFO: [ app_end ] --START--
INFO: Run Behavior\ShowPageTrace [ RunTime:0.001174s ]
INFO: [ app_end ] --END-- [ RunTime:0.001338s ]

[ 2016-11-30T22:13:04+08:00 ] ::1 /zky/
ERR: 非法操作:index

[ 2016-11-30T22:14:12+08:00 ] ::1 /zky/index.php/Admin/Login/do_login
INFO: [ app_begin ] --START--
INFO: Run Behavior\ReadHtmlCache [ RunTime:0.000511s ]
INFO: [ app_begin ] --END-- [ RunTime:0.001019s ]
NOTIC: [8192] mysql_connect(): The mysql extension is deprecated and will be removed in the future: use mysqli or PDO instead D:\wamp\www\zky\ThinkPHP\Library\Think\Db\Driver\Mysql.class.php 第 52 行.
SQL: SHOW COLUMNS FROM `tp_user` [ RunTime:0.015944s ]
SQL: SELECT COUNT(*) AS tp_count FROM `tp_user` WHERE ( username = 2015317200402 ) LIMIT 1   [ RunTime:0.038973s ]
SQL: SELECT `isTeacher` FROM `tp_user` WHERE ( username = 2015317200402 ) LIMIT 1   [ RunTime:0.000813s ]
SQL: SELECT `password` FROM `tp_user` WHERE ( username = 2015317200402 ) LIMIT 1   [ RunTime:0.000524s ]
SQL: SELECT `name` FROM `tp_user` WHERE ( username = 2015317200402 ) LIMIT 1   [ RunTime:0.000720s ]
SQL: SELECT `id` FROM `tp_user` WHERE ( username = 2015317200402 ) LIMIT 1   [ RunTime:0.000411s ]
SQL: SELECT `username` FROM `tp_user` WHERE ( username = 2015317200402 ) LIMIT 1   [ RunTime:0.000304s ]

[ 2016-11-30T22:14:21+08:00 ] ::1 /zky/index.php/Admin/Equipment/Js/bootstrap.js
ERR: 非法操作:js

[ 2016-11-30T22:14:21+08:00 ] ::1 /zky/index.php/Admin/Equipment/Js/ckform.js
ERR: 非法操作:js

[ 2016-11-30T22:14:21+08:00 ] ::1 /zky/index.php/Admin/Equipment/Js/common.js
ERR: 非法操作:js

[ 2016-11-30T22:14:21+08:00 ] ::1 /zky/index.php/Admin/Equipment/Css/bootstrap.css
ERR: 非法操作:css

[ 2016-11-30T22:14:21+08:00 ] ::1 /zky/index.php/Admin/Equipment/Js/jquery2.sorted.js
ERR: 非法操作:js

[ 2016-11-30T22:14:21+08:00 ] ::1 /zky/index.php/Admin/Equipment/Css/style.css
ERR: 非法操作:css

[ 2016-11-30T22:14:21+08:00 ] ::1 /zky/index.php/Admin/Equipment/Js/jquery2.js
ERR: 非法操作:js

[ 2016-11-30T22:14:21+08:00 ] ::1 /zky/index.php/Admin/Equipment/Css/bootstrap-responsive.css
ERR: 非法操作:css

[ 2016-11-30T22:14:24+08:00 ] ::1 /zky/index.php/Admin/Equipment/Css/bootstrap.css
ERR: 非法操作:css

[ 2016-11-30T22:14:24+08:00 ] ::1 /zky/index.php/Admin/Equipment/Js/common.js
ERR: 非法操作:js

[ 2016-11-30T22:14:24+08:00 ] ::1 /zky/index.php/Admin/Equipment/Js/jquery2.sorted.js
ERR: 非法操作:js

[ 2016-11-30T22:14:24+08:00 ] ::1 /zky/index.php/Admin/Equipment/Js/bootstrap.js
ERR: 非法操作:js

[ 2016-11-30T22:14:24+08:00 ] ::1 /zky/index.php/Admin/Equipment/Css/style.css
ERR: 非法操作:css

[ 2016-11-30T22:14:24+08:00 ] ::1 /zky/index.php/Admin/Equipment/Js/jquery2.js
ERR: 非法操作:js

[ 2016-11-30T22:14:24+08:00 ] ::1 /zky/index.php/Admin/Equipment/Js/ckform.js
ERR: 非法操作:js

[ 2016-11-30T22:14:24+08:00 ] ::1 /zky/index.php/Admin/Equipment/Css/bootstrap-responsive.css
ERR: 非法操作:css

[ 2016-11-30T22:14:38+08:00 ] ::1 /zky/index.php/Admin/Regulation/Css/bootstrap.css
ERR: 非法操作:css

[ 2016-11-30T22:14:38+08:00 ] ::1 /zky/index.php/Admin/Regulation/Css/bootstrap-responsive.css
ERR: 非法操作:css

[ 2016-11-30T22:14:38+08:00 ] ::1 /zky/index.php/Admin/Regulation/Css/style.css
ERR: 非法操作:css

[ 2016-11-30T22:14:38+08:00 ] ::1 /zky/index.php/Admin/Regulation/Js/bootstrap.js
ERR: 非法操作:js

[ 2016-11-30T22:14:38+08:00 ] ::1 /zky/index.php/Admin/Regulation/Js/jquery2.js
ERR: 非法操作:js

[ 2016-11-30T22:14:38+08:00 ] ::1 /zky/index.php/Admin/Regulation/Js/ckform.js
ERR: 非法操作:js

[ 2016-11-30T22:14:38+08:00 ] ::1 /zky/index.php/Admin/Regulation/Js/jquery2.sorted.js
ERR: 非法操作:js

[ 2016-11-30T22:14:38+08:00 ] ::1 /zky/index.php/Admin/Regulation/Js/common.js
ERR: 非法操作:js

[ 2016-11-30T22:14:40+08:00 ] ::1 /zky/index.php/Admin/Equipment/Css/style.css
ERR: 非法操作:css

[ 2016-11-30T22:14:40+08:00 ] ::1 /zky/index.php/Admin/Equipment/Css/bootstrap.css
ERR: 非法操作:css

[ 2016-11-30T22:14:40+08:00 ] ::1 /zky/index.php/Admin/Equipment/Js/jquery2.sorted.js
ERR: 非法操作:js

[ 2016-11-30T22:14:40+08:00 ] ::1 /zky/index.php/Admin/Equipment/Js/ckform.js
ERR: 非法操作:js

[ 2016-11-30T22:14:40+08:00 ] ::1 /zky/index.php/Admin/Equipment/Css/bootstrap-responsive.css
ERR: 非法操作:css

[ 2016-11-30T22:14:40+08:00 ] ::1 /zky/index.php/Admin/Equipment/Js/bootstrap.js
ERR: 非法操作:js

[ 2016-11-30T22:14:40+08:00 ] ::1 /zky/index.php/Admin/Equipment/Js/common.js
ERR: 非法操作:js

[ 2016-11-30T22:14:40+08:00 ] ::1 /zky/index.php/Admin/Equipment/Js/jquery2.js
ERR: 非法操作:js

[ 2016-11-30T22:14:42+08:00 ] ::1 /zky/index.php/Admin/Message/Js/common.js
ERR: 非法操作:js

[ 2016-11-30T22:14:42+08:00 ] ::1 /zky/index.php/Admin/Message/Js/jquery2.js
ERR: 非法操作:js

[ 2016-11-30T22:14:42+08:00 ] ::1 /zky/index.php/Admin/Message/Js/ckform.js
ERR: 非法操作:js

[ 2016-11-30T22:14:42+08:00 ] ::1 /zky/index.php/Admin/Message/Css/style.css
ERR: 非法操作:css

[ 2016-11-30T22:14:42+08:00 ] ::1 /zky/index.php/Admin/Message/Js/bootstrap.js
ERR: 非法操作:js

[ 2016-11-30T22:14:42+08:00 ] ::1 /zky/index.php/Admin/Message/Css/bootstrap.css
ERR: 非法操作:css

[ 2016-11-30T22:14:43+08:00 ] ::1 /zky/index.php/Admin/Message/Css/bootstrap-responsive.css
ERR: 非法操作:css

[ 2016-11-30T22:14:43+08:00 ] ::1 /zky/index.php/Admin/Message/Js/jquery2.sorted.js
ERR: 非法操作:js

[ 2016-11-30T22:14:43+08:00 ] ::1 /zky/index.php/Admin/Message/Js/jquery2.sorted.js
ERR: 非法操作:js

[ 2016-11-30T22:14:43+08:00 ] ::1 /zky/index.php/Admin/Message/Js/jquery2.js
ERR: 非法操作:js

[ 2016-11-30T22:14:43+08:00 ] ::1 /zky/index.php/Admin/Message/Js/common.js
ERR: 非法操作:js

[ 2016-11-30T22:14:44+08:00 ] ::1 /zky/index.php/Admin/Message/Js/ckform.js
ERR: 非法操作:js

[ 2016-11-30T22:14:44+08:00 ] ::1 /zky/index.php/Admin/Message/Css/style.css
ERR: 非法操作:css

[ 2016-11-30T22:14:44+08:00 ] ::1 /zky/index.php/Admin/Message/Js/bootstrap.js
ERR: 非法操作:js

[ 2016-11-30T22:14:44+08:00 ] ::1 /zky/index.php/Admin/Message/Css/bootstrap.css
ERR: 非法操作:css

[ 2016-11-30T22:14:44+08:00 ] ::1 /zky/index.php/Admin/Message/Css/bootstrap-responsive.css
ERR: 非法操作:css

[ 2016-11-30T22:15:55+08:00 ] ::1 /zky/index.php/Admin/Regulation/Js/jquery2.js
ERR: 非法操作:js

[ 2016-11-30T22:15:55+08:00 ] ::1 /zky/index.php/Admin/Regulation/Css/style.css
ERR: 非法操作:css

[ 2016-11-30T22:15:55+08:00 ] ::1 /zky/index.php/Admin/Regulation/Js/bootstrap.js
ERR: 非法操作:js

[ 2016-11-30T22:15:55+08:00 ] ::1 /zky/index.php/Admin/Regulation/Css/bootstrap.css
ERR: 非法操作:css

[ 2016-11-30T22:15:55+08:00 ] ::1 /zky/index.php/Admin/Regulation/Js/jquery2.sorted.js
ERR: 非法操作:js

[ 2016-11-30T22:15:55+08:00 ] ::1 /zky/index.php/Admin/Regulation/Js/ckform.js
ERR: 非法操作:js

[ 2016-11-30T22:15:55+08:00 ] ::1 /zky/index.php/Admin/Regulation/Js/common.js
ERR: 非法操作:js

[ 2016-11-30T22:15:55+08:00 ] ::1 /zky/index.php/Admin/Regulation/Css/bootstrap-responsive.css
ERR: 非法操作:css

[ 2016-11-30T22:15:57+08:00 ] ::1 /zky/index.php/Admin/Equipment/Css/bootstrap.css
ERR: 非法操作:css

[ 2016-11-30T22:15:57+08:00 ] ::1 /zky/index.php/Admin/Equipment/Js/common.js
ERR: 非法操作:js

[ 2016-11-30T22:15:57+08:00 ] ::1 /zky/index.php/Admin/Equipment/Css/bootstrap-responsive.css
ERR: 非法操作:css

[ 2016-11-30T22:15:57+08:00 ] ::1 /zky/index.php/Admin/Equipment/Js/jquery2.js
ERR: 非法操作:js

[ 2016-11-30T22:15:57+08:00 ] ::1 /zky/index.php/Admin/Equipment/Js/jquery2.sorted.js
ERR: 非法操作:js

[ 2016-11-30T22:15:57+08:00 ] ::1 /zky/index.php/Admin/Equipment/Js/bootstrap.js
ERR: 非法操作:js

[ 2016-11-30T22:15:57+08:00 ] ::1 /zky/index.php/Admin/Equipment/Js/ckform.js
ERR: 非法操作:js

[ 2016-11-30T22:15:57+08:00 ] ::1 /zky/index.php/Admin/Equipment/Css/style.css
ERR: 非法操作:css

[ 2016-11-30T22:17:11+08:00 ] ::1 /zky/index.php/Admin/Equipment/Css/bootstrap.css
ERR: 非法操作:css

[ 2016-11-30T22:17:11+08:00 ] ::1 /zky/index.php/Admin/Equipment/Css/style.css
ERR: 非法操作:css

[ 2016-11-30T22:17:11+08:00 ] ::1 /zky/index.php/Admin/Equipment/Css/bootstrap-responsive.css
ERR: 非法操作:css

[ 2016-11-30T22:17:11+08:00 ] ::1 /zky/index.php/Admin/Equipment/Js/jquery2.sorted.js
ERR: 非法操作:js

[ 2016-11-30T22:17:11+08:00 ] ::1 /zky/index.php/Admin/Equipment/Js/jquery2.js
ERR: 非法操作:js

[ 2016-11-30T22:17:11+08:00 ] ::1 /zky/index.php/Admin/Equipment/Js/ckform.js
ERR: 非法操作:js

[ 2016-11-30T22:17:11+08:00 ] ::1 /zky/index.php/Admin/Equipment/Js/bootstrap.js
ERR: 非法操作:js

[ 2016-11-30T22:17:11+08:00 ] ::1 /zky/index.php/Admin/Equipment/Js/common.js
ERR: 非法操作:js

[ 2016-11-30T22:17:35+08:00 ] ::1 /zky/index.php/Admin/Equipment/Js/jquery2.js
ERR: 非法操作:js

[ 2016-11-30T22:17:35+08:00 ] ::1 /zky/index.php/Admin/Equipment/Js/ckform.js
ERR: 非法操作:js

[ 2016-11-30T22:17:35+08:00 ] ::1 /zky/index.php/Admin/Equipment/Js/bootstrap.js
ERR: 非法操作:js

[ 2016-11-30T22:17:35+08:00 ] ::1 /zky/index.php/Admin/Equipment/Js/jquery2.sorted.js
ERR: 非法操作:js

[ 2016-11-30T22:17:35+08:00 ] ::1 /zky/index.php/Admin/Equipment/Js/common.js
ERR: 非法操作:js

[ 2016-11-30T22:17:35+08:00 ] ::1 /zky/index.php/Admin/Equipment/Css/style.css
ERR: 非法操作:css

[ 2016-11-30T22:17:35+08:00 ] ::1 /zky/index.php/Admin/Equipment/Css/bootstrap.css
ERR: 非法操作:css

[ 2016-11-30T22:17:35+08:00 ] ::1 /zky/index.php/Admin/Equipment/Css/bootstrap-responsive.css
ERR: 非法操作:css

[ 2016-11-30T22:17:36+08:00 ] ::1 /zky/index.php/Admin/Regulation/Css/bootstrap-responsive.css
ERR: 非法操作:css

[ 2016-11-30T22:17:36+08:00 ] ::1 /zky/index.php/Admin/Regulation/Js/ckform.js
ERR: 非法操作:js

[ 2016-11-30T22:17:36+08:00 ] ::1 /zky/index.php/Admin/Regulation/Css/style.css
ERR: 非法操作:css

[ 2016-11-30T22:17:36+08:00 ] ::1 /zky/index.php/Admin/Regulation/Js/bootstrap.js
ERR: 非法操作:js

[ 2016-11-30T22:17:36+08:00 ] ::1 /zky/index.php/Admin/Regulation/Js/jquery2.js
ERR: 非法操作:js

[ 2016-11-30T22:17:36+08:00 ] ::1 /zky/index.php/Admin/Regulation/Js/common.js
ERR: 非法操作:js

[ 2016-11-30T22:17:36+08:00 ] ::1 /zky/index.php/Admin/Regulation/Js/jquery2.sorted.js
ERR: 非法操作:js

[ 2016-11-30T22:17:36+08:00 ] ::1 /zky/index.php/Admin/Regulation/Css/bootstrap.css
ERR: 非法操作:css

[ 2016-11-30T22:19:36+08:00 ] ::1 /zky/index.php/Admin/Equipment/Css/bootstrap.css
ERR: 非法操作:css

[ 2016-11-30T22:19:36+08:00 ] ::1 /zky/index.php/Admin/Equipment/Js/bootstrap.js
ERR: 非法操作:js

[ 2016-11-30T22:19:36+08:00 ] ::1 /zky/index.php/Admin/Equipment/Css/style.css
ERR: 非法操作:css

[ 2016-11-30T22:19:36+08:00 ] ::1 /zky/index.php/Admin/Equipment/Js/jquery2.sorted.js
ERR: 非法操作:js

[ 2016-11-30T22:19:36+08:00 ] ::1 /zky/index.php/Admin/Equipment/Css/bootstrap-responsive.css
ERR: 非法操作:css

[ 2016-11-30T22:19:36+08:00 ] ::1 /zky/index.php/Admin/Equipment/Js/jquery2.js
ERR: 非法操作:js

[ 2016-11-30T22:19:36+08:00 ] ::1 /zky/index.php/Admin/Equipment/Js/common.js
ERR: 非法操作:js

[ 2016-11-30T22:19:36+08:00 ] ::1 /zky/index.php/Admin/Equipment/Js/ckform.js
ERR: 非法操作:js

[ 2016-11-30T22:20:58+08:00 ] ::1 /zky/index.php/Admin/Equipment/Js/bootstrap.js
ERR: 非法操作:js

[ 2016-11-30T22:20:58+08:00 ] ::1 /zky/index.php/Admin/Equipment/Js/common.js
ERR: 非法操作:js

[ 2016-11-30T22:20:58+08:00 ] ::1 /zky/index.php/Admin/Equipment/Css/bootstrap.css
ERR: 非法操作:css

[ 2016-11-30T22:20:58+08:00 ] ::1 /zky/index.php/Admin/Equipment/Js/jquery2.sorted.js
ERR: 非法操作:js

[ 2016-11-30T22:20:58+08:00 ] ::1 /zky/index.php/Admin/Equipment/Css/bootstrap-responsive.css
ERR: 非法操作:css

[ 2016-11-30T22:20:58+08:00 ] ::1 /zky/index.php/Admin/Equipment/Js/ckform.js
ERR: 非法操作:js

[ 2016-11-30T22:20:58+08:00 ] ::1 /zky/index.php/Admin/Equipment/Css/style.css
ERR: 非法操作:css

[ 2016-11-30T22:20:58+08:00 ] ::1 /zky/index.php/Admin/Equipment/Js/jquery2.js
ERR: 非法操作:js

[ 2016-11-30T22:21:09+08:00 ] ::1 /zky/index.php/Admin/Message/Js/ckform.js
ERR: 非法操作:js

[ 2016-11-30T22:21:09+08:00 ] ::1 /zky/index.php/Admin/Message/Css/style.css
ERR: 非法操作:css

[ 2016-11-30T22:21:09+08:00 ] ::1 /zky/index.php/Admin/Message/Js/jquery2.js
ERR: 非法操作:js

[ 2016-11-30T22:21:09+08:00 ] ::1 /zky/index.php/Admin/Message/Css/bootstrap.css
ERR: 非法操作:css

[ 2016-11-30T22:21:09+08:00 ] ::1 /zky/index.php/Admin/Message/Js/jquery2.sorted.js
ERR: 非法操作:js

[ 2016-11-30T22:21:09+08:00 ] ::1 /zky/index.php/Admin/Message/Css/bootstrap-responsive.css
ERR: 非法操作:css

[ 2016-11-30T22:21:09+08:00 ] ::1 /zky/index.php/Admin/Message/Js/bootstrap.js
ERR: 非法操作:js

[ 2016-11-30T22:21:09+08:00 ] ::1 /zky/index.php/Admin/Message/Js/common.js
ERR: 非法操作:js

[ 2016-11-30T22:21:11+08:00 ] ::1 /zky/index.php/Admin/Message/Js/jquery2.js
ERR: 非法操作:js

[ 2016-11-30T22:21:11+08:00 ] ::1 /zky/index.php/Admin/Message/Css/bootstrap.css
ERR: 非法操作:css

[ 2016-11-30T22:21:11+08:00 ] ::1 /zky/index.php/Admin/Message/Js/bootstrap.js
ERR: 非法操作:js

[ 2016-11-30T22:21:11+08:00 ] ::1 /zky/index.php/Admin/Message/Css/bootstrap-responsive.css
ERR: 非法操作:css

[ 2016-11-30T22:21:11+08:00 ] ::1 /zky/index.php/Admin/Message/Js/ckform.js
ERR: 非法操作:js

[ 2016-11-30T22:21:11+08:00 ] ::1 /zky/index.php/Admin/Message/Js/common.js
ERR: 非法操作:js

[ 2016-11-30T22:21:11+08:00 ] ::1 /zky/index.php/Admin/Message/Js/jquery2.sorted.js
ERR: 非法操作:js

[ 2016-11-30T22:21:11+08:00 ] ::1 /zky/index.php/Admin/Message/Css/style.css
ERR: 非法操作:css

[ 2016-11-30T23:19:08+08:00 ] ::1 /zky/index.php/Admin/Message/Css/bootstrap.css
ERR: 非法操作:css

[ 2016-11-30T23:19:08+08:00 ] ::1 /zky/index.php/Admin/Message/Js/common.js
ERR: 非法操作:js

[ 2016-11-30T23:19:08+08:00 ] ::1 /zky/index.php/Admin/Message/Js/bootstrap.js
ERR: 非法操作:js

[ 2016-11-30T23:19:08+08:00 ] ::1 /zky/index.php/Admin/Message/Css/style.css
ERR: 非法操作:css

[ 2016-11-30T23:19:08+08:00 ] ::1 /zky/index.php/Admin/Message/Js/jquery2.js
ERR: 非法操作:js

[ 2016-11-30T23:19:08+08:00 ] ::1 /zky/index.php/Admin/Message/Js/jquery2.sorted.js
ERR: 非法操作:js

[ 2016-11-30T23:19:08+08:00 ] ::1 /zky/index.php/Admin/Message/Css/bootstrap-responsive.css
ERR: 非法操作:css

[ 2016-11-30T23:19:08+08:00 ] ::1 /zky/index.php/Admin/Message/Js/ckform.js
ERR: 非法操作:js

[ 2016-11-30T23:19:10+08:00 ] ::1 /zky/index.php/Admin/Message/Css/style.css
ERR: 非法操作:css

[ 2016-11-30T23:19:10+08:00 ] ::1 /zky/index.php/Admin/Message/Js/ckform.js
ERR: 非法操作:js

[ 2016-11-30T23:19:10+08:00 ] ::1 /zky/index.php/Admin/Message/Css/bootstrap.css
ERR: 非法操作:css

[ 2016-11-30T23:19:10+08:00 ] ::1 /zky/index.php/Admin/Message/Js/jquery2.js
ERR: 非法操作:js

[ 2016-11-30T23:19:10+08:00 ] ::1 /zky/index.php/Admin/Message/Js/jquery2.sorted.js
ERR: 非法操作:js

[ 2016-11-30T23:19:10+08:00 ] ::1 /zky/index.php/Admin/Message/Js/bootstrap.js
ERR: 非法操作:js

[ 2016-11-30T23:19:10+08:00 ] ::1 /zky/index.php/Admin/Message/Js/common.js
ERR: 非法操作:js

[ 2016-11-30T23:19:10+08:00 ] ::1 /zky/index.php/Admin/Message/Css/bootstrap-responsive.css
ERR: 非法操作:css

[ 2016-11-30T23:19:19+08:00 ] ::1 /zky/index.php/Admin/Message/Js/jquery2.js
ERR: 非法操作:js

[ 2016-11-30T23:19:19+08:00 ] ::1 /zky/index.php/Admin/Message/Js/jquery2.sorted.js
ERR: 非法操作:js

[ 2016-11-30T23:19:19+08:00 ] ::1 /zky/index.php/Admin/Message/Css/style.css
ERR: 非法操作:css

[ 2016-11-30T23:19:19+08:00 ] ::1 /zky/index.php/Admin/Message/Css/bootstrap-responsive.css
ERR: 非法操作:css

[ 2016-11-30T23:19:19+08:00 ] ::1 /zky/index.php/Admin/Message/Css/bootstrap.css
ERR: 非法操作:css

[ 2016-11-30T23:19:19+08:00 ] ::1 /zky/index.php/Admin/Message/Js/bootstrap.js
ERR: 非法操作:js

[ 2016-11-30T23:19:19+08:00 ] ::1 /zky/index.php/Admin/Message/Js/ckform.js
ERR: 非法操作:js

[ 2016-11-30T23:19:19+08:00 ] ::1 /zky/index.php/Admin/Message/Js/common.js
ERR: 非法操作:js

