[ 2016-10-21T10:02:04+08:00 ] ::1 /equipment/index.php/Home/Index/zhihu-css.css
ERR: 非法操作:zhihu-css.css

[ 2016-10-21T10:03:12+08:00 ] ::1 /equipment/index.php/Home/Index/zhihu-css.css
ERR: 非法操作:zhihu-css.css

[ 2016-10-21T10:03:23+08:00 ] ::1 /equipment/index.php/Home/Index/zhihu-css.css
ERR: 非法操作:zhihu-css.css

[ 2016-10-21T10:03:34+08:00 ] ::1 /equipment/index.php/Home/Index/zhihu-css.css
ERR: 非法操作:zhihu-css.css

[ 2016-10-21T10:03:35+08:00 ] ::1 /equipment/index.php/Home/Index/zhihu-css.css
ERR: 非法操作:zhihu-css.css

[ 2016-10-21T10:03:38+08:00 ] ::1 /equipment/index.php/Home/Index/zhihu-css.css
ERR: 非法操作:zhihu-css.css

[ 2016-10-21T10:04:12+08:00 ] ::1 /equipment/index.php/Home/Index/zhihu-css.css
ERR: 非法操作:zhihu-css.css

[ 2016-10-21T10:04:19+08:00 ] ::1 /equipment/index.php/Home/Index/zhihu-css.css
ERR: 非法操作:zhihu-css.css

[ 2016-10-21T10:04:33+08:00 ] ::1 /equipment/index.php/Home/Index/zhihu-css.css
ERR: 非法操作:zhihu-css.css

[ 2016-10-21T10:04:57+08:00 ] ::1 /equipment/index.php/Home/Index/zhihu-css.css
ERR: 非法操作:zhihu-css.css

[ 2016-10-21T10:06:09+08:00 ] ::1 /equipment/index.php/Home/Index/zhihu-css.css
ERR: 非法操作:zhihu-css.css

[ 2016-10-21T10:06:10+08:00 ] ::1 /equipment/index.php/Home/Index/zhihu-css.css
ERR: 非法操作:zhihu-css.css

[ 2016-10-21T10:06:11+08:00 ] ::1 /equipment/index.php/Home/Index/zhihu-css.css
ERR: 非法操作:zhihu-css.css

[ 2016-10-21T10:06:11+08:00 ] ::1 /equipment/index.php/Home/Index/zhihu-css.css
ERR: 非法操作:zhihu-css.css

[ 2016-10-21T10:06:17+08:00 ] ::1 /equipment/index.php/Home/Index/zhihu-css.css
ERR: 非法操作:zhihu-css.css

[ 2016-10-21T10:06:18+08:00 ] ::1 /equipment/index.php/Home/Index/zhihu-css.css
ERR: 非法操作:zhihu-css.css

[ 2016-10-21T10:06:18+08:00 ] ::1 /equipment/index.php/Home/Index/zhihu-css.css
ERR: 非法操作:zhihu-css.css

[ 2016-10-21T10:06:23+08:00 ] ::1 /equipment/index.php/Home/Index/zhihu-css.css
ERR: 非法操作:zhihu-css.css

[ 2016-10-21T10:06:24+08:00 ] ::1 /equipment/index.php/Home/Index/zhihu-css.css
ERR: 非法操作:zhihu-css.css

[ 2016-10-21T10:06:24+08:00 ] ::1 /equipment/index.php/Home/Index/zhihu-css.css
ERR: 非法操作:zhihu-css.css

[ 2016-10-21T10:08:17+08:00 ] ::1 /equipment/index.php/Home/Index/zhihu-css.css
ERR: 非法操作:zhihu-css.css

[ 2016-10-21T10:08:46+08:00 ] ::1 /equipment/index.php/Home/Index/zhihu-css.css
ERR: 非法操作:zhihu-css.css

[ 2016-10-21T10:08:47+08:00 ] ::1 /equipment/index.php/Home/Index/zhihu-css.css
ERR: 非法操作:zhihu-css.css

[ 2016-10-21T10:08:47+08:00 ] ::1 /equipment/index.php/Home/Index/zhihu-css.css
ERR: 非法操作:zhihu-css.css

[ 2016-10-21T10:09:04+08:00 ] ::1 /equipment/index.php/Home/Index/zhihu-css.css
ERR: 非法操作:zhihu-css.css

[ 2016-10-21T10:09:13+08:00 ] ::1 /equipment/index.php/Home/Index/zhihu-css.css
ERR: 非法操作:zhihu-css.css

[ 2016-10-21T10:09:20+08:00 ] ::1 /equipment/index.php/Home/Index/zhihu-css.css
ERR: 非法操作:zhihu-css.css

[ 2016-10-21T10:09:28+08:00 ] ::1 /equipment/index.php/Home/Index/zhihu-css.css
ERR: 非法操作:zhihu-css.css

[ 2016-10-21T10:09:37+08:00 ] ::1 /equipment/index.php/Home/Index/zhihu-css.css
ERR: 非法操作:zhihu-css.css

[ 2016-10-21T10:10:37+08:00 ] ::1 /equipment/index.php/Home/Index/zhihu-css.css
ERR: 非法操作:zhihu-css.css

[ 2016-10-21T10:10:54+08:00 ] ::1 /equipment/index.php/Home/Inform/zhihu-css.css
ERR: 非法操作:zhihu-css.css

[ 2016-10-21T10:10:55+08:00 ] ::1 /equipment/index.php/Home/Index/zhihu-css.css
ERR: 非法操作:zhihu-css.css

[ 2016-10-21T10:10:56+08:00 ] ::1 /equipment/index.php/Home/Inform/zhihu-css.css
ERR: 非法操作:zhihu-css.css

[ 2016-10-21T10:10:57+08:00 ] ::1 /equipment/index.php/Home/Index/zhihu-css.css
ERR: 非法操作:zhihu-css.css

[ 2016-10-21T10:10:58+08:00 ] ::1 /equipment/index.php/Home/Inform/zhihu-css.css
ERR: 非法操作:zhihu-css.css

[ 2016-10-21T10:10:59+08:00 ] ::1 /equipment/index.php/Home/Index/zhihu-css.css
ERR: 非法操作:zhihu-css.css

[ 2016-10-21T10:11:00+08:00 ] ::1 /equipment/index.php/Home/Equipment/zhihu-css.css
ERR: 非法操作:zhihu-css.css

[ 2016-10-21T10:11:00+08:00 ] ::1 /equipment/index.php/Home/Index/zhihu-css.css
ERR: 非法操作:zhihu-css.css

[ 2016-10-21T10:11:06+08:00 ] ::1 /equipment/index.php/Home/Inform/zhihu-css.css
ERR: 非法操作:zhihu-css.css

[ 2016-10-21T10:11:07+08:00 ] ::1 /equipment/index.php/Home/Index/zhihu-css.css
ERR: 非法操作:zhihu-css.css

[ 2016-10-21T10:11:09+08:00 ] ::1 /equipment/index.php/Home/Inform/zhihu-css.css
ERR: 非法操作:zhihu-css.css

[ 2016-10-21T10:11:17+08:00 ] ::1 /equipment/index.php/Home/Index/zhihu-css.css
ERR: 非法操作:zhihu-css.css

[ 2016-10-21T10:11:19+08:00 ] ::1 /equipment/index.php/Home/Index/zhihu-css.css
ERR: 非法操作:zhihu-css.css

[ 2016-10-21T10:11:19+08:00 ] ::1 /equipment/index.php/Home/Inform/zhihu-css.css
ERR: 非法操作:zhihu-css.css

[ 2016-10-21T10:12:29+08:00 ] ::1 /equipment/index.php/Home/Index/zhihu-css.css
ERR: 非法操作:zhihu-css.css

[ 2016-10-21T10:12:32+08:00 ] ::1 /equipment/index.php/Home/File/zhihu-css.css
ERR: 非法操作:zhihu-css.css

[ 2016-10-21T10:12:34+08:00 ] ::1 /equipment/index.php/Home/File/zhihu-css.css
ERR: 非法操作:zhihu-css.css

[ 2016-10-21T10:12:44+08:00 ] ::1 /equipment/index.php/Home/Regulation/zhihu-css.css
ERR: 非法操作:zhihu-css.css

[ 2016-10-21T10:14:37+08:00 ] ::1 /equipment/index.php/Home/Regulation/zhihu-css.css
ERR: 非法操作:zhihu-css.css

[ 2016-10-21T10:14:49+08:00 ] ::1 /equipment/index.php/Home/Regulation/zhihu-css.css
ERR: 非法操作:zhihu-css.css

[ 2016-10-21T10:15:04+08:00 ] ::1 /equipment/index.php/Home/Regulation/zhihu-css.css
ERR: 非法操作:zhihu-css.css

[ 2016-10-21T10:15:06+08:00 ] ::1 /equipment/index.php/Home/Inform/zhihu-css.css
ERR: 非法操作:zhihu-css.css

[ 2016-10-21T10:15:19+08:00 ] ::1 /equipment/index.php/Home/Inform/zhihu-css.css
ERR: 非法操作:zhihu-css.css

[ 2016-10-21T10:15:20+08:00 ] ::1 /equipment/index.php/Home/Inform/zhihu-css.css
ERR: 非法操作:zhihu-css.css

[ 2016-10-21T10:15:20+08:00 ] ::1 /equipment/index.php/Home/Inform/zhihu-css.css
ERR: 非法操作:zhihu-css.css

[ 2016-10-21T10:15:21+08:00 ] ::1 /equipment/index.php/Home/Equipment/zhihu-css.css
ERR: 非法操作:zhihu-css.css

[ 2016-10-21T10:15:22+08:00 ] ::1 /equipment/index.php/Home/Equipment/zhihu-css.css
ERR: 非法操作:zhihu-css.css

[ 2016-10-21T10:15:24+08:00 ] ::1 /equipment/index.php/Home/Regulation/zhihu-css.css
ERR: 非法操作:zhihu-css.css

[ 2016-10-21T10:15:24+08:00 ] ::1 /equipment/index.php/Home/Regulation/zhihu-css.css
ERR: 非法操作:zhihu-css.css

[ 2016-10-21T10:15:27+08:00 ] ::1 /equipment/index.php/Home/Regulation/zhihu-css.css
ERR: 非法操作:zhihu-css.css

[ 2016-10-21T10:15:29+08:00 ] ::1 /equipment/index.php/Home/Inform/zhihu-css.css
ERR: 非法操作:zhihu-css.css

[ 2016-10-21T10:15:30+08:00 ] ::1 /equipment/index.php/Home/Index/zhihu-css.css
ERR: 非法操作:zhihu-css.css

[ 2016-10-21T10:15:31+08:00 ] ::1 /equipment/index.php/Home/Inform/zhihu-css.css
ERR: 非法操作:zhihu-css.css

[ 2016-10-21T10:18:19+08:00 ] ::1 /equipment/index.php/Home/Index/zhihu-css.css
ERR: 非法操作:zhihu-css.css

[ 2016-10-21T10:18:20+08:00 ] ::1 /equipment/index.php/Home/Inform/zhihu-css.css
ERR: 非法操作:zhihu-css.css

[ 2016-10-21T10:18:21+08:00 ] ::1 /equipment/index.php/Home/Equipment/zhihu-css.css
ERR: 非法操作:zhihu-css.css

[ 2016-10-21T10:18:22+08:00 ] ::1 /equipment/index.php/Home/Regulation/zhihu-css.css
ERR: 非法操作:zhihu-css.css

[ 2016-10-21T10:18:49+08:00 ] ::1 /equipment/index.php/Home/Inform/zhihu-css.css
ERR: 非法操作:zhihu-css.css

[ 2016-10-21T10:18:51+08:00 ] ::1 /equipment/index.php/Home/Inform/zhihu-css.css
ERR: 非法操作:zhihu-css.css

[ 2016-10-21T10:18:51+08:00 ] ::1 /equipment/index.php/Home/Inform/zhihu-css.css
ERR: 非法操作:zhihu-css.css

[ 2016-10-21T10:19:05+08:00 ] ::1 /equipment/index.php/Home/Inform/zhihu-css.css
ERR: 非法操作:zhihu-css.css

[ 2016-10-21T10:19:05+08:00 ] ::1 /equipment/index.php/Home/Inform/zhihu-css.css
ERR: 非法操作:zhihu-css.css

[ 2016-10-21T10:19:06+08:00 ] ::1 /equipment/index.php/Home/Inform/zhihu-css.css
ERR: 非法操作:zhihu-css.css

[ 2016-10-21T10:19:43+08:00 ] ::1 /equipment/index.php/Home/Inform/zhihu-css.css
ERR: 非法操作:zhihu-css.css

[ 2016-10-21T10:19:52+08:00 ] ::1 /equipment/index.php/Home/Inform/zhihu-css.css
ERR: 非法操作:zhihu-css.css

[ 2016-10-21T10:19:53+08:00 ] ::1 /equipment/index.php/Home/Inform/zhihu-css.css
ERR: 非法操作:zhihu-css.css

[ 2016-10-21T10:19:53+08:00 ] ::1 /equipment/index.php/Home/Inform/zhihu-css.css
ERR: 非法操作:zhihu-css.css

[ 2016-10-21T10:19:53+08:00 ] ::1 /equipment/index.php/Home/Inform/zhihu-css.css
ERR: 非法操作:zhihu-css.css

[ 2016-10-21T10:19:56+08:00 ] ::1 /equipment/index.php/Home/Index/zhihu-css.css
ERR: 非法操作:zhihu-css.css

[ 2016-10-21T10:19:59+08:00 ] ::1 /equipment/index.php/Home/Index/zhihu-css.css
ERR: 非法操作:zhihu-css.css

[ 2016-10-21T10:19:59+08:00 ] ::1 /equipment/index.php/Home/Index/zhihu-css.css
ERR: 非法操作:zhihu-css.css

[ 2016-10-21T10:19:59+08:00 ] ::1 /equipment/index.php/Home/Index/zhihu-css.css
ERR: 非法操作:zhihu-css.css

[ 2016-10-21T10:20:00+08:00 ] ::1 /equipment/index.php/Home/Index/zhihu-css.css
ERR: 非法操作:zhihu-css.css

[ 2016-10-21T10:21:26+08:00 ] ::1 /equipment/index.php/Home/Index/zhihu-css.css
ERR: 非法操作:zhihu-css.css

[ 2016-10-21T10:21:49+08:00 ] ::1 /equipment/index.php/Home/Index/zhihu-css.css
ERR: 非法操作:zhihu-css.css

[ 2016-10-21T10:22:24+08:00 ] ::1 /equipment/index.php/Home/Index/zhihu-css.css
ERR: 非法操作:zhihu-css.css

[ 2016-10-21T10:22:30+08:00 ] ::1 /equipment/index.php/Home/Index/zhihu-css.css
ERR: 非法操作:zhihu-css.css

[ 2016-10-21T10:22:31+08:00 ] ::1 /equipment/index.php/Home/Equipment/zhihu-css.css
ERR: 非法操作:zhihu-css.css

[ 2016-10-21T10:22:32+08:00 ] ::1 /equipment/index.php/Home/Regulation/zhihu-css.css
ERR: 非法操作:zhihu-css.css

[ 2016-10-21T10:22:34+08:00 ] ::1 /equipment/index.php/Home/Regulation/zhihu-css.css
ERR: 非法操作:zhihu-css.css

[ 2016-10-21T10:22:54+08:00 ] ::1 /equipment/index.php/Home/Regulation/zhihu-css.css
ERR: 非法操作:zhihu-css.css

[ 2016-10-21T10:22:54+08:00 ] ::1 /equipment/index.php/Home/Regulation/zhihu-css.css
ERR: 非法操作:zhihu-css.css

[ 2016-10-21T10:22:54+08:00 ] ::1 /equipment/index.php/Home/Regulation/zhihu-css.css
ERR: 非法操作:zhihu-css.css

[ 2016-10-21T10:22:55+08:00 ] ::1 /equipment/index.php/Home/Regulation/zhihu-css.css
ERR: 非法操作:zhihu-css.css

[ 2016-10-21T10:22:55+08:00 ] ::1 /equipment/index.php/Home/Inform/zhihu-css.css
ERR: 非法操作:zhihu-css.css

[ 2016-10-21T10:22:56+08:00 ] ::1 /equipment/index.php/Home/Inform/zhihu-css.css
ERR: 非法操作:zhihu-css.css

[ 2016-10-21T10:22:56+08:00 ] ::1 /equipment/index.php/Home/Inform/zhihu-css.css
ERR: 非法操作:zhihu-css.css

[ 2016-10-21T10:22:56+08:00 ] ::1 /equipment/index.php/Home/Inform/zhihu-css.css
ERR: 非法操作:zhihu-css.css

[ 2016-10-21T10:22:57+08:00 ] ::1 /equipment/index.php/Home/Inform/zhihu-css.css
ERR: 非法操作:zhihu-css.css

[ 2016-10-21T10:22:57+08:00 ] ::1 /equipment/index.php/Home/Inform/zhihu-css.css
ERR: 非法操作:zhihu-css.css

[ 2016-10-21T10:22:57+08:00 ] ::1 /equipment/index.php/Home/Inform/zhihu-css.css
ERR: 非法操作:zhihu-css.css

[ 2016-10-21T10:22:58+08:00 ] ::1 /equipment/index.php/Home/Inform/zhihu-css.css
ERR: 非法操作:zhihu-css.css

[ 2016-10-21T10:22:58+08:00 ] ::1 /equipment/index.php/Home/Index/zhihu-css.css
ERR: 非法操作:zhihu-css.css

[ 2016-10-21T10:22:58+08:00 ] ::1 /equipment/index.php/Home/Inform/zhihu-css.css
ERR: 非法操作:zhihu-css.css

[ 2016-10-21T10:22:59+08:00 ] ::1 /equipment/index.php/Home/Inform/zhihu-css.css
ERR: 非法操作:zhihu-css.css

[ 2016-10-21T10:22:59+08:00 ] ::1 /equipment/index.php/Home/Inform/zhihu-css.css
ERR: 非法操作:zhihu-css.css

[ 2016-10-21T10:22:59+08:00 ] ::1 /equipment/index.php/Home/Equipment/zhihu-css.css
ERR: 非法操作:zhihu-css.css

[ 2016-10-21T10:22:59+08:00 ] ::1 /equipment/index.php/Home/Equipment/zhihu-css.css
ERR: 非法操作:zhihu-css.css

[ 2016-10-21T10:23:00+08:00 ] ::1 /equipment/index.php/Home/Equipment/zhihu-css.css
ERR: 非法操作:zhihu-css.css

[ 2016-10-21T10:23:00+08:00 ] ::1 /equipment/index.php/Home/Regulation/zhihu-css.css
ERR: 非法操作:zhihu-css.css

[ 2016-10-21T10:23:00+08:00 ] ::1 /equipment/index.php/Home/Regulation/zhihu-css.css
ERR: 非法操作:zhihu-css.css

[ 2016-10-21T10:23:01+08:00 ] ::1 /equipment/index.php/Home/Regulation/zhihu-css.css
ERR: 非法操作:zhihu-css.css

[ 2016-10-21T10:23:01+08:00 ] ::1 /equipment/index.php/Home/Regulation/zhihu-css.css
ERR: 非法操作:zhihu-css.css

[ 2016-10-21T10:23:01+08:00 ] ::1 /equipment/index.php/Home/Regulation/zhihu-css.css
ERR: 非法操作:zhihu-css.css

[ 2016-10-21T10:23:01+08:00 ] ::1 /equipment/index.php/Home/Regulation/zhihu-css.css
ERR: 非法操作:zhihu-css.css

[ 2016-10-21T10:23:20+08:00 ] ::1 /equipment/index.php/Home/Index/zhihu-css.css
ERR: 非法操作:zhihu-css.css

[ 2016-10-21T10:23:27+08:00 ] ::1 /equipment/index.php/Home/Index/zhihu-css.css
ERR: 非法操作:zhihu-css.css

[ 2016-10-21T10:24:28+08:00 ] ::1 /equipment/index.php/Home/Inform/zhihu-css.css
ERR: 非法操作:zhihu-css.css

[ 2016-10-21T10:24:30+08:00 ] ::1 /equipment/index.php/Home/Index/zhihu-css.css
ERR: 非法操作:zhihu-css.css

[ 2016-10-21T10:24:39+08:00 ] ::1 /equipment/index.php/Home/Index/zhihu-css.css
ERR: 非法操作:zhihu-css.css

[ 2016-10-21T10:24:45+08:00 ] ::1 /equipment/index.php/Home/Index/zhihu-css.css
ERR: 非法操作:zhihu-css.css

[ 2016-10-21T10:24:50+08:00 ] ::1 /equipment/index.php/Home/Index/zhihu-css.css
ERR: 非法操作:zhihu-css.css

[ 2016-10-21T10:24:51+08:00 ] ::1 /equipment/index.php/Home/Inform/zhihu-css.css
ERR: 非法操作:zhihu-css.css

[ 2016-10-21T10:24:52+08:00 ] ::1 /equipment/index.php/Home/Equipment/zhihu-css.css
ERR: 非法操作:zhihu-css.css

[ 2016-10-21T10:24:53+08:00 ] ::1 /equipment/index.php/Home/Regulation/zhihu-css.css
ERR: 非法操作:zhihu-css.css

[ 2016-10-21T10:26:09+08:00 ] ::1 /equipment/index.php/Home/Regulation/zhihu-css.css
ERR: 非法操作:zhihu-css.css

[ 2016-10-21T10:26:21+08:00 ] ::1 /equipment/index.php/Home/Regulation/zhihu-css.css
ERR: 非法操作:zhihu-css.css

[ 2016-10-21T10:26:27+08:00 ] ::1 /equipment/index.php/Home/Inform/zhihu-css.css
ERR: 非法操作:zhihu-css.css

[ 2016-10-21T10:26:30+08:00 ] ::1 /equipment/index.php/Home/File/zhihu-css.css
ERR: 非法操作:zhihu-css.css

[ 2016-10-21T10:27:13+08:00 ] ::1 /equipment/index.php/Home/File/zhihu-css.css
ERR: 非法操作:zhihu-css.css

[ 2016-10-21T10:27:30+08:00 ] ::1 /equipment/index.php/Home/File/zhihu-css.css
ERR: 非法操作:zhihu-css.css

[ 2016-10-21T10:27:49+08:00 ] ::1 /equipment/index.php/Home/File/zhihu-css.css
ERR: 非法操作:zhihu-css.css

[ 2016-10-21T10:27:55+08:00 ] ::1 /equipment/index.php/Home/File/zhihu-css.css
ERR: 非法操作:zhihu-css.css

[ 2016-10-21T10:41:38+08:00 ] ::1 /equipment/index.php/Home/Index/zhihu-css.css
ERR: 非法操作:zhihu-css.css

[ 2016-10-21T10:45:58+08:00 ] ::1 /equipment/index.php/Home/Index/zhihu-css.css
ERR: 非法操作:zhihu-css.css

[ 2016-10-21T10:46:42+08:00 ] ::1 /equipment/index.php/Home/Index/zhihu-css.css
ERR: 非法操作:zhihu-css.css

[ 2016-10-21T10:47:38+08:00 ] ::1 /equipment/index.php/Home/Index/zhihu-css.css
ERR: 非法操作:zhihu-css.css

[ 2016-10-21T10:47:53+08:00 ] ::1 /equipment/index.php/Home/Index/zhihu-css.css
ERR: 非法操作:zhihu-css.css

[ 2016-10-21T10:48:09+08:00 ] ::1 /equipment/index.php/Home/Index/zhihu-css.css
ERR: 非法操作:zhihu-css.css

[ 2016-10-21T10:48:33+08:00 ] ::1 /equipment/index.php/Home/Index/zhihu-css.css
ERR: 非法操作:zhihu-css.css

[ 2016-10-21T10:49:01+08:00 ] ::1 /equipment/index.php/Home/Index/zhihu-css.css
ERR: 非法操作:zhihu-css.css

[ 2016-10-21T10:49:07+08:00 ] ::1 /equipment/index.php/Home/Index/zhihu-css.css
ERR: 非法操作:zhihu-css.css

[ 2016-10-21T10:49:20+08:00 ] ::1 /equipment/index.php/Home/Index/zhihu-css.css
ERR: 非法操作:zhihu-css.css

[ 2016-10-21T10:50:22+08:00 ] ::1 /equipment/index.php/Home/Index/zhihu-css.css
ERR: 非法操作:zhihu-css.css

[ 2016-10-21T10:50:39+08:00 ] ::1 /equipment/index.php/Home/Index/zhihu-css.css
ERR: 非法操作:zhihu-css.css

[ 2016-10-21T10:51:37+08:00 ] ::1 /equipment/index.php/Home/Index/zhihu-css.css
ERR: 非法操作:zhihu-css.css

[ 2016-10-21T10:52:18+08:00 ] ::1 /equipment/index.php/Home/Index/zhihu-css.css
ERR: 非法操作:zhihu-css.css

[ 2016-10-21T10:52:31+08:00 ] ::1 /equipment/index.php/Home/Index/zhihu-css.css
ERR: 非法操作:zhihu-css.css

[ 2016-10-21T10:52:32+08:00 ] ::1 /equipment/index.php/Home/Index/zhihu-css.css
ERR: 非法操作:zhihu-css.css

[ 2016-10-21T10:52:55+08:00 ] ::1 /equipment/index.php/Home/Index/zhihu-css.css
ERR: 非法操作:zhihu-css.css

[ 2016-10-21T10:52:56+08:00 ] ::1 /equipment/index.php/Home/Index/zhihu-css.css
ERR: 非法操作:zhihu-css.css

[ 2016-10-21T10:53:12+08:00 ] ::1 /equipment/index.php/Home/Index/zhihu-css.css
ERR: 非法操作:zhihu-css.css

[ 2016-10-21T10:53:51+08:00 ] ::1 /equipment/index.php/Home/Index/zhihu-css.css
ERR: 非法操作:zhihu-css.css

[ 2016-10-21T10:53:52+08:00 ] ::1 /equipment/index.php/Home/Index/zhihu-css.css
ERR: 非法操作:zhihu-css.css

[ 2016-10-21T10:53:52+08:00 ] ::1 /equipment/index.php/Home/Index/zhihu-css.css
ERR: 非法操作:zhihu-css.css

[ 2016-10-21T10:55:06+08:00 ] ::1 /equipment/index.php/Home/Index/zhihu-css.css
ERR: 非法操作:zhihu-css.css

[ 2016-10-21T11:08:36+08:00 ] ::1 /equipment/index.php/Home/File/zhihu-css.css
ERR: 非法操作:zhihu-css.css

[ 2016-10-21T11:09:10+08:00 ] ::1 /equipment/index.php/Home/File/zhihu-css.css
ERR: 非法操作:zhihu-css.css

[ 2016-10-21T11:18:16+08:00 ] ::1 /equipment/index.php/Home/Inform/zhihu-css.css
ERR: 非法操作:zhihu-css.css

[ 2016-10-21T11:18:19+08:00 ] ::1 /equipment/index.php/Home/Inform/zhihu-css.css
ERR: 非法操作:zhihu-css.css

[ 2016-10-21T11:19:42+08:00 ] ::1 /equipment/index.php/Home/Inform/zhihu-css.css
ERR: 非法操作:zhihu-css.css

[ 2016-10-21T11:19:43+08:00 ] ::1 /equipment/index.php/Home/Inform/zhihu-css.css
ERR: 非法操作:zhihu-css.css

[ 2016-10-21T11:20:43+08:00 ] ::1 /equipment/index.php/Home/Regulation/zhihu-css.css
ERR: 非法操作:zhihu-css.css

[ 2016-10-21T11:20:45+08:00 ] ::1 /equipment/index.php/Home/File/zhihu-css.css
ERR: 非法操作:zhihu-css.css

[ 2016-10-21T11:20:51+08:00 ] ::1 /equipment/index.php/Home/File/zhihu-css.css
ERR: 非法操作:zhihu-css.css

[ 2016-10-21T11:20:53+08:00 ] ::1 /equipment/index.php/Home/File/zhihu-css.css
ERR: 非法操作:zhihu-css.css

[ 2016-10-21T11:21:18+08:00 ] ::1 /equipment/index.php/Home/File/zhihu-css.css
ERR: 非法操作:zhihu-css.css

[ 2016-10-21T11:21:50+08:00 ] ::1 /equipment/index.php/Home/File/zhihu-css.css
ERR: 非法操作:zhihu-css.css

